[0.017s] Invoking command in '/home/drone/Documents/GitHub/RosMigration_ws/build/my_robot_interfaces': CMAKE_PREFIX_PATH=${CMAKE_PREFIX_PATH}:/home/drone/Documents/GitHub/AAU_P4_MONITOR_DRONE/ros2_ws/install/my_robot_controller:/opt/ros/humble /usr/bin/cmake --build /home/drone/Documents/GitHub/RosMigration_ws/build/my_robot_interfaces -- -j4 -l4
[0.134s] [  9%] Built target my_robot_interfaces__rosidl_generator_c
[0.149s] [ 12%] Built target my_robot_interfaces__cpp
[0.194s] [ 12%] Built target ament_cmake_python_copy_my_robot_interfaces
[0.203s] [ 22%] Built target my_robot_interfaces__rosidl_typesupport_c
[0.215s] [ 32%] Built target my_robot_interfaces__rosidl_typesupport_fastrtps_c
[0.220s] [ 41%] Built target my_robot_interfaces__rosidl_typesupport_introspection_c
[0.320s] [ 51%] Built target my_robot_interfaces__rosidl_typesupport_fastrtps_cpp
[0.327s] [ 61%] Built target my_robot_interfaces__rosidl_typesupport_introspection_cpp
[0.352s] [ 70%] Built target my_robot_interfaces__rosidl_typesupport_cpp
[0.446s] [ 70%] Built target my_robot_interfaces
[0.496s] [ 74%] Built target my_robot_interfaces__py
[0.545s] [ 80%] Built target my_robot_interfaces__rosidl_generator_py
[0.614s] [ 87%] Built target my_robot_interfaces__rosidl_typesupport_fastrtps_c__pyext
[0.628s] [ 93%] Built target my_robot_interfaces__rosidl_typesupport_introspection_c__pyext
[0.632s] [100%] Built target my_robot_interfaces__rosidl_typesupport_c__pyext
[0.765s] running egg_info
[0.765s] writing my_robot_interfaces.egg-info/PKG-INFO
[0.766s] writing dependency_links to my_robot_interfaces.egg-info/dependency_links.txt
[0.766s] writing top-level names to my_robot_interfaces.egg-info/top_level.txt
[0.770s] reading manifest file 'my_robot_interfaces.egg-info/SOURCES.txt'
[0.772s] writing manifest file 'my_robot_interfaces.egg-info/SOURCES.txt'
[0.823s] [100%] Built target ament_cmake_python_build_my_robot_interfaces_egg
[0.853s] Invoked command in '/home/drone/Documents/GitHub/RosMigration_ws/build/my_robot_interfaces' returned '0': CMAKE_PREFIX_PATH=${CMAKE_PREFIX_PATH}:/home/drone/Documents/GitHub/AAU_P4_MONITOR_DRONE/ros2_ws/install/my_robot_controller:/opt/ros/humble /usr/bin/cmake --build /home/drone/Documents/GitHub/RosMigration_ws/build/my_robot_interfaces -- -j4 -l4
[0.981s] Invoking command in '/home/drone/Documents/GitHub/RosMigration_ws/build/my_robot_interfaces': CMAKE_PREFIX_PATH=${CMAKE_PREFIX_PATH}:/home/drone/Documents/GitHub/AAU_P4_MONITOR_DRONE/ros2_ws/install/my_robot_controller:/opt/ros/humble /usr/bin/cmake --install /home/drone/Documents/GitHub/RosMigration_ws/build/my_robot_interfaces
[0.990s] -- Install configuration: ""
[0.991s] -- Up-to-date: /home/drone/Documents/GitHub/RosMigration_ws/install/my_robot_interfaces/share/ament_index/resource_index/rosidl_interfaces/my_robot_interfaces
[0.991s] -- Up-to-date: /home/drone/Documents/GitHub/RosMigration_ws/install/my_robot_interfaces/include/my_robot_interfaces/my_robot_interfaces
[0.992s] -- Up-to-date: /home/drone/Documents/GitHub/RosMigration_ws/install/my_robot_interfaces/include/my_robot_interfaces/my_robot_interfaces/srv
[0.992s] -- Up-to-date: /home/drone/Documents/GitHub/RosMigration_ws/install/my_robot_interfaces/include/my_robot_interfaces/my_robot_interfaces/srv/stop_publish_path.h
[0.992s] -- Up-to-date: /home/drone/Documents/GitHub/RosMigration_ws/install/my_robot_interfaces/include/my_robot_interfaces/my_robot_interfaces/srv/detail
[0.993s] -- Up-to-date: /home/drone/Documents/GitHub/RosMigration_ws/install/my_robot_interfaces/include/my_robot_interfaces/my_robot_interfaces/srv/detail/stop_publish_path__struct.h
[0.993s] -- Up-to-date: /home/drone/Documents/GitHub/RosMigration_ws/install/my_robot_interfaces/include/my_robot_interfaces/my_robot_interfaces/srv/detail/stop_publish_path__functions.h
[0.993s] -- Up-to-date: /home/drone/Documents/GitHub/RosMigration_ws/install/my_robot_interfaces/include/my_robot_interfaces/my_robot_interfaces/srv/detail/stop_publish_path__functions.c
[0.993s] -- Up-to-date: /home/drone/Documents/GitHub/RosMigration_ws/install/my_robot_interfaces/include/my_robot_interfaces/my_robot_interfaces/srv/detail/stop_publish_path__type_support.h
[0.994s] -- Up-to-date: /home/drone/Documents/GitHub/RosMigration_ws/install/my_robot_interfaces/include/my_robot_interfaces/my_robot_interfaces/msg
[0.994s] -- Up-to-date: /home/drone/Documents/GitHub/RosMigration_ws/install/my_robot_interfaces/include/my_robot_interfaces/my_robot_interfaces/msg/detail
[0.994s] -- Up-to-date: /home/drone/Documents/GitHub/RosMigration_ws/install/my_robot_interfaces/include/my_robot_interfaces/my_robot_interfaces/msg/detail/path_planner_points__type_support.h
[0.994s] -- Up-to-date: /home/drone/Documents/GitHub/RosMigration_ws/install/my_robot_interfaces/include/my_robot_interfaces/my_robot_interfaces/msg/detail/path_planner_points__functions.c
[0.995s] -- Up-to-date: /home/drone/Documents/GitHub/RosMigration_ws/install/my_robot_interfaces/include/my_robot_interfaces/my_robot_interfaces/msg/detail/path_planner_points__functions.h
[0.995s] -- Up-to-date: /home/drone/Documents/GitHub/RosMigration_ws/install/my_robot_interfaces/include/my_robot_interfaces/my_robot_interfaces/msg/detail/path_planner_points__struct.h
[0.995s] -- Up-to-date: /home/drone/Documents/GitHub/RosMigration_ws/install/my_robot_interfaces/include/my_robot_interfaces/my_robot_interfaces/msg/rosidl_generator_c__visibility_control.h
[0.995s] -- Up-to-date: /home/drone/Documents/GitHub/RosMigration_ws/install/my_robot_interfaces/include/my_robot_interfaces/my_robot_interfaces/msg/path_planner_points.h
[0.996s] -- Up-to-date: /home/drone/Documents/GitHub/RosMigration_ws/install/my_robot_interfaces/share/my_robot_interfaces/environment/library_path.sh
[0.996s] -- Up-to-date: /home/drone/Documents/GitHub/RosMigration_ws/install/my_robot_interfaces/share/my_robot_interfaces/environment/library_path.dsv
[0.997s] -- Up-to-date: /home/drone/Documents/GitHub/RosMigration_ws/install/my_robot_interfaces/lib/libmy_robot_interfaces__rosidl_generator_c.so
[0.997s] -- Up-to-date: /home/drone/Documents/GitHub/RosMigration_ws/install/my_robot_interfaces/include/my_robot_interfaces/my_robot_interfaces
[0.998s] -- Up-to-date: /home/drone/Documents/GitHub/RosMigration_ws/install/my_robot_interfaces/include/my_robot_interfaces/my_robot_interfaces/srv
[0.998s] -- Up-to-date: /home/drone/Documents/GitHub/RosMigration_ws/install/my_robot_interfaces/include/my_robot_interfaces/my_robot_interfaces/srv/detail
[0.998s] -- Up-to-date: /home/drone/Documents/GitHub/RosMigration_ws/install/my_robot_interfaces/include/my_robot_interfaces/my_robot_interfaces/srv/detail/stop_publish_path__rosidl_typesupport_fastrtps_c.h
[0.998s] -- Up-to-date: /home/drone/Documents/GitHub/RosMigration_ws/install/my_robot_interfaces/include/my_robot_interfaces/my_robot_interfaces/msg
[0.999s] -- Up-to-date: /home/drone/Documents/GitHub/RosMigration_ws/install/my_robot_interfaces/include/my_robot_interfaces/my_robot_interfaces/msg/detail
[0.999s] -- Up-to-date: /home/drone/Documents/GitHub/RosMigration_ws/install/my_robot_interfaces/include/my_robot_interfaces/my_robot_interfaces/msg/detail/path_planner_points__rosidl_typesupport_fastrtps_c.h
[0.999s] -- Up-to-date: /home/drone/Documents/GitHub/RosMigration_ws/install/my_robot_interfaces/include/my_robot_interfaces/my_robot_interfaces/msg/rosidl_typesupport_fastrtps_c__visibility_control.h
[1.000s] -- Up-to-date: /home/drone/Documents/GitHub/RosMigration_ws/install/my_robot_interfaces/lib/libmy_robot_interfaces__rosidl_typesupport_fastrtps_c.so
[1.001s] -- Up-to-date: /home/drone/Documents/GitHub/RosMigration_ws/install/my_robot_interfaces/include/my_robot_interfaces/my_robot_interfaces
[1.001s] -- Up-to-date: /home/drone/Documents/GitHub/RosMigration_ws/install/my_robot_interfaces/include/my_robot_interfaces/my_robot_interfaces/srv
[1.001s] -- Up-to-date: /home/drone/Documents/GitHub/RosMigration_ws/install/my_robot_interfaces/include/my_robot_interfaces/my_robot_interfaces/srv/detail
[1.002s] -- Up-to-date: /home/drone/Documents/GitHub/RosMigration_ws/install/my_robot_interfaces/include/my_robot_interfaces/my_robot_interfaces/srv/detail/stop_publish_path__type_support.c
[1.002s] -- Up-to-date: /home/drone/Documents/GitHub/RosMigration_ws/install/my_robot_interfaces/include/my_robot_interfaces/my_robot_interfaces/srv/detail/stop_publish_path__rosidl_typesupport_introspection_c.h
[1.003s] -- Up-to-date: /home/drone/Documents/GitHub/RosMigration_ws/install/my_robot_interfaces/include/my_robot_interfaces/my_robot_interfaces/msg
[1.003s] -- Up-to-date: /home/drone/Documents/GitHub/RosMigration_ws/install/my_robot_interfaces/include/my_robot_interfaces/my_robot_interfaces/msg/rosidl_typesupport_introspection_c__visibility_control.h
[1.003s] -- Up-to-date: /home/drone/Documents/GitHub/RosMigration_ws/install/my_robot_interfaces/include/my_robot_interfaces/my_robot_interfaces/msg/detail
[1.003s] -- Up-to-date: /home/drone/Documents/GitHub/RosMigration_ws/install/my_robot_interfaces/include/my_robot_interfaces/my_robot_interfaces/msg/detail/path_planner_points__rosidl_typesupport_introspection_c.h
[1.003s] -- Up-to-date: /home/drone/Documents/GitHub/RosMigration_ws/install/my_robot_interfaces/include/my_robot_interfaces/my_robot_interfaces/msg/detail/path_planner_points__type_support.c
[1.003s] -- Up-to-date: /home/drone/Documents/GitHub/RosMigration_ws/install/my_robot_interfaces/lib/libmy_robot_interfaces__rosidl_typesupport_introspection_c.so
[1.004s] -- Up-to-date: /home/drone/Documents/GitHub/RosMigration_ws/install/my_robot_interfaces/lib/libmy_robot_interfaces__rosidl_typesupport_c.so
[1.005s] -- Up-to-date: /home/drone/Documents/GitHub/RosMigration_ws/install/my_robot_interfaces/include/my_robot_interfaces/my_robot_interfaces
[1.005s] -- Up-to-date: /home/drone/Documents/GitHub/RosMigration_ws/install/my_robot_interfaces/include/my_robot_interfaces/my_robot_interfaces/srv
[1.006s] -- Up-to-date: /home/drone/Documents/GitHub/RosMigration_ws/install/my_robot_interfaces/include/my_robot_interfaces/my_robot_interfaces/srv/stop_publish_path.hpp
[1.006s] -- Up-to-date: /home/drone/Documents/GitHub/RosMigration_ws/install/my_robot_interfaces/include/my_robot_interfaces/my_robot_interfaces/srv/detail
[1.006s] -- Up-to-date: /home/drone/Documents/GitHub/RosMigration_ws/install/my_robot_interfaces/include/my_robot_interfaces/my_robot_interfaces/srv/detail/stop_publish_path__traits.hpp
[1.006s] -- Up-to-date: /home/drone/Documents/GitHub/RosMigration_ws/install/my_robot_interfaces/include/my_robot_interfaces/my_robot_interfaces/srv/detail/stop_publish_path__builder.hpp
[1.006s] -- Up-to-date: /home/drone/Documents/GitHub/RosMigration_ws/install/my_robot_interfaces/include/my_robot_interfaces/my_robot_interfaces/srv/detail/stop_publish_path__struct.hpp
[1.007s] -- Up-to-date: /home/drone/Documents/GitHub/RosMigration_ws/install/my_robot_interfaces/include/my_robot_interfaces/my_robot_interfaces/msg
[1.007s] -- Up-to-date: /home/drone/Documents/GitHub/RosMigration_ws/install/my_robot_interfaces/include/my_robot_interfaces/my_robot_interfaces/msg/detail
[1.007s] -- Up-to-date: /home/drone/Documents/GitHub/RosMigration_ws/install/my_robot_interfaces/include/my_robot_interfaces/my_robot_interfaces/msg/detail/path_planner_points__struct.hpp
[1.007s] -- Up-to-date: /home/drone/Documents/GitHub/RosMigration_ws/install/my_robot_interfaces/include/my_robot_interfaces/my_robot_interfaces/msg/detail/path_planner_points__builder.hpp
[1.008s] -- Up-to-date: /home/drone/Documents/GitHub/RosMigration_ws/install/my_robot_interfaces/include/my_robot_interfaces/my_robot_interfaces/msg/detail/path_planner_points__traits.hpp
[1.008s] -- Up-to-date: /home/drone/Documents/GitHub/RosMigration_ws/install/my_robot_interfaces/include/my_robot_interfaces/my_robot_interfaces/msg/path_planner_points.hpp
[1.008s] -- Up-to-date: /home/drone/Documents/GitHub/RosMigration_ws/install/my_robot_interfaces/include/my_robot_interfaces/my_robot_interfaces
[1.009s] -- Up-to-date: /home/drone/Documents/GitHub/RosMigration_ws/install/my_robot_interfaces/include/my_robot_interfaces/my_robot_interfaces/srv
[1.009s] -- Up-to-date: /home/drone/Documents/GitHub/RosMigration_ws/install/my_robot_interfaces/include/my_robot_interfaces/my_robot_interfaces/srv/detail
[1.009s] -- Up-to-date: /home/drone/Documents/GitHub/RosMigration_ws/install/my_robot_interfaces/include/my_robot_interfaces/my_robot_interfaces/srv/detail/stop_publish_path__rosidl_typesupport_fastrtps_cpp.hpp
[1.010s] -- Up-to-date: /home/drone/Documents/GitHub/RosMigration_ws/install/my_robot_interfaces/include/my_robot_interfaces/my_robot_interfaces/srv/detail/dds_fastrtps
[1.010s] -- Up-to-date: /home/drone/Documents/GitHub/RosMigration_ws/install/my_robot_interfaces/include/my_robot_interfaces/my_robot_interfaces/msg
[1.010s] -- Up-to-date: /home/drone/Documents/GitHub/RosMigration_ws/install/my_robot_interfaces/include/my_robot_interfaces/my_robot_interfaces/msg/detail
[1.010s] -- Up-to-date: /home/drone/Documents/GitHub/RosMigration_ws/install/my_robot_interfaces/include/my_robot_interfaces/my_robot_interfaces/msg/detail/path_planner_points__rosidl_typesupport_fastrtps_cpp.hpp
[1.011s] -- Up-to-date: /home/drone/Documents/GitHub/RosMigration_ws/install/my_robot_interfaces/include/my_robot_interfaces/my_robot_interfaces/msg/detail/dds_fastrtps
[1.011s] -- Up-to-date: /home/drone/Documents/GitHub/RosMigration_ws/install/my_robot_interfaces/include/my_robot_interfaces/my_robot_interfaces/msg/rosidl_typesupport_fastrtps_cpp__visibility_control.h
[1.012s] -- Up-to-date: /home/drone/Documents/GitHub/RosMigration_ws/install/my_robot_interfaces/lib/libmy_robot_interfaces__rosidl_typesupport_fastrtps_cpp.so
[1.016s] -- Up-to-date: /home/drone/Documents/GitHub/RosMigration_ws/install/my_robot_interfaces/include/my_robot_interfaces/my_robot_interfaces
[1.016s] -- Up-to-date: /home/drone/Documents/GitHub/RosMigration_ws/install/my_robot_interfaces/include/my_robot_interfaces/my_robot_interfaces/srv
[1.016s] -- Up-to-date: /home/drone/Documents/GitHub/RosMigration_ws/install/my_robot_interfaces/include/my_robot_interfaces/my_robot_interfaces/srv/detail
[1.016s] -- Up-to-date: /home/drone/Documents/GitHub/RosMigration_ws/install/my_robot_interfaces/include/my_robot_interfaces/my_robot_interfaces/srv/detail/stop_publish_path__type_support.cpp
[1.017s] -- Up-to-date: /home/drone/Documents/GitHub/RosMigration_ws/install/my_robot_interfaces/include/my_robot_interfaces/my_robot_interfaces/srv/detail/stop_publish_path__rosidl_typesupport_introspection_cpp.hpp
[1.017s] -- Up-to-date: /home/drone/Documents/GitHub/RosMigration_ws/install/my_robot_interfaces/include/my_robot_interfaces/my_robot_interfaces/msg
[1.017s] -- Up-to-date: /home/drone/Documents/GitHub/RosMigration_ws/install/my_robot_interfaces/include/my_robot_interfaces/my_robot_interfaces/msg/detail
[1.017s] -- Up-to-date: /home/drone/Documents/GitHub/RosMigration_ws/install/my_robot_interfaces/include/my_robot_interfaces/my_robot_interfaces/msg/detail/path_planner_points__rosidl_typesupport_introspection_cpp.hpp
[1.017s] -- Up-to-date: /home/drone/Documents/GitHub/RosMigration_ws/install/my_robot_interfaces/include/my_robot_interfaces/my_robot_interfaces/msg/detail/path_planner_points__type_support.cpp
[1.017s] -- Up-to-date: /home/drone/Documents/GitHub/RosMigration_ws/install/my_robot_interfaces/lib/libmy_robot_interfaces__rosidl_typesupport_introspection_cpp.so
[1.017s] -- Up-to-date: /home/drone/Documents/GitHub/RosMigration_ws/install/my_robot_interfaces/lib/libmy_robot_interfaces__rosidl_typesupport_cpp.so
[1.017s] -- Up-to-date: /home/drone/Documents/GitHub/RosMigration_ws/install/my_robot_interfaces/share/my_robot_interfaces/environment/pythonpath.sh
[1.018s] -- Up-to-date: /home/drone/Documents/GitHub/RosMigration_ws/install/my_robot_interfaces/share/my_robot_interfaces/environment/pythonpath.dsv
[1.018s] -- Up-to-date: /home/drone/Documents/GitHub/RosMigration_ws/install/my_robot_interfaces/local/lib/python3.10/dist-packages/my_robot_interfaces-0.0.0-py3.10.egg-info
[1.018s] -- Installing: /home/drone/Documents/GitHub/RosMigration_ws/install/my_robot_interfaces/local/lib/python3.10/dist-packages/my_robot_interfaces-0.0.0-py3.10.egg-info/SOURCES.txt
[1.018s] -- Installing: /home/drone/Documents/GitHub/RosMigration_ws/install/my_robot_interfaces/local/lib/python3.10/dist-packages/my_robot_interfaces-0.0.0-py3.10.egg-info/top_level.txt
[1.018s] -- Installing: /home/drone/Documents/GitHub/RosMigration_ws/install/my_robot_interfaces/local/lib/python3.10/dist-packages/my_robot_interfaces-0.0.0-py3.10.egg-info/PKG-INFO
[1.018s] -- Installing: /home/drone/Documents/GitHub/RosMigration_ws/install/my_robot_interfaces/local/lib/python3.10/dist-packages/my_robot_interfaces-0.0.0-py3.10.egg-info/dependency_links.txt
[1.018s] -- Up-to-date: /home/drone/Documents/GitHub/RosMigration_ws/install/my_robot_interfaces/local/lib/python3.10/dist-packages/my_robot_interfaces
[1.019s] -- Up-to-date: /home/drone/Documents/GitHub/RosMigration_ws/install/my_robot_interfaces/local/lib/python3.10/dist-packages/my_robot_interfaces/my_robot_interfaces_s__rosidl_typesupport_c.cpython-310-x86_64-linux-gnu.so
[1.019s] -- Up-to-date: /home/drone/Documents/GitHub/RosMigration_ws/install/my_robot_interfaces/local/lib/python3.10/dist-packages/my_robot_interfaces/srv
[1.019s] -- Up-to-date: /home/drone/Documents/GitHub/RosMigration_ws/install/my_robot_interfaces/local/lib/python3.10/dist-packages/my_robot_interfaces/srv/__init__.py
[1.019s] -- Up-to-date: /home/drone/Documents/GitHub/RosMigration_ws/install/my_robot_interfaces/local/lib/python3.10/dist-packages/my_robot_interfaces/srv/_stop_publish_path_s.c
[1.019s] -- Up-to-date: /home/drone/Documents/GitHub/RosMigration_ws/install/my_robot_interfaces/local/lib/python3.10/dist-packages/my_robot_interfaces/srv/_stop_publish_path.py
[1.020s] -- Up-to-date: /home/drone/Documents/GitHub/RosMigration_ws/install/my_robot_interfaces/local/lib/python3.10/dist-packages/my_robot_interfaces/_my_robot_interfaces_s.ep.rosidl_typesupport_introspection_c.c
[1.020s] -- Up-to-date: /home/drone/Documents/GitHub/RosMigration_ws/install/my_robot_interfaces/local/lib/python3.10/dist-packages/my_robot_interfaces/msg
[1.020s] -- Up-to-date: /home/drone/Documents/GitHub/RosMigration_ws/install/my_robot_interfaces/local/lib/python3.10/dist-packages/my_robot_interfaces/msg/__init__.py
[1.021s] -- Up-to-date: /home/drone/Documents/GitHub/RosMigration_ws/install/my_robot_interfaces/local/lib/python3.10/dist-packages/my_robot_interfaces/msg/_path_planner_points.py
[1.021s] -- Up-to-date: /home/drone/Documents/GitHub/RosMigration_ws/install/my_robot_interfaces/local/lib/python3.10/dist-packages/my_robot_interfaces/msg/_path_planner_points_s.c
[1.021s] -- Up-to-date: /home/drone/Documents/GitHub/RosMigration_ws/install/my_robot_interfaces/local/lib/python3.10/dist-packages/my_robot_interfaces/__init__.py
[1.021s] -- Up-to-date: /home/drone/Documents/GitHub/RosMigration_ws/install/my_robot_interfaces/local/lib/python3.10/dist-packages/my_robot_interfaces/libmy_robot_interfaces__rosidl_generator_py.so
[1.022s] -- Up-to-date: /home/drone/Documents/GitHub/RosMigration_ws/install/my_robot_interfaces/local/lib/python3.10/dist-packages/my_robot_interfaces/my_robot_interfaces_s__rosidl_typesupport_introspection_c.cpython-310-x86_64-linux-gnu.so
[1.022s] -- Up-to-date: /home/drone/Documents/GitHub/RosMigration_ws/install/my_robot_interfaces/local/lib/python3.10/dist-packages/my_robot_interfaces/my_robot_interfaces_s__rosidl_typesupport_fastrtps_c.cpython-310-x86_64-linux-gnu.so
[1.022s] -- Up-to-date: /home/drone/Documents/GitHub/RosMigration_ws/install/my_robot_interfaces/local/lib/python3.10/dist-packages/my_robot_interfaces/_my_robot_interfaces_s.ep.rosidl_typesupport_c.c
[1.022s] -- Up-to-date: /home/drone/Documents/GitHub/RosMigration_ws/install/my_robot_interfaces/local/lib/python3.10/dist-packages/my_robot_interfaces/_my_robot_interfaces_s.ep.rosidl_typesupport_fastrtps_c.c
[1.092s] Listing '/home/drone/Documents/GitHub/RosMigration_ws/install/my_robot_interfaces/local/lib/python3.10/dist-packages/my_robot_interfaces'...
[1.092s] Listing '/home/drone/Documents/GitHub/RosMigration_ws/install/my_robot_interfaces/local/lib/python3.10/dist-packages/my_robot_interfaces/msg'...
[1.092s] Listing '/home/drone/Documents/GitHub/RosMigration_ws/install/my_robot_interfaces/local/lib/python3.10/dist-packages/my_robot_interfaces/srv'...
[1.092s] -- Up-to-date: /home/drone/Documents/GitHub/RosMigration_ws/install/my_robot_interfaces/local/lib/python3.10/dist-packages/my_robot_interfaces/my_robot_interfaces_s__rosidl_typesupport_fastrtps_c.cpython-310-x86_64-linux-gnu.so
[1.096s] -- Up-to-date: /home/drone/Documents/GitHub/RosMigration_ws/install/my_robot_interfaces/local/lib/python3.10/dist-packages/my_robot_interfaces/my_robot_interfaces_s__rosidl_typesupport_introspection_c.cpython-310-x86_64-linux-gnu.so
[1.096s] -- Up-to-date: /home/drone/Documents/GitHub/RosMigration_ws/install/my_robot_interfaces/local/lib/python3.10/dist-packages/my_robot_interfaces/my_robot_interfaces_s__rosidl_typesupport_c.cpython-310-x86_64-linux-gnu.so
[1.100s] -- Up-to-date: /home/drone/Documents/GitHub/RosMigration_ws/install/my_robot_interfaces/lib/libmy_robot_interfaces__rosidl_generator_py.so
[1.100s] -- Up-to-date: /home/drone/Documents/GitHub/RosMigration_ws/install/my_robot_interfaces/share/my_robot_interfaces/msg/PathPlannerPoints.idl
[1.100s] -- Up-to-date: /home/drone/Documents/GitHub/RosMigration_ws/install/my_robot_interfaces/share/my_robot_interfaces/msg/PathPlannerPoints.msg
[1.101s] -- Up-to-date: /home/drone/Documents/GitHub/RosMigration_ws/install/my_robot_interfaces/share/ament_index/resource_index/package_run_dependencies/my_robot_interfaces
[1.101s] -- Up-to-date: /home/drone/Documents/GitHub/RosMigration_ws/install/my_robot_interfaces/share/ament_index/resource_index/parent_prefix_path/my_robot_interfaces
[1.101s] -- Up-to-date: /home/drone/Documents/GitHub/RosMigration_ws/install/my_robot_interfaces/share/my_robot_interfaces/environment/ament_prefix_path.sh
[1.101s] -- Up-to-date: /home/drone/Documents/GitHub/RosMigration_ws/install/my_robot_interfaces/share/my_robot_interfaces/environment/ament_prefix_path.dsv
[1.101s] -- Up-to-date: /home/drone/Documents/GitHub/RosMigration_ws/install/my_robot_interfaces/share/my_robot_interfaces/environment/path.sh
[1.101s] -- Up-to-date: /home/drone/Documents/GitHub/RosMigration_ws/install/my_robot_interfaces/share/my_robot_interfaces/environment/path.dsv
[1.101s] -- Up-to-date: /home/drone/Documents/GitHub/RosMigration_ws/install/my_robot_interfaces/share/my_robot_interfaces/local_setup.bash
[1.102s] -- Up-to-date: /home/drone/Documents/GitHub/RosMigration_ws/install/my_robot_interfaces/share/my_robot_interfaces/local_setup.sh
[1.102s] -- Up-to-date: /home/drone/Documents/GitHub/RosMigration_ws/install/my_robot_interfaces/share/my_robot_interfaces/local_setup.zsh
[1.102s] -- Up-to-date: /home/drone/Documents/GitHub/RosMigration_ws/install/my_robot_interfaces/share/my_robot_interfaces/local_setup.dsv
[1.102s] -- Installing: /home/drone/Documents/GitHub/RosMigration_ws/install/my_robot_interfaces/share/my_robot_interfaces/package.dsv
[1.102s] -- Up-to-date: /home/drone/Documents/GitHub/RosMigration_ws/install/my_robot_interfaces/share/ament_index/resource_index/packages/my_robot_interfaces
[1.102s] -- Up-to-date: /home/drone/Documents/GitHub/RosMigration_ws/install/my_robot_interfaces/share/my_robot_interfaces/cmake/export_my_robot_interfaces__rosidl_generator_cExport.cmake
[1.102s] -- Up-to-date: /home/drone/Documents/GitHub/RosMigration_ws/install/my_robot_interfaces/share/my_robot_interfaces/cmake/export_my_robot_interfaces__rosidl_generator_cExport-noconfig.cmake
[1.103s] -- Up-to-date: /home/drone/Documents/GitHub/RosMigration_ws/install/my_robot_interfaces/share/my_robot_interfaces/cmake/export_my_robot_interfaces__rosidl_typesupport_fastrtps_cExport.cmake
[1.103s] -- Up-to-date: /home/drone/Documents/GitHub/RosMigration_ws/install/my_robot_interfaces/share/my_robot_interfaces/cmake/export_my_robot_interfaces__rosidl_typesupport_fastrtps_cExport-noconfig.cmake
[1.103s] -- Up-to-date: /home/drone/Documents/GitHub/RosMigration_ws/install/my_robot_interfaces/share/my_robot_interfaces/cmake/my_robot_interfaces__rosidl_typesupport_introspection_cExport.cmake
[1.103s] -- Up-to-date: /home/drone/Documents/GitHub/RosMigration_ws/install/my_robot_interfaces/share/my_robot_interfaces/cmake/my_robot_interfaces__rosidl_typesupport_introspection_cExport-noconfig.cmake
[1.103s] -- Up-to-date: /home/drone/Documents/GitHub/RosMigration_ws/install/my_robot_interfaces/share/my_robot_interfaces/cmake/my_robot_interfaces__rosidl_typesupport_cExport.cmake
[1.103s] -- Up-to-date: /home/drone/Documents/GitHub/RosMigration_ws/install/my_robot_interfaces/share/my_robot_interfaces/cmake/my_robot_interfaces__rosidl_typesupport_cExport-noconfig.cmake
[1.103s] -- Up-to-date: /home/drone/Documents/GitHub/RosMigration_ws/install/my_robot_interfaces/share/my_robot_interfaces/cmake/export_my_robot_interfaces__rosidl_generator_cppExport.cmake
[1.103s] -- Up-to-date: /home/drone/Documents/GitHub/RosMigration_ws/install/my_robot_interfaces/share/my_robot_interfaces/cmake/export_my_robot_interfaces__rosidl_typesupport_fastrtps_cppExport.cmake
[1.103s] -- Up-to-date: /home/drone/Documents/GitHub/RosMigration_ws/install/my_robot_interfaces/share/my_robot_interfaces/cmake/export_my_robot_interfaces__rosidl_typesupport_fastrtps_cppExport-noconfig.cmake
[1.105s] -- Up-to-date: /home/drone/Documents/GitHub/RosMigration_ws/install/my_robot_interfaces/share/my_robot_interfaces/cmake/my_robot_interfaces__rosidl_typesupport_introspection_cppExport.cmake
[1.105s] -- Up-to-date: /home/drone/Documents/GitHub/RosMigration_ws/install/my_robot_interfaces/share/my_robot_interfaces/cmake/my_robot_interfaces__rosidl_typesupport_introspection_cppExport-noconfig.cmake
[1.105s] -- Up-to-date: /home/drone/Documents/GitHub/RosMigration_ws/install/my_robot_interfaces/share/my_robot_interfaces/cmake/my_robot_interfaces__rosidl_typesupport_cppExport.cmake
[1.105s] -- Up-to-date: /home/drone/Documents/GitHub/RosMigration_ws/install/my_robot_interfaces/share/my_robot_interfaces/cmake/my_robot_interfaces__rosidl_typesupport_cppExport-noconfig.cmake
[1.105s] -- Up-to-date: /home/drone/Documents/GitHub/RosMigration_ws/install/my_robot_interfaces/share/my_robot_interfaces/cmake/export_my_robot_interfaces__rosidl_generator_pyExport.cmake
[1.105s] -- Up-to-date: /home/drone/Documents/GitHub/RosMigration_ws/install/my_robot_interfaces/share/my_robot_interfaces/cmake/export_my_robot_interfaces__rosidl_generator_pyExport-noconfig.cmake
[1.106s] -- Up-to-date: /home/drone/Documents/GitHub/RosMigration_ws/install/my_robot_interfaces/share/my_robot_interfaces/cmake/rosidl_cmake-extras.cmake
[1.106s] -- Up-to-date: /home/drone/Documents/GitHub/RosMigration_ws/install/my_robot_interfaces/share/my_robot_interfaces/cmake/ament_cmake_export_include_directories-extras.cmake
[1.106s] -- Up-to-date: /home/drone/Documents/GitHub/RosMigration_ws/install/my_robot_interfaces/share/my_robot_interfaces/cmake/ament_cmake_export_libraries-extras.cmake
[1.106s] -- Up-to-date: /home/drone/Documents/GitHub/RosMigration_ws/install/my_robot_interfaces/share/my_robot_interfaces/cmake/ament_cmake_export_targets-extras.cmake
[1.106s] -- Up-to-date: /home/drone/Documents/GitHub/RosMigration_ws/install/my_robot_interfaces/share/my_robot_interfaces/cmake/rosidl_cmake_export_typesupport_targets-extras.cmake
[1.106s] -- Up-to-date: /home/drone/Documents/GitHub/RosMigration_ws/install/my_robot_interfaces/share/my_robot_interfaces/cmake/ament_cmake_export_dependencies-extras.cmake
[1.106s] -- Up-to-date: /home/drone/Documents/GitHub/RosMigration_ws/install/my_robot_interfaces/share/my_robot_interfaces/cmake/rosidl_cmake_export_typesupport_libraries-extras.cmake
[1.107s] -- Up-to-date: /home/drone/Documents/GitHub/RosMigration_ws/install/my_robot_interfaces/share/my_robot_interfaces/cmake/my_robot_interfacesConfig.cmake
[1.107s] -- Up-to-date: /home/drone/Documents/GitHub/RosMigration_ws/install/my_robot_interfaces/share/my_robot_interfaces/cmake/my_robot_interfacesConfig-version.cmake
[1.107s] -- Up-to-date: /home/drone/Documents/GitHub/RosMigration_ws/install/my_robot_interfaces/share/my_robot_interfaces/package.xml
[1.124s] Invoked command in '/home/drone/Documents/GitHub/RosMigration_ws/build/my_robot_interfaces' returned '0': CMAKE_PREFIX_PATH=${CMAKE_PREFIX_PATH}:/home/drone/Documents/GitHub/AAU_P4_MONITOR_DRONE/ros2_ws/install/my_robot_controller:/opt/ros/humble /usr/bin/cmake --install /home/drone/Documents/GitHub/RosMigration_ws/build/my_robot_interfaces
