[0.986s] Invoking command in '/home/drone/ros2_ws/src/my_robot_controller': PYTHONPATH=/home/drone/ros2_ws/build/my_robot_controller/prefix_override:/home/drone/ros2_ws/install/my_robot_controller/lib/python3.10/site-packages:${PYTHONPATH} /usr/bin/python3 -W ignore:setup.py install is deprecated setup.py egg_info --egg-base ../../build/my_robot_controller build --build-base /home/drone/ros2_ws/build/my_robot_controller/build install --record /home/drone/ros2_ws/build/my_robot_controller/install.log --single-version-externally-managed install_data
[1.356s] running egg_info
[1.357s] creating ../../build/my_robot_controller/my_robot_controller.egg-info
[1.357s] writing ../../build/my_robot_controller/my_robot_controller.egg-info/PKG-INFO
[1.358s] writing dependency_links to ../../build/my_robot_controller/my_robot_controller.egg-info/dependency_links.txt
[1.358s] writing entry points to ../../build/my_robot_controller/my_robot_controller.egg-info/entry_points.txt
[1.358s] writing requirements to ../../build/my_robot_controller/my_robot_controller.egg-info/requires.txt
[1.358s] writing top-level names to ../../build/my_robot_controller/my_robot_controller.egg-info/top_level.txt
[1.359s] writing manifest file '../../build/my_robot_controller/my_robot_controller.egg-info/SOURCES.txt'
[1.361s] reading manifest file '../../build/my_robot_controller/my_robot_controller.egg-info/SOURCES.txt'
[1.362s] writing manifest file '../../build/my_robot_controller/my_robot_controller.egg-info/SOURCES.txt'
[1.363s] running build
[1.363s] running build_py
[1.363s] creating /home/drone/ros2_ws/build/my_robot_controller/build
[1.363s] creating /home/drone/ros2_ws/build/my_robot_controller/build/lib
[1.363s] creating /home/drone/ros2_ws/build/my_robot_controller/build/lib/my_robot_controller
[1.363s] copying my_robot_controller/__init__.py -> /home/drone/ros2_ws/build/my_robot_controller/build/lib/my_robot_controller
[1.364s] running install
[1.364s] running install_lib
[1.365s] creating /home/drone/ros2_ws/install/my_robot_controller/lib/python3.10/site-packages/my_robot_controller
[1.365s] copying /home/drone/ros2_ws/build/my_robot_controller/build/lib/my_robot_controller/__init__.py -> /home/drone/ros2_ws/install/my_robot_controller/lib/python3.10/site-packages/my_robot_controller
[1.366s] byte-compiling /home/drone/ros2_ws/install/my_robot_controller/lib/python3.10/site-packages/my_robot_controller/__init__.py to __init__.cpython-310.pyc
[1.367s] running install_data
[1.367s] creating /home/drone/ros2_ws/install/my_robot_controller/share/ament_index
[1.367s] creating /home/drone/ros2_ws/install/my_robot_controller/share/ament_index/resource_index
[1.367s] creating /home/drone/ros2_ws/install/my_robot_controller/share/ament_index/resource_index/packages
[1.367s] copying resource/my_robot_controller -> /home/drone/ros2_ws/install/my_robot_controller/share/ament_index/resource_index/packages
[1.367s] copying package.xml -> /home/drone/ros2_ws/install/my_robot_controller/share/my_robot_controller
[1.367s] running install_egg_info
[1.370s] Copying ../../build/my_robot_controller/my_robot_controller.egg-info to /home/drone/ros2_ws/install/my_robot_controller/lib/python3.10/site-packages/my_robot_controller-0.0.0-py3.10.egg-info
[1.372s] running install_scripts
[1.406s] writing list of installed files to '/home/drone/ros2_ws/build/my_robot_controller/install.log'
[1.450s] Invoked command in '/home/drone/ros2_ws/src/my_robot_controller' returned '0': PYTHONPATH=/home/drone/ros2_ws/build/my_robot_controller/prefix_override:/home/drone/ros2_ws/install/my_robot_controller/lib/python3.10/site-packages:${PYTHONPATH} /usr/bin/python3 -W ignore:setup.py install is deprecated setup.py egg_info --egg-base ../../build/my_robot_controller build --build-base /home/drone/ros2_ws/build/my_robot_controller/build install --record /home/drone/ros2_ws/build/my_robot_controller/install.log --single-version-externally-managed install_data
