[1.000s] Invoking command in '/home/drone/ros2_ws/src/my_robot_controller': PYTHONPATH=/home/drone/ros2_ws/build/my_robot_controller/prefix_override:/home/drone/ros2_ws/install/my_robot_controller/lib/python3.10/site-packages:${PYTHONPATH} /usr/bin/python3 -W ignore:setup.py install is deprecated setup.py egg_info --egg-base ../../build/my_robot_controller build --build-base /home/drone/ros2_ws/build/my_robot_controller/build install --record /home/drone/ros2_ws/build/my_robot_controller/install.log --single-version-externally-managed install_data
[1.366s] running egg_info
[1.367s] writing ../../build/my_robot_controller/my_robot_controller.egg-info/PKG-INFO
[1.367s] writing dependency_links to ../../build/my_robot_controller/my_robot_controller.egg-info/dependency_links.txt
[1.368s] writing entry points to ../../build/my_robot_controller/my_robot_controller.egg-info/entry_points.txt
[1.368s] writing requirements to ../../build/my_robot_controller/my_robot_controller.egg-info/requires.txt
[1.368s] writing top-level names to ../../build/my_robot_controller/my_robot_controller.egg-info/top_level.txt
[1.371s] reading manifest file '../../build/my_robot_controller/my_robot_controller.egg-info/SOURCES.txt'
[1.373s] writing manifest file '../../build/my_robot_controller/my_robot_controller.egg-info/SOURCES.txt'
[1.373s] running build
[1.373s] running build_py
[1.374s] running install
[1.374s] running install_lib
[1.376s] running install_data
[1.377s] running install_egg_info
[1.379s] removing '/home/drone/ros2_ws/install/my_robot_controller/lib/python3.10/site-packages/my_robot_controller-0.0.0-py3.10.egg-info' (and everything under it)
[1.380s] Copying ../../build/my_robot_controller/my_robot_controller.egg-info to /home/drone/ros2_ws/install/my_robot_controller/lib/python3.10/site-packages/my_robot_controller-0.0.0-py3.10.egg-info
[1.381s] running install_scripts
[1.412s] Installing my_listener script to /home/drone/ros2_ws/install/my_robot_controller/lib/my_robot_controller
[1.412s] Installing my_talker script to /home/drone/ros2_ws/install/my_robot_controller/lib/my_robot_controller
[1.413s] Installing test_node script to /home/drone/ros2_ws/install/my_robot_controller/lib/my_robot_controller
[1.413s] Installing test_node2 script to /home/drone/ros2_ws/install/my_robot_controller/lib/my_robot_controller
[1.414s] writing list of installed files to '/home/drone/ros2_ws/build/my_robot_controller/install.log'
[1.454s] Invoked command in '/home/drone/ros2_ws/src/my_robot_controller' returned '0': PYTHONPATH=/home/drone/ros2_ws/build/my_robot_controller/prefix_override:/home/drone/ros2_ws/install/my_robot_controller/lib/python3.10/site-packages:${PYTHONPATH} /usr/bin/python3 -W ignore:setup.py install is deprecated setup.py egg_info --egg-base ../../build/my_robot_controller build --build-base /home/drone/ros2_ws/build/my_robot_controller/build install --record /home/drone/ros2_ws/build/my_robot_controller/install.log --single-version-externally-managed install_data
