[35m[1mConsolidate compiler generated dependencies of target vicon_node[0m
[35m[1mConsolidate compiler generated dependencies of target cpp_executable[0m
[35m[1mConsolidate compiler generated dependencies of target cpp_talker_node[0m
[ 50%] Built target ament_cmake_python_copy_my_cpp_py_pkg
[ 50%] [32mBuilding CXX object CMakeFiles/cpp_executable.dir/src/cpp_node.cpp.o[0m
[ 50%] [32mBuilding CXX object CMakeFiles/vicon_node.dir/src/cpp_vicon.cpp.o[0m
[ 50%] [32mBuilding CXX object CMakeFiles/cpp_talker_node.dir/src/cpp_talker.cpp.o[0m
running egg_info
writing my_cpp_py_pkg.egg-info/PKG-INFO
writing dependency_links to my_cpp_py_pkg.egg-info/dependency_links.txt
writing top-level names to my_cpp_py_pkg.egg-info/top_level.txt
reading manifest file 'my_cpp_py_pkg.egg-info/SOURCES.txt'
writing manifest file 'my_cpp_py_pkg.egg-info/SOURCES.txt'
[ 50%] Built target ament_cmake_python_build_my_cpp_py_pkg_egg
[ 50%] [32m[1mLinking CXX executable vicon_node[0m
[ 50%] [32m[1mLinking CXX executable cpp_executable[0m
[ 50%] Built target vicon_node
[ 50%] Built target cpp_executable
[ 50%] [32m[1mLinking CXX executable cpp_talker_node[0m
[ 50%] Built target cpp_talker_node
-- Install configuration: ""
-- Installing: /home/frederik/Documents/P4/P4Git/AAU_P4_MONITOR_DRONE/ros2_ws/install/my_cpp_py_pkg/lib/my_cpp_py_pkg/cpp_executable
-- Set runtime path of "/home/frederik/Documents/P4/P4Git/AAU_P4_MONITOR_DRONE/ros2_ws/install/my_cpp_py_pkg/lib/my_cpp_py_pkg/cpp_executable" to ""
-- Installing: /home/frederik/Documents/P4/P4Git/AAU_P4_MONITOR_DRONE/ros2_ws/install/my_cpp_py_pkg/lib/my_cpp_py_pkg/cpp_talker_node
-- Set runtime path of "/home/frederik/Documents/P4/P4Git/AAU_P4_MONITOR_DRONE/ros2_ws/install/my_cpp_py_pkg/lib/my_cpp_py_pkg/cpp_talker_node" to ""
-- Installing: /home/frederik/Documents/P4/P4Git/AAU_P4_MONITOR_DRONE/ros2_ws/install/my_cpp_py_pkg/lib/my_cpp_py_pkg/vicon_node
-- Set runtime path of "/home/frederik/Documents/P4/P4Git/AAU_P4_MONITOR_DRONE/ros2_ws/install/my_cpp_py_pkg/lib/my_cpp_py_pkg/vicon_node" to ""
-- Installing: /home/frederik/Documents/P4/P4Git/AAU_P4_MONITOR_DRONE/ros2_ws/install/my_cpp_py_pkg/share/my_cpp_py_pkg/environment/pythonpath.sh
-- Installing: /home/frederik/Documents/P4/P4Git/AAU_P4_MONITOR_DRONE/ros2_ws/install/my_cpp_py_pkg/share/my_cpp_py_pkg/environment/pythonpath.dsv
-- Installing: /home/frederik/Documents/P4/P4Git/AAU_P4_MONITOR_DRONE/ros2_ws/install/my_cpp_py_pkg/local/lib/python3.10/dist-packages/my_cpp_py_pkg-0.0.0-py3.10.egg-info
-- Installing: /home/frederik/Documents/P4/P4Git/AAU_P4_MONITOR_DRONE/ros2_ws/install/my_cpp_py_pkg/local/lib/python3.10/dist-packages/my_cpp_py_pkg-0.0.0-py3.10.egg-info/SOURCES.txt
-- Installing: /home/frederik/Documents/P4/P4Git/AAU_P4_MONITOR_DRONE/ros2_ws/install/my_cpp_py_pkg/local/lib/python3.10/dist-packages/my_cpp_py_pkg-0.0.0-py3.10.egg-info/dependency_links.txt
-- Installing: /home/frederik/Documents/P4/P4Git/AAU_P4_MONITOR_DRONE/ros2_ws/install/my_cpp_py_pkg/local/lib/python3.10/dist-packages/my_cpp_py_pkg-0.0.0-py3.10.egg-info/top_level.txt
-- Installing: /home/frederik/Documents/P4/P4Git/AAU_P4_MONITOR_DRONE/ros2_ws/install/my_cpp_py_pkg/local/lib/python3.10/dist-packages/my_cpp_py_pkg-0.0.0-py3.10.egg-info/PKG-INFO
-- Installing: /home/frederik/Documents/P4/P4Git/AAU_P4_MONITOR_DRONE/ros2_ws/install/my_cpp_py_pkg/local/lib/python3.10/dist-packages/my_cpp_py_pkg
-- Installing: /home/frederik/Documents/P4/P4Git/AAU_P4_MONITOR_DRONE/ros2_ws/install/my_cpp_py_pkg/local/lib/python3.10/dist-packages/my_cpp_py_pkg/__init__.py
-- Installing: /home/frederik/Documents/P4/P4Git/AAU_P4_MONITOR_DRONE/ros2_ws/install/my_cpp_py_pkg/local/lib/python3.10/dist-packages/my_cpp_py_pkg/moduel_to_import.py
Listing '/home/frederik/Documents/P4/P4Git/AAU_P4_MONITOR_DRONE/ros2_ws/install/my_cpp_py_pkg/local/lib/python3.10/dist-packages/my_cpp_py_pkg'...
Compiling '/home/frederik/Documents/P4/P4Git/AAU_P4_MONITOR_DRONE/ros2_ws/install/my_cpp_py_pkg/local/lib/python3.10/dist-packages/my_cpp_py_pkg/__init__.py'...
Compiling '/home/frederik/Documents/P4/P4Git/AAU_P4_MONITOR_DRONE/ros2_ws/install/my_cpp_py_pkg/local/lib/python3.10/dist-packages/my_cpp_py_pkg/moduel_to_import.py'...
-- Installing: /home/frederik/Documents/P4/P4Git/AAU_P4_MONITOR_DRONE/ros2_ws/install/my_cpp_py_pkg/lib/my_cpp_py_pkg/py_node.py
-- Installing: /home/frederik/Documents/P4/P4Git/AAU_P4_MONITOR_DRONE/ros2_ws/install/my_cpp_py_pkg/lib/my_cpp_py_pkg/py_listener.py
-- Installing: /home/frederik/Documents/P4/P4Git/AAU_P4_MONITOR_DRONE/ros2_ws/install/my_cpp_py_pkg/share/ament_index/resource_index/package_run_dependencies/my_cpp_py_pkg
-- Installing: /home/frederik/Documents/P4/P4Git/AAU_P4_MONITOR_DRONE/ros2_ws/install/my_cpp_py_pkg/share/ament_index/resource_index/parent_prefix_path/my_cpp_py_pkg
-- Installing: /home/frederik/Documents/P4/P4Git/AAU_P4_MONITOR_DRONE/ros2_ws/install/my_cpp_py_pkg/share/my_cpp_py_pkg/environment/ament_prefix_path.sh
-- Installing: /home/frederik/Documents/P4/P4Git/AAU_P4_MONITOR_DRONE/ros2_ws/install/my_cpp_py_pkg/share/my_cpp_py_pkg/environment/ament_prefix_path.dsv
-- Installing: /home/frederik/Documents/P4/P4Git/AAU_P4_MONITOR_DRONE/ros2_ws/install/my_cpp_py_pkg/share/my_cpp_py_pkg/environment/path.sh
-- Installing: /home/frederik/Documents/P4/P4Git/AAU_P4_MONITOR_DRONE/ros2_ws/install/my_cpp_py_pkg/share/my_cpp_py_pkg/environment/path.dsv
-- Installing: /home/frederik/Documents/P4/P4Git/AAU_P4_MONITOR_DRONE/ros2_ws/install/my_cpp_py_pkg/share/my_cpp_py_pkg/local_setup.bash
-- Installing: /home/frederik/Documents/P4/P4Git/AAU_P4_MONITOR_DRONE/ros2_ws/install/my_cpp_py_pkg/share/my_cpp_py_pkg/local_setup.sh
-- Installing: /home/frederik/Documents/P4/P4Git/AAU_P4_MONITOR_DRONE/ros2_ws/install/my_cpp_py_pkg/share/my_cpp_py_pkg/local_setup.zsh
-- Installing: /home/frederik/Documents/P4/P4Git/AAU_P4_MONITOR_DRONE/ros2_ws/install/my_cpp_py_pkg/share/my_cpp_py_pkg/local_setup.dsv
-- Installing: /home/frederik/Documents/P4/P4Git/AAU_P4_MONITOR_DRONE/ros2_ws/install/my_cpp_py_pkg/share/my_cpp_py_pkg/package.dsv
-- Installing: /home/frederik/Documents/P4/P4Git/AAU_P4_MONITOR_DRONE/ros2_ws/install/my_cpp_py_pkg/share/ament_index/resource_index/packages/my_cpp_py_pkg
-- Installing: /home/frederik/Documents/P4/P4Git/AAU_P4_MONITOR_DRONE/ros2_ws/install/my_cpp_py_pkg/share/my_cpp_py_pkg/cmake/my_cpp_py_pkgConfig.cmake
-- Installing: /home/frederik/Documents/P4/P4Git/AAU_P4_MONITOR_DRONE/ros2_ws/install/my_cpp_py_pkg/share/my_cpp_py_pkg/cmake/my_cpp_py_pkgConfig-version.cmake
-- Installing: /home/frederik/Documents/P4/P4Git/AAU_P4_MONITOR_DRONE/ros2_ws/install/my_cpp_py_pkg/share/my_cpp_py_pkg/package.xml
