[0.013s] Invoking command in '/home/frederik/Documents/P4/P4Git/AAU_P4_MONITOR_DRONE/ros2_ws/build/my_cpp_py_pkg': CMAKE_PREFIX_PATH=/opt/ros/humble /usr/bin/cmake --build /home/frederik/Documents/P4/P4Git/AAU_P4_MONITOR_DRONE/ros2_ws/build/my_cpp_py_pkg -- -j12 -l12
[0.055s] [35m[1mConsolidate compiler generated dependencies of target vicon_node[0m
[0.055s] [35m[1mConsolidate compiler generated dependencies of target cpp_executable[0m
[0.062s] [35m[1mConsolidate compiler generated dependencies of target cpp_talker_node[0m
[0.074s] [ 50%] Built target ament_cmake_python_copy_my_cpp_py_pkg
[0.076s] [ 50%] [32mBuilding CXX object CMakeFiles/cpp_executable.dir/src/cpp_node.cpp.o[0m
[0.077s] [ 50%] [32mBuilding CXX object CMakeFiles/vicon_node.dir/src/cpp_vicon.cpp.o[0m
[0.083s] [ 50%] [32mBuilding CXX object CMakeFiles/cpp_talker_node.dir/src/cpp_talker.cpp.o[0m
[0.282s] running egg_info
[0.282s] writing my_cpp_py_pkg.egg-info/PKG-INFO
[0.282s] writing dependency_links to my_cpp_py_pkg.egg-info/dependency_links.txt
[0.282s] writing top-level names to my_cpp_py_pkg.egg-info/top_level.txt
[0.284s] reading manifest file 'my_cpp_py_pkg.egg-info/SOURCES.txt'
[0.285s] writing manifest file 'my_cpp_py_pkg.egg-info/SOURCES.txt'
[0.322s] [ 50%] Built target ament_cmake_python_build_my_cpp_py_pkg_egg
[2.934s] [ 50%] [32m[1mLinking CXX executable vicon_node[0m
[2.988s] [ 50%] [32m[1mLinking CXX executable cpp_executable[0m
[3.111s] [ 50%] Built target vicon_node
[3.127s] [ 50%] Built target cpp_executable
[3.872s] [ 50%] [32m[1mLinking CXX executable cpp_talker_node[0m
[4.074s] [ 50%] Built target cpp_talker_node
[4.088s] Invoked command in '/home/frederik/Documents/P4/P4Git/AAU_P4_MONITOR_DRONE/ros2_ws/build/my_cpp_py_pkg' returned '0': CMAKE_PREFIX_PATH=/opt/ros/humble /usr/bin/cmake --build /home/frederik/Documents/P4/P4Git/AAU_P4_MONITOR_DRONE/ros2_ws/build/my_cpp_py_pkg -- -j12 -l12
[4.158s] Invoking command in '/home/frederik/Documents/P4/P4Git/AAU_P4_MONITOR_DRONE/ros2_ws/build/my_cpp_py_pkg': CMAKE_PREFIX_PATH=/opt/ros/humble /usr/bin/cmake --install /home/frederik/Documents/P4/P4Git/AAU_P4_MONITOR_DRONE/ros2_ws/build/my_cpp_py_pkg
[4.173s] -- Install configuration: ""
[4.173s] -- Installing: /home/frederik/Documents/P4/P4Git/AAU_P4_MONITOR_DRONE/ros2_ws/install/my_cpp_py_pkg/lib/my_cpp_py_pkg/cpp_executable
[4.174s] -- Set runtime path of "/home/frederik/Documents/P4/P4Git/AAU_P4_MONITOR_DRONE/ros2_ws/install/my_cpp_py_pkg/lib/my_cpp_py_pkg/cpp_executable" to ""
[4.174s] -- Installing: /home/frederik/Documents/P4/P4Git/AAU_P4_MONITOR_DRONE/ros2_ws/install/my_cpp_py_pkg/lib/my_cpp_py_pkg/cpp_talker_node
[4.178s] -- Set runtime path of "/home/frederik/Documents/P4/P4Git/AAU_P4_MONITOR_DRONE/ros2_ws/install/my_cpp_py_pkg/lib/my_cpp_py_pkg/cpp_talker_node" to ""
[4.178s] -- Installing: /home/frederik/Documents/P4/P4Git/AAU_P4_MONITOR_DRONE/ros2_ws/install/my_cpp_py_pkg/lib/my_cpp_py_pkg/vicon_node
[4.179s] -- Set runtime path of "/home/frederik/Documents/P4/P4Git/AAU_P4_MONITOR_DRONE/ros2_ws/install/my_cpp_py_pkg/lib/my_cpp_py_pkg/vicon_node" to ""
[4.179s] -- Installing: /home/frederik/Documents/P4/P4Git/AAU_P4_MONITOR_DRONE/ros2_ws/install/my_cpp_py_pkg/share/my_cpp_py_pkg/environment/pythonpath.sh
[4.180s] -- Installing: /home/frederik/Documents/P4/P4Git/AAU_P4_MONITOR_DRONE/ros2_ws/install/my_cpp_py_pkg/share/my_cpp_py_pkg/environment/pythonpath.dsv
[4.180s] -- Installing: /home/frederik/Documents/P4/P4Git/AAU_P4_MONITOR_DRONE/ros2_ws/install/my_cpp_py_pkg/local/lib/python3.10/dist-packages/my_cpp_py_pkg-0.0.0-py3.10.egg-info
[4.180s] -- Installing: /home/frederik/Documents/P4/P4Git/AAU_P4_MONITOR_DRONE/ros2_ws/install/my_cpp_py_pkg/local/lib/python3.10/dist-packages/my_cpp_py_pkg-0.0.0-py3.10.egg-info/SOURCES.txt
[4.181s] -- Installing: /home/frederik/Documents/P4/P4Git/AAU_P4_MONITOR_DRONE/ros2_ws/install/my_cpp_py_pkg/local/lib/python3.10/dist-packages/my_cpp_py_pkg-0.0.0-py3.10.egg-info/dependency_links.txt
[4.181s] -- Installing: /home/frederik/Documents/P4/P4Git/AAU_P4_MONITOR_DRONE/ros2_ws/install/my_cpp_py_pkg/local/lib/python3.10/dist-packages/my_cpp_py_pkg-0.0.0-py3.10.egg-info/top_level.txt
[4.181s] -- Installing: /home/frederik/Documents/P4/P4Git/AAU_P4_MONITOR_DRONE/ros2_ws/install/my_cpp_py_pkg/local/lib/python3.10/dist-packages/my_cpp_py_pkg-0.0.0-py3.10.egg-info/PKG-INFO
[4.182s] -- Installing: /home/frederik/Documents/P4/P4Git/AAU_P4_MONITOR_DRONE/ros2_ws/install/my_cpp_py_pkg/local/lib/python3.10/dist-packages/my_cpp_py_pkg
[4.182s] -- Installing: /home/frederik/Documents/P4/P4Git/AAU_P4_MONITOR_DRONE/ros2_ws/install/my_cpp_py_pkg/local/lib/python3.10/dist-packages/my_cpp_py_pkg/__init__.py
[4.182s] -- Installing: /home/frederik/Documents/P4/P4Git/AAU_P4_MONITOR_DRONE/ros2_ws/install/my_cpp_py_pkg/local/lib/python3.10/dist-packages/my_cpp_py_pkg/moduel_to_import.py
[4.211s] Listing '/home/frederik/Documents/P4/P4Git/AAU_P4_MONITOR_DRONE/ros2_ws/install/my_cpp_py_pkg/local/lib/python3.10/dist-packages/my_cpp_py_pkg'...
[4.211s] Compiling '/home/frederik/Documents/P4/P4Git/AAU_P4_MONITOR_DRONE/ros2_ws/install/my_cpp_py_pkg/local/lib/python3.10/dist-packages/my_cpp_py_pkg/__init__.py'...
[4.211s] Compiling '/home/frederik/Documents/P4/P4Git/AAU_P4_MONITOR_DRONE/ros2_ws/install/my_cpp_py_pkg/local/lib/python3.10/dist-packages/my_cpp_py_pkg/moduel_to_import.py'...
[4.215s] -- Installing: /home/frederik/Documents/P4/P4Git/AAU_P4_MONITOR_DRONE/ros2_ws/install/my_cpp_py_pkg/lib/my_cpp_py_pkg/py_node.py
[4.215s] -- Installing: /home/frederik/Documents/P4/P4Git/AAU_P4_MONITOR_DRONE/ros2_ws/install/my_cpp_py_pkg/lib/my_cpp_py_pkg/py_listener.py
[4.216s] -- Installing: /home/frederik/Documents/P4/P4Git/AAU_P4_MONITOR_DRONE/ros2_ws/install/my_cpp_py_pkg/share/ament_index/resource_index/package_run_dependencies/my_cpp_py_pkg
[4.216s] -- Installing: /home/frederik/Documents/P4/P4Git/AAU_P4_MONITOR_DRONE/ros2_ws/install/my_cpp_py_pkg/share/ament_index/resource_index/parent_prefix_path/my_cpp_py_pkg
[4.217s] -- Installing: /home/frederik/Documents/P4/P4Git/AAU_P4_MONITOR_DRONE/ros2_ws/install/my_cpp_py_pkg/share/my_cpp_py_pkg/environment/ament_prefix_path.sh
[4.217s] -- Installing: /home/frederik/Documents/P4/P4Git/AAU_P4_MONITOR_DRONE/ros2_ws/install/my_cpp_py_pkg/share/my_cpp_py_pkg/environment/ament_prefix_path.dsv
[4.218s] -- Installing: /home/frederik/Documents/P4/P4Git/AAU_P4_MONITOR_DRONE/ros2_ws/install/my_cpp_py_pkg/share/my_cpp_py_pkg/environment/path.sh
[4.218s] -- Installing: /home/frederik/Documents/P4/P4Git/AAU_P4_MONITOR_DRONE/ros2_ws/install/my_cpp_py_pkg/share/my_cpp_py_pkg/environment/path.dsv
[4.218s] -- Installing: /home/frederik/Documents/P4/P4Git/AAU_P4_MONITOR_DRONE/ros2_ws/install/my_cpp_py_pkg/share/my_cpp_py_pkg/local_setup.bash
[4.219s] -- Installing: /home/frederik/Documents/P4/P4Git/AAU_P4_MONITOR_DRONE/ros2_ws/install/my_cpp_py_pkg/share/my_cpp_py_pkg/local_setup.sh
[4.219s] -- Installing: /home/frederik/Documents/P4/P4Git/AAU_P4_MONITOR_DRONE/ros2_ws/install/my_cpp_py_pkg/share/my_cpp_py_pkg/local_setup.zsh
[4.219s] -- Installing: /home/frederik/Documents/P4/P4Git/AAU_P4_MONITOR_DRONE/ros2_ws/install/my_cpp_py_pkg/share/my_cpp_py_pkg/local_setup.dsv
[4.220s] -- Installing: /home/frederik/Documents/P4/P4Git/AAU_P4_MONITOR_DRONE/ros2_ws/install/my_cpp_py_pkg/share/my_cpp_py_pkg/package.dsv
[4.220s] -- Installing: /home/frederik/Documents/P4/P4Git/AAU_P4_MONITOR_DRONE/ros2_ws/install/my_cpp_py_pkg/share/ament_index/resource_index/packages/my_cpp_py_pkg
[4.221s] -- Installing: /home/frederik/Documents/P4/P4Git/AAU_P4_MONITOR_DRONE/ros2_ws/install/my_cpp_py_pkg/share/my_cpp_py_pkg/cmake/my_cpp_py_pkgConfig.cmake
[4.221s] -- Installing: /home/frederik/Documents/P4/P4Git/AAU_P4_MONITOR_DRONE/ros2_ws/install/my_cpp_py_pkg/share/my_cpp_py_pkg/cmake/my_cpp_py_pkgConfig-version.cmake
[4.221s] -- Installing: /home/frederik/Documents/P4/P4Git/AAU_P4_MONITOR_DRONE/ros2_ws/install/my_cpp_py_pkg/share/my_cpp_py_pkg/package.xml
[4.225s] Invoked command in '/home/frederik/Documents/P4/P4Git/AAU_P4_MONITOR_DRONE/ros2_ws/build/my_cpp_py_pkg' returned '0': CMAKE_PREFIX_PATH=/opt/ros/humble /usr/bin/cmake --install /home/frederik/Documents/P4/P4Git/AAU_P4_MONITOR_DRONE/ros2_ws/build/my_cpp_py_pkg
