[0.809s] Invoking command in '/home/frederik/AAU_P4_MONITOR_DRONE/ros2_ws/src/my_robot_controller': PYTHONPATH=/home/frederik/AAU_P4_MONITOR_DRONE/ros2_ws/build/my_robot_controller/prefix_override:/home/frederik/AAU_P4_MONITOR_DRONE/ros2_ws/install/my_robot_controller/lib/python3.10/site-packages:${PYTHONPATH} /usr/bin/python3 -W ignore:setup.py install is deprecated setup.py egg_info --egg-base ../../build/my_robot_controller build --build-base /home/frederik/AAU_P4_MONITOR_DRONE/ros2_ws/build/my_robot_controller/build install --record /home/frederik/AAU_P4_MONITOR_DRONE/ros2_ws/build/my_robot_controller/install.log --single-version-externally-managed install_data
[1.072s] running egg_info
[1.073s] writing ../../build/my_robot_controller/my_robot_controller.egg-info/PKG-INFO
[1.074s] writing dependency_links to ../../build/my_robot_controller/my_robot_controller.egg-info/dependency_links.txt
[1.074s] writing entry points to ../../build/my_robot_controller/my_robot_controller.egg-info/entry_points.txt
[1.075s] writing requirements to ../../build/my_robot_controller/my_robot_controller.egg-info/requires.txt
[1.076s] writing top-level names to ../../build/my_robot_controller/my_robot_controller.egg-info/top_level.txt
[1.078s] reading manifest file '../../build/my_robot_controller/my_robot_controller.egg-info/SOURCES.txt'
[1.079s] writing manifest file '../../build/my_robot_controller/my_robot_controller.egg-info/SOURCES.txt'
[1.080s] running build
[1.080s] running build_py
[1.081s] running install
[1.082s] running install_lib
[1.084s] running install_data
[1.084s] running install_egg_info
[1.086s] removing '/home/frederik/AAU_P4_MONITOR_DRONE/ros2_ws/install/my_robot_controller/lib/python3.10/site-packages/my_robot_controller-0.0.0-py3.10.egg-info' (and everything under it)
[1.092s] Copying ../../build/my_robot_controller/my_robot_controller.egg-info to /home/frederik/AAU_P4_MONITOR_DRONE/ros2_ws/install/my_robot_controller/lib/python3.10/site-packages/my_robot_controller-0.0.0-py3.10.egg-info
[1.092s] running install_scripts
[1.112s] Installing crazy_node script to /home/frederik/AAU_P4_MONITOR_DRONE/ros2_ws/install/my_robot_controller/lib/my_robot_controller
[1.112s] Installing crazy_node_take_off script to /home/frederik/AAU_P4_MONITOR_DRONE/ros2_ws/install/my_robot_controller/lib/my_robot_controller
[1.112s] Installing my_listener script to /home/frederik/AAU_P4_MONITOR_DRONE/ros2_ws/install/my_robot_controller/lib/my_robot_controller
[1.112s] Installing my_talker script to /home/frederik/AAU_P4_MONITOR_DRONE/ros2_ws/install/my_robot_controller/lib/my_robot_controller
[1.112s] Installing test_node script to /home/frederik/AAU_P4_MONITOR_DRONE/ros2_ws/install/my_robot_controller/lib/my_robot_controller
[1.112s] Installing test_node2 script to /home/frederik/AAU_P4_MONITOR_DRONE/ros2_ws/install/my_robot_controller/lib/my_robot_controller
[1.112s] writing list of installed files to '/home/frederik/AAU_P4_MONITOR_DRONE/ros2_ws/build/my_robot_controller/install.log'
[1.133s] Invoked command in '/home/frederik/AAU_P4_MONITOR_DRONE/ros2_ws/src/my_robot_controller' returned '0': PYTHONPATH=/home/frederik/AAU_P4_MONITOR_DRONE/ros2_ws/build/my_robot_controller/prefix_override:/home/frederik/AAU_P4_MONITOR_DRONE/ros2_ws/install/my_robot_controller/lib/python3.10/site-packages:${PYTHONPATH} /usr/bin/python3 -W ignore:setup.py install is deprecated setup.py egg_info --egg-base ../../build/my_robot_controller build --build-base /home/frederik/AAU_P4_MONITOR_DRONE/ros2_ws/build/my_robot_controller/build install --record /home/frederik/AAU_P4_MONITOR_DRONE/ros2_ws/build/my_robot_controller/install.log --single-version-externally-managed install_data
