[0.735s] Invoking command in '/home/ros2/Desktop/ros2_ws/build/my_robot_interfaces': CMAKE_PREFIX_PATH=/home/ros2/Desktop/ros2_ws/install/my_robot_controller:/home/ros2/ros2_ws/install/my_robot_controller:/opt/ros/humble /usr/bin/cmake /home/ros2/Desktop/ros2_ws/src/my_robot_interfaces -DCMAKE_INSTALL_PREFIX=/home/ros2/Desktop/ros2_ws/install/my_robot_interfaces
[1.121s] -- The C compiler identification is GNU 11.3.0
[1.334s] -- The CXX compiler identification is GNU 11.3.0
[1.359s] -- Detecting C compiler ABI info
[1.522s] -- Detecting C compiler ABI info - done
[1.541s] -- Check for working C compiler: /usr/bin/cc - skipped
[1.542s] -- Detecting C compile features
[1.546s] -- Detecting C compile features - done
[1.550s] -- Detecting CXX compiler ABI info
[1.702s] -- Detecting CXX compiler ABI info - done
[1.721s] -- Check for working CXX compiler: /usr/bin/c++ - skipped
[1.722s] -- Detecting CXX compile features
[1.724s] -- Detecting CXX compile features - done
[1.744s] -- Found ament_cmake: 1.3.4 (/opt/ros/humble/share/ament_cmake/cmake)
[2.163s] -- Found Python3: /usr/bin/python3.10 (found version "3.10.6") found components: Interpreter 
[2.369s] [31mCMake Error at CMakeLists.txt:10 (find_package):
[2.370s]   find_package called with invalid argument "REQURIED"
[2.372s] 
[2.372s] [0m
[2.372s] [31mCMake Error at CMakeLists.txt:15 (rosidl_generate_interfaces):
[2.372s]   Unknown CMake command "rosidl_generate_interfaces".
[2.372s] 
[2.372s] [0m
[2.378s] -- Configuring incomplete, errors occurred!
[2.378s] See also "/home/ros2/Desktop/ros2_ws/build/my_robot_interfaces/CMakeFiles/CMakeOutput.log".
[2.389s] Invoked command in '/home/ros2/Desktop/ros2_ws/build/my_robot_interfaces' returned '1': CMAKE_PREFIX_PATH=/home/ros2/Desktop/ros2_ws/install/my_robot_controller:/home/ros2/ros2_ws/install/my_robot_controller:/opt/ros/humble /usr/bin/cmake /home/ros2/Desktop/ros2_ws/src/my_robot_interfaces -DCMAKE_INSTALL_PREFIX=/home/ros2/Desktop/ros2_ws/install/my_robot_interfaces
