[0.064s] Invoking command in '/home/ros2/Desktop/ros2_ws/build/my_robot_interfaces': CMAKE_PREFIX_PATH=${CMAKE_PREFIX_PATH}:/home/ros2/Desktop/ros2_ws/install/my_robot_controller:/home/ros2/ros2_ws/install/my_robot_controller:/opt/ros/humble /usr/bin/cmake --build /home/ros2/Desktop/ros2_ws/build/my_robot_interfaces -- -j1 -l1
[0.198s] [  2%] Built target my_robot_interfaces__cpp
[0.230s] [ 12%] Built target my_robot_interfaces__rosidl_typesupport_cpp
[0.294s] [ 23%] Built target my_robot_interfaces__rosidl_generator_c
[0.356s] [ 33%] Built target my_robot_interfaces__rosidl_typesupport_fastrtps_c
[0.408s] [ 43%] Built target my_robot_interfaces__rosidl_typesupport_introspection_c
[0.476s] [ 53%] Built target my_robot_interfaces__rosidl_typesupport_c
[0.556s] [ 64%] Built target my_robot_interfaces__rosidl_typesupport_fastrtps_cpp
[0.631s] [ 74%] Built target my_robot_interfaces__rosidl_typesupport_introspection_cpp
[0.698s] [ 74%] Built target my_robot_interfaces
[0.815s] [ 74%] Built target ament_cmake_python_copy_my_robot_interfaces
[1.936s] running egg_info
[1.937s] writing my_robot_interfaces.egg-info/PKG-INFO
[1.938s] writing dependency_links to my_robot_interfaces.egg-info/dependency_links.txt
[1.938s] writing top-level names to my_robot_interfaces.egg-info/top_level.txt
[1.943s] reading manifest file 'my_robot_interfaces.egg-info/SOURCES.txt'
[1.957s] writing manifest file 'my_robot_interfaces.egg-info/SOURCES.txt'
[2.031s] [ 74%] Built target ament_cmake_python_build_my_robot_interfaces_egg
[2.092s] [ 76%] Built target my_robot_interfaces__py
[2.157s] [ 84%] Built target my_robot_interfaces__rosidl_generator_py
[2.235s] [ 89%] Built target my_robot_interfaces__rosidl_typesupport_fastrtps_c__pyext
[2.315s] [ 94%] Built target my_robot_interfaces__rosidl_typesupport_introspection_c__pyext
[2.355s] [100%] Built target my_robot_interfaces__rosidl_typesupport_c__pyext
[2.409s] Invoked command in '/home/ros2/Desktop/ros2_ws/build/my_robot_interfaces' returned '0': CMAKE_PREFIX_PATH=${CMAKE_PREFIX_PATH}:/home/ros2/Desktop/ros2_ws/install/my_robot_controller:/home/ros2/ros2_ws/install/my_robot_controller:/opt/ros/humble /usr/bin/cmake --build /home/ros2/Desktop/ros2_ws/build/my_robot_interfaces -- -j1 -l1
[2.686s] Invoking command in '/home/ros2/Desktop/ros2_ws/build/my_robot_interfaces': CMAKE_PREFIX_PATH=${CMAKE_PREFIX_PATH}:/home/ros2/Desktop/ros2_ws/install/my_robot_controller:/home/ros2/ros2_ws/install/my_robot_controller:/opt/ros/humble /usr/bin/cmake --install /home/ros2/Desktop/ros2_ws/build/my_robot_interfaces
[2.723s] -- Install configuration: ""
[2.723s] -- Up-to-date: /home/ros2/Desktop/ros2_ws/install/my_robot_interfaces/share/ament_index/resource_index/rosidl_interfaces/my_robot_interfaces
[2.724s] -- Up-to-date: /home/ros2/Desktop/ros2_ws/install/my_robot_interfaces/include/my_robot_interfaces/my_robot_interfaces
[2.724s] -- Up-to-date: /home/ros2/Desktop/ros2_ws/install/my_robot_interfaces/include/my_robot_interfaces/my_robot_interfaces/msg
[2.724s] -- Up-to-date: /home/ros2/Desktop/ros2_ws/install/my_robot_interfaces/include/my_robot_interfaces/my_robot_interfaces/msg/float_two_dimensional_array.h
[2.724s] -- Up-to-date: /home/ros2/Desktop/ros2_ws/install/my_robot_interfaces/include/my_robot_interfaces/my_robot_interfaces/msg/path_planner_points.h
[2.725s] -- Up-to-date: /home/ros2/Desktop/ros2_ws/install/my_robot_interfaces/include/my_robot_interfaces/my_robot_interfaces/msg/detail
[2.741s] -- Up-to-date: /home/ros2/Desktop/ros2_ws/install/my_robot_interfaces/include/my_robot_interfaces/my_robot_interfaces/msg/detail/path_planner_points__functions.c
[2.741s] -- Up-to-date: /home/ros2/Desktop/ros2_ws/install/my_robot_interfaces/include/my_robot_interfaces/my_robot_interfaces/msg/detail/float_two_dimensional_array__struct.h
[2.742s] -- Up-to-date: /home/ros2/Desktop/ros2_ws/install/my_robot_interfaces/include/my_robot_interfaces/my_robot_interfaces/msg/detail/float_two_dimensional_array__type_support.h
[2.742s] -- Up-to-date: /home/ros2/Desktop/ros2_ws/install/my_robot_interfaces/include/my_robot_interfaces/my_robot_interfaces/msg/detail/path_planner_points__struct.h
[2.742s] -- Up-to-date: /home/ros2/Desktop/ros2_ws/install/my_robot_interfaces/include/my_robot_interfaces/my_robot_interfaces/msg/detail/path_planner_points__type_support.h
[2.742s] -- Up-to-date: /home/ros2/Desktop/ros2_ws/install/my_robot_interfaces/include/my_robot_interfaces/my_robot_interfaces/msg/detail/float_two_dimensional_array__functions.h
[2.743s] -- Up-to-date: /home/ros2/Desktop/ros2_ws/install/my_robot_interfaces/include/my_robot_interfaces/my_robot_interfaces/msg/detail/path_planner_points__functions.h
[2.743s] -- Up-to-date: /home/ros2/Desktop/ros2_ws/install/my_robot_interfaces/include/my_robot_interfaces/my_robot_interfaces/msg/detail/float_two_dimensional_array__functions.c
[2.743s] -- Up-to-date: /home/ros2/Desktop/ros2_ws/install/my_robot_interfaces/include/my_robot_interfaces/my_robot_interfaces/msg/rosidl_generator_c__visibility_control.h
[2.743s] -- Up-to-date: /home/ros2/Desktop/ros2_ws/install/my_robot_interfaces/include/my_robot_interfaces/my_robot_interfaces/srv
[2.743s] -- Up-to-date: /home/ros2/Desktop/ros2_ws/install/my_robot_interfaces/include/my_robot_interfaces/my_robot_interfaces/srv/stop_publish_path.h
[2.744s] -- Up-to-date: /home/ros2/Desktop/ros2_ws/install/my_robot_interfaces/include/my_robot_interfaces/my_robot_interfaces/srv/detail
[2.744s] -- Up-to-date: /home/ros2/Desktop/ros2_ws/install/my_robot_interfaces/include/my_robot_interfaces/my_robot_interfaces/srv/detail/stop_publish_path__struct.h
[2.744s] -- Up-to-date: /home/ros2/Desktop/ros2_ws/install/my_robot_interfaces/include/my_robot_interfaces/my_robot_interfaces/srv/detail/stop_publish_path__type_support.h
[2.744s] -- Up-to-date: /home/ros2/Desktop/ros2_ws/install/my_robot_interfaces/include/my_robot_interfaces/my_robot_interfaces/srv/detail/stop_publish_path__functions.h
[2.745s] -- Up-to-date: /home/ros2/Desktop/ros2_ws/install/my_robot_interfaces/include/my_robot_interfaces/my_robot_interfaces/srv/detail/stop_publish_path__functions.c
[2.746s] -- Up-to-date: /home/ros2/Desktop/ros2_ws/install/my_robot_interfaces/share/my_robot_interfaces/environment/library_path.sh
[2.747s] -- Up-to-date: /home/ros2/Desktop/ros2_ws/install/my_robot_interfaces/share/my_robot_interfaces/environment/library_path.dsv
[2.747s] -- Up-to-date: /home/ros2/Desktop/ros2_ws/install/my_robot_interfaces/lib/libmy_robot_interfaces__rosidl_generator_c.so
[2.759s] -- Up-to-date: /home/ros2/Desktop/ros2_ws/install/my_robot_interfaces/include/my_robot_interfaces/my_robot_interfaces
[2.760s] -- Up-to-date: /home/ros2/Desktop/ros2_ws/install/my_robot_interfaces/include/my_robot_interfaces/my_robot_interfaces/msg
[2.760s] -- Up-to-date: /home/ros2/Desktop/ros2_ws/install/my_robot_interfaces/include/my_robot_interfaces/my_robot_interfaces/msg/detail
[2.760s] -- Up-to-date: /home/ros2/Desktop/ros2_ws/install/my_robot_interfaces/include/my_robot_interfaces/my_robot_interfaces/msg/detail/float_two_dimensional_array__rosidl_typesupport_fastrtps_c.h
[2.760s] -- Up-to-date: /home/ros2/Desktop/ros2_ws/install/my_robot_interfaces/include/my_robot_interfaces/my_robot_interfaces/msg/detail/path_planner_points__rosidl_typesupport_fastrtps_c.h
[2.761s] -- Up-to-date: /home/ros2/Desktop/ros2_ws/install/my_robot_interfaces/include/my_robot_interfaces/my_robot_interfaces/msg/rosidl_typesupport_fastrtps_c__visibility_control.h
[2.761s] -- Up-to-date: /home/ros2/Desktop/ros2_ws/install/my_robot_interfaces/include/my_robot_interfaces/my_robot_interfaces/srv
[2.761s] -- Up-to-date: /home/ros2/Desktop/ros2_ws/install/my_robot_interfaces/include/my_robot_interfaces/my_robot_interfaces/srv/detail
[2.761s] -- Up-to-date: /home/ros2/Desktop/ros2_ws/install/my_robot_interfaces/include/my_robot_interfaces/my_robot_interfaces/srv/detail/stop_publish_path__rosidl_typesupport_fastrtps_c.h
[2.762s] -- Up-to-date: /home/ros2/Desktop/ros2_ws/install/my_robot_interfaces/lib/libmy_robot_interfaces__rosidl_typesupport_fastrtps_c.so
[2.763s] -- Up-to-date: /home/ros2/Desktop/ros2_ws/install/my_robot_interfaces/include/my_robot_interfaces/my_robot_interfaces
[2.763s] -- Up-to-date: /home/ros2/Desktop/ros2_ws/install/my_robot_interfaces/include/my_robot_interfaces/my_robot_interfaces/msg
[2.763s] -- Up-to-date: /home/ros2/Desktop/ros2_ws/install/my_robot_interfaces/include/my_robot_interfaces/my_robot_interfaces/msg/rosidl_typesupport_introspection_c__visibility_control.h
[2.764s] -- Up-to-date: /home/ros2/Desktop/ros2_ws/install/my_robot_interfaces/include/my_robot_interfaces/my_robot_interfaces/msg/detail
[2.764s] -- Up-to-date: /home/ros2/Desktop/ros2_ws/install/my_robot_interfaces/include/my_robot_interfaces/my_robot_interfaces/msg/detail/float_two_dimensional_array__rosidl_typesupport_introspection_c.h
[2.764s] -- Up-to-date: /home/ros2/Desktop/ros2_ws/install/my_robot_interfaces/include/my_robot_interfaces/my_robot_interfaces/msg/detail/path_planner_points__rosidl_typesupport_introspection_c.h
[2.764s] -- Up-to-date: /home/ros2/Desktop/ros2_ws/install/my_robot_interfaces/include/my_robot_interfaces/my_robot_interfaces/msg/detail/path_planner_points__type_support.c
[2.765s] -- Up-to-date: /home/ros2/Desktop/ros2_ws/install/my_robot_interfaces/include/my_robot_interfaces/my_robot_interfaces/msg/detail/float_two_dimensional_array__type_support.c
[2.765s] -- Up-to-date: /home/ros2/Desktop/ros2_ws/install/my_robot_interfaces/include/my_robot_interfaces/my_robot_interfaces/srv
[2.765s] -- Up-to-date: /home/ros2/Desktop/ros2_ws/install/my_robot_interfaces/include/my_robot_interfaces/my_robot_interfaces/srv/detail
[2.765s] -- Up-to-date: /home/ros2/Desktop/ros2_ws/install/my_robot_interfaces/include/my_robot_interfaces/my_robot_interfaces/srv/detail/stop_publish_path__type_support.c
[2.766s] -- Up-to-date: /home/ros2/Desktop/ros2_ws/install/my_robot_interfaces/include/my_robot_interfaces/my_robot_interfaces/srv/detail/stop_publish_path__rosidl_typesupport_introspection_c.h
[2.766s] -- Up-to-date: /home/ros2/Desktop/ros2_ws/install/my_robot_interfaces/lib/libmy_robot_interfaces__rosidl_typesupport_introspection_c.so
[2.766s] -- Up-to-date: /home/ros2/Desktop/ros2_ws/install/my_robot_interfaces/lib/libmy_robot_interfaces__rosidl_typesupport_c.so
[2.767s] -- Up-to-date: /home/ros2/Desktop/ros2_ws/install/my_robot_interfaces/include/my_robot_interfaces/my_robot_interfaces
[2.767s] -- Up-to-date: /home/ros2/Desktop/ros2_ws/install/my_robot_interfaces/include/my_robot_interfaces/my_robot_interfaces/msg
[2.767s] -- Up-to-date: /home/ros2/Desktop/ros2_ws/install/my_robot_interfaces/include/my_robot_interfaces/my_robot_interfaces/msg/float_two_dimensional_array.hpp
[2.767s] -- Up-to-date: /home/ros2/Desktop/ros2_ws/install/my_robot_interfaces/include/my_robot_interfaces/my_robot_interfaces/msg/path_planner_points.hpp
[2.768s] -- Up-to-date: /home/ros2/Desktop/ros2_ws/install/my_robot_interfaces/include/my_robot_interfaces/my_robot_interfaces/msg/detail
[2.768s] -- Up-to-date: /home/ros2/Desktop/ros2_ws/install/my_robot_interfaces/include/my_robot_interfaces/my_robot_interfaces/msg/detail/float_two_dimensional_array__traits.hpp
[2.768s] -- Up-to-date: /home/ros2/Desktop/ros2_ws/install/my_robot_interfaces/include/my_robot_interfaces/my_robot_interfaces/msg/detail/path_planner_points__traits.hpp
[2.769s] -- Up-to-date: /home/ros2/Desktop/ros2_ws/install/my_robot_interfaces/include/my_robot_interfaces/my_robot_interfaces/msg/detail/float_two_dimensional_array__struct.hpp
[2.769s] -- Up-to-date: /home/ros2/Desktop/ros2_ws/install/my_robot_interfaces/include/my_robot_interfaces/my_robot_interfaces/msg/detail/path_planner_points__builder.hpp
[2.769s] -- Up-to-date: /home/ros2/Desktop/ros2_ws/install/my_robot_interfaces/include/my_robot_interfaces/my_robot_interfaces/msg/detail/path_planner_points__struct.hpp
[2.769s] -- Up-to-date: /home/ros2/Desktop/ros2_ws/install/my_robot_interfaces/include/my_robot_interfaces/my_robot_interfaces/msg/detail/float_two_dimensional_array__builder.hpp
[2.769s] -- Up-to-date: /home/ros2/Desktop/ros2_ws/install/my_robot_interfaces/include/my_robot_interfaces/my_robot_interfaces/srv
[2.769s] -- Up-to-date: /home/ros2/Desktop/ros2_ws/install/my_robot_interfaces/include/my_robot_interfaces/my_robot_interfaces/srv/detail
[2.779s] -- Up-to-date: /home/ros2/Desktop/ros2_ws/install/my_robot_interfaces/include/my_robot_interfaces/my_robot_interfaces/srv/detail/stop_publish_path__traits.hpp
[2.779s] -- Up-to-date: /home/ros2/Desktop/ros2_ws/install/my_robot_interfaces/include/my_robot_interfaces/my_robot_interfaces/srv/detail/stop_publish_path__struct.hpp
[2.779s] -- Up-to-date: /home/ros2/Desktop/ros2_ws/install/my_robot_interfaces/include/my_robot_interfaces/my_robot_interfaces/srv/detail/stop_publish_path__builder.hpp
[2.779s] -- Up-to-date: /home/ros2/Desktop/ros2_ws/install/my_robot_interfaces/include/my_robot_interfaces/my_robot_interfaces/srv/stop_publish_path.hpp
[2.779s] -- Up-to-date: /home/ros2/Desktop/ros2_ws/install/my_robot_interfaces/include/my_robot_interfaces/my_robot_interfaces
[2.779s] -- Up-to-date: /home/ros2/Desktop/ros2_ws/install/my_robot_interfaces/include/my_robot_interfaces/my_robot_interfaces/msg
[2.779s] -- Up-to-date: /home/ros2/Desktop/ros2_ws/install/my_robot_interfaces/include/my_robot_interfaces/my_robot_interfaces/msg/rosidl_typesupport_fastrtps_cpp__visibility_control.h
[2.779s] -- Up-to-date: /home/ros2/Desktop/ros2_ws/install/my_robot_interfaces/include/my_robot_interfaces/my_robot_interfaces/msg/detail
[2.779s] -- Up-to-date: /home/ros2/Desktop/ros2_ws/install/my_robot_interfaces/include/my_robot_interfaces/my_robot_interfaces/msg/detail/float_two_dimensional_array__rosidl_typesupport_fastrtps_cpp.hpp
[2.780s] -- Up-to-date: /home/ros2/Desktop/ros2_ws/install/my_robot_interfaces/include/my_robot_interfaces/my_robot_interfaces/msg/detail/path_planner_points__rosidl_typesupport_fastrtps_cpp.hpp
[2.780s] -- Up-to-date: /home/ros2/Desktop/ros2_ws/install/my_robot_interfaces/include/my_robot_interfaces/my_robot_interfaces/msg/detail/dds_fastrtps
[2.780s] -- Up-to-date: /home/ros2/Desktop/ros2_ws/install/my_robot_interfaces/include/my_robot_interfaces/my_robot_interfaces/srv
[2.780s] -- Up-to-date: /home/ros2/Desktop/ros2_ws/install/my_robot_interfaces/include/my_robot_interfaces/my_robot_interfaces/srv/detail
[2.780s] -- Up-to-date: /home/ros2/Desktop/ros2_ws/install/my_robot_interfaces/include/my_robot_interfaces/my_robot_interfaces/srv/detail/dds_fastrtps
[2.780s] -- Up-to-date: /home/ros2/Desktop/ros2_ws/install/my_robot_interfaces/include/my_robot_interfaces/my_robot_interfaces/srv/detail/stop_publish_path__rosidl_typesupport_fastrtps_cpp.hpp
[2.780s] -- Up-to-date: /home/ros2/Desktop/ros2_ws/install/my_robot_interfaces/lib/libmy_robot_interfaces__rosidl_typesupport_fastrtps_cpp.so
[2.783s] -- Up-to-date: /home/ros2/Desktop/ros2_ws/install/my_robot_interfaces/include/my_robot_interfaces/my_robot_interfaces
[2.783s] -- Up-to-date: /home/ros2/Desktop/ros2_ws/install/my_robot_interfaces/include/my_robot_interfaces/my_robot_interfaces/msg
[2.783s] -- Up-to-date: /home/ros2/Desktop/ros2_ws/install/my_robot_interfaces/include/my_robot_interfaces/my_robot_interfaces/msg/detail
[2.784s] -- Up-to-date: /home/ros2/Desktop/ros2_ws/install/my_robot_interfaces/include/my_robot_interfaces/my_robot_interfaces/msg/detail/float_two_dimensional_array__rosidl_typesupport_introspection_cpp.hpp
[2.784s] -- Up-to-date: /home/ros2/Desktop/ros2_ws/install/my_robot_interfaces/include/my_robot_interfaces/my_robot_interfaces/msg/detail/float_two_dimensional_array__type_support.cpp
[2.784s] -- Up-to-date: /home/ros2/Desktop/ros2_ws/install/my_robot_interfaces/include/my_robot_interfaces/my_robot_interfaces/msg/detail/path_planner_points__rosidl_typesupport_introspection_cpp.hpp
[2.784s] -- Up-to-date: /home/ros2/Desktop/ros2_ws/install/my_robot_interfaces/include/my_robot_interfaces/my_robot_interfaces/msg/detail/path_planner_points__type_support.cpp
[2.784s] -- Up-to-date: /home/ros2/Desktop/ros2_ws/install/my_robot_interfaces/include/my_robot_interfaces/my_robot_interfaces/srv
[2.785s] -- Up-to-date: /home/ros2/Desktop/ros2_ws/install/my_robot_interfaces/include/my_robot_interfaces/my_robot_interfaces/srv/detail
[2.785s] -- Up-to-date: /home/ros2/Desktop/ros2_ws/install/my_robot_interfaces/include/my_robot_interfaces/my_robot_interfaces/srv/detail/stop_publish_path__type_support.cpp
[2.785s] -- Up-to-date: /home/ros2/Desktop/ros2_ws/install/my_robot_interfaces/include/my_robot_interfaces/my_robot_interfaces/srv/detail/stop_publish_path__rosidl_typesupport_introspection_cpp.hpp
[2.785s] -- Up-to-date: /home/ros2/Desktop/ros2_ws/install/my_robot_interfaces/lib/libmy_robot_interfaces__rosidl_typesupport_introspection_cpp.so
[2.785s] -- Up-to-date: /home/ros2/Desktop/ros2_ws/install/my_robot_interfaces/lib/libmy_robot_interfaces__rosidl_typesupport_cpp.so
[2.785s] -- Up-to-date: /home/ros2/Desktop/ros2_ws/install/my_robot_interfaces/share/my_robot_interfaces/environment/pythonpath.sh
[2.785s] -- Up-to-date: /home/ros2/Desktop/ros2_ws/install/my_robot_interfaces/share/my_robot_interfaces/environment/pythonpath.dsv
[2.785s] -- Up-to-date: /home/ros2/Desktop/ros2_ws/install/my_robot_interfaces/local/lib/python3.10/dist-packages/my_robot_interfaces-0.0.0-py3.10.egg-info
[2.785s] -- Installing: /home/ros2/Desktop/ros2_ws/install/my_robot_interfaces/local/lib/python3.10/dist-packages/my_robot_interfaces-0.0.0-py3.10.egg-info/SOURCES.txt
[2.785s] -- Installing: /home/ros2/Desktop/ros2_ws/install/my_robot_interfaces/local/lib/python3.10/dist-packages/my_robot_interfaces-0.0.0-py3.10.egg-info/dependency_links.txt
[2.786s] -- Installing: /home/ros2/Desktop/ros2_ws/install/my_robot_interfaces/local/lib/python3.10/dist-packages/my_robot_interfaces-0.0.0-py3.10.egg-info/top_level.txt
[2.786s] -- Installing: /home/ros2/Desktop/ros2_ws/install/my_robot_interfaces/local/lib/python3.10/dist-packages/my_robot_interfaces-0.0.0-py3.10.egg-info/PKG-INFO
[2.789s] -- Up-to-date: /home/ros2/Desktop/ros2_ws/install/my_robot_interfaces/local/lib/python3.10/dist-packages/my_robot_interfaces
[2.789s] -- Up-to-date: /home/ros2/Desktop/ros2_ws/install/my_robot_interfaces/local/lib/python3.10/dist-packages/my_robot_interfaces/_my_robot_interfaces_s.ep.rosidl_typesupport_fastrtps_c.c
[2.789s] -- Up-to-date: /home/ros2/Desktop/ros2_ws/install/my_robot_interfaces/local/lib/python3.10/dist-packages/my_robot_interfaces/my_robot_interfaces_s__rosidl_typesupport_fastrtps_c.cpython-310-x86_64-linux-gnu.so
[2.789s] -- Up-to-date: /home/ros2/Desktop/ros2_ws/install/my_robot_interfaces/local/lib/python3.10/dist-packages/my_robot_interfaces/libmy_robot_interfaces__rosidl_generator_py.so
[2.789s] -- Up-to-date: /home/ros2/Desktop/ros2_ws/install/my_robot_interfaces/local/lib/python3.10/dist-packages/my_robot_interfaces/msg
[2.789s] -- Up-to-date: /home/ros2/Desktop/ros2_ws/install/my_robot_interfaces/local/lib/python3.10/dist-packages/my_robot_interfaces/msg/_path_planner_points.py
[2.789s] -- Up-to-date: /home/ros2/Desktop/ros2_ws/install/my_robot_interfaces/local/lib/python3.10/dist-packages/my_robot_interfaces/msg/__init__.py
[2.790s] -- Up-to-date: /home/ros2/Desktop/ros2_ws/install/my_robot_interfaces/local/lib/python3.10/dist-packages/my_robot_interfaces/msg/_float_two_dimensional_array_s.c
[2.790s] -- Up-to-date: /home/ros2/Desktop/ros2_ws/install/my_robot_interfaces/local/lib/python3.10/dist-packages/my_robot_interfaces/msg/_path_planner_points_s.c
[2.790s] -- Up-to-date: /home/ros2/Desktop/ros2_ws/install/my_robot_interfaces/local/lib/python3.10/dist-packages/my_robot_interfaces/msg/_float_two_dimensional_array.py
[2.790s] -- Up-to-date: /home/ros2/Desktop/ros2_ws/install/my_robot_interfaces/local/lib/python3.10/dist-packages/my_robot_interfaces/my_robot_interfaces_s__rosidl_typesupport_introspection_c.cpython-310-x86_64-linux-gnu.so
[2.790s] -- Up-to-date: /home/ros2/Desktop/ros2_ws/install/my_robot_interfaces/local/lib/python3.10/dist-packages/my_robot_interfaces/__init__.py
[2.790s] -- Up-to-date: /home/ros2/Desktop/ros2_ws/install/my_robot_interfaces/local/lib/python3.10/dist-packages/my_robot_interfaces/srv
[2.790s] -- Up-to-date: /home/ros2/Desktop/ros2_ws/install/my_robot_interfaces/local/lib/python3.10/dist-packages/my_robot_interfaces/srv/_stop_publish_path_s.c
[2.790s] -- Up-to-date: /home/ros2/Desktop/ros2_ws/install/my_robot_interfaces/local/lib/python3.10/dist-packages/my_robot_interfaces/srv/_stop_publish_path.py
[2.790s] -- Up-to-date: /home/ros2/Desktop/ros2_ws/install/my_robot_interfaces/local/lib/python3.10/dist-packages/my_robot_interfaces/srv/__init__.py
[2.791s] -- Up-to-date: /home/ros2/Desktop/ros2_ws/install/my_robot_interfaces/local/lib/python3.10/dist-packages/my_robot_interfaces/_my_robot_interfaces_s.ep.rosidl_typesupport_introspection_c.c
[2.791s] -- Up-to-date: /home/ros2/Desktop/ros2_ws/install/my_robot_interfaces/local/lib/python3.10/dist-packages/my_robot_interfaces/my_robot_interfaces_s__rosidl_typesupport_c.cpython-310-x86_64-linux-gnu.so
[2.791s] -- Up-to-date: /home/ros2/Desktop/ros2_ws/install/my_robot_interfaces/local/lib/python3.10/dist-packages/my_robot_interfaces/_my_robot_interfaces_s.ep.rosidl_typesupport_c.c
[2.908s] Listing '/home/ros2/Desktop/ros2_ws/install/my_robot_interfaces/local/lib/python3.10/dist-packages/my_robot_interfaces'...
[2.908s] Listing '/home/ros2/Desktop/ros2_ws/install/my_robot_interfaces/local/lib/python3.10/dist-packages/my_robot_interfaces/msg'...
[2.909s] Listing '/home/ros2/Desktop/ros2_ws/install/my_robot_interfaces/local/lib/python3.10/dist-packages/my_robot_interfaces/srv'...
[2.954s] -- Up-to-date: /home/ros2/Desktop/ros2_ws/install/my_robot_interfaces/local/lib/python3.10/dist-packages/my_robot_interfaces/my_robot_interfaces_s__rosidl_typesupport_fastrtps_c.cpython-310-x86_64-linux-gnu.so
[2.955s] -- Up-to-date: /home/ros2/Desktop/ros2_ws/install/my_robot_interfaces/local/lib/python3.10/dist-packages/my_robot_interfaces/my_robot_interfaces_s__rosidl_typesupport_introspection_c.cpython-310-x86_64-linux-gnu.so
[2.955s] -- Up-to-date: /home/ros2/Desktop/ros2_ws/install/my_robot_interfaces/local/lib/python3.10/dist-packages/my_robot_interfaces/my_robot_interfaces_s__rosidl_typesupport_c.cpython-310-x86_64-linux-gnu.so
[2.955s] -- Up-to-date: /home/ros2/Desktop/ros2_ws/install/my_robot_interfaces/lib/libmy_robot_interfaces__rosidl_generator_py.so
[2.955s] -- Up-to-date: /home/ros2/Desktop/ros2_ws/install/my_robot_interfaces/share/my_robot_interfaces/msg/PathPlannerPoints.idl
[2.955s] -- Up-to-date: /home/ros2/Desktop/ros2_ws/install/my_robot_interfaces/share/my_robot_interfaces/srv/StopPublishPath.idl
[2.955s] -- Up-to-date: /home/ros2/Desktop/ros2_ws/install/my_robot_interfaces/share/my_robot_interfaces/msg/PathPlannerPoints.msg
[2.955s] -- Up-to-date: /home/ros2/Desktop/ros2_ws/install/my_robot_interfaces/share/my_robot_interfaces/srv/StopPublishPath.srv
[2.955s] -- Up-to-date: /home/ros2/Desktop/ros2_ws/install/my_robot_interfaces/share/my_robot_interfaces/srv/StopPublishPath_Request.msg
[2.956s] -- Up-to-date: /home/ros2/Desktop/ros2_ws/install/my_robot_interfaces/share/my_robot_interfaces/srv/StopPublishPath_Response.msg
[2.956s] -- Up-to-date: /home/ros2/Desktop/ros2_ws/install/my_robot_interfaces/share/ament_index/resource_index/package_run_dependencies/my_robot_interfaces
[2.956s] -- Up-to-date: /home/ros2/Desktop/ros2_ws/install/my_robot_interfaces/share/ament_index/resource_index/parent_prefix_path/my_robot_interfaces
[2.956s] -- Up-to-date: /home/ros2/Desktop/ros2_ws/install/my_robot_interfaces/share/my_robot_interfaces/environment/ament_prefix_path.sh
[2.956s] -- Up-to-date: /home/ros2/Desktop/ros2_ws/install/my_robot_interfaces/share/my_robot_interfaces/environment/ament_prefix_path.dsv
[2.956s] -- Up-to-date: /home/ros2/Desktop/ros2_ws/install/my_robot_interfaces/share/my_robot_interfaces/environment/path.sh
[2.956s] -- Up-to-date: /home/ros2/Desktop/ros2_ws/install/my_robot_interfaces/share/my_robot_interfaces/environment/path.dsv
[2.956s] -- Up-to-date: /home/ros2/Desktop/ros2_ws/install/my_robot_interfaces/share/my_robot_interfaces/local_setup.bash
[2.956s] -- Up-to-date: /home/ros2/Desktop/ros2_ws/install/my_robot_interfaces/share/my_robot_interfaces/local_setup.sh
[2.957s] -- Up-to-date: /home/ros2/Desktop/ros2_ws/install/my_robot_interfaces/share/my_robot_interfaces/local_setup.zsh
[2.957s] -- Up-to-date: /home/ros2/Desktop/ros2_ws/install/my_robot_interfaces/share/my_robot_interfaces/local_setup.dsv
[2.957s] -- Installing: /home/ros2/Desktop/ros2_ws/install/my_robot_interfaces/share/my_robot_interfaces/package.dsv
[2.957s] -- Up-to-date: /home/ros2/Desktop/ros2_ws/install/my_robot_interfaces/share/ament_index/resource_index/packages/my_robot_interfaces
[2.957s] -- Up-to-date: /home/ros2/Desktop/ros2_ws/install/my_robot_interfaces/share/my_robot_interfaces/cmake/export_my_robot_interfaces__rosidl_generator_cExport.cmake
[2.957s] -- Up-to-date: /home/ros2/Desktop/ros2_ws/install/my_robot_interfaces/share/my_robot_interfaces/cmake/export_my_robot_interfaces__rosidl_generator_cExport-noconfig.cmake
[2.957s] -- Up-to-date: /home/ros2/Desktop/ros2_ws/install/my_robot_interfaces/share/my_robot_interfaces/cmake/export_my_robot_interfaces__rosidl_typesupport_fastrtps_cExport.cmake
[2.957s] -- Up-to-date: /home/ros2/Desktop/ros2_ws/install/my_robot_interfaces/share/my_robot_interfaces/cmake/export_my_robot_interfaces__rosidl_typesupport_fastrtps_cExport-noconfig.cmake
[2.957s] -- Up-to-date: /home/ros2/Desktop/ros2_ws/install/my_robot_interfaces/share/my_robot_interfaces/cmake/my_robot_interfaces__rosidl_typesupport_introspection_cExport.cmake
[2.958s] -- Up-to-date: /home/ros2/Desktop/ros2_ws/install/my_robot_interfaces/share/my_robot_interfaces/cmake/my_robot_interfaces__rosidl_typesupport_introspection_cExport-noconfig.cmake
[2.958s] -- Up-to-date: /home/ros2/Desktop/ros2_ws/install/my_robot_interfaces/share/my_robot_interfaces/cmake/my_robot_interfaces__rosidl_typesupport_cExport.cmake
[2.958s] -- Up-to-date: /home/ros2/Desktop/ros2_ws/install/my_robot_interfaces/share/my_robot_interfaces/cmake/my_robot_interfaces__rosidl_typesupport_cExport-noconfig.cmake
[2.958s] -- Up-to-date: /home/ros2/Desktop/ros2_ws/install/my_robot_interfaces/share/my_robot_interfaces/cmake/export_my_robot_interfaces__rosidl_generator_cppExport.cmake
[2.958s] -- Up-to-date: /home/ros2/Desktop/ros2_ws/install/my_robot_interfaces/share/my_robot_interfaces/cmake/export_my_robot_interfaces__rosidl_typesupport_fastrtps_cppExport.cmake
[2.958s] -- Up-to-date: /home/ros2/Desktop/ros2_ws/install/my_robot_interfaces/share/my_robot_interfaces/cmake/export_my_robot_interfaces__rosidl_typesupport_fastrtps_cppExport-noconfig.cmake
[2.958s] -- Up-to-date: /home/ros2/Desktop/ros2_ws/install/my_robot_interfaces/share/my_robot_interfaces/cmake/my_robot_interfaces__rosidl_typesupport_introspection_cppExport.cmake
[2.958s] -- Up-to-date: /home/ros2/Desktop/ros2_ws/install/my_robot_interfaces/share/my_robot_interfaces/cmake/my_robot_interfaces__rosidl_typesupport_introspection_cppExport-noconfig.cmake
[2.958s] -- Up-to-date: /home/ros2/Desktop/ros2_ws/install/my_robot_interfaces/share/my_robot_interfaces/cmake/my_robot_interfaces__rosidl_typesupport_cppExport.cmake
[2.958s] -- Up-to-date: /home/ros2/Desktop/ros2_ws/install/my_robot_interfaces/share/my_robot_interfaces/cmake/my_robot_interfaces__rosidl_typesupport_cppExport-noconfig.cmake
[2.959s] -- Up-to-date: /home/ros2/Desktop/ros2_ws/install/my_robot_interfaces/share/my_robot_interfaces/cmake/export_my_robot_interfaces__rosidl_generator_pyExport.cmake
[2.959s] -- Up-to-date: /home/ros2/Desktop/ros2_ws/install/my_robot_interfaces/share/my_robot_interfaces/cmake/export_my_robot_interfaces__rosidl_generator_pyExport-noconfig.cmake
[2.959s] -- Up-to-date: /home/ros2/Desktop/ros2_ws/install/my_robot_interfaces/share/my_robot_interfaces/cmake/rosidl_cmake-extras.cmake
[2.959s] -- Up-to-date: /home/ros2/Desktop/ros2_ws/install/my_robot_interfaces/share/my_robot_interfaces/cmake/ament_cmake_export_include_directories-extras.cmake
[2.959s] -- Up-to-date: /home/ros2/Desktop/ros2_ws/install/my_robot_interfaces/share/my_robot_interfaces/cmake/ament_cmake_export_libraries-extras.cmake
[2.959s] -- Up-to-date: /home/ros2/Desktop/ros2_ws/install/my_robot_interfaces/share/my_robot_interfaces/cmake/ament_cmake_export_targets-extras.cmake
[2.959s] -- Up-to-date: /home/ros2/Desktop/ros2_ws/install/my_robot_interfaces/share/my_robot_interfaces/cmake/rosidl_cmake_export_typesupport_targets-extras.cmake
[2.959s] -- Up-to-date: /home/ros2/Desktop/ros2_ws/install/my_robot_interfaces/share/my_robot_interfaces/cmake/ament_cmake_export_dependencies-extras.cmake
[2.959s] -- Up-to-date: /home/ros2/Desktop/ros2_ws/install/my_robot_interfaces/share/my_robot_interfaces/cmake/rosidl_cmake_export_typesupport_libraries-extras.cmake
[2.960s] -- Up-to-date: /home/ros2/Desktop/ros2_ws/install/my_robot_interfaces/share/my_robot_interfaces/cmake/my_robot_interfacesConfig.cmake
[2.960s] -- Up-to-date: /home/ros2/Desktop/ros2_ws/install/my_robot_interfaces/share/my_robot_interfaces/cmake/my_robot_interfacesConfig-version.cmake
[2.960s] -- Up-to-date: /home/ros2/Desktop/ros2_ws/install/my_robot_interfaces/share/my_robot_interfaces/package.xml
[3.003s] Invoked command in '/home/ros2/Desktop/ros2_ws/build/my_robot_interfaces' returned '0': CMAKE_PREFIX_PATH=${CMAKE_PREFIX_PATH}:/home/ros2/Desktop/ros2_ws/install/my_robot_controller:/home/ros2/ros2_ws/install/my_robot_controller:/opt/ros/humble /usr/bin/cmake --install /home/ros2/Desktop/ros2_ws/build/my_robot_interfaces
