[0.997s] Invoking command in '/home/drone/ros2_ws/src/my_robot_controller': PYTHONPATH=/home/drone/ros2_ws/build/my_robot_controller/prefix_override:/home/drone/ros2_ws/install/my_robot_controller/lib/python3.10/site-packages:${PYTHONPATH} /usr/bin/python3 -W ignore:setup.py install is deprecated setup.py egg_info --egg-base ../../build/my_robot_controller build --build-base /home/drone/ros2_ws/build/my_robot_controller/build install --record /home/drone/ros2_ws/build/my_robot_controller/install.log --single-version-externally-managed install_data
[1.395s] running egg_info
[1.396s] writing ../../build/my_robot_controller/my_robot_controller.egg-info/PKG-INFO
[1.396s] writing dependency_links to ../../build/my_robot_controller/my_robot_controller.egg-info/dependency_links.txt
[1.397s] writing entry points to ../../build/my_robot_controller/my_robot_controller.egg-info/entry_points.txt
[1.397s] writing requirements to ../../build/my_robot_controller/my_robot_controller.egg-info/requires.txt
[1.397s] writing top-level names to ../../build/my_robot_controller/my_robot_controller.egg-info/top_level.txt
[1.401s] reading manifest file '../../build/my_robot_controller/my_robot_controller.egg-info/SOURCES.txt'
[1.403s] writing manifest file '../../build/my_robot_controller/my_robot_controller.egg-info/SOURCES.txt'
[1.403s] running build
[1.403s] running build_py
[1.404s] copying my_robot_controller/my_listener.py -> /home/drone/ros2_ws/build/my_robot_controller/build/lib/my_robot_controller
[1.404s] running install
[1.405s] running install_lib
[1.406s] copying /home/drone/ros2_ws/build/my_robot_controller/build/lib/my_robot_controller/my_listener.py -> /home/drone/ros2_ws/install/my_robot_controller/lib/python3.10/site-packages/my_robot_controller
[1.407s] byte-compiling /home/drone/ros2_ws/install/my_robot_controller/lib/python3.10/site-packages/my_robot_controller/my_listener.py to my_listener.cpython-310.pyc
[1.408s] running install_data
[1.408s] running install_egg_info
[1.411s] removing '/home/drone/ros2_ws/install/my_robot_controller/lib/python3.10/site-packages/my_robot_controller-0.0.0-py3.10.egg-info' (and everything under it)
[1.411s] Copying ../../build/my_robot_controller/my_robot_controller.egg-info to /home/drone/ros2_ws/install/my_robot_controller/lib/python3.10/site-packages/my_robot_controller-0.0.0-py3.10.egg-info
[1.413s] running install_scripts
[1.444s] Installing my_listener script to /home/drone/ros2_ws/install/my_robot_controller/lib/my_robot_controller
[1.445s] Installing my_talker script to /home/drone/ros2_ws/install/my_robot_controller/lib/my_robot_controller
[1.445s] Installing test_node script to /home/drone/ros2_ws/install/my_robot_controller/lib/my_robot_controller
[1.445s] Installing test_node2 script to /home/drone/ros2_ws/install/my_robot_controller/lib/my_robot_controller
[1.446s] writing list of installed files to '/home/drone/ros2_ws/build/my_robot_controller/install.log'
[1.490s] Invoked command in '/home/drone/ros2_ws/src/my_robot_controller' returned '0': PYTHONPATH=/home/drone/ros2_ws/build/my_robot_controller/prefix_override:/home/drone/ros2_ws/install/my_robot_controller/lib/python3.10/site-packages:${PYTHONPATH} /usr/bin/python3 -W ignore:setup.py install is deprecated setup.py egg_info --egg-base ../../build/my_robot_controller build --build-base /home/drone/ros2_ws/build/my_robot_controller/build install --record /home/drone/ros2_ws/build/my_robot_controller/install.log --single-version-externally-managed install_data
