[ 33%] Built target vicon_node
[ 66%] Built target cpp_executable
[100%] Built target cpp_talker_node
[100%] Built target ament_cmake_python_copy_my_cpp_py_pkg
running egg_info
writing my_cpp_py_pkg.egg-info/PKG-INFO
writing dependency_links to my_cpp_py_pkg.egg-info/dependency_links.txt
writing top-level names to my_cpp_py_pkg.egg-info/top_level.txt
reading manifest file 'my_cpp_py_pkg.egg-info/SOURCES.txt'
writing manifest file 'my_cpp_py_pkg.egg-info/SOURCES.txt'
[100%] Built target ament_cmake_python_build_my_cpp_py_pkg_egg
-- Install configuration: ""
-- Up-to-date: /home/drone/Documents/GitHub/RosMigration_ws/install/my_cpp_py_pkg/lib/my_cpp_py_pkg/cpp_executable
-- Up-to-date: /home/drone/Documents/GitHub/RosMigration_ws/install/my_cpp_py_pkg/lib/my_cpp_py_pkg/cpp_talker_node
-- Up-to-date: /home/drone/Documents/GitHub/RosMigration_ws/install/my_cpp_py_pkg/lib/my_cpp_py_pkg/vicon_node
-- Up-to-date: /home/drone/Documents/GitHub/RosMigration_ws/install/my_cpp_py_pkg/share/my_cpp_py_pkg/environment/pythonpath.sh
-- Up-to-date: /home/drone/Documents/GitHub/RosMigration_ws/install/my_cpp_py_pkg/share/my_cpp_py_pkg/environment/pythonpath.dsv
-- Up-to-date: /home/drone/Documents/GitHub/RosMigration_ws/install/my_cpp_py_pkg/local/lib/python3.10/dist-packages/my_cpp_py_pkg-0.0.0-py3.10.egg-info
-- Installing: /home/drone/Documents/GitHub/RosMigration_ws/install/my_cpp_py_pkg/local/lib/python3.10/dist-packages/my_cpp_py_pkg-0.0.0-py3.10.egg-info/SOURCES.txt
-- Installing: /home/drone/Documents/GitHub/RosMigration_ws/install/my_cpp_py_pkg/local/lib/python3.10/dist-packages/my_cpp_py_pkg-0.0.0-py3.10.egg-info/top_level.txt
-- Installing: /home/drone/Documents/GitHub/RosMigration_ws/install/my_cpp_py_pkg/local/lib/python3.10/dist-packages/my_cpp_py_pkg-0.0.0-py3.10.egg-info/PKG-INFO
-- Installing: /home/drone/Documents/GitHub/RosMigration_ws/install/my_cpp_py_pkg/local/lib/python3.10/dist-packages/my_cpp_py_pkg-0.0.0-py3.10.egg-info/dependency_links.txt
-- Up-to-date: /home/drone/Documents/GitHub/RosMigration_ws/install/my_cpp_py_pkg/local/lib/python3.10/dist-packages/my_cpp_py_pkg
-- Up-to-date: /home/drone/Documents/GitHub/RosMigration_ws/install/my_cpp_py_pkg/local/lib/python3.10/dist-packages/my_cpp_py_pkg/__init__.py
-- Up-to-date: /home/drone/Documents/GitHub/RosMigration_ws/install/my_cpp_py_pkg/local/lib/python3.10/dist-packages/my_cpp_py_pkg/pathplanner_test_module.py
-- Up-to-date: /home/drone/Documents/GitHub/RosMigration_ws/install/my_cpp_py_pkg/local/lib/python3.10/dist-packages/my_cpp_py_pkg/vicon_test_module.py
-- Installing: /home/drone/Documents/GitHub/RosMigration_ws/install/my_cpp_py_pkg/local/lib/python3.10/dist-packages/my_cpp_py_pkg/regulator_module.py
-- Up-to-date: /home/drone/Documents/GitHub/RosMigration_ws/install/my_cpp_py_pkg/local/lib/python3.10/dist-packages/my_cpp_py_pkg/moduel_to_import.py
Listing '/home/drone/Documents/GitHub/RosMigration_ws/install/my_cpp_py_pkg/local/lib/python3.10/dist-packages/my_cpp_py_pkg'...
Compiling '/home/drone/Documents/GitHub/RosMigration_ws/install/my_cpp_py_pkg/local/lib/python3.10/dist-packages/my_cpp_py_pkg/regulator_module.py'...
-- Up-to-date: /home/drone/Documents/GitHub/RosMigration_ws/install/my_cpp_py_pkg/lib/my_cpp_py_pkg/py_node.py
-- Up-to-date: /home/drone/Documents/GitHub/RosMigration_ws/install/my_cpp_py_pkg/lib/my_cpp_py_pkg/py_listener.py
-- Up-to-date: /home/drone/Documents/GitHub/RosMigration_ws/install/my_cpp_py_pkg/lib/my_cpp_py_pkg/vicon_talker.py
-- Up-to-date: /home/drone/Documents/GitHub/RosMigration_ws/install/my_cpp_py_pkg/lib/my_cpp_py_pkg/pathplanner_talker.py
-- Up-to-date: /home/drone/Documents/GitHub/RosMigration_ws/install/my_cpp_py_pkg/lib/my_cpp_py_pkg/regulator_listener.py
-- Up-to-date: /home/drone/Documents/GitHub/RosMigration_ws/install/my_cpp_py_pkg/share/ament_index/resource_index/package_run_dependencies/my_cpp_py_pkg
-- Up-to-date: /home/drone/Documents/GitHub/RosMigration_ws/install/my_cpp_py_pkg/share/ament_index/resource_index/parent_prefix_path/my_cpp_py_pkg
-- Up-to-date: /home/drone/Documents/GitHub/RosMigration_ws/install/my_cpp_py_pkg/share/my_cpp_py_pkg/environment/ament_prefix_path.sh
-- Up-to-date: /home/drone/Documents/GitHub/RosMigration_ws/install/my_cpp_py_pkg/share/my_cpp_py_pkg/environment/ament_prefix_path.dsv
-- Up-to-date: /home/drone/Documents/GitHub/RosMigration_ws/install/my_cpp_py_pkg/share/my_cpp_py_pkg/environment/path.sh
-- Up-to-date: /home/drone/Documents/GitHub/RosMigration_ws/install/my_cpp_py_pkg/share/my_cpp_py_pkg/environment/path.dsv
-- Up-to-date: /home/drone/Documents/GitHub/RosMigration_ws/install/my_cpp_py_pkg/share/my_cpp_py_pkg/local_setup.bash
-- Up-to-date: /home/drone/Documents/GitHub/RosMigration_ws/install/my_cpp_py_pkg/share/my_cpp_py_pkg/local_setup.sh
-- Up-to-date: /home/drone/Documents/GitHub/RosMigration_ws/install/my_cpp_py_pkg/share/my_cpp_py_pkg/local_setup.zsh
-- Up-to-date: /home/drone/Documents/GitHub/RosMigration_ws/install/my_cpp_py_pkg/share/my_cpp_py_pkg/local_setup.dsv
-- Installing: /home/drone/Documents/GitHub/RosMigration_ws/install/my_cpp_py_pkg/share/my_cpp_py_pkg/package.dsv
-- Up-to-date: /home/drone/Documents/GitHub/RosMigration_ws/install/my_cpp_py_pkg/share/ament_index/resource_index/packages/my_cpp_py_pkg
-- Up-to-date: /home/drone/Documents/GitHub/RosMigration_ws/install/my_cpp_py_pkg/share/my_cpp_py_pkg/cmake/my_cpp_py_pkgConfig.cmake
-- Up-to-date: /home/drone/Documents/GitHub/RosMigration_ws/install/my_cpp_py_pkg/share/my_cpp_py_pkg/cmake/my_cpp_py_pkgConfig-version.cmake
-- Up-to-date: /home/drone/Documents/GitHub/RosMigration_ws/install/my_cpp_py_pkg/share/my_cpp_py_pkg/package.xml
