[0.578s] Invoking command in '/home/ros2/Desktop/ros2_ws/build/my_robot_interfaces': CMAKE_PREFIX_PATH=/home/ros2/Desktop/ros2_ws/install/my_robot_controller:/home/ros2/ros2_ws/install/my_robot_controller:/opt/ros/humble /usr/bin/cmake /home/ros2/Desktop/ros2_ws/src/my_robot_interfaces -DCMAKE_INSTALL_PREFIX=/home/ros2/Desktop/ros2_ws/install/my_robot_interfaces
[0.621s] -- Found ament_cmake: 1.3.4 (/opt/ros/humble/share/ament_cmake/cmake)
[0.924s] -- Found rosidl_default_generators: 1.2.0 (/opt/ros/humble/share/rosidl_default_generators/cmake)
[0.934s] -- Using all available rosidl_typesupport_c: rosidl_typesupport_fastrtps_c;rosidl_typesupport_introspection_c
[0.957s] -- Found rosidl_adapter: 3.1.4 (/opt/ros/humble/share/rosidl_adapter/cmake)
[1.073s] -- Using all available rosidl_typesupport_cpp: rosidl_typesupport_fastrtps_cpp;rosidl_typesupport_introspection_cpp
[1.532s] [31mCMake Error at /opt/ros/humble/share/rosidl_adapter/cmake/rosidl_adapt_interfaces.cmake:59 (message):
[1.532s]   execute_process(/usr/bin/python3.10 -m rosidl_adapter --package-name
[1.532s]   my_robot_interfaces --arguments-file
[1.532s]   /home/ros2/Desktop/ros2_ws/build/my_robot_interfaces/rosidl_adapter__arguments__my_robot_interfaces.json
[1.532s]   --output-dir
[1.533s]   /home/ros2/Desktop/ros2_ws/build/my_robot_interfaces/rosidl_adapter/my_robot_interfaces
[1.533s]   --output-file
[1.533s]   /home/ros2/Desktop/ros2_ws/build/my_robot_interfaces/rosidl_adapter/my_robot_interfaces.idls)
[1.533s]   returned error code 1:
[1.533s] 
[1.533s]   Error processing 'float64[][] data' of
[1.533s]   'my_robot_interfaces/FloatTwoDimensionalArray': ''float64[]' is an invalid
[1.533s]   message name.  It should have the pattern '^[A-Z][A-Za-z0-9]*$''
[1.534s] 
[1.534s]   Traceback (most recent call last):
[1.534s] 
[1.534s]     File "/usr/lib/python3.10/runpy.py", line 196, in _run_module_as_main
[1.534s]       return _run_code(code, main_globals, None,
[1.535s]     File "/usr/lib/python3.10/runpy.py", line 86, in _run_code
[1.535s]       exec(code, run_globals)
[1.535s]     File "/opt/ros/humble/local/lib/python3.10/dist-packages/rosidl_adapter/__main__.py", line 19, in <module>
[1.535s]       sys.exit(main())
[1.535s]     File "/opt/ros/humble/local/lib/python3.10/dist-packages/rosidl_adapter/main.py", line 53, in main
[1.535s]       abs_idl_file = convert_to_idl(
[1.536s]     File "/opt/ros/humble/local/lib/python3.10/dist-packages/rosidl_adapter/__init__.py", line 19, in convert_to_idl
[1.536s]       return convert_msg_to_idl(
[1.536s]     File "/opt/ros/humble/local/lib/python3.10/dist-packages/rosidl_adapter/msg/__init__.py", line 28, in convert_msg_to_idl
[1.536s]       msg = parse_message_string(package_name, input_file.stem, content)
[1.536s]     File "/opt/ros/humble/local/lib/python3.10/dist-packages/rosidl_adapter/parser.py", line 520, in parse_message_string
[1.536s]       Type(type_string, context_package_name=pkg_name),
[1.536s]     File "/opt/ros/humble/local/lib/python3.10/dist-packages/rosidl_adapter/parser.py", line 277, in __init__
[1.537s]       super(Type, self).__init__(
[1.537s]     File "/opt/ros/humble/local/lib/python3.10/dist-packages/rosidl_adapter/parser.py", line 205, in __init__
[1.537s]       raise InvalidResourceName(
[1.537s] 
[1.537s]   rosidl_adapter.parser.InvalidResourceName: 'float64[]' is an invalid
[1.537s]   message name.  It should have the pattern '^[A-Z][A-Za-z0-9]*$'
[1.537s] 
[1.537s] Call Stack (most recent call first):
[1.538s]   /opt/ros/humble/share/rosidl_cmake/cmake/rosidl_generate_interfaces.cmake:130 (rosidl_adapt_interfaces)
[1.538s]   CMakeLists.txt:15 (rosidl_generate_interfaces)
[1.538s] 
[1.538s] [0m
[1.538s] -- Configuring incomplete, errors occurred!
[1.538s] See also "/home/ros2/Desktop/ros2_ws/build/my_robot_interfaces/CMakeFiles/CMakeOutput.log".
[1.563s] Invoked command in '/home/ros2/Desktop/ros2_ws/build/my_robot_interfaces' returned '1': CMAKE_PREFIX_PATH=/home/ros2/Desktop/ros2_ws/install/my_robot_controller:/home/ros2/ros2_ws/install/my_robot_controller:/opt/ros/humble /usr/bin/cmake /home/ros2/Desktop/ros2_ws/src/my_robot_interfaces -DCMAKE_INSTALL_PREFIX=/home/ros2/Desktop/ros2_ws/install/my_robot_interfaces
