[0.127s] DEBUG:colcon:Command line arguments: ['/usr/bin/colcon', 'build']
[0.127s] DEBUG:colcon:Parsed command line arguments: Namespace(log_base=None, log_level=None, verb_name='build', build_base='build', install_base='install', merge_install=False, symlink_install=False, test_result_base=None, continue_on_error=False, executor='parallel', parallel_workers=4, event_handlers=None, ignore_user_meta=False, metas=['./colcon.meta'], base_paths=['.'], packages_ignore=None, packages_ignore_regex=None, paths=None, packages_up_to=None, packages_up_to_regex=None, packages_above=None, packages_above_and_dependencies=None, packages_above_depth=None, packages_select_by_dep=None, packages_skip_by_dep=None, packages_skip_up_to=None, packages_select_build_failed=False, packages_skip_build_finished=False, packages_select_test_failures=False, packages_skip_test_passed=False, packages_select=None, packages_skip=None, packages_select_regex=None, packages_skip_regex=None, packages_start=None, packages_end=None, allow_overriding=[], cmake_args=None, cmake_target=None, cmake_target_skip_unavailable=False, cmake_clean_cache=False, cmake_clean_first=False, cmake_force_configure=False, ament_cmake_args=None, catkin_cmake_args=None, catkin_skip_building_tests=False, verb_parser=<colcon_defaults.argument_parser.defaults.DefaultArgumentsDecorator object at 0x78c22aaffa90>, verb_extension=<colcon_core.verb.build.BuildVerb object at 0x78c22aaff580>, main=<bound method BuildVerb.main of <colcon_core.verb.build.BuildVerb object at 0x78c22aaff580>>)
[0.340s] Level 1:colcon.colcon_core.package_discovery:discover_packages(colcon_meta) check parameters
[0.340s] Level 1:colcon.colcon_core.package_discovery:discover_packages(recursive) check parameters
[0.340s] Level 1:colcon.colcon_core.package_discovery:discover_packages(ignore) check parameters
[0.340s] Level 1:colcon.colcon_core.package_discovery:discover_packages(path) check parameters
[0.340s] Level 1:colcon.colcon_core.package_discovery:discover_packages(colcon_meta) discover
[0.340s] Level 1:colcon.colcon_core.package_discovery:discover_packages(recursive) discover
[0.340s] INFO:colcon.colcon_core.package_discovery:Crawling recursively for packages in '/home/drone/Documents/GitHub/RosMigration_ws'
[0.340s] Level 1:colcon.colcon_core.package_identification:_identify(.) by extensions ['ignore', 'ignore_ament_install']
[0.341s] Level 1:colcon.colcon_core.package_identification:_identify(.) by extension 'ignore'
[0.341s] Level 1:colcon.colcon_core.package_identification:_identify(.) by extension 'ignore_ament_install'
[0.341s] Level 1:colcon.colcon_core.package_identification:_identify(.) by extensions ['colcon_pkg']
[0.341s] Level 1:colcon.colcon_core.package_identification:_identify(.) by extension 'colcon_pkg'
[0.341s] Level 1:colcon.colcon_core.package_identification:_identify(.) by extensions ['colcon_meta']
[0.341s] Level 1:colcon.colcon_core.package_identification:_identify(.) by extension 'colcon_meta'
[0.341s] Level 1:colcon.colcon_core.package_identification:_identify(.) by extensions ['ros']
[0.341s] Level 1:colcon.colcon_core.package_identification:_identify(.) by extension 'ros'
[0.355s] Level 1:colcon.colcon_core.package_identification:_identify(.) by extensions ['cmake', 'python']
[0.355s] Level 1:colcon.colcon_core.package_identification:_identify(.) by extension 'cmake'
[0.355s] Level 1:colcon.colcon_core.package_identification:_identify(.) by extension 'python'
[0.355s] Level 1:colcon.colcon_core.package_identification:_identify(.) by extensions ['python_setup_py']
[0.355s] Level 1:colcon.colcon_core.package_identification:_identify(.) by extension 'python_setup_py'
[0.355s] Level 1:colcon.colcon_core.package_identification:_identify(build) by extensions ['ignore', 'ignore_ament_install']
[0.355s] Level 1:colcon.colcon_core.package_identification:_identify(build) by extension 'ignore'
[0.355s] Level 1:colcon.colcon_core.package_identification:_identify(build) ignored
[0.355s] Level 1:colcon.colcon_core.package_identification:_identify(install) by extensions ['ignore', 'ignore_ament_install']
[0.356s] Level 1:colcon.colcon_core.package_identification:_identify(install) by extension 'ignore'
[0.356s] Level 1:colcon.colcon_core.package_identification:_identify(install) ignored
[0.356s] Level 1:colcon.colcon_core.package_identification:_identify(log) by extensions ['ignore', 'ignore_ament_install']
[0.356s] Level 1:colcon.colcon_core.package_identification:_identify(log) by extension 'ignore'
[0.356s] Level 1:colcon.colcon_core.package_identification:_identify(log) ignored
[0.356s] Level 1:colcon.colcon_core.package_identification:_identify(src) by extensions ['ignore', 'ignore_ament_install']
[0.356s] Level 1:colcon.colcon_core.package_identification:_identify(src) by extension 'ignore'
[0.356s] Level 1:colcon.colcon_core.package_identification:_identify(src) by extension 'ignore_ament_install'
[0.356s] Level 1:colcon.colcon_core.package_identification:_identify(src) by extensions ['colcon_pkg']
[0.356s] Level 1:colcon.colcon_core.package_identification:_identify(src) by extension 'colcon_pkg'
[0.356s] Level 1:colcon.colcon_core.package_identification:_identify(src) by extensions ['colcon_meta']
[0.356s] Level 1:colcon.colcon_core.package_identification:_identify(src) by extension 'colcon_meta'
[0.356s] Level 1:colcon.colcon_core.package_identification:_identify(src) by extensions ['ros']
[0.356s] Level 1:colcon.colcon_core.package_identification:_identify(src) by extension 'ros'
[0.357s] Level 1:colcon.colcon_core.package_identification:_identify(src) by extensions ['cmake', 'python']
[0.357s] Level 1:colcon.colcon_core.package_identification:_identify(src) by extension 'cmake'
[0.357s] Level 1:colcon.colcon_core.package_identification:_identify(src) by extension 'python'
[0.357s] Level 1:colcon.colcon_core.package_identification:_identify(src) by extensions ['python_setup_py']
[0.357s] Level 1:colcon.colcon_core.package_identification:_identify(src) by extension 'python_setup_py'
[0.357s] Level 1:colcon.colcon_core.package_identification:_identify(src/my_cpp_py_pkg) by extensions ['ignore', 'ignore_ament_install']
[0.357s] Level 1:colcon.colcon_core.package_identification:_identify(src/my_cpp_py_pkg) by extension 'ignore'
[0.357s] Level 1:colcon.colcon_core.package_identification:_identify(src/my_cpp_py_pkg) by extension 'ignore_ament_install'
[0.357s] Level 1:colcon.colcon_core.package_identification:_identify(src/my_cpp_py_pkg) by extensions ['colcon_pkg']
[0.357s] Level 1:colcon.colcon_core.package_identification:_identify(src/my_cpp_py_pkg) by extension 'colcon_pkg'
[0.357s] Level 1:colcon.colcon_core.package_identification:_identify(src/my_cpp_py_pkg) by extensions ['colcon_meta']
[0.357s] Level 1:colcon.colcon_core.package_identification:_identify(src/my_cpp_py_pkg) by extension 'colcon_meta'
[0.357s] Level 1:colcon.colcon_core.package_identification:_identify(src/my_cpp_py_pkg) by extensions ['ros']
[0.357s] Level 1:colcon.colcon_core.package_identification:_identify(src/my_cpp_py_pkg) by extension 'ros'
[0.360s] DEBUG:colcon.colcon_core.package_identification:Package 'src/my_cpp_py_pkg' with type 'ros.ament_cmake' and name 'my_cpp_py_pkg'
[0.361s] Level 1:colcon.colcon_core.package_identification:_identify(src/my_robot_interfaces) by extensions ['ignore', 'ignore_ament_install']
[0.361s] Level 1:colcon.colcon_core.package_identification:_identify(src/my_robot_interfaces) by extension 'ignore'
[0.361s] Level 1:colcon.colcon_core.package_identification:_identify(src/my_robot_interfaces) by extension 'ignore_ament_install'
[0.361s] Level 1:colcon.colcon_core.package_identification:_identify(src/my_robot_interfaces) by extensions ['colcon_pkg']
[0.361s] Level 1:colcon.colcon_core.package_identification:_identify(src/my_robot_interfaces) by extension 'colcon_pkg'
[0.361s] Level 1:colcon.colcon_core.package_identification:_identify(src/my_robot_interfaces) by extensions ['colcon_meta']
[0.361s] Level 1:colcon.colcon_core.package_identification:_identify(src/my_robot_interfaces) by extension 'colcon_meta'
[0.361s] Level 1:colcon.colcon_core.package_identification:_identify(src/my_robot_interfaces) by extensions ['ros']
[0.361s] Level 1:colcon.colcon_core.package_identification:_identify(src/my_robot_interfaces) by extension 'ros'
[0.362s] DEBUG:colcon.colcon_core.package_identification:Package 'src/my_robot_interfaces' with type 'ros.ament_cmake' and name 'my_robot_interfaces'
[0.362s] Level 1:colcon.colcon_core.package_discovery:discover_packages(recursive) using defaults
[0.362s] Level 1:colcon.colcon_core.package_discovery:discover_packages(ignore) discover
[0.362s] Level 1:colcon.colcon_core.package_discovery:discover_packages(ignore) using defaults
[0.362s] Level 1:colcon.colcon_core.package_discovery:discover_packages(path) discover
[0.362s] Level 1:colcon.colcon_core.package_discovery:discover_packages(path) using defaults
[0.386s] Level 1:colcon.colcon_core.package_discovery:discover_packages(prefix_path) check parameters
[0.386s] Level 1:colcon.colcon_core.package_discovery:discover_packages(prefix_path) discover
[0.388s] DEBUG:colcon.colcon_installed_package_information.package_discovery:Found 2 installed packages in /home/drone/Documents/GitHub/RosMigration_ws/install
[0.389s] DEBUG:colcon.colcon_installed_package_information.package_discovery:Found 1 installed packages in /home/drone/Documents/GitHub/AAU_P4_MONITOR_DRONE/ros2_ws/install
[0.391s] DEBUG:colcon.colcon_installed_package_information.package_discovery:Found 270 installed packages in /opt/ros/humble
[0.394s] Level 1:colcon.colcon_core.package_discovery:discover_packages(prefix_path) using defaults
[0.458s] Level 5:colcon.colcon_core.verb:set package 'my_cpp_py_pkg' build argument 'cmake_args' from command line to 'None'
[0.459s] Level 5:colcon.colcon_core.verb:set package 'my_cpp_py_pkg' build argument 'cmake_target' from command line to 'None'
[0.459s] Level 5:colcon.colcon_core.verb:set package 'my_cpp_py_pkg' build argument 'cmake_target_skip_unavailable' from command line to 'False'
[0.459s] Level 5:colcon.colcon_core.verb:set package 'my_cpp_py_pkg' build argument 'cmake_clean_cache' from command line to 'False'
[0.459s] Level 5:colcon.colcon_core.verb:set package 'my_cpp_py_pkg' build argument 'cmake_clean_first' from command line to 'False'
[0.459s] Level 5:colcon.colcon_core.verb:set package 'my_cpp_py_pkg' build argument 'cmake_force_configure' from command line to 'False'
[0.459s] Level 5:colcon.colcon_core.verb:set package 'my_cpp_py_pkg' build argument 'ament_cmake_args' from command line to 'None'
[0.459s] Level 5:colcon.colcon_core.verb:set package 'my_cpp_py_pkg' build argument 'catkin_cmake_args' from command line to 'None'
[0.459s] Level 5:colcon.colcon_core.verb:set package 'my_cpp_py_pkg' build argument 'catkin_skip_building_tests' from command line to 'False'
[0.459s] DEBUG:colcon.colcon_core.verb:Building package 'my_cpp_py_pkg' with the following arguments: {'ament_cmake_args': None, 'build_base': '/home/drone/Documents/GitHub/RosMigration_ws/build/my_cpp_py_pkg', 'catkin_cmake_args': None, 'catkin_skip_building_tests': False, 'cmake_args': None, 'cmake_clean_cache': False, 'cmake_clean_first': False, 'cmake_force_configure': False, 'cmake_target': None, 'cmake_target_skip_unavailable': False, 'install_base': '/home/drone/Documents/GitHub/RosMigration_ws/install/my_cpp_py_pkg', 'merge_install': False, 'path': '/home/drone/Documents/GitHub/RosMigration_ws/src/my_cpp_py_pkg', 'symlink_install': False, 'test_result_base': None}
[0.459s] Level 5:colcon.colcon_core.verb:set package 'my_robot_interfaces' build argument 'cmake_args' from command line to 'None'
[0.459s] Level 5:colcon.colcon_core.verb:set package 'my_robot_interfaces' build argument 'cmake_target' from command line to 'None'
[0.459s] Level 5:colcon.colcon_core.verb:set package 'my_robot_interfaces' build argument 'cmake_target_skip_unavailable' from command line to 'False'
[0.460s] Level 5:colcon.colcon_core.verb:set package 'my_robot_interfaces' build argument 'cmake_clean_cache' from command line to 'False'
[0.460s] Level 5:colcon.colcon_core.verb:set package 'my_robot_interfaces' build argument 'cmake_clean_first' from command line to 'False'
[0.460s] Level 5:colcon.colcon_core.verb:set package 'my_robot_interfaces' build argument 'cmake_force_configure' from command line to 'False'
[0.460s] Level 5:colcon.colcon_core.verb:set package 'my_robot_interfaces' build argument 'ament_cmake_args' from command line to 'None'
[0.460s] Level 5:colcon.colcon_core.verb:set package 'my_robot_interfaces' build argument 'catkin_cmake_args' from command line to 'None'
[0.460s] Level 5:colcon.colcon_core.verb:set package 'my_robot_interfaces' build argument 'catkin_skip_building_tests' from command line to 'False'
[0.460s] DEBUG:colcon.colcon_core.verb:Building package 'my_robot_interfaces' with the following arguments: {'ament_cmake_args': None, 'build_base': '/home/drone/Documents/GitHub/RosMigration_ws/build/my_robot_interfaces', 'catkin_cmake_args': None, 'catkin_skip_building_tests': False, 'cmake_args': None, 'cmake_clean_cache': False, 'cmake_clean_first': False, 'cmake_force_configure': False, 'cmake_target': None, 'cmake_target_skip_unavailable': False, 'install_base': '/home/drone/Documents/GitHub/RosMigration_ws/install/my_robot_interfaces', 'merge_install': False, 'path': '/home/drone/Documents/GitHub/RosMigration_ws/src/my_robot_interfaces', 'symlink_install': False, 'test_result_base': None}
[0.460s] INFO:colcon.colcon_core.executor:Executing jobs using 'parallel' executor
[0.461s] DEBUG:colcon.colcon_parallel_executor.executor.parallel:run_until_complete
[0.462s] INFO:colcon.colcon_ros.task.ament_cmake.build:Building ROS package in '/home/drone/Documents/GitHub/RosMigration_ws/src/my_cpp_py_pkg' with build type 'ament_cmake'
[0.462s] INFO:colcon.colcon_cmake.task.cmake.build:Building CMake package in '/home/drone/Documents/GitHub/RosMigration_ws/src/my_cpp_py_pkg'
[0.465s] INFO:colcon.colcon_core.plugin_system:Skipping extension 'colcon_core.shell.bat': Not used on non-Windows systems
[0.466s] INFO:colcon.colcon_core.shell:Skip shell extension 'powershell' for command environment: Not usable outside of PowerShell
[0.466s] DEBUG:colcon.colcon_core.shell:Skip shell extension 'dsv' for command environment
[0.473s] INFO:colcon.colcon_ros.task.ament_cmake.build:Building ROS package in '/home/drone/Documents/GitHub/RosMigration_ws/src/my_robot_interfaces' with build type 'ament_cmake'
[0.474s] INFO:colcon.colcon_cmake.task.cmake.build:Building CMake package in '/home/drone/Documents/GitHub/RosMigration_ws/src/my_robot_interfaces'
[0.474s] INFO:colcon.colcon_core.shell:Skip shell extension 'powershell' for command environment: Not usable outside of PowerShell
[0.475s] DEBUG:colcon.colcon_core.shell:Skip shell extension 'dsv' for command environment
[0.488s] DEBUG:colcon.colcon_core.event_handler.log_command:Invoking command in '/home/drone/Documents/GitHub/RosMigration_ws/build/my_cpp_py_pkg': CMAKE_PREFIX_PATH=${CMAKE_PREFIX_PATH}:/home/drone/Documents/GitHub/AAU_P4_MONITOR_DRONE/ros2_ws/install/my_robot_controller:/opt/ros/humble /usr/bin/cmake --build /home/drone/Documents/GitHub/RosMigration_ws/build/my_cpp_py_pkg -- -j4 -l4
[0.501s] DEBUG:colcon.colcon_core.event_handler.log_command:Invoking command in '/home/drone/Documents/GitHub/RosMigration_ws/build/my_robot_interfaces': CMAKE_PREFIX_PATH=${CMAKE_PREFIX_PATH}:/home/drone/Documents/GitHub/AAU_P4_MONITOR_DRONE/ros2_ws/install/my_robot_controller:/opt/ros/humble /usr/bin/cmake --build /home/drone/Documents/GitHub/RosMigration_ws/build/my_robot_interfaces -- -j4 -l4
[1.328s] DEBUG:colcon.colcon_core.event_handler.log_command:Invoked command in '/home/drone/Documents/GitHub/RosMigration_ws/build/my_cpp_py_pkg' returned '0': CMAKE_PREFIX_PATH=${CMAKE_PREFIX_PATH}:/home/drone/Documents/GitHub/AAU_P4_MONITOR_DRONE/ros2_ws/install/my_robot_controller:/opt/ros/humble /usr/bin/cmake --build /home/drone/Documents/GitHub/RosMigration_ws/build/my_cpp_py_pkg -- -j4 -l4
[1.372s] DEBUG:colcon.colcon_core.event_handler.log_command:Invoked command in '/home/drone/Documents/GitHub/RosMigration_ws/build/my_robot_interfaces' returned '0': CMAKE_PREFIX_PATH=${CMAKE_PREFIX_PATH}:/home/drone/Documents/GitHub/AAU_P4_MONITOR_DRONE/ros2_ws/install/my_robot_controller:/opt/ros/humble /usr/bin/cmake --build /home/drone/Documents/GitHub/RosMigration_ws/build/my_robot_interfaces -- -j4 -l4
[1.401s] DEBUG:colcon.colcon_core.event_handler.log_command:Invoking command in '/home/drone/Documents/GitHub/RosMigration_ws/build/my_cpp_py_pkg': CMAKE_PREFIX_PATH=${CMAKE_PREFIX_PATH}:/home/drone/Documents/GitHub/AAU_P4_MONITOR_DRONE/ros2_ws/install/my_robot_controller:/opt/ros/humble /usr/bin/cmake --install /home/drone/Documents/GitHub/RosMigration_ws/build/my_cpp_py_pkg
[1.501s] Level 1:colcon.colcon_core.environment:create_environment_scripts_only(my_cpp_py_pkg)
[1.504s] DEBUG:colcon.colcon_core.event_handler.log_command:Invoked command in '/home/drone/Documents/GitHub/RosMigration_ws/build/my_cpp_py_pkg' returned '0': CMAKE_PREFIX_PATH=${CMAKE_PREFIX_PATH}:/home/drone/Documents/GitHub/AAU_P4_MONITOR_DRONE/ros2_ws/install/my_robot_controller:/opt/ros/humble /usr/bin/cmake --install /home/drone/Documents/GitHub/RosMigration_ws/build/my_cpp_py_pkg
[1.506s] Level 1:colcon.colcon_core.environment:checking '/home/drone/Documents/GitHub/RosMigration_ws/install/my_cpp_py_pkg' for CMake module files
[1.507s] Level 1:colcon.colcon_core.environment:checking '/home/drone/Documents/GitHub/RosMigration_ws/install/my_cpp_py_pkg' for CMake config files
[1.508s] Level 1:colcon.colcon_core.shell:create_environment_hook('my_cpp_py_pkg', 'cmake_prefix_path')
[1.508s] INFO:colcon.colcon_core.shell:Creating environment hook '/home/drone/Documents/GitHub/RosMigration_ws/install/my_cpp_py_pkg/share/my_cpp_py_pkg/hook/cmake_prefix_path.ps1'
[1.510s] INFO:colcon.colcon_core.shell:Creating environment descriptor '/home/drone/Documents/GitHub/RosMigration_ws/install/my_cpp_py_pkg/share/my_cpp_py_pkg/hook/cmake_prefix_path.dsv'
[1.510s] INFO:colcon.colcon_core.shell:Creating environment hook '/home/drone/Documents/GitHub/RosMigration_ws/install/my_cpp_py_pkg/share/my_cpp_py_pkg/hook/cmake_prefix_path.sh'
[1.512s] Level 1:colcon.colcon_core.environment:checking '/home/drone/Documents/GitHub/RosMigration_ws/install/my_cpp_py_pkg/lib'
[1.513s] Level 1:colcon.colcon_core.environment:checking '/home/drone/Documents/GitHub/RosMigration_ws/install/my_cpp_py_pkg/bin'
[1.513s] Level 1:colcon.colcon_core.environment:checking '/home/drone/Documents/GitHub/RosMigration_ws/install/my_cpp_py_pkg/lib/pkgconfig/my_cpp_py_pkg.pc'
[1.513s] Level 1:colcon.colcon_core.environment:checking '/home/drone/Documents/GitHub/RosMigration_ws/install/my_cpp_py_pkg/lib/python3.10/site-packages'
[1.513s] Level 1:colcon.colcon_core.environment:checking '/home/drone/Documents/GitHub/RosMigration_ws/install/my_cpp_py_pkg/bin'
[1.514s] INFO:colcon.colcon_core.shell:Creating package script '/home/drone/Documents/GitHub/RosMigration_ws/install/my_cpp_py_pkg/share/my_cpp_py_pkg/package.ps1'
[1.515s] INFO:colcon.colcon_core.shell:Creating package descriptor '/home/drone/Documents/GitHub/RosMigration_ws/install/my_cpp_py_pkg/share/my_cpp_py_pkg/package.dsv'
[1.516s] INFO:colcon.colcon_core.shell:Creating package script '/home/drone/Documents/GitHub/RosMigration_ws/install/my_cpp_py_pkg/share/my_cpp_py_pkg/package.sh'
[1.517s] INFO:colcon.colcon_core.shell:Creating package script '/home/drone/Documents/GitHub/RosMigration_ws/install/my_cpp_py_pkg/share/my_cpp_py_pkg/package.bash'
[1.518s] INFO:colcon.colcon_core.shell:Creating package script '/home/drone/Documents/GitHub/RosMigration_ws/install/my_cpp_py_pkg/share/my_cpp_py_pkg/package.zsh'
[1.519s] Level 1:colcon.colcon_core.environment:create_file_with_runtime_dependencies(/home/drone/Documents/GitHub/RosMigration_ws/install/my_cpp_py_pkg/share/colcon-core/packages/my_cpp_py_pkg)
[1.524s] DEBUG:colcon.colcon_core.event_handler.log_command:Invoking command in '/home/drone/Documents/GitHub/RosMigration_ws/build/my_robot_interfaces': CMAKE_PREFIX_PATH=${CMAKE_PREFIX_PATH}:/home/drone/Documents/GitHub/AAU_P4_MONITOR_DRONE/ros2_ws/install/my_robot_controller:/opt/ros/humble /usr/bin/cmake --install /home/drone/Documents/GitHub/RosMigration_ws/build/my_robot_interfaces
[1.601s] Level 1:colcon.colcon_core.environment:create_environment_scripts_only(my_cpp_py_pkg)
[1.601s] Level 1:colcon.colcon_core.environment:checking '/home/drone/Documents/GitHub/RosMigration_ws/install/my_cpp_py_pkg' for CMake module files
[1.602s] Level 1:colcon.colcon_core.environment:checking '/home/drone/Documents/GitHub/RosMigration_ws/install/my_cpp_py_pkg' for CMake config files
[1.603s] Level 1:colcon.colcon_core.shell:create_environment_hook('my_cpp_py_pkg', 'cmake_prefix_path')
[1.603s] INFO:colcon.colcon_core.shell:Creating environment hook '/home/drone/Documents/GitHub/RosMigration_ws/install/my_cpp_py_pkg/share/my_cpp_py_pkg/hook/cmake_prefix_path.ps1'
[1.604s] INFO:colcon.colcon_core.shell:Creating environment descriptor '/home/drone/Documents/GitHub/RosMigration_ws/install/my_cpp_py_pkg/share/my_cpp_py_pkg/hook/cmake_prefix_path.dsv'
[1.605s] INFO:colcon.colcon_core.shell:Creating environment hook '/home/drone/Documents/GitHub/RosMigration_ws/install/my_cpp_py_pkg/share/my_cpp_py_pkg/hook/cmake_prefix_path.sh'
[1.606s] Level 1:colcon.colcon_core.environment:checking '/home/drone/Documents/GitHub/RosMigration_ws/install/my_cpp_py_pkg/lib'
[1.606s] Level 1:colcon.colcon_core.environment:checking '/home/drone/Documents/GitHub/RosMigration_ws/install/my_cpp_py_pkg/bin'
[1.606s] Level 1:colcon.colcon_core.environment:checking '/home/drone/Documents/GitHub/RosMigration_ws/install/my_cpp_py_pkg/lib/pkgconfig/my_cpp_py_pkg.pc'
[1.606s] Level 1:colcon.colcon_core.environment:checking '/home/drone/Documents/GitHub/RosMigration_ws/install/my_cpp_py_pkg/lib/python3.10/site-packages'
[1.607s] Level 1:colcon.colcon_core.environment:checking '/home/drone/Documents/GitHub/RosMigration_ws/install/my_cpp_py_pkg/bin'
[1.608s] INFO:colcon.colcon_core.shell:Creating package script '/home/drone/Documents/GitHub/RosMigration_ws/install/my_cpp_py_pkg/share/my_cpp_py_pkg/package.ps1'
[1.609s] INFO:colcon.colcon_core.shell:Creating package descriptor '/home/drone/Documents/GitHub/RosMigration_ws/install/my_cpp_py_pkg/share/my_cpp_py_pkg/package.dsv'
[1.610s] INFO:colcon.colcon_core.shell:Creating package script '/home/drone/Documents/GitHub/RosMigration_ws/install/my_cpp_py_pkg/share/my_cpp_py_pkg/package.sh'
[1.611s] INFO:colcon.colcon_core.shell:Creating package script '/home/drone/Documents/GitHub/RosMigration_ws/install/my_cpp_py_pkg/share/my_cpp_py_pkg/package.bash'
[1.612s] INFO:colcon.colcon_core.shell:Creating package script '/home/drone/Documents/GitHub/RosMigration_ws/install/my_cpp_py_pkg/share/my_cpp_py_pkg/package.zsh'
[1.617s] Level 1:colcon.colcon_core.environment:create_file_with_runtime_dependencies(/home/drone/Documents/GitHub/RosMigration_ws/install/my_cpp_py_pkg/share/colcon-core/packages/my_cpp_py_pkg)
[1.637s] Level 1:colcon.colcon_core.environment:create_environment_scripts_only(my_robot_interfaces)
[1.638s] Level 1:colcon.colcon_core.environment:checking '/home/drone/Documents/GitHub/RosMigration_ws/install/my_robot_interfaces' for CMake module files
[1.641s] Level 1:colcon.colcon_core.environment:checking '/home/drone/Documents/GitHub/RosMigration_ws/install/my_robot_interfaces' for CMake config files
[1.643s] DEBUG:colcon.colcon_core.event_handler.log_command:Invoked command in '/home/drone/Documents/GitHub/RosMigration_ws/build/my_robot_interfaces' returned '0': CMAKE_PREFIX_PATH=${CMAKE_PREFIX_PATH}:/home/drone/Documents/GitHub/AAU_P4_MONITOR_DRONE/ros2_ws/install/my_robot_controller:/opt/ros/humble /usr/bin/cmake --install /home/drone/Documents/GitHub/RosMigration_ws/build/my_robot_interfaces
[1.643s] Level 1:colcon.colcon_core.shell:create_environment_hook('my_robot_interfaces', 'cmake_prefix_path')
[1.644s] INFO:colcon.colcon_core.shell:Creating environment hook '/home/drone/Documents/GitHub/RosMigration_ws/install/my_robot_interfaces/share/my_robot_interfaces/hook/cmake_prefix_path.ps1'
[1.645s] INFO:colcon.colcon_core.shell:Creating environment descriptor '/home/drone/Documents/GitHub/RosMigration_ws/install/my_robot_interfaces/share/my_robot_interfaces/hook/cmake_prefix_path.dsv'
[1.645s] INFO:colcon.colcon_core.shell:Creating environment hook '/home/drone/Documents/GitHub/RosMigration_ws/install/my_robot_interfaces/share/my_robot_interfaces/hook/cmake_prefix_path.sh'
[1.646s] Level 1:colcon.colcon_core.environment:checking '/home/drone/Documents/GitHub/RosMigration_ws/install/my_robot_interfaces/lib'
[1.646s] Level 1:colcon.colcon_core.shell:create_environment_hook('my_robot_interfaces', 'ld_library_path_lib')
[1.647s] INFO:colcon.colcon_core.shell:Creating environment hook '/home/drone/Documents/GitHub/RosMigration_ws/install/my_robot_interfaces/share/my_robot_interfaces/hook/ld_library_path_lib.ps1'
[1.648s] INFO:colcon.colcon_core.shell:Creating environment descriptor '/home/drone/Documents/GitHub/RosMigration_ws/install/my_robot_interfaces/share/my_robot_interfaces/hook/ld_library_path_lib.dsv'
[1.648s] INFO:colcon.colcon_core.shell:Creating environment hook '/home/drone/Documents/GitHub/RosMigration_ws/install/my_robot_interfaces/share/my_robot_interfaces/hook/ld_library_path_lib.sh'
[1.649s] Level 1:colcon.colcon_core.environment:checking '/home/drone/Documents/GitHub/RosMigration_ws/install/my_robot_interfaces/bin'
[1.649s] Level 1:colcon.colcon_core.environment:checking '/home/drone/Documents/GitHub/RosMigration_ws/install/my_robot_interfaces/lib/pkgconfig/my_robot_interfaces.pc'
[1.649s] Level 1:colcon.colcon_core.environment:checking '/home/drone/Documents/GitHub/RosMigration_ws/install/my_robot_interfaces/lib/python3.10/site-packages'
[1.649s] Level 1:colcon.colcon_core.environment:checking '/home/drone/Documents/GitHub/RosMigration_ws/install/my_robot_interfaces/bin'
[1.650s] INFO:colcon.colcon_core.shell:Creating package script '/home/drone/Documents/GitHub/RosMigration_ws/install/my_robot_interfaces/share/my_robot_interfaces/package.ps1'
[1.651s] INFO:colcon.colcon_core.shell:Creating package descriptor '/home/drone/Documents/GitHub/RosMigration_ws/install/my_robot_interfaces/share/my_robot_interfaces/package.dsv'
[1.652s] INFO:colcon.colcon_core.shell:Creating package script '/home/drone/Documents/GitHub/RosMigration_ws/install/my_robot_interfaces/share/my_robot_interfaces/package.sh'
[1.653s] INFO:colcon.colcon_core.shell:Creating package script '/home/drone/Documents/GitHub/RosMigration_ws/install/my_robot_interfaces/share/my_robot_interfaces/package.bash'
[1.653s] INFO:colcon.colcon_core.shell:Creating package script '/home/drone/Documents/GitHub/RosMigration_ws/install/my_robot_interfaces/share/my_robot_interfaces/package.zsh'
[1.654s] Level 1:colcon.colcon_core.environment:create_file_with_runtime_dependencies(/home/drone/Documents/GitHub/RosMigration_ws/install/my_robot_interfaces/share/colcon-core/packages/my_robot_interfaces)
[1.782s] Level 1:colcon.colcon_core.environment:create_environment_scripts_only(my_robot_interfaces)
[1.782s] Level 1:colcon.colcon_core.environment:checking '/home/drone/Documents/GitHub/RosMigration_ws/install/my_robot_interfaces' for CMake module files
[1.783s] Level 1:colcon.colcon_core.environment:checking '/home/drone/Documents/GitHub/RosMigration_ws/install/my_robot_interfaces' for CMake config files
[1.784s] Level 1:colcon.colcon_core.shell:create_environment_hook('my_robot_interfaces', 'cmake_prefix_path')
[1.785s] INFO:colcon.colcon_core.shell:Creating environment hook '/home/drone/Documents/GitHub/RosMigration_ws/install/my_robot_interfaces/share/my_robot_interfaces/hook/cmake_prefix_path.ps1'
[1.785s] INFO:colcon.colcon_core.shell:Creating environment descriptor '/home/drone/Documents/GitHub/RosMigration_ws/install/my_robot_interfaces/share/my_robot_interfaces/hook/cmake_prefix_path.dsv'
[1.786s] INFO:colcon.colcon_core.shell:Creating environment hook '/home/drone/Documents/GitHub/RosMigration_ws/install/my_robot_interfaces/share/my_robot_interfaces/hook/cmake_prefix_path.sh'
[1.787s] Level 1:colcon.colcon_core.environment:checking '/home/drone/Documents/GitHub/RosMigration_ws/install/my_robot_interfaces/lib'
[1.787s] Level 1:colcon.colcon_core.shell:create_environment_hook('my_robot_interfaces', 'ld_library_path_lib')
[1.787s] INFO:colcon.colcon_core.shell:Creating environment hook '/home/drone/Documents/GitHub/RosMigration_ws/install/my_robot_interfaces/share/my_robot_interfaces/hook/ld_library_path_lib.ps1'
[1.788s] INFO:colcon.colcon_core.shell:Creating environment descriptor '/home/drone/Documents/GitHub/RosMigration_ws/install/my_robot_interfaces/share/my_robot_interfaces/hook/ld_library_path_lib.dsv'
[1.789s] INFO:colcon.colcon_core.shell:Creating environment hook '/home/drone/Documents/GitHub/RosMigration_ws/install/my_robot_interfaces/share/my_robot_interfaces/hook/ld_library_path_lib.sh'
[1.789s] Level 1:colcon.colcon_core.environment:checking '/home/drone/Documents/GitHub/RosMigration_ws/install/my_robot_interfaces/bin'
[1.790s] Level 1:colcon.colcon_core.environment:checking '/home/drone/Documents/GitHub/RosMigration_ws/install/my_robot_interfaces/lib/pkgconfig/my_robot_interfaces.pc'
[1.790s] Level 1:colcon.colcon_core.environment:checking '/home/drone/Documents/GitHub/RosMigration_ws/install/my_robot_interfaces/lib/python3.10/site-packages'
[1.790s] Level 1:colcon.colcon_core.environment:checking '/home/drone/Documents/GitHub/RosMigration_ws/install/my_robot_interfaces/bin'
[1.792s] INFO:colcon.colcon_core.shell:Creating package script '/home/drone/Documents/GitHub/RosMigration_ws/install/my_robot_interfaces/share/my_robot_interfaces/package.ps1'
[1.793s] INFO:colcon.colcon_core.shell:Creating package descriptor '/home/drone/Documents/GitHub/RosMigration_ws/install/my_robot_interfaces/share/my_robot_interfaces/package.dsv'
[1.795s] INFO:colcon.colcon_core.shell:Creating package script '/home/drone/Documents/GitHub/RosMigration_ws/install/my_robot_interfaces/share/my_robot_interfaces/package.sh'
[1.796s] INFO:colcon.colcon_core.shell:Creating package script '/home/drone/Documents/GitHub/RosMigration_ws/install/my_robot_interfaces/share/my_robot_interfaces/package.bash'
[1.797s] INFO:colcon.colcon_core.shell:Creating package script '/home/drone/Documents/GitHub/RosMigration_ws/install/my_robot_interfaces/share/my_robot_interfaces/package.zsh'
[1.798s] Level 1:colcon.colcon_core.environment:create_file_with_runtime_dependencies(/home/drone/Documents/GitHub/RosMigration_ws/install/my_robot_interfaces/share/colcon-core/packages/my_robot_interfaces)
[1.798s] DEBUG:colcon.colcon_parallel_executor.executor.parallel:closing loop
[1.800s] DEBUG:colcon.colcon_parallel_executor.executor.parallel:loop closed
[1.800s] DEBUG:colcon.colcon_parallel_executor.executor.parallel:run_until_complete finished with '0'
[1.800s] DEBUG:colcon.colcon_core.event_reactor:joining thread
[1.812s] INFO:colcon.colcon_core.plugin_system:Skipping extension 'colcon_notification.desktop_notification.terminal_notifier': Not used on non-Darwin systems
[1.812s] INFO:colcon.colcon_core.plugin_system:Skipping extension 'colcon_notification.desktop_notification.win32': Not used on non-Windows systems
[1.812s] INFO:colcon.colcon_notification.desktop_notification:Sending desktop notification using 'notify2'
[1.831s] DEBUG:colcon.colcon_core.event_reactor:joined thread
[1.832s] INFO:colcon.colcon_core.shell:Creating prefix script '/home/drone/Documents/GitHub/RosMigration_ws/install/local_setup.ps1'
[1.834s] INFO:colcon.colcon_core.shell:Creating prefix util module '/home/drone/Documents/GitHub/RosMigration_ws/install/_local_setup_util_ps1.py'
[1.835s] INFO:colcon.colcon_core.shell:Creating prefix chain script '/home/drone/Documents/GitHub/RosMigration_ws/install/setup.ps1'
[1.837s] INFO:colcon.colcon_core.shell:Creating prefix script '/home/drone/Documents/GitHub/RosMigration_ws/install/local_setup.sh'
[1.838s] INFO:colcon.colcon_core.shell:Creating prefix util module '/home/drone/Documents/GitHub/RosMigration_ws/install/_local_setup_util_sh.py'
[1.839s] INFO:colcon.colcon_core.shell:Creating prefix chain script '/home/drone/Documents/GitHub/RosMigration_ws/install/setup.sh'
[1.841s] INFO:colcon.colcon_core.shell:Creating prefix script '/home/drone/Documents/GitHub/RosMigration_ws/install/local_setup.bash'
[1.842s] INFO:colcon.colcon_core.shell:Creating prefix chain script '/home/drone/Documents/GitHub/RosMigration_ws/install/setup.bash'
[1.844s] INFO:colcon.colcon_core.shell:Creating prefix script '/home/drone/Documents/GitHub/RosMigration_ws/install/local_setup.zsh'
[1.845s] INFO:colcon.colcon_core.shell:Creating prefix chain script '/home/drone/Documents/GitHub/RosMigration_ws/install/setup.zsh'
