[0.022s] Invoking command in '/home/drone/Documents/GitHub/RosMigration_ws/build/my_robot_interfaces': CMAKE_PREFIX_PATH=${CMAKE_PREFIX_PATH}:/home/drone/Documents/GitHub/AAU_P4_MONITOR_DRONE/ros2_ws/install/my_robot_controller:/opt/ros/humble /usr/bin/cmake --build /home/drone/Documents/GitHub/RosMigration_ws/build/my_robot_interfaces -- -j4 -l4
[0.055s] -- Found ament_cmake: 1.3.8 (/opt/ros/humble/share/ament_cmake/cmake)
[0.300s] -- Found rosidl_default_generators: 1.2.0 (/opt/ros/humble/share/rosidl_default_generators/cmake)
[0.305s] -- Using all available rosidl_typesupport_c: rosidl_typesupport_fastrtps_c;rosidl_typesupport_introspection_c
[0.311s] -- Found rosidl_adapter: 3.1.5 (/opt/ros/humble/share/rosidl_adapter/cmake)
[0.370s] -- Using all available rosidl_typesupport_cpp: rosidl_typesupport_fastrtps_cpp;rosidl_typesupport_introspection_cpp
[0.847s] -- Found ament_cmake_ros: 0.10.0 (/opt/ros/humble/share/ament_cmake_ros/cmake)
[1.148s] -- Using all available rosidl_typesupport_c: rosidl_typesupport_fastrtps_c;rosidl_typesupport_introspection_c
[1.488s] -- Using all available rosidl_typesupport_cpp: rosidl_typesupport_fastrtps_cpp;rosidl_typesupport_introspection_cpp
[1.523s] -- Found python_cmake_module: 0.10.0 (/opt/ros/humble/share/python_cmake_module/cmake)
[1.558s] -- Using PYTHON_EXECUTABLE: /usr/bin/python3
[1.559s] -- Using PYTHON_INCLUDE_DIRS: /usr/include/python3.10
[1.559s] -- Using PYTHON_LIBRARIES: /usr/lib/x86_64-linux-gnu/libpython3.10.so
[1.575s] -- Found ament_lint_auto: 0.12.10 (/opt/ros/humble/share/ament_lint_auto/cmake)
[1.587s] -- Added test 'lint_cmake' to check CMake code style
[1.588s] -- Added test 'xmllint' to check XML markup files
[1.592s] -- Configuring done
[1.649s] -- Generating done
[1.655s] -- Build files have been written to: /home/drone/Documents/GitHub/RosMigration_ws/build/my_robot_interfaces
[1.695s] [35m[1mConsolidate compiler generated dependencies of target my_robot_interfaces__rosidl_generator_c[0m
[1.729s] [  3%] [32m[1mLinking C shared library libmy_robot_interfaces__rosidl_generator_c.so[0m
[1.736s] [  3%] Built target ament_cmake_python_copy_my_robot_interfaces
[1.739s] [  6%] Built target my_robot_interfaces__cpp
[1.778s] [35m[1mConsolidate compiler generated dependencies of target my_robot_interfaces__rosidl_typesupport_introspection_cpp[0m
[1.779s] [35m[1mConsolidate compiler generated dependencies of target my_robot_interfaces__rosidl_typesupport_fastrtps_cpp[0m
[1.849s] [  9%] [32m[1mLinking CXX shared library libmy_robot_interfaces__rosidl_typesupport_introspection_cpp.so[0m
[1.860s] [ 12%] [32m[1mLinking CXX shared library libmy_robot_interfaces__rosidl_typesupport_fastrtps_cpp.so[0m
[1.870s] [ 19%] Built target my_robot_interfaces__rosidl_generator_c
[1.903s] [35m[1mConsolidate compiler generated dependencies of target my_robot_interfaces__rosidl_typesupport_cpp[0m
[1.943s] [ 22%] [32m[1mLinking CXX shared library libmy_robot_interfaces__rosidl_typesupport_cpp.so[0m
[2.077s] [ 29%] Built target my_robot_interfaces__rosidl_typesupport_cpp
[2.086s] [35m[1mConsolidate compiler generated dependencies of target my_robot_interfaces__rosidl_typesupport_fastrtps_c[0m
[2.119s] [ 32%] [32m[1mLinking CXX shared library libmy_robot_interfaces__rosidl_typesupport_fastrtps_c.so[0m
[2.148s] [ 38%] Built target my_robot_interfaces__rosidl_typesupport_fastrtps_cpp
[2.150s] [ 45%] Built target my_robot_interfaces__rosidl_typesupport_introspection_cpp
[2.189s] [35m[1mConsolidate compiler generated dependencies of target my_robot_interfaces__rosidl_typesupport_introspection_c[0m
[2.220s] [35m[1mConsolidate compiler generated dependencies of target my_robot_interfaces__rosidl_typesupport_c[0m
[2.258s] [ 48%] [32m[1mLinking C shared library libmy_robot_interfaces__rosidl_typesupport_introspection_c.so[0m
[2.274s] [ 51%] [32m[1mLinking CXX shared library libmy_robot_interfaces__rosidl_typesupport_c.so[0m
[2.322s] [ 58%] Built target my_robot_interfaces__rosidl_typesupport_fastrtps_c
[2.348s] [ 64%] Built target my_robot_interfaces__rosidl_typesupport_introspection_c
[2.383s] [ 70%] Built target my_robot_interfaces__rosidl_typesupport_c
[2.385s] running egg_info
[2.387s] writing my_robot_interfaces.egg-info/PKG-INFO
[2.387s] writing dependency_links to my_robot_interfaces.egg-info/dependency_links.txt
[2.388s] writing top-level names to my_robot_interfaces.egg-info/top_level.txt
[2.392s] reading manifest file 'my_robot_interfaces.egg-info/SOURCES.txt'
[2.395s] writing manifest file 'my_robot_interfaces.egg-info/SOURCES.txt'
[2.433s] [ 70%] Built target my_robot_interfaces
[2.450s] [ 70%] Built target ament_cmake_python_build_my_robot_interfaces_egg
[2.465s] [ 74%] Built target my_robot_interfaces__py
[2.480s] [35m[1mConsolidate compiler generated dependencies of target my_robot_interfaces__rosidl_generator_py[0m
[2.504s] [ 77%] [32m[1mLinking C shared library rosidl_generator_py/my_robot_interfaces/libmy_robot_interfaces__rosidl_generator_py.so[0m
[2.565s] [ 80%] Built target my_robot_interfaces__rosidl_generator_py
[2.583s] [35m[1mConsolidate compiler generated dependencies of target my_robot_interfaces__rosidl_typesupport_fastrtps_c__pyext[0m
[2.583s] [35m[1mConsolidate compiler generated dependencies of target my_robot_interfaces__rosidl_typesupport_introspection_c__pyext[0m
[2.592s] [35m[1mConsolidate compiler generated dependencies of target my_robot_interfaces__rosidl_typesupport_c__pyext[0m
[2.616s] [ 83%] [32m[1mLinking C shared library rosidl_generator_py/my_robot_interfaces/my_robot_interfaces_s__rosidl_typesupport_fastrtps_c.cpython-310-x86_64-linux-gnu.so[0m
[2.620s] [ 87%] [32m[1mLinking C shared library rosidl_generator_py/my_robot_interfaces/my_robot_interfaces_s__rosidl_typesupport_introspection_c.cpython-310-x86_64-linux-gnu.so[0m
[2.645s] [ 90%] [32m[1mLinking C shared library rosidl_generator_py/my_robot_interfaces/my_robot_interfaces_s__rosidl_typesupport_c.cpython-310-x86_64-linux-gnu.so[0m
[2.694s] [ 93%] Built target my_robot_interfaces__rosidl_typesupport_fastrtps_c__pyext
[2.734s] [ 96%] Built target my_robot_interfaces__rosidl_typesupport_c__pyext
[2.753s] [100%] Built target my_robot_interfaces__rosidl_typesupport_introspection_c__pyext
[2.775s] Invoked command in '/home/drone/Documents/GitHub/RosMigration_ws/build/my_robot_interfaces' returned '0': CMAKE_PREFIX_PATH=${CMAKE_PREFIX_PATH}:/home/drone/Documents/GitHub/AAU_P4_MONITOR_DRONE/ros2_ws/install/my_robot_controller:/opt/ros/humble /usr/bin/cmake --build /home/drone/Documents/GitHub/RosMigration_ws/build/my_robot_interfaces -- -j4 -l4
[2.896s] Invoking command in '/home/drone/Documents/GitHub/RosMigration_ws/build/my_robot_interfaces': CMAKE_PREFIX_PATH=${CMAKE_PREFIX_PATH}:/home/drone/Documents/GitHub/AAU_P4_MONITOR_DRONE/ros2_ws/install/my_robot_controller:/opt/ros/humble /usr/bin/cmake --install /home/drone/Documents/GitHub/RosMigration_ws/build/my_robot_interfaces
[2.911s] -- Install configuration: ""
[2.911s] -- Installing: /home/drone/Documents/GitHub/RosMigration_ws/install/my_robot_interfaces/share/ament_index/resource_index/rosidl_interfaces/my_robot_interfaces
[2.911s] -- Up-to-date: /home/drone/Documents/GitHub/RosMigration_ws/install/my_robot_interfaces/include/my_robot_interfaces/my_robot_interfaces
[2.912s] -- Up-to-date: /home/drone/Documents/GitHub/RosMigration_ws/install/my_robot_interfaces/include/my_robot_interfaces/my_robot_interfaces/srv
[2.912s] -- Up-to-date: /home/drone/Documents/GitHub/RosMigration_ws/install/my_robot_interfaces/include/my_robot_interfaces/my_robot_interfaces/srv/stop_publish_path.h
[2.912s] -- Up-to-date: /home/drone/Documents/GitHub/RosMigration_ws/install/my_robot_interfaces/include/my_robot_interfaces/my_robot_interfaces/srv/detail
[2.913s] -- Up-to-date: /home/drone/Documents/GitHub/RosMigration_ws/install/my_robot_interfaces/include/my_robot_interfaces/my_robot_interfaces/srv/detail/stop_publish_path__struct.h
[2.913s] -- Up-to-date: /home/drone/Documents/GitHub/RosMigration_ws/install/my_robot_interfaces/include/my_robot_interfaces/my_robot_interfaces/srv/detail/stop_publish_path__functions.h
[2.913s] -- Up-to-date: /home/drone/Documents/GitHub/RosMigration_ws/install/my_robot_interfaces/include/my_robot_interfaces/my_robot_interfaces/srv/detail/stop_publish_path__functions.c
[2.913s] -- Up-to-date: /home/drone/Documents/GitHub/RosMigration_ws/install/my_robot_interfaces/include/my_robot_interfaces/my_robot_interfaces/srv/detail/stop_publish_path__type_support.h
[2.913s] -- Up-to-date: /home/drone/Documents/GitHub/RosMigration_ws/install/my_robot_interfaces/include/my_robot_interfaces/my_robot_interfaces/msg
[2.913s] -- Up-to-date: /home/drone/Documents/GitHub/RosMigration_ws/install/my_robot_interfaces/include/my_robot_interfaces/my_robot_interfaces/msg/detail
[2.914s] -- Up-to-date: /home/drone/Documents/GitHub/RosMigration_ws/install/my_robot_interfaces/include/my_robot_interfaces/my_robot_interfaces/msg/detail/path_planner_points__type_support.h
[2.914s] -- Up-to-date: /home/drone/Documents/GitHub/RosMigration_ws/install/my_robot_interfaces/include/my_robot_interfaces/my_robot_interfaces/msg/detail/path_planner_points__functions.c
[2.914s] -- Up-to-date: /home/drone/Documents/GitHub/RosMigration_ws/install/my_robot_interfaces/include/my_robot_interfaces/my_robot_interfaces/msg/detail/path_planner_points__functions.h
[2.914s] -- Up-to-date: /home/drone/Documents/GitHub/RosMigration_ws/install/my_robot_interfaces/include/my_robot_interfaces/my_robot_interfaces/msg/detail/path_planner_points__struct.h
[2.914s] -- Up-to-date: /home/drone/Documents/GitHub/RosMigration_ws/install/my_robot_interfaces/include/my_robot_interfaces/my_robot_interfaces/msg/rosidl_generator_c__visibility_control.h
[2.914s] -- Up-to-date: /home/drone/Documents/GitHub/RosMigration_ws/install/my_robot_interfaces/include/my_robot_interfaces/my_robot_interfaces/msg/path_planner_points.h
[2.915s] -- Up-to-date: /home/drone/Documents/GitHub/RosMigration_ws/install/my_robot_interfaces/share/my_robot_interfaces/environment/library_path.sh
[2.915s] -- Installing: /home/drone/Documents/GitHub/RosMigration_ws/install/my_robot_interfaces/share/my_robot_interfaces/environment/library_path.dsv
[2.915s] -- Installing: /home/drone/Documents/GitHub/RosMigration_ws/install/my_robot_interfaces/lib/libmy_robot_interfaces__rosidl_generator_c.so
[2.916s] -- Set runtime path of "/home/drone/Documents/GitHub/RosMigration_ws/install/my_robot_interfaces/lib/libmy_robot_interfaces__rosidl_generator_c.so" to ""
[2.917s] -- Up-to-date: /home/drone/Documents/GitHub/RosMigration_ws/install/my_robot_interfaces/include/my_robot_interfaces/my_robot_interfaces
[2.917s] -- Up-to-date: /home/drone/Documents/GitHub/RosMigration_ws/install/my_robot_interfaces/include/my_robot_interfaces/my_robot_interfaces/srv
[2.917s] -- Up-to-date: /home/drone/Documents/GitHub/RosMigration_ws/install/my_robot_interfaces/include/my_robot_interfaces/my_robot_interfaces/srv/detail
[2.918s] -- Up-to-date: /home/drone/Documents/GitHub/RosMigration_ws/install/my_robot_interfaces/include/my_robot_interfaces/my_robot_interfaces/srv/detail/stop_publish_path__rosidl_typesupport_fastrtps_c.h
[2.918s] -- Up-to-date: /home/drone/Documents/GitHub/RosMigration_ws/install/my_robot_interfaces/include/my_robot_interfaces/my_robot_interfaces/msg
[2.918s] -- Up-to-date: /home/drone/Documents/GitHub/RosMigration_ws/install/my_robot_interfaces/include/my_robot_interfaces/my_robot_interfaces/msg/detail
[2.919s] -- Up-to-date: /home/drone/Documents/GitHub/RosMigration_ws/install/my_robot_interfaces/include/my_robot_interfaces/my_robot_interfaces/msg/detail/path_planner_points__rosidl_typesupport_fastrtps_c.h
[2.919s] -- Up-to-date: /home/drone/Documents/GitHub/RosMigration_ws/install/my_robot_interfaces/include/my_robot_interfaces/my_robot_interfaces/msg/rosidl_typesupport_fastrtps_c__visibility_control.h
[2.919s] -- Installing: /home/drone/Documents/GitHub/RosMigration_ws/install/my_robot_interfaces/lib/libmy_robot_interfaces__rosidl_typesupport_fastrtps_c.so
[2.919s] -- Set runtime path of "/home/drone/Documents/GitHub/RosMigration_ws/install/my_robot_interfaces/lib/libmy_robot_interfaces__rosidl_typesupport_fastrtps_c.so" to ""
[2.919s] -- Up-to-date: /home/drone/Documents/GitHub/RosMigration_ws/install/my_robot_interfaces/include/my_robot_interfaces/my_robot_interfaces
[2.920s] -- Up-to-date: /home/drone/Documents/GitHub/RosMigration_ws/install/my_robot_interfaces/include/my_robot_interfaces/my_robot_interfaces/srv
[2.920s] -- Up-to-date: /home/drone/Documents/GitHub/RosMigration_ws/install/my_robot_interfaces/include/my_robot_interfaces/my_robot_interfaces/srv/detail
[2.920s] -- Up-to-date: /home/drone/Documents/GitHub/RosMigration_ws/install/my_robot_interfaces/include/my_robot_interfaces/my_robot_interfaces/srv/detail/stop_publish_path__type_support.c
[2.921s] -- Up-to-date: /home/drone/Documents/GitHub/RosMigration_ws/install/my_robot_interfaces/include/my_robot_interfaces/my_robot_interfaces/srv/detail/stop_publish_path__rosidl_typesupport_introspection_c.h
[2.921s] -- Up-to-date: /home/drone/Documents/GitHub/RosMigration_ws/install/my_robot_interfaces/include/my_robot_interfaces/my_robot_interfaces/msg
[2.921s] -- Up-to-date: /home/drone/Documents/GitHub/RosMigration_ws/install/my_robot_interfaces/include/my_robot_interfaces/my_robot_interfaces/msg/rosidl_typesupport_introspection_c__visibility_control.h
[2.921s] -- Up-to-date: /home/drone/Documents/GitHub/RosMigration_ws/install/my_robot_interfaces/include/my_robot_interfaces/my_robot_interfaces/msg/detail
[2.922s] -- Up-to-date: /home/drone/Documents/GitHub/RosMigration_ws/install/my_robot_interfaces/include/my_robot_interfaces/my_robot_interfaces/msg/detail/path_planner_points__rosidl_typesupport_introspection_c.h
[2.922s] -- Up-to-date: /home/drone/Documents/GitHub/RosMigration_ws/install/my_robot_interfaces/include/my_robot_interfaces/my_robot_interfaces/msg/detail/path_planner_points__type_support.c
[2.922s] -- Installing: /home/drone/Documents/GitHub/RosMigration_ws/install/my_robot_interfaces/lib/libmy_robot_interfaces__rosidl_typesupport_introspection_c.so
[2.922s] -- Set runtime path of "/home/drone/Documents/GitHub/RosMigration_ws/install/my_robot_interfaces/lib/libmy_robot_interfaces__rosidl_typesupport_introspection_c.so" to ""
[2.923s] -- Installing: /home/drone/Documents/GitHub/RosMigration_ws/install/my_robot_interfaces/lib/libmy_robot_interfaces__rosidl_typesupport_c.so
[2.923s] -- Set runtime path of "/home/drone/Documents/GitHub/RosMigration_ws/install/my_robot_interfaces/lib/libmy_robot_interfaces__rosidl_typesupport_c.so" to ""
[2.923s] -- Up-to-date: /home/drone/Documents/GitHub/RosMigration_ws/install/my_robot_interfaces/include/my_robot_interfaces/my_robot_interfaces
[2.923s] -- Up-to-date: /home/drone/Documents/GitHub/RosMigration_ws/install/my_robot_interfaces/include/my_robot_interfaces/my_robot_interfaces/srv
[2.923s] -- Up-to-date: /home/drone/Documents/GitHub/RosMigration_ws/install/my_robot_interfaces/include/my_robot_interfaces/my_robot_interfaces/srv/stop_publish_path.hpp
[2.923s] -- Up-to-date: /home/drone/Documents/GitHub/RosMigration_ws/install/my_robot_interfaces/include/my_robot_interfaces/my_robot_interfaces/srv/detail
[2.924s] -- Up-to-date: /home/drone/Documents/GitHub/RosMigration_ws/install/my_robot_interfaces/include/my_robot_interfaces/my_robot_interfaces/srv/detail/stop_publish_path__traits.hpp
[2.924s] -- Up-to-date: /home/drone/Documents/GitHub/RosMigration_ws/install/my_robot_interfaces/include/my_robot_interfaces/my_robot_interfaces/srv/detail/stop_publish_path__builder.hpp
[2.924s] -- Up-to-date: /home/drone/Documents/GitHub/RosMigration_ws/install/my_robot_interfaces/include/my_robot_interfaces/my_robot_interfaces/srv/detail/stop_publish_path__struct.hpp
[2.924s] -- Up-to-date: /home/drone/Documents/GitHub/RosMigration_ws/install/my_robot_interfaces/include/my_robot_interfaces/my_robot_interfaces/msg
[2.924s] -- Up-to-date: /home/drone/Documents/GitHub/RosMigration_ws/install/my_robot_interfaces/include/my_robot_interfaces/my_robot_interfaces/msg/detail
[2.924s] -- Up-to-date: /home/drone/Documents/GitHub/RosMigration_ws/install/my_robot_interfaces/include/my_robot_interfaces/my_robot_interfaces/msg/detail/path_planner_points__struct.hpp
[2.925s] -- Up-to-date: /home/drone/Documents/GitHub/RosMigration_ws/install/my_robot_interfaces/include/my_robot_interfaces/my_robot_interfaces/msg/detail/path_planner_points__builder.hpp
[2.925s] -- Up-to-date: /home/drone/Documents/GitHub/RosMigration_ws/install/my_robot_interfaces/include/my_robot_interfaces/my_robot_interfaces/msg/detail/path_planner_points__traits.hpp
[2.925s] -- Up-to-date: /home/drone/Documents/GitHub/RosMigration_ws/install/my_robot_interfaces/include/my_robot_interfaces/my_robot_interfaces/msg/path_planner_points.hpp
[2.925s] -- Up-to-date: /home/drone/Documents/GitHub/RosMigration_ws/install/my_robot_interfaces/include/my_robot_interfaces/my_robot_interfaces
[2.925s] -- Up-to-date: /home/drone/Documents/GitHub/RosMigration_ws/install/my_robot_interfaces/include/my_robot_interfaces/my_robot_interfaces/srv
[2.926s] -- Up-to-date: /home/drone/Documents/GitHub/RosMigration_ws/install/my_robot_interfaces/include/my_robot_interfaces/my_robot_interfaces/srv/detail
[2.926s] -- Up-to-date: /home/drone/Documents/GitHub/RosMigration_ws/install/my_robot_interfaces/include/my_robot_interfaces/my_robot_interfaces/srv/detail/stop_publish_path__rosidl_typesupport_fastrtps_cpp.hpp
[2.926s] -- Up-to-date: /home/drone/Documents/GitHub/RosMigration_ws/install/my_robot_interfaces/include/my_robot_interfaces/my_robot_interfaces/srv/detail/dds_fastrtps
[2.926s] -- Up-to-date: /home/drone/Documents/GitHub/RosMigration_ws/install/my_robot_interfaces/include/my_robot_interfaces/my_robot_interfaces/msg
[2.926s] -- Up-to-date: /home/drone/Documents/GitHub/RosMigration_ws/install/my_robot_interfaces/include/my_robot_interfaces/my_robot_interfaces/msg/detail
[2.926s] -- Up-to-date: /home/drone/Documents/GitHub/RosMigration_ws/install/my_robot_interfaces/include/my_robot_interfaces/my_robot_interfaces/msg/detail/path_planner_points__rosidl_typesupport_fastrtps_cpp.hpp
[2.926s] -- Up-to-date: /home/drone/Documents/GitHub/RosMigration_ws/install/my_robot_interfaces/include/my_robot_interfaces/my_robot_interfaces/msg/detail/dds_fastrtps
[2.927s] -- Up-to-date: /home/drone/Documents/GitHub/RosMigration_ws/install/my_robot_interfaces/include/my_robot_interfaces/my_robot_interfaces/msg/rosidl_typesupport_fastrtps_cpp__visibility_control.h
[2.927s] -- Installing: /home/drone/Documents/GitHub/RosMigration_ws/install/my_robot_interfaces/lib/libmy_robot_interfaces__rosidl_typesupport_fastrtps_cpp.so
[2.927s] -- Set runtime path of "/home/drone/Documents/GitHub/RosMigration_ws/install/my_robot_interfaces/lib/libmy_robot_interfaces__rosidl_typesupport_fastrtps_cpp.so" to ""
[2.927s] -- Up-to-date: /home/drone/Documents/GitHub/RosMigration_ws/install/my_robot_interfaces/include/my_robot_interfaces/my_robot_interfaces
[2.927s] -- Up-to-date: /home/drone/Documents/GitHub/RosMigration_ws/install/my_robot_interfaces/include/my_robot_interfaces/my_robot_interfaces/srv
[2.927s] -- Up-to-date: /home/drone/Documents/GitHub/RosMigration_ws/install/my_robot_interfaces/include/my_robot_interfaces/my_robot_interfaces/srv/detail
[2.927s] -- Up-to-date: /home/drone/Documents/GitHub/RosMigration_ws/install/my_robot_interfaces/include/my_robot_interfaces/my_robot_interfaces/srv/detail/stop_publish_path__type_support.cpp
[2.928s] -- Up-to-date: /home/drone/Documents/GitHub/RosMigration_ws/install/my_robot_interfaces/include/my_robot_interfaces/my_robot_interfaces/srv/detail/stop_publish_path__rosidl_typesupport_introspection_cpp.hpp
[2.928s] -- Up-to-date: /home/drone/Documents/GitHub/RosMigration_ws/install/my_robot_interfaces/include/my_robot_interfaces/my_robot_interfaces/msg
[2.928s] -- Up-to-date: /home/drone/Documents/GitHub/RosMigration_ws/install/my_robot_interfaces/include/my_robot_interfaces/my_robot_interfaces/msg/detail
[2.928s] -- Up-to-date: /home/drone/Documents/GitHub/RosMigration_ws/install/my_robot_interfaces/include/my_robot_interfaces/my_robot_interfaces/msg/detail/path_planner_points__rosidl_typesupport_introspection_cpp.hpp
[2.928s] -- Up-to-date: /home/drone/Documents/GitHub/RosMigration_ws/install/my_robot_interfaces/include/my_robot_interfaces/my_robot_interfaces/msg/detail/path_planner_points__type_support.cpp
[2.928s] -- Installing: /home/drone/Documents/GitHub/RosMigration_ws/install/my_robot_interfaces/lib/libmy_robot_interfaces__rosidl_typesupport_introspection_cpp.so
[2.928s] -- Set runtime path of "/home/drone/Documents/GitHub/RosMigration_ws/install/my_robot_interfaces/lib/libmy_robot_interfaces__rosidl_typesupport_introspection_cpp.so" to ""
[2.928s] -- Installing: /home/drone/Documents/GitHub/RosMigration_ws/install/my_robot_interfaces/lib/libmy_robot_interfaces__rosidl_typesupport_cpp.so
[2.929s] -- Set runtime path of "/home/drone/Documents/GitHub/RosMigration_ws/install/my_robot_interfaces/lib/libmy_robot_interfaces__rosidl_typesupport_cpp.so" to ""
[2.929s] -- Up-to-date: /home/drone/Documents/GitHub/RosMigration_ws/install/my_robot_interfaces/share/my_robot_interfaces/environment/pythonpath.sh
[2.929s] -- Installing: /home/drone/Documents/GitHub/RosMigration_ws/install/my_robot_interfaces/share/my_robot_interfaces/environment/pythonpath.dsv
[2.931s] -- Up-to-date: /home/drone/Documents/GitHub/RosMigration_ws/install/my_robot_interfaces/local/lib/python3.10/dist-packages/my_robot_interfaces-0.0.0-py3.10.egg-info
[2.932s] -- Installing: /home/drone/Documents/GitHub/RosMigration_ws/install/my_robot_interfaces/local/lib/python3.10/dist-packages/my_robot_interfaces-0.0.0-py3.10.egg-info/SOURCES.txt
[2.933s] -- Installing: /home/drone/Documents/GitHub/RosMigration_ws/install/my_robot_interfaces/local/lib/python3.10/dist-packages/my_robot_interfaces-0.0.0-py3.10.egg-info/top_level.txt
[2.935s] -- Installing: /home/drone/Documents/GitHub/RosMigration_ws/install/my_robot_interfaces/local/lib/python3.10/dist-packages/my_robot_interfaces-0.0.0-py3.10.egg-info/PKG-INFO
[2.935s] -- Installing: /home/drone/Documents/GitHub/RosMigration_ws/install/my_robot_interfaces/local/lib/python3.10/dist-packages/my_robot_interfaces-0.0.0-py3.10.egg-info/dependency_links.txt
[2.936s] -- Up-to-date: /home/drone/Documents/GitHub/RosMigration_ws/install/my_robot_interfaces/local/lib/python3.10/dist-packages/my_robot_interfaces
[2.936s] -- Installing: /home/drone/Documents/GitHub/RosMigration_ws/install/my_robot_interfaces/local/lib/python3.10/dist-packages/my_robot_interfaces/my_robot_interfaces_s__rosidl_typesupport_c.cpython-310-x86_64-linux-gnu.so
[2.937s] -- Up-to-date: /home/drone/Documents/GitHub/RosMigration_ws/install/my_robot_interfaces/local/lib/python3.10/dist-packages/my_robot_interfaces/srv
[2.937s] -- Up-to-date: /home/drone/Documents/GitHub/RosMigration_ws/install/my_robot_interfaces/local/lib/python3.10/dist-packages/my_robot_interfaces/srv/__init__.py
[2.938s] -- Up-to-date: /home/drone/Documents/GitHub/RosMigration_ws/install/my_robot_interfaces/local/lib/python3.10/dist-packages/my_robot_interfaces/srv/_stop_publish_path_s.c
[2.939s] -- Up-to-date: /home/drone/Documents/GitHub/RosMigration_ws/install/my_robot_interfaces/local/lib/python3.10/dist-packages/my_robot_interfaces/srv/_stop_publish_path.py
[2.939s] -- Up-to-date: /home/drone/Documents/GitHub/RosMigration_ws/install/my_robot_interfaces/local/lib/python3.10/dist-packages/my_robot_interfaces/_my_robot_interfaces_s.ep.rosidl_typesupport_introspection_c.c
[2.939s] -- Up-to-date: /home/drone/Documents/GitHub/RosMigration_ws/install/my_robot_interfaces/local/lib/python3.10/dist-packages/my_robot_interfaces/msg
[2.939s] -- Up-to-date: /home/drone/Documents/GitHub/RosMigration_ws/install/my_robot_interfaces/local/lib/python3.10/dist-packages/my_robot_interfaces/msg/__init__.py
[2.939s] -- Up-to-date: /home/drone/Documents/GitHub/RosMigration_ws/install/my_robot_interfaces/local/lib/python3.10/dist-packages/my_robot_interfaces/msg/_path_planner_points.py
[2.939s] -- Up-to-date: /home/drone/Documents/GitHub/RosMigration_ws/install/my_robot_interfaces/local/lib/python3.10/dist-packages/my_robot_interfaces/msg/_path_planner_points_s.c
[2.939s] -- Installing: /home/drone/Documents/GitHub/RosMigration_ws/install/my_robot_interfaces/local/lib/python3.10/dist-packages/my_robot_interfaces/__init__.py
[2.943s] -- Installing: /home/drone/Documents/GitHub/RosMigration_ws/install/my_robot_interfaces/local/lib/python3.10/dist-packages/my_robot_interfaces/libmy_robot_interfaces__rosidl_generator_py.so
[2.943s] -- Installing: /home/drone/Documents/GitHub/RosMigration_ws/install/my_robot_interfaces/local/lib/python3.10/dist-packages/my_robot_interfaces/my_robot_interfaces_s__rosidl_typesupport_introspection_c.cpython-310-x86_64-linux-gnu.so
[2.944s] -- Installing: /home/drone/Documents/GitHub/RosMigration_ws/install/my_robot_interfaces/local/lib/python3.10/dist-packages/my_robot_interfaces/my_robot_interfaces_s__rosidl_typesupport_fastrtps_c.cpython-310-x86_64-linux-gnu.so
[2.944s] -- Up-to-date: /home/drone/Documents/GitHub/RosMigration_ws/install/my_robot_interfaces/local/lib/python3.10/dist-packages/my_robot_interfaces/_my_robot_interfaces_s.ep.rosidl_typesupport_c.c
[2.944s] -- Up-to-date: /home/drone/Documents/GitHub/RosMigration_ws/install/my_robot_interfaces/local/lib/python3.10/dist-packages/my_robot_interfaces/_my_robot_interfaces_s.ep.rosidl_typesupport_fastrtps_c.c
[3.009s] Listing '/home/drone/Documents/GitHub/RosMigration_ws/install/my_robot_interfaces/local/lib/python3.10/dist-packages/my_robot_interfaces'...
[3.010s] Compiling '/home/drone/Documents/GitHub/RosMigration_ws/install/my_robot_interfaces/local/lib/python3.10/dist-packages/my_robot_interfaces/__init__.py'...
[3.010s] Listing '/home/drone/Documents/GitHub/RosMigration_ws/install/my_robot_interfaces/local/lib/python3.10/dist-packages/my_robot_interfaces/msg'...
[3.010s] Listing '/home/drone/Documents/GitHub/RosMigration_ws/install/my_robot_interfaces/local/lib/python3.10/dist-packages/my_robot_interfaces/srv'...
[3.018s] -- Installing: /home/drone/Documents/GitHub/RosMigration_ws/install/my_robot_interfaces/local/lib/python3.10/dist-packages/my_robot_interfaces/my_robot_interfaces_s__rosidl_typesupport_fastrtps_c.cpython-310-x86_64-linux-gnu.so
[3.019s] -- Set runtime path of "/home/drone/Documents/GitHub/RosMigration_ws/install/my_robot_interfaces/local/lib/python3.10/dist-packages/my_robot_interfaces/my_robot_interfaces_s__rosidl_typesupport_fastrtps_c.cpython-310-x86_64-linux-gnu.so" to ""
[3.020s] -- Installing: /home/drone/Documents/GitHub/RosMigration_ws/install/my_robot_interfaces/local/lib/python3.10/dist-packages/my_robot_interfaces/my_robot_interfaces_s__rosidl_typesupport_introspection_c.cpython-310-x86_64-linux-gnu.so
[3.021s] -- Set runtime path of "/home/drone/Documents/GitHub/RosMigration_ws/install/my_robot_interfaces/local/lib/python3.10/dist-packages/my_robot_interfaces/my_robot_interfaces_s__rosidl_typesupport_introspection_c.cpython-310-x86_64-linux-gnu.so" to ""
[3.022s] -- Installing: /home/drone/Documents/GitHub/RosMigration_ws/install/my_robot_interfaces/local/lib/python3.10/dist-packages/my_robot_interfaces/my_robot_interfaces_s__rosidl_typesupport_c.cpython-310-x86_64-linux-gnu.so
[3.023s] -- Set runtime path of "/home/drone/Documents/GitHub/RosMigration_ws/install/my_robot_interfaces/local/lib/python3.10/dist-packages/my_robot_interfaces/my_robot_interfaces_s__rosidl_typesupport_c.cpython-310-x86_64-linux-gnu.so" to ""
[3.023s] -- Installing: /home/drone/Documents/GitHub/RosMigration_ws/install/my_robot_interfaces/lib/libmy_robot_interfaces__rosidl_generator_py.so
[3.024s] -- Set runtime path of "/home/drone/Documents/GitHub/RosMigration_ws/install/my_robot_interfaces/lib/libmy_robot_interfaces__rosidl_generator_py.so" to ""
[3.024s] -- Up-to-date: /home/drone/Documents/GitHub/RosMigration_ws/install/my_robot_interfaces/share/my_robot_interfaces/msg/PathPlannerPoints.idl
[3.024s] -- Up-to-date: /home/drone/Documents/GitHub/RosMigration_ws/install/my_robot_interfaces/share/my_robot_interfaces/msg/PathPlannerPoints.msg
[3.025s] -- Up-to-date: /home/drone/Documents/GitHub/RosMigration_ws/install/my_robot_interfaces/share/ament_index/resource_index/package_run_dependencies/my_robot_interfaces
[3.025s] -- Up-to-date: /home/drone/Documents/GitHub/RosMigration_ws/install/my_robot_interfaces/share/ament_index/resource_index/parent_prefix_path/my_robot_interfaces
[3.025s] -- Up-to-date: /home/drone/Documents/GitHub/RosMigration_ws/install/my_robot_interfaces/share/my_robot_interfaces/environment/ament_prefix_path.sh
[3.025s] -- Installing: /home/drone/Documents/GitHub/RosMigration_ws/install/my_robot_interfaces/share/my_robot_interfaces/environment/ament_prefix_path.dsv
[3.025s] -- Up-to-date: /home/drone/Documents/GitHub/RosMigration_ws/install/my_robot_interfaces/share/my_robot_interfaces/environment/path.sh
[3.026s] -- Installing: /home/drone/Documents/GitHub/RosMigration_ws/install/my_robot_interfaces/share/my_robot_interfaces/environment/path.dsv
[3.026s] -- Up-to-date: /home/drone/Documents/GitHub/RosMigration_ws/install/my_robot_interfaces/share/my_robot_interfaces/local_setup.bash
[3.026s] -- Up-to-date: /home/drone/Documents/GitHub/RosMigration_ws/install/my_robot_interfaces/share/my_robot_interfaces/local_setup.sh
[3.026s] -- Up-to-date: /home/drone/Documents/GitHub/RosMigration_ws/install/my_robot_interfaces/share/my_robot_interfaces/local_setup.zsh
[3.027s] -- Installing: /home/drone/Documents/GitHub/RosMigration_ws/install/my_robot_interfaces/share/my_robot_interfaces/local_setup.dsv
[3.027s] -- Installing: /home/drone/Documents/GitHub/RosMigration_ws/install/my_robot_interfaces/share/my_robot_interfaces/package.dsv
[3.027s] -- Up-to-date: /home/drone/Documents/GitHub/RosMigration_ws/install/my_robot_interfaces/share/ament_index/resource_index/packages/my_robot_interfaces
[3.028s] -- Up-to-date: /home/drone/Documents/GitHub/RosMigration_ws/install/my_robot_interfaces/share/my_robot_interfaces/cmake/export_my_robot_interfaces__rosidl_generator_cExport.cmake
[3.028s] -- Up-to-date: /home/drone/Documents/GitHub/RosMigration_ws/install/my_robot_interfaces/share/my_robot_interfaces/cmake/export_my_robot_interfaces__rosidl_generator_cExport-noconfig.cmake
[3.028s] -- Up-to-date: /home/drone/Documents/GitHub/RosMigration_ws/install/my_robot_interfaces/share/my_robot_interfaces/cmake/export_my_robot_interfaces__rosidl_typesupport_fastrtps_cExport.cmake
[3.028s] -- Up-to-date: /home/drone/Documents/GitHub/RosMigration_ws/install/my_robot_interfaces/share/my_robot_interfaces/cmake/export_my_robot_interfaces__rosidl_typesupport_fastrtps_cExport-noconfig.cmake
[3.028s] -- Up-to-date: /home/drone/Documents/GitHub/RosMigration_ws/install/my_robot_interfaces/share/my_robot_interfaces/cmake/my_robot_interfaces__rosidl_typesupport_introspection_cExport.cmake
[3.029s] -- Up-to-date: /home/drone/Documents/GitHub/RosMigration_ws/install/my_robot_interfaces/share/my_robot_interfaces/cmake/my_robot_interfaces__rosidl_typesupport_introspection_cExport-noconfig.cmake
[3.031s] -- Up-to-date: /home/drone/Documents/GitHub/RosMigration_ws/install/my_robot_interfaces/share/my_robot_interfaces/cmake/my_robot_interfaces__rosidl_typesupport_cExport.cmake
[3.031s] -- Up-to-date: /home/drone/Documents/GitHub/RosMigration_ws/install/my_robot_interfaces/share/my_robot_interfaces/cmake/my_robot_interfaces__rosidl_typesupport_cExport-noconfig.cmake
[3.032s] -- Up-to-date: /home/drone/Documents/GitHub/RosMigration_ws/install/my_robot_interfaces/share/my_robot_interfaces/cmake/export_my_robot_interfaces__rosidl_generator_cppExport.cmake
[3.032s] -- Up-to-date: /home/drone/Documents/GitHub/RosMigration_ws/install/my_robot_interfaces/share/my_robot_interfaces/cmake/export_my_robot_interfaces__rosidl_typesupport_fastrtps_cppExport.cmake
[3.032s] -- Up-to-date: /home/drone/Documents/GitHub/RosMigration_ws/install/my_robot_interfaces/share/my_robot_interfaces/cmake/export_my_robot_interfaces__rosidl_typesupport_fastrtps_cppExport-noconfig.cmake
[3.032s] -- Up-to-date: /home/drone/Documents/GitHub/RosMigration_ws/install/my_robot_interfaces/share/my_robot_interfaces/cmake/my_robot_interfaces__rosidl_typesupport_introspection_cppExport.cmake
[3.032s] -- Up-to-date: /home/drone/Documents/GitHub/RosMigration_ws/install/my_robot_interfaces/share/my_robot_interfaces/cmake/my_robot_interfaces__rosidl_typesupport_introspection_cppExport-noconfig.cmake
[3.032s] -- Up-to-date: /home/drone/Documents/GitHub/RosMigration_ws/install/my_robot_interfaces/share/my_robot_interfaces/cmake/my_robot_interfaces__rosidl_typesupport_cppExport.cmake
[3.033s] -- Up-to-date: /home/drone/Documents/GitHub/RosMigration_ws/install/my_robot_interfaces/share/my_robot_interfaces/cmake/my_robot_interfaces__rosidl_typesupport_cppExport-noconfig.cmake
[3.033s] -- Up-to-date: /home/drone/Documents/GitHub/RosMigration_ws/install/my_robot_interfaces/share/my_robot_interfaces/cmake/export_my_robot_interfaces__rosidl_generator_pyExport.cmake
[3.033s] -- Up-to-date: /home/drone/Documents/GitHub/RosMigration_ws/install/my_robot_interfaces/share/my_robot_interfaces/cmake/export_my_robot_interfaces__rosidl_generator_pyExport-noconfig.cmake
[3.033s] -- Installing: /home/drone/Documents/GitHub/RosMigration_ws/install/my_robot_interfaces/share/my_robot_interfaces/cmake/rosidl_cmake-extras.cmake
[3.033s] -- Up-to-date: /home/drone/Documents/GitHub/RosMigration_ws/install/my_robot_interfaces/share/my_robot_interfaces/cmake/ament_cmake_export_include_directories-extras.cmake
[3.033s] -- Up-to-date: /home/drone/Documents/GitHub/RosMigration_ws/install/my_robot_interfaces/share/my_robot_interfaces/cmake/ament_cmake_export_libraries-extras.cmake
[3.034s] -- Up-to-date: /home/drone/Documents/GitHub/RosMigration_ws/install/my_robot_interfaces/share/my_robot_interfaces/cmake/ament_cmake_export_targets-extras.cmake
[3.034s] -- Up-to-date: /home/drone/Documents/GitHub/RosMigration_ws/install/my_robot_interfaces/share/my_robot_interfaces/cmake/rosidl_cmake_export_typesupport_targets-extras.cmake
[3.034s] -- Up-to-date: /home/drone/Documents/GitHub/RosMigration_ws/install/my_robot_interfaces/share/my_robot_interfaces/cmake/ament_cmake_export_dependencies-extras.cmake
[3.034s] -- Up-to-date: /home/drone/Documents/GitHub/RosMigration_ws/install/my_robot_interfaces/share/my_robot_interfaces/cmake/rosidl_cmake_export_typesupport_libraries-extras.cmake
[3.034s] -- Up-to-date: /home/drone/Documents/GitHub/RosMigration_ws/install/my_robot_interfaces/share/my_robot_interfaces/cmake/my_robot_interfacesConfig.cmake
[3.034s] -- Up-to-date: /home/drone/Documents/GitHub/RosMigration_ws/install/my_robot_interfaces/share/my_robot_interfaces/cmake/my_robot_interfacesConfig-version.cmake
[3.035s] -- Up-to-date: /home/drone/Documents/GitHub/RosMigration_ws/install/my_robot_interfaces/share/my_robot_interfaces/package.xml
[3.037s] Invoked command in '/home/drone/Documents/GitHub/RosMigration_ws/build/my_robot_interfaces' returned '0': CMAKE_PREFIX_PATH=${CMAKE_PREFIX_PATH}:/home/drone/Documents/GitHub/AAU_P4_MONITOR_DRONE/ros2_ws/install/my_robot_controller:/opt/ros/humble /usr/bin/cmake --install /home/drone/Documents/GitHub/RosMigration_ws/build/my_robot_interfaces
