[1.391s] Invoking command in '/home/ros2/Desktop/ros2_ws/src/my_robot_controller': PYTHONPATH=/home/ros2/Desktop/ros2_ws/build/my_robot_controller/prefix_override:/home/ros2/Desktop/ros2_ws/install/my_robot_controller/lib/python3.10/site-packages:${PYTHONPATH} /usr/bin/python3 setup.py egg_info --egg-base ../../build/my_robot_controller build --build-base /home/ros2/Desktop/ros2_ws/build/my_robot_controller/build install --record /home/ros2/Desktop/ros2_ws/build/my_robot_controller/install.log --single-version-externally-managed
[2.051s] running egg_info
[2.051s] writing ../../build/my_robot_controller/my_robot_controller.egg-info/PKG-INFO
[2.051s] writing dependency_links to ../../build/my_robot_controller/my_robot_controller.egg-info/dependency_links.txt
[2.052s] writing entry points to ../../build/my_robot_controller/my_robot_controller.egg-info/entry_points.txt
[2.052s] writing requirements to ../../build/my_robot_controller/my_robot_controller.egg-info/requires.txt
[2.052s] writing top-level names to ../../build/my_robot_controller/my_robot_controller.egg-info/top_level.txt
[2.061s] reading manifest file '../../build/my_robot_controller/my_robot_controller.egg-info/SOURCES.txt'
[2.062s] writing manifest file '../../build/my_robot_controller/my_robot_controller.egg-info/SOURCES.txt'
[2.062s] running build
[2.062s] running build_py
[2.062s] running install
[2.063s] running install_lib
[2.063s] running install_data
[2.063s] running install_egg_info
[2.065s] removing '/home/ros2/Desktop/ros2_ws/install/my_robot_controller/lib/python3.10/site-packages/my_robot_controller-0.0.0-py3.10.egg-info' (and everything under it)
[2.076s] Copying ../../build/my_robot_controller/my_robot_controller.egg-info to /home/ros2/Desktop/ros2_ws/install/my_robot_controller/lib/python3.10/site-packages/my_robot_controller-0.0.0-py3.10.egg-info
[2.076s] running install_scripts
[2.110s] Installing compare_listener script to /home/ros2/Desktop/ros2_ws/install/my_robot_controller/lib/my_robot_controller
[2.111s] Installing crazy_node script to /home/ros2/Desktop/ros2_ws/install/my_robot_controller/lib/my_robot_controller
[2.111s] Installing crazy_node_take_off script to /home/ros2/Desktop/ros2_ws/install/my_robot_controller/lib/my_robot_controller
[2.121s] Installing my_listener script to /home/ros2/Desktop/ros2_ws/install/my_robot_controller/lib/my_robot_controller
[2.121s] Installing my_talker script to /home/ros2/Desktop/ros2_ws/install/my_robot_controller/lib/my_robot_controller
[2.121s] Installing pathplanner_talker script to /home/ros2/Desktop/ros2_ws/install/my_robot_controller/lib/my_robot_controller
[2.122s] Installing test_node script to /home/ros2/Desktop/ros2_ws/install/my_robot_controller/lib/my_robot_controller
[2.122s] Installing test_node2 script to /home/ros2/Desktop/ros2_ws/install/my_robot_controller/lib/my_robot_controller
[2.122s] Installing vicon_talker script to /home/ros2/Desktop/ros2_ws/install/my_robot_controller/lib/my_robot_controller
[2.122s] writing list of installed files to '/home/ros2/Desktop/ros2_ws/build/my_robot_controller/install.log'
