[0.820s] Invoking command in '/home/frederik/Documents/P4/AAU_P4_MONITOR_DRONE/ros2_ws/src/my_robot_controller': PYTHONPATH=/home/frederik/Documents/P4/AAU_P4_MONITOR_DRONE/ros2_ws/build/my_robot_controller/prefix_override:/home/frederik/Documents/P4/AAU_P4_MONITOR_DRONE/ros2_ws/install/my_robot_controller/lib/python3.10/site-packages:${PYTHONPATH} /usr/bin/python3 -W ignore:setup.py install is deprecated setup.py egg_info --egg-base ../../build/my_robot_controller build --build-base /home/frederik/Documents/P4/AAU_P4_MONITOR_DRONE/ros2_ws/build/my_robot_controller/build install --record /home/frederik/Documents/P4/AAU_P4_MONITOR_DRONE/ros2_ws/build/my_robot_controller/install.log --single-version-externally-managed install_data
[1.136s] running egg_info
[1.137s] writing ../../build/my_robot_controller/my_robot_controller.egg-info/PKG-INFO
[1.138s] writing dependency_links to ../../build/my_robot_controller/my_robot_controller.egg-info/dependency_links.txt
[1.138s] writing entry points to ../../build/my_robot_controller/my_robot_controller.egg-info/entry_points.txt
[1.139s] writing requirements to ../../build/my_robot_controller/my_robot_controller.egg-info/requires.txt
[1.139s] writing top-level names to ../../build/my_robot_controller/my_robot_controller.egg-info/top_level.txt
[1.142s] reading manifest file '../../build/my_robot_controller/my_robot_controller.egg-info/SOURCES.txt'
[1.143s] writing manifest file '../../build/my_robot_controller/my_robot_controller.egg-info/SOURCES.txt'
[1.143s] running build
[1.143s] running build_py
[1.144s] running install
[1.144s] running install_lib
[1.146s] running install_data
[1.146s] running install_egg_info
[1.148s] removing '/home/frederik/Documents/P4/AAU_P4_MONITOR_DRONE/ros2_ws/install/my_robot_controller/lib/python3.10/site-packages/my_robot_controller-0.0.0-py3.10.egg-info' (and everything under it)
[1.149s] Copying ../../build/my_robot_controller/my_robot_controller.egg-info to /home/frederik/Documents/P4/AAU_P4_MONITOR_DRONE/ros2_ws/install/my_robot_controller/lib/python3.10/site-packages/my_robot_controller-0.0.0-py3.10.egg-info
[1.150s] running install_scripts
[1.177s] Installing crazy_node script to /home/frederik/Documents/P4/AAU_P4_MONITOR_DRONE/ros2_ws/install/my_robot_controller/lib/my_robot_controller
[1.177s] Installing crazy_node_take_off script to /home/frederik/Documents/P4/AAU_P4_MONITOR_DRONE/ros2_ws/install/my_robot_controller/lib/my_robot_controller
[1.177s] Installing my_listener script to /home/frederik/Documents/P4/AAU_P4_MONITOR_DRONE/ros2_ws/install/my_robot_controller/lib/my_robot_controller
[1.178s] Installing my_talker script to /home/frederik/Documents/P4/AAU_P4_MONITOR_DRONE/ros2_ws/install/my_robot_controller/lib/my_robot_controller
[1.178s] Installing test_node script to /home/frederik/Documents/P4/AAU_P4_MONITOR_DRONE/ros2_ws/install/my_robot_controller/lib/my_robot_controller
[1.178s] Installing test_node2 script to /home/frederik/Documents/P4/AAU_P4_MONITOR_DRONE/ros2_ws/install/my_robot_controller/lib/my_robot_controller
[1.178s] writing list of installed files to '/home/frederik/Documents/P4/AAU_P4_MONITOR_DRONE/ros2_ws/build/my_robot_controller/install.log'
[1.211s] Invoked command in '/home/frederik/Documents/P4/AAU_P4_MONITOR_DRONE/ros2_ws/src/my_robot_controller' returned '0': PYTHONPATH=/home/frederik/Documents/P4/AAU_P4_MONITOR_DRONE/ros2_ws/build/my_robot_controller/prefix_override:/home/frederik/Documents/P4/AAU_P4_MONITOR_DRONE/ros2_ws/install/my_robot_controller/lib/python3.10/site-packages:${PYTHONPATH} /usr/bin/python3 -W ignore:setup.py install is deprecated setup.py egg_info --egg-base ../../build/my_robot_controller build --build-base /home/frederik/Documents/P4/AAU_P4_MONITOR_DRONE/ros2_ws/build/my_robot_controller/build install --record /home/frederik/Documents/P4/AAU_P4_MONITOR_DRONE/ros2_ws/build/my_robot_controller/install.log --single-version-externally-managed install_data
