[0.952s] Invoking command in '/home/drone/ros2_ws/build/my_robot_controller': PYTHONPATH=/home/drone/ros2_ws/build/my_robot_controller/prefix_override:/home/drone/ros2_ws/install/my_robot_controller/lib/python3.10/site-packages:${PYTHONPATH} /usr/bin/python3 -W ignore:setup.py install is deprecated setup.py develop --uninstall --editable --build-directory /home/drone/ros2_ws/build/my_robot_controller/build
[1.350s] running develop
[1.351s] /usr/lib/python3/dist-packages/setuptools/command/easy_install.py:158: EasyInstallDeprecationWarning: easy_install command is deprecated. Use build and pip and other standards-based tools.
[1.351s]   warnings.warn(
[1.608s] Removing /home/drone/ros2_ws/install/my_robot_controller/lib/python3.10/site-packages/my-robot-controller.egg-link (link to .)
[1.658s] Invoked command in '/home/drone/ros2_ws/build/my_robot_controller' returned '0': PYTHONPATH=/home/drone/ros2_ws/build/my_robot_controller/prefix_override:/home/drone/ros2_ws/install/my_robot_controller/lib/python3.10/site-packages:${PYTHONPATH} /usr/bin/python3 -W ignore:setup.py install is deprecated setup.py develop --uninstall --editable --build-directory /home/drone/ros2_ws/build/my_robot_controller/build
[1.661s] Invoking command in '/home/drone/ros2_ws/src/my_robot_controller': PYTHONPATH=/home/drone/ros2_ws/build/my_robot_controller/prefix_override:/home/drone/ros2_ws/install/my_robot_controller/lib/python3.10/site-packages:${PYTHONPATH} /usr/bin/python3 -W ignore:setup.py install is deprecated setup.py egg_info --egg-base ../../build/my_robot_controller build --build-base /home/drone/ros2_ws/build/my_robot_controller/build install --record /home/drone/ros2_ws/build/my_robot_controller/install.log --single-version-externally-managed install_data --force
[2.041s] running egg_info
[2.042s] writing ../../build/my_robot_controller/my_robot_controller.egg-info/PKG-INFO
[2.043s] writing dependency_links to ../../build/my_robot_controller/my_robot_controller.egg-info/dependency_links.txt
[2.043s] writing entry points to ../../build/my_robot_controller/my_robot_controller.egg-info/entry_points.txt
[2.043s] writing requirements to ../../build/my_robot_controller/my_robot_controller.egg-info/requires.txt
[2.044s] writing top-level names to ../../build/my_robot_controller/my_robot_controller.egg-info/top_level.txt
[2.047s] reading manifest file '../../build/my_robot_controller/my_robot_controller.egg-info/SOURCES.txt'
[2.048s] writing manifest file '../../build/my_robot_controller/my_robot_controller.egg-info/SOURCES.txt'
[2.049s] running build
[2.049s] running build_py
[2.049s] copying my_robot_controller/my_first_node.py -> /home/drone/ros2_ws/build/my_robot_controller/build/lib/my_robot_controller
[2.050s] copying my_robot_controller/my_seccond_node.py -> /home/drone/ros2_ws/build/my_robot_controller/build/lib/my_robot_controller
[2.050s] running install
[2.050s] running install_lib
[2.052s] creating /home/drone/ros2_ws/install/my_robot_controller/lib/python3.10/site-packages/my_robot_controller
[2.052s] copying /home/drone/ros2_ws/build/my_robot_controller/build/lib/my_robot_controller/my_first_node.py -> /home/drone/ros2_ws/install/my_robot_controller/lib/python3.10/site-packages/my_robot_controller
[2.052s] copying /home/drone/ros2_ws/build/my_robot_controller/build/lib/my_robot_controller/__init__.py -> /home/drone/ros2_ws/install/my_robot_controller/lib/python3.10/site-packages/my_robot_controller
[2.052s] copying /home/drone/ros2_ws/build/my_robot_controller/build/lib/my_robot_controller/my_seccond_node.py -> /home/drone/ros2_ws/install/my_robot_controller/lib/python3.10/site-packages/my_robot_controller
[2.053s] byte-compiling /home/drone/ros2_ws/install/my_robot_controller/lib/python3.10/site-packages/my_robot_controller/my_first_node.py to my_first_node.cpython-310.pyc
[2.054s] byte-compiling /home/drone/ros2_ws/install/my_robot_controller/lib/python3.10/site-packages/my_robot_controller/__init__.py to __init__.cpython-310.pyc
[2.054s] byte-compiling /home/drone/ros2_ws/install/my_robot_controller/lib/python3.10/site-packages/my_robot_controller/my_seccond_node.py to my_seccond_node.cpython-310.pyc
[2.054s] running install_data
[2.055s] copying resource/my_robot_controller -> /home/drone/ros2_ws/install/my_robot_controller/share/ament_index/resource_index/packages
[2.055s] copying package.xml -> /home/drone/ros2_ws/install/my_robot_controller/share/my_robot_controller
[2.055s] running install_egg_info
[2.058s] Copying ../../build/my_robot_controller/my_robot_controller.egg-info to /home/drone/ros2_ws/install/my_robot_controller/lib/python3.10/site-packages/my_robot_controller-0.0.0-py3.10.egg-info
[2.059s] running install_scripts
[2.092s] Installing test_node script to /home/drone/ros2_ws/install/my_robot_controller/lib/my_robot_controller
[2.092s] Installing test_node2 script to /home/drone/ros2_ws/install/my_robot_controller/lib/my_robot_controller
[2.093s] writing list of installed files to '/home/drone/ros2_ws/build/my_robot_controller/install.log'
[2.133s] Invoked command in '/home/drone/ros2_ws/src/my_robot_controller' returned '0': PYTHONPATH=/home/drone/ros2_ws/build/my_robot_controller/prefix_override:/home/drone/ros2_ws/install/my_robot_controller/lib/python3.10/site-packages:${PYTHONPATH} /usr/bin/python3 -W ignore:setup.py install is deprecated setup.py egg_info --egg-base ../../build/my_robot_controller build --build-base /home/drone/ros2_ws/build/my_robot_controller/build install --record /home/drone/ros2_ws/build/my_robot_controller/install.log --single-version-externally-managed install_data --force
