[0.824s] DEBUG:colcon:Command line arguments: ['/usr/bin/colcon', 'build']
[0.824s] DEBUG:colcon:Parsed command line arguments: Namespace(log_base=None, log_level=None, verb_name='build', build_base='build', install_base='install', merge_install=False, symlink_install=False, test_result_base=None, continue_on_error=False, executor='parallel', parallel_workers=1, event_handlers=None, ignore_user_meta=False, metas=['./colcon.meta'], base_paths=['.'], packages_ignore=None, packages_ignore_regex=None, paths=None, packages_up_to=None, packages_up_to_regex=None, packages_above=None, packages_above_and_dependencies=None, packages_above_depth=None, packages_select_by_dep=None, packages_skip_by_dep=None, packages_skip_up_to=None, packages_select_build_failed=False, packages_skip_build_finished=False, packages_select_test_failures=False, packages_skip_test_passed=False, packages_select=None, packages_skip=None, packages_select_regex=None, packages_skip_regex=None, packages_start=None, packages_end=None, allow_overriding=[], cmake_args=None, cmake_target=None, cmake_target_skip_unavailable=False, cmake_clean_cache=False, cmake_clean_first=False, cmake_force_configure=False, ament_cmake_args=None, catkin_cmake_args=None, catkin_skip_building_tests=False, verb_parser=<colcon_defaults.argument_parser.defaults.DefaultArgumentsDecorator object at 0x7f25f0deb610>, verb_extension=<colcon_core.verb.build.BuildVerb object at 0x7f25f0a98640>, main=<bound method BuildVerb.main of <colcon_core.verb.build.BuildVerb object at 0x7f25f0a98640>>)
[0.948s] Level 1:colcon.colcon_core.package_discovery:discover_packages(colcon_meta) check parameters
[0.948s] Level 1:colcon.colcon_core.package_discovery:discover_packages(recursive) check parameters
[0.948s] Level 1:colcon.colcon_core.package_discovery:discover_packages(ignore) check parameters
[0.948s] Level 1:colcon.colcon_core.package_discovery:discover_packages(path) check parameters
[0.948s] Level 1:colcon.colcon_core.package_discovery:discover_packages(colcon_meta) discover
[0.948s] Level 1:colcon.colcon_core.package_discovery:discover_packages(recursive) discover
[0.949s] INFO:colcon.colcon_core.package_discovery:Crawling recursively for packages in '/home/ros2/Desktop/ros2_ws'
[0.949s] Level 1:colcon.colcon_core.package_identification:_identify(.) by extensions ['ignore', 'ignore_ament_install']
[0.949s] Level 1:colcon.colcon_core.package_identification:_identify(.) by extension 'ignore'
[0.949s] Level 1:colcon.colcon_core.package_identification:_identify(.) by extension 'ignore_ament_install'
[0.949s] Level 1:colcon.colcon_core.package_identification:_identify(.) by extensions ['colcon_pkg']
[0.949s] Level 1:colcon.colcon_core.package_identification:_identify(.) by extension 'colcon_pkg'
[0.949s] Level 1:colcon.colcon_core.package_identification:_identify(.) by extensions ['colcon_meta']
[0.949s] Level 1:colcon.colcon_core.package_identification:_identify(.) by extension 'colcon_meta'
[0.949s] Level 1:colcon.colcon_core.package_identification:_identify(.) by extensions ['ros']
[0.949s] Level 1:colcon.colcon_core.package_identification:_identify(.) by extension 'ros'
[1.017s] Level 1:colcon.colcon_core.package_identification:_identify(.) by extensions ['cmake', 'python']
[1.017s] Level 1:colcon.colcon_core.package_identification:_identify(.) by extension 'cmake'
[1.017s] Level 1:colcon.colcon_core.package_identification:_identify(.) by extension 'python'
[1.017s] Level 1:colcon.colcon_core.package_identification:_identify(.) by extensions ['python_setup_py']
[1.017s] Level 1:colcon.colcon_core.package_identification:_identify(.) by extension 'python_setup_py'
[1.018s] Level 1:colcon.colcon_core.package_identification:_identify(build) by extensions ['ignore', 'ignore_ament_install']
[1.018s] Level 1:colcon.colcon_core.package_identification:_identify(build) by extension 'ignore'
[1.018s] Level 1:colcon.colcon_core.package_identification:_identify(build) ignored
[1.018s] Level 1:colcon.colcon_core.package_identification:_identify(cache) by extensions ['ignore', 'ignore_ament_install']
[1.018s] Level 1:colcon.colcon_core.package_identification:_identify(cache) by extension 'ignore'
[1.018s] Level 1:colcon.colcon_core.package_identification:_identify(cache) by extension 'ignore_ament_install'
[1.018s] Level 1:colcon.colcon_core.package_identification:_identify(cache) by extensions ['colcon_pkg']
[1.018s] Level 1:colcon.colcon_core.package_identification:_identify(cache) by extension 'colcon_pkg'
[1.018s] Level 1:colcon.colcon_core.package_identification:_identify(cache) by extensions ['colcon_meta']
[1.018s] Level 1:colcon.colcon_core.package_identification:_identify(cache) by extension 'colcon_meta'
[1.019s] Level 1:colcon.colcon_core.package_identification:_identify(cache) by extensions ['ros']
[1.019s] Level 1:colcon.colcon_core.package_identification:_identify(cache) by extension 'ros'
[1.019s] Level 1:colcon.colcon_core.package_identification:_identify(cache) by extensions ['cmake', 'python']
[1.019s] Level 1:colcon.colcon_core.package_identification:_identify(cache) by extension 'cmake'
[1.019s] Level 1:colcon.colcon_core.package_identification:_identify(cache) by extension 'python'
[1.019s] Level 1:colcon.colcon_core.package_identification:_identify(cache) by extensions ['python_setup_py']
[1.019s] Level 1:colcon.colcon_core.package_identification:_identify(cache) by extension 'python_setup_py'
[1.019s] Level 1:colcon.colcon_core.package_identification:_identify(install) by extensions ['ignore', 'ignore_ament_install']
[1.019s] Level 1:colcon.colcon_core.package_identification:_identify(install) by extension 'ignore'
[1.019s] Level 1:colcon.colcon_core.package_identification:_identify(install) ignored
[1.020s] Level 1:colcon.colcon_core.package_identification:_identify(log) by extensions ['ignore', 'ignore_ament_install']
[1.020s] Level 1:colcon.colcon_core.package_identification:_identify(log) by extension 'ignore'
[1.020s] Level 1:colcon.colcon_core.package_identification:_identify(log) ignored
[1.020s] Level 1:colcon.colcon_core.package_identification:_identify(src) by extensions ['ignore', 'ignore_ament_install']
[1.020s] Level 1:colcon.colcon_core.package_identification:_identify(src) by extension 'ignore'
[1.020s] Level 1:colcon.colcon_core.package_identification:_identify(src) by extension 'ignore_ament_install'
[1.020s] Level 1:colcon.colcon_core.package_identification:_identify(src) by extensions ['colcon_pkg']
[1.020s] Level 1:colcon.colcon_core.package_identification:_identify(src) by extension 'colcon_pkg'
[1.020s] Level 1:colcon.colcon_core.package_identification:_identify(src) by extensions ['colcon_meta']
[1.020s] Level 1:colcon.colcon_core.package_identification:_identify(src) by extension 'colcon_meta'
[1.020s] Level 1:colcon.colcon_core.package_identification:_identify(src) by extensions ['ros']
[1.020s] Level 1:colcon.colcon_core.package_identification:_identify(src) by extension 'ros'
[1.021s] Level 1:colcon.colcon_core.package_identification:_identify(src) by extensions ['cmake', 'python']
[1.021s] Level 1:colcon.colcon_core.package_identification:_identify(src) by extension 'cmake'
[1.021s] Level 1:colcon.colcon_core.package_identification:_identify(src) by extension 'python'
[1.021s] Level 1:colcon.colcon_core.package_identification:_identify(src) by extensions ['python_setup_py']
[1.021s] Level 1:colcon.colcon_core.package_identification:_identify(src) by extension 'python_setup_py'
[1.021s] Level 1:colcon.colcon_core.package_identification:_identify(src/cache) by extensions ['ignore', 'ignore_ament_install']
[1.021s] Level 1:colcon.colcon_core.package_identification:_identify(src/cache) by extension 'ignore'
[1.021s] Level 1:colcon.colcon_core.package_identification:_identify(src/cache) by extension 'ignore_ament_install'
[1.021s] Level 1:colcon.colcon_core.package_identification:_identify(src/cache) by extensions ['colcon_pkg']
[1.021s] Level 1:colcon.colcon_core.package_identification:_identify(src/cache) by extension 'colcon_pkg'
[1.021s] Level 1:colcon.colcon_core.package_identification:_identify(src/cache) by extensions ['colcon_meta']
[1.021s] Level 1:colcon.colcon_core.package_identification:_identify(src/cache) by extension 'colcon_meta'
[1.021s] Level 1:colcon.colcon_core.package_identification:_identify(src/cache) by extensions ['ros']
[1.022s] Level 1:colcon.colcon_core.package_identification:_identify(src/cache) by extension 'ros'
[1.022s] Level 1:colcon.colcon_core.package_identification:_identify(src/cache) by extensions ['cmake', 'python']
[1.022s] Level 1:colcon.colcon_core.package_identification:_identify(src/cache) by extension 'cmake'
[1.022s] Level 1:colcon.colcon_core.package_identification:_identify(src/cache) by extension 'python'
[1.022s] Level 1:colcon.colcon_core.package_identification:_identify(src/cache) by extensions ['python_setup_py']
[1.022s] Level 1:colcon.colcon_core.package_identification:_identify(src/cache) by extension 'python_setup_py'
[1.022s] Level 1:colcon.colcon_core.package_identification:_identify(src/my_robot_controller) by extensions ['ignore', 'ignore_ament_install']
[1.022s] Level 1:colcon.colcon_core.package_identification:_identify(src/my_robot_controller) by extension 'ignore'
[1.022s] Level 1:colcon.colcon_core.package_identification:_identify(src/my_robot_controller) by extension 'ignore_ament_install'
[1.022s] Level 1:colcon.colcon_core.package_identification:_identify(src/my_robot_controller) by extensions ['colcon_pkg']
[1.022s] Level 1:colcon.colcon_core.package_identification:_identify(src/my_robot_controller) by extension 'colcon_pkg'
[1.022s] Level 1:colcon.colcon_core.package_identification:_identify(src/my_robot_controller) by extensions ['colcon_meta']
[1.022s] Level 1:colcon.colcon_core.package_identification:_identify(src/my_robot_controller) by extension 'colcon_meta'
[1.023s] Level 1:colcon.colcon_core.package_identification:_identify(src/my_robot_controller) by extensions ['ros']
[1.023s] Level 1:colcon.colcon_core.package_identification:_identify(src/my_robot_controller) by extension 'ros'
[1.052s] DEBUG:colcon.colcon_core.package_identification:Package 'src/my_robot_controller' with type 'ros.ament_python' and name 'my_robot_controller'
[1.052s] Level 1:colcon.colcon_core.package_identification:_identify(src/my_robot_interfaces) by extensions ['ignore', 'ignore_ament_install']
[1.053s] Level 1:colcon.colcon_core.package_identification:_identify(src/my_robot_interfaces) by extension 'ignore'
[1.053s] Level 1:colcon.colcon_core.package_identification:_identify(src/my_robot_interfaces) by extension 'ignore_ament_install'
[1.053s] Level 1:colcon.colcon_core.package_identification:_identify(src/my_robot_interfaces) by extensions ['colcon_pkg']
[1.053s] Level 1:colcon.colcon_core.package_identification:_identify(src/my_robot_interfaces) by extension 'colcon_pkg'
[1.053s] Level 1:colcon.colcon_core.package_identification:_identify(src/my_robot_interfaces) by extensions ['colcon_meta']
[1.053s] Level 1:colcon.colcon_core.package_identification:_identify(src/my_robot_interfaces) by extension 'colcon_meta'
[1.053s] Level 1:colcon.colcon_core.package_identification:_identify(src/my_robot_interfaces) by extensions ['ros']
[1.053s] Level 1:colcon.colcon_core.package_identification:_identify(src/my_robot_interfaces) by extension 'ros'
[1.054s] DEBUG:colcon.colcon_core.package_identification:Package 'src/my_robot_interfaces' with type 'ros.ament_cmake' and name 'my_robot_interfaces'
[1.054s] Level 1:colcon.colcon_core.package_discovery:discover_packages(recursive) using defaults
[1.054s] Level 1:colcon.colcon_core.package_discovery:discover_packages(ignore) discover
[1.054s] Level 1:colcon.colcon_core.package_discovery:discover_packages(ignore) using defaults
[1.054s] Level 1:colcon.colcon_core.package_discovery:discover_packages(path) discover
[1.054s] Level 1:colcon.colcon_core.package_discovery:discover_packages(path) using defaults
[1.197s] Level 1:colcon.colcon_core.package_discovery:discover_packages(prefix_path) check parameters
[1.197s] Level 1:colcon.colcon_core.package_discovery:discover_packages(prefix_path) discover
[1.202s] DEBUG:colcon.colcon_installed_package_information.package_discovery:Found 2 installed packages in /home/ros2/Desktop/ros2_ws/install
[1.203s] DEBUG:colcon.colcon_installed_package_information.package_discovery:Found 1 installed packages in /home/ros2/ros2_ws/install
[1.207s] DEBUG:colcon.colcon_installed_package_information.package_discovery:Found 270 installed packages in /opt/ros/humble
[1.210s] Level 1:colcon.colcon_core.package_discovery:discover_packages(prefix_path) using defaults
[1.480s] Level 5:colcon.colcon_core.verb:set package 'my_robot_interfaces' build argument 'cmake_args' from command line to 'None'
[1.490s] Level 5:colcon.colcon_core.verb:set package 'my_robot_interfaces' build argument 'cmake_target' from command line to 'None'
[1.490s] Level 5:colcon.colcon_core.verb:set package 'my_robot_interfaces' build argument 'cmake_target_skip_unavailable' from command line to 'False'
[1.490s] Level 5:colcon.colcon_core.verb:set package 'my_robot_interfaces' build argument 'cmake_clean_cache' from command line to 'False'
[1.490s] Level 5:colcon.colcon_core.verb:set package 'my_robot_interfaces' build argument 'cmake_clean_first' from command line to 'False'
[1.490s] Level 5:colcon.colcon_core.verb:set package 'my_robot_interfaces' build argument 'cmake_force_configure' from command line to 'False'
[1.490s] Level 5:colcon.colcon_core.verb:set package 'my_robot_interfaces' build argument 'ament_cmake_args' from command line to 'None'
[1.490s] Level 5:colcon.colcon_core.verb:set package 'my_robot_interfaces' build argument 'catkin_cmake_args' from command line to 'None'
[1.490s] Level 5:colcon.colcon_core.verb:set package 'my_robot_interfaces' build argument 'catkin_skip_building_tests' from command line to 'False'
[1.490s] DEBUG:colcon.colcon_core.verb:Building package 'my_robot_interfaces' with the following arguments: {'ament_cmake_args': None, 'build_base': '/home/ros2/Desktop/ros2_ws/build/my_robot_interfaces', 'catkin_cmake_args': None, 'catkin_skip_building_tests': False, 'cmake_args': None, 'cmake_clean_cache': False, 'cmake_clean_first': False, 'cmake_force_configure': False, 'cmake_target': None, 'cmake_target_skip_unavailable': False, 'install_base': '/home/ros2/Desktop/ros2_ws/install/my_robot_interfaces', 'merge_install': False, 'path': '/home/ros2/Desktop/ros2_ws/src/my_robot_interfaces', 'symlink_install': False, 'test_result_base': None}
[1.492s] Level 5:colcon.colcon_core.verb:set package 'my_robot_controller' build argument 'cmake_args' from command line to 'None'
[1.492s] Level 5:colcon.colcon_core.verb:set package 'my_robot_controller' build argument 'cmake_target' from command line to 'None'
[1.492s] Level 5:colcon.colcon_core.verb:set package 'my_robot_controller' build argument 'cmake_target_skip_unavailable' from command line to 'False'
[1.492s] Level 5:colcon.colcon_core.verb:set package 'my_robot_controller' build argument 'cmake_clean_cache' from command line to 'False'
[1.493s] Level 5:colcon.colcon_core.verb:set package 'my_robot_controller' build argument 'cmake_clean_first' from command line to 'False'
[1.493s] Level 5:colcon.colcon_core.verb:set package 'my_robot_controller' build argument 'cmake_force_configure' from command line to 'False'
[1.493s] Level 5:colcon.colcon_core.verb:set package 'my_robot_controller' build argument 'ament_cmake_args' from command line to 'None'
[1.493s] Level 5:colcon.colcon_core.verb:set package 'my_robot_controller' build argument 'catkin_cmake_args' from command line to 'None'
[1.493s] Level 5:colcon.colcon_core.verb:set package 'my_robot_controller' build argument 'catkin_skip_building_tests' from command line to 'False'
[1.493s] DEBUG:colcon.colcon_core.verb:Building package 'my_robot_controller' with the following arguments: {'ament_cmake_args': None, 'build_base': '/home/ros2/Desktop/ros2_ws/build/my_robot_controller', 'catkin_cmake_args': None, 'catkin_skip_building_tests': False, 'cmake_args': None, 'cmake_clean_cache': False, 'cmake_clean_first': False, 'cmake_force_configure': False, 'cmake_target': None, 'cmake_target_skip_unavailable': False, 'install_base': '/home/ros2/Desktop/ros2_ws/install/my_robot_controller', 'merge_install': False, 'path': '/home/ros2/Desktop/ros2_ws/src/my_robot_controller', 'symlink_install': False, 'test_result_base': None}
[1.494s] INFO:colcon.colcon_core.executor:Executing jobs using 'parallel' executor
[1.506s] DEBUG:colcon.colcon_parallel_executor.executor.parallel:run_until_complete
[1.507s] INFO:colcon.colcon_ros.task.ament_cmake.build:Building ROS package in '/home/ros2/Desktop/ros2_ws/src/my_robot_interfaces' with build type 'ament_cmake'
[1.507s] INFO:colcon.colcon_cmake.task.cmake.build:Building CMake package in '/home/ros2/Desktop/ros2_ws/src/my_robot_interfaces'
[1.513s] INFO:colcon.colcon_core.plugin_system:Skipping extension 'colcon_core.shell.bat': Not used on non-Windows systems
[1.513s] INFO:colcon.colcon_core.shell:Skip shell extension 'powershell' for command environment: Not usable outside of PowerShell
[1.513s] DEBUG:colcon.colcon_core.shell:Skip shell extension 'dsv' for command environment
[1.561s] DEBUG:colcon.colcon_core.event_handler.log_command:Invoking command in '/home/ros2/Desktop/ros2_ws/build/my_robot_interfaces': CMAKE_PREFIX_PATH=${CMAKE_PREFIX_PATH}:/home/ros2/Desktop/ros2_ws/install/my_robot_controller:/home/ros2/ros2_ws/install/my_robot_controller:/opt/ros/humble /usr/bin/cmake --build /home/ros2/Desktop/ros2_ws/build/my_robot_interfaces -- -j1 -l1
[3.769s] DEBUG:colcon.colcon_core.event_handler.log_command:Invoked command in '/home/ros2/Desktop/ros2_ws/build/my_robot_interfaces' returned '0': CMAKE_PREFIX_PATH=${CMAKE_PREFIX_PATH}:/home/ros2/Desktop/ros2_ws/install/my_robot_controller:/home/ros2/ros2_ws/install/my_robot_controller:/opt/ros/humble /usr/bin/cmake --build /home/ros2/Desktop/ros2_ws/build/my_robot_interfaces -- -j1 -l1
[4.055s] DEBUG:colcon.colcon_core.event_handler.log_command:Invoking command in '/home/ros2/Desktop/ros2_ws/build/my_robot_interfaces': CMAKE_PREFIX_PATH=${CMAKE_PREFIX_PATH}:/home/ros2/Desktop/ros2_ws/install/my_robot_controller:/home/ros2/ros2_ws/install/my_robot_controller:/opt/ros/humble /usr/bin/cmake --install /home/ros2/Desktop/ros2_ws/build/my_robot_interfaces
[4.328s] Level 1:colcon.colcon_core.environment:create_environment_scripts_only(my_robot_interfaces)
[4.336s] Level 1:colcon.colcon_core.environment:checking '/home/ros2/Desktop/ros2_ws/install/my_robot_interfaces' for CMake module files
[4.337s] Level 1:colcon.colcon_core.environment:checking '/home/ros2/Desktop/ros2_ws/install/my_robot_interfaces' for CMake config files
[4.338s] Level 1:colcon.colcon_core.shell:create_environment_hook('my_robot_interfaces', 'cmake_prefix_path')
[4.373s] INFO:colcon.colcon_core.shell:Creating environment hook '/home/ros2/Desktop/ros2_ws/install/my_robot_interfaces/share/my_robot_interfaces/hook/cmake_prefix_path.ps1'
[4.374s] DEBUG:colcon.colcon_core.event_handler.log_command:Invoked command in '/home/ros2/Desktop/ros2_ws/build/my_robot_interfaces' returned '0': CMAKE_PREFIX_PATH=${CMAKE_PREFIX_PATH}:/home/ros2/Desktop/ros2_ws/install/my_robot_controller:/home/ros2/ros2_ws/install/my_robot_controller:/opt/ros/humble /usr/bin/cmake --install /home/ros2/Desktop/ros2_ws/build/my_robot_interfaces
[4.375s] INFO:colcon.colcon_core.shell:Creating environment descriptor '/home/ros2/Desktop/ros2_ws/install/my_robot_interfaces/share/my_robot_interfaces/hook/cmake_prefix_path.dsv'
[4.375s] INFO:colcon.colcon_core.shell:Creating environment hook '/home/ros2/Desktop/ros2_ws/install/my_robot_interfaces/share/my_robot_interfaces/hook/cmake_prefix_path.sh'
[4.377s] Level 1:colcon.colcon_core.environment:checking '/home/ros2/Desktop/ros2_ws/install/my_robot_interfaces/lib'
[4.377s] Level 1:colcon.colcon_core.shell:create_environment_hook('my_robot_interfaces', 'ld_library_path_lib')
[4.379s] INFO:colcon.colcon_core.shell:Creating environment hook '/home/ros2/Desktop/ros2_ws/install/my_robot_interfaces/share/my_robot_interfaces/hook/ld_library_path_lib.ps1'
[4.380s] INFO:colcon.colcon_core.shell:Creating environment descriptor '/home/ros2/Desktop/ros2_ws/install/my_robot_interfaces/share/my_robot_interfaces/hook/ld_library_path_lib.dsv'
[4.388s] INFO:colcon.colcon_core.shell:Creating environment hook '/home/ros2/Desktop/ros2_ws/install/my_robot_interfaces/share/my_robot_interfaces/hook/ld_library_path_lib.sh'
[4.389s] Level 1:colcon.colcon_core.environment:checking '/home/ros2/Desktop/ros2_ws/install/my_robot_interfaces/bin'
[4.389s] Level 1:colcon.colcon_core.environment:checking '/home/ros2/Desktop/ros2_ws/install/my_robot_interfaces/lib/pkgconfig/my_robot_interfaces.pc'
[4.390s] Level 1:colcon.colcon_core.environment:checking '/home/ros2/Desktop/ros2_ws/install/my_robot_interfaces/lib/python3.10/site-packages'
[4.390s] Level 1:colcon.colcon_core.environment:checking '/home/ros2/Desktop/ros2_ws/install/my_robot_interfaces/bin'
[4.393s] INFO:colcon.colcon_core.shell:Creating package script '/home/ros2/Desktop/ros2_ws/install/my_robot_interfaces/share/my_robot_interfaces/package.ps1'
[4.394s] INFO:colcon.colcon_core.shell:Creating package descriptor '/home/ros2/Desktop/ros2_ws/install/my_robot_interfaces/share/my_robot_interfaces/package.dsv'
[4.396s] INFO:colcon.colcon_core.shell:Creating package script '/home/ros2/Desktop/ros2_ws/install/my_robot_interfaces/share/my_robot_interfaces/package.sh'
[4.406s] INFO:colcon.colcon_core.shell:Creating package script '/home/ros2/Desktop/ros2_ws/install/my_robot_interfaces/share/my_robot_interfaces/package.bash'
[4.407s] INFO:colcon.colcon_core.shell:Creating package script '/home/ros2/Desktop/ros2_ws/install/my_robot_interfaces/share/my_robot_interfaces/package.zsh'
[4.410s] Level 1:colcon.colcon_core.environment:create_file_with_runtime_dependencies(/home/ros2/Desktop/ros2_ws/install/my_robot_interfaces/share/colcon-core/packages/my_robot_interfaces)
[4.676s] Level 1:colcon.colcon_core.environment:create_environment_scripts_only(my_robot_interfaces)
[4.688s] Level 1:colcon.colcon_core.environment:checking '/home/ros2/Desktop/ros2_ws/install/my_robot_interfaces' for CMake module files
[4.689s] Level 1:colcon.colcon_core.environment:checking '/home/ros2/Desktop/ros2_ws/install/my_robot_interfaces' for CMake config files
[4.690s] Level 1:colcon.colcon_core.shell:create_environment_hook('my_robot_interfaces', 'cmake_prefix_path')
[4.698s] INFO:colcon.colcon_core.shell:Creating environment hook '/home/ros2/Desktop/ros2_ws/install/my_robot_interfaces/share/my_robot_interfaces/hook/cmake_prefix_path.ps1'
[4.699s] INFO:colcon.colcon_core.shell:Creating environment descriptor '/home/ros2/Desktop/ros2_ws/install/my_robot_interfaces/share/my_robot_interfaces/hook/cmake_prefix_path.dsv'
[4.699s] INFO:colcon.colcon_core.shell:Creating environment hook '/home/ros2/Desktop/ros2_ws/install/my_robot_interfaces/share/my_robot_interfaces/hook/cmake_prefix_path.sh'
[4.706s] Level 1:colcon.colcon_core.environment:checking '/home/ros2/Desktop/ros2_ws/install/my_robot_interfaces/lib'
[4.706s] Level 1:colcon.colcon_core.shell:create_environment_hook('my_robot_interfaces', 'ld_library_path_lib')
[4.708s] INFO:colcon.colcon_core.shell:Creating environment hook '/home/ros2/Desktop/ros2_ws/install/my_robot_interfaces/share/my_robot_interfaces/hook/ld_library_path_lib.ps1'
[4.709s] INFO:colcon.colcon_core.shell:Creating environment descriptor '/home/ros2/Desktop/ros2_ws/install/my_robot_interfaces/share/my_robot_interfaces/hook/ld_library_path_lib.dsv'
[4.712s] INFO:colcon.colcon_core.shell:Creating environment hook '/home/ros2/Desktop/ros2_ws/install/my_robot_interfaces/share/my_robot_interfaces/hook/ld_library_path_lib.sh'
[4.713s] Level 1:colcon.colcon_core.environment:checking '/home/ros2/Desktop/ros2_ws/install/my_robot_interfaces/bin'
[4.713s] Level 1:colcon.colcon_core.environment:checking '/home/ros2/Desktop/ros2_ws/install/my_robot_interfaces/lib/pkgconfig/my_robot_interfaces.pc'
[4.713s] Level 1:colcon.colcon_core.environment:checking '/home/ros2/Desktop/ros2_ws/install/my_robot_interfaces/lib/python3.10/site-packages'
[4.714s] Level 1:colcon.colcon_core.environment:checking '/home/ros2/Desktop/ros2_ws/install/my_robot_interfaces/bin'
[4.719s] INFO:colcon.colcon_core.shell:Creating package script '/home/ros2/Desktop/ros2_ws/install/my_robot_interfaces/share/my_robot_interfaces/package.ps1'
[4.723s] INFO:colcon.colcon_core.shell:Creating package descriptor '/home/ros2/Desktop/ros2_ws/install/my_robot_interfaces/share/my_robot_interfaces/package.dsv'
[4.724s] INFO:colcon.colcon_core.shell:Creating package script '/home/ros2/Desktop/ros2_ws/install/my_robot_interfaces/share/my_robot_interfaces/package.sh'
[4.728s] INFO:colcon.colcon_core.shell:Creating package script '/home/ros2/Desktop/ros2_ws/install/my_robot_interfaces/share/my_robot_interfaces/package.bash'
[4.729s] INFO:colcon.colcon_core.shell:Creating package script '/home/ros2/Desktop/ros2_ws/install/my_robot_interfaces/share/my_robot_interfaces/package.zsh'
[4.730s] Level 1:colcon.colcon_core.environment:create_file_with_runtime_dependencies(/home/ros2/Desktop/ros2_ws/install/my_robot_interfaces/share/colcon-core/packages/my_robot_interfaces)
[4.731s] INFO:colcon.colcon_ros.task.ament_python.build:Building ROS package in '/home/ros2/Desktop/ros2_ws/src/my_robot_controller' with build type 'ament_python'
[4.741s] Level 1:colcon.colcon_core.shell:create_environment_hook('my_robot_controller', 'ament_prefix_path')
[4.743s] INFO:colcon.colcon_core.shell:Creating environment hook '/home/ros2/Desktop/ros2_ws/install/my_robot_controller/share/my_robot_controller/hook/ament_prefix_path.ps1'
[4.752s] INFO:colcon.colcon_core.shell:Creating environment descriptor '/home/ros2/Desktop/ros2_ws/install/my_robot_controller/share/my_robot_controller/hook/ament_prefix_path.dsv'
[4.752s] INFO:colcon.colcon_core.shell:Creating environment hook '/home/ros2/Desktop/ros2_ws/install/my_robot_controller/share/my_robot_controller/hook/ament_prefix_path.sh'
[4.759s] INFO:colcon.colcon_core.shell:Skip shell extension 'powershell' for command environment: Not usable outside of PowerShell
[4.759s] DEBUG:colcon.colcon_core.shell:Skip shell extension 'dsv' for command environment
[6.048s] INFO:colcon.colcon_core.task.python.build:Building Python package in '/home/ros2/Desktop/ros2_ws/src/my_robot_controller'
[6.050s] INFO:colcon.colcon_core.shell:Skip shell extension 'powershell' for command environment: Not usable outside of PowerShell
[6.050s] DEBUG:colcon.colcon_core.shell:Skip shell extension 'dsv' for command environment
[7.730s] DEBUG:colcon.colcon_core.event_handler.log_command:Invoking command in '/home/ros2/Desktop/ros2_ws/src/my_robot_controller': PYTHONPATH=/home/ros2/Desktop/ros2_ws/build/my_robot_controller/prefix_override:/home/ros2/Desktop/ros2_ws/install/my_robot_controller/lib/python3.10/site-packages:${PYTHONPATH} /usr/bin/python3 setup.py egg_info --egg-base ../../build/my_robot_controller build --build-base /home/ros2/Desktop/ros2_ws/build/my_robot_controller/build install --record /home/ros2/Desktop/ros2_ws/build/my_robot_controller/install.log --single-version-externally-managed
[9.207s] Level 1:colcon.colcon_core.environment:checking '/home/ros2/Desktop/ros2_ws/install/my_robot_controller' for CMake module files
[9.214s] DEBUG:colcon.colcon_core.event_handler.log_command:Invoked command in '/home/ros2/Desktop/ros2_ws/src/my_robot_controller' returned '0': PYTHONPATH=/home/ros2/Desktop/ros2_ws/build/my_robot_controller/prefix_override:/home/ros2/Desktop/ros2_ws/install/my_robot_controller/lib/python3.10/site-packages:${PYTHONPATH} /usr/bin/python3 setup.py egg_info --egg-base ../../build/my_robot_controller build --build-base /home/ros2/Desktop/ros2_ws/build/my_robot_controller/build install --record /home/ros2/Desktop/ros2_ws/build/my_robot_controller/install.log --single-version-externally-managed
[9.215s] Level 1:colcon.colcon_core.environment:checking '/home/ros2/Desktop/ros2_ws/install/my_robot_controller' for CMake config files
[9.223s] Level 1:colcon.colcon_core.environment:checking '/home/ros2/Desktop/ros2_ws/install/my_robot_controller/lib'
[9.223s] Level 1:colcon.colcon_core.environment:checking '/home/ros2/Desktop/ros2_ws/install/my_robot_controller/bin'
[9.223s] Level 1:colcon.colcon_core.environment:checking '/home/ros2/Desktop/ros2_ws/install/my_robot_controller/lib/pkgconfig/my_robot_controller.pc'
[9.223s] Level 1:colcon.colcon_core.environment:checking '/home/ros2/Desktop/ros2_ws/install/my_robot_controller/lib/python3.10/site-packages'
[9.224s] Level 1:colcon.colcon_core.shell:create_environment_hook('my_robot_controller', 'pythonpath')
[9.233s] INFO:colcon.colcon_core.shell:Creating environment hook '/home/ros2/Desktop/ros2_ws/install/my_robot_controller/share/my_robot_controller/hook/pythonpath.ps1'
[9.240s] INFO:colcon.colcon_core.shell:Creating environment descriptor '/home/ros2/Desktop/ros2_ws/install/my_robot_controller/share/my_robot_controller/hook/pythonpath.dsv'
[9.244s] INFO:colcon.colcon_core.shell:Creating environment hook '/home/ros2/Desktop/ros2_ws/install/my_robot_controller/share/my_robot_controller/hook/pythonpath.sh'
[9.245s] Level 1:colcon.colcon_core.environment:checking '/home/ros2/Desktop/ros2_ws/install/my_robot_controller/bin'
[9.245s] Level 1:colcon.colcon_core.environment:create_environment_scripts_only(my_robot_controller)
[9.252s] INFO:colcon.colcon_core.shell:Creating package script '/home/ros2/Desktop/ros2_ws/install/my_robot_controller/share/my_robot_controller/package.ps1'
[9.255s] INFO:colcon.colcon_core.shell:Creating package descriptor '/home/ros2/Desktop/ros2_ws/install/my_robot_controller/share/my_robot_controller/package.dsv'
[9.260s] INFO:colcon.colcon_core.shell:Creating package script '/home/ros2/Desktop/ros2_ws/install/my_robot_controller/share/my_robot_controller/package.sh'
[9.261s] INFO:colcon.colcon_core.shell:Creating package script '/home/ros2/Desktop/ros2_ws/install/my_robot_controller/share/my_robot_controller/package.bash'
[9.262s] INFO:colcon.colcon_core.shell:Creating package script '/home/ros2/Desktop/ros2_ws/install/my_robot_controller/share/my_robot_controller/package.zsh'
[9.263s] Level 1:colcon.colcon_core.environment:create_file_with_runtime_dependencies(/home/ros2/Desktop/ros2_ws/install/my_robot_controller/share/colcon-core/packages/my_robot_controller)
[9.264s] DEBUG:colcon.colcon_parallel_executor.executor.parallel:closing loop
[9.267s] DEBUG:colcon.colcon_parallel_executor.executor.parallel:loop closed
[9.267s] DEBUG:colcon.colcon_parallel_executor.executor.parallel:run_until_complete finished with '0'
[9.267s] DEBUG:colcon.colcon_core.event_reactor:joining thread
[9.290s] INFO:colcon.colcon_core.plugin_system:Skipping extension 'colcon_notification.desktop_notification.terminal_notifier': Not used on non-Darwin systems
[9.298s] INFO:colcon.colcon_core.plugin_system:Skipping extension 'colcon_notification.desktop_notification.win32': Not used on non-Windows systems
[9.299s] INFO:colcon.colcon_notification.desktop_notification:Sending desktop notification using 'notify2'
[9.328s] DEBUG:colcon.colcon_core.event_reactor:joined thread
[9.331s] INFO:colcon.colcon_core.shell:Creating prefix script '/home/ros2/Desktop/ros2_ws/install/local_setup.ps1'
[9.340s] INFO:colcon.colcon_core.shell:Creating prefix util module '/home/ros2/Desktop/ros2_ws/install/_local_setup_util_ps1.py'
[9.348s] INFO:colcon.colcon_core.shell:Creating prefix chain script '/home/ros2/Desktop/ros2_ws/install/setup.ps1'
[9.360s] INFO:colcon.colcon_core.shell:Creating prefix script '/home/ros2/Desktop/ros2_ws/install/local_setup.sh'
[9.361s] INFO:colcon.colcon_core.shell:Creating prefix util module '/home/ros2/Desktop/ros2_ws/install/_local_setup_util_sh.py'
[9.362s] INFO:colcon.colcon_core.shell:Creating prefix chain script '/home/ros2/Desktop/ros2_ws/install/setup.sh'
[9.375s] INFO:colcon.colcon_core.shell:Creating prefix script '/home/ros2/Desktop/ros2_ws/install/local_setup.bash'
[9.376s] INFO:colcon.colcon_core.shell:Creating prefix chain script '/home/ros2/Desktop/ros2_ws/install/setup.bash'
[9.388s] INFO:colcon.colcon_core.shell:Creating prefix script '/home/ros2/Desktop/ros2_ws/install/local_setup.zsh'
[9.392s] INFO:colcon.colcon_core.shell:Creating prefix chain script '/home/ros2/Desktop/ros2_ws/install/setup.zsh'
