[4.661s] DEBUG:colcon:Command line arguments: ['/usr/bin/colcon', 'list', '-p', '--base-paths', '/home/ros2/Desktop/ros2_ws']
[4.661s] DEBUG:colcon:Parsed command line arguments: Namespace(log_base=None, log_level=None, verb_name='list', build_base='build', ignore_user_meta=False, metas=['./colcon.meta'], base_paths=['/home/ros2/Desktop/ros2_ws'], packages_ignore=None, packages_ignore_regex=None, paths=None, packages_up_to=None, packages_up_to_regex=None, packages_above=None, packages_above_and_dependencies=None, packages_above_depth=None, packages_select_by_dep=None, packages_skip_by_dep=None, packages_skip_up_to=None, packages_select_build_failed=False, packages_skip_build_finished=False, packages_select_test_failures=False, packages_skip_test_passed=False, packages_select=None, packages_skip=None, packages_select_regex=None, packages_skip_regex=None, packages_start=None, packages_end=None, allow_overriding=[], topological_order=False, names_only=False, paths_only=True, topological_graph=False, topological_graph_dot=False, topological_graph_density=False, topological_graph_legend=False, topological_graph_dot_cluster=False, topological_graph_dot_include_skipped=False, verb_parser=<colcon_defaults.argument_parser.defaults.DefaultArgumentsDecorator object at 0x7f2680b1caf0>, verb_extension=<colcon_package_information.verb.list.ListVerb object at 0x7f2680b1ce50>, main=<bound method ListVerb.main of <colcon_package_information.verb.list.ListVerb object at 0x7f2680b1ce50>>)
[5.442s] Level 1:colcon.colcon_core.package_discovery:discover_packages(colcon_meta) check parameters
[5.443s] Level 1:colcon.colcon_core.package_discovery:discover_packages(recursive) check parameters
[5.443s] Level 1:colcon.colcon_core.package_discovery:discover_packages(ignore) check parameters
[5.443s] Level 1:colcon.colcon_core.package_discovery:discover_packages(path) check parameters
[5.443s] Level 1:colcon.colcon_core.package_discovery:discover_packages(recursive) discover
[5.443s] INFO:colcon.colcon_core.package_discovery:Crawling recursively for packages in '/home/ros2/Desktop/ros2_ws'
[5.443s] Level 1:colcon.colcon_core.package_identification:_identify(/home/ros2/Desktop/ros2_ws) by extensions ['ignore', 'ignore_ament_install']
[5.443s] Level 1:colcon.colcon_core.package_identification:_identify(/home/ros2/Desktop/ros2_ws) by extension 'ignore'
[5.443s] Level 1:colcon.colcon_core.package_identification:_identify(/home/ros2/Desktop/ros2_ws) by extension 'ignore_ament_install'
[5.444s] Level 1:colcon.colcon_core.package_identification:_identify(/home/ros2/Desktop/ros2_ws) by extensions ['colcon_pkg']
[5.444s] Level 1:colcon.colcon_core.package_identification:_identify(/home/ros2/Desktop/ros2_ws) by extension 'colcon_pkg'
[5.444s] Level 1:colcon.colcon_core.package_identification:_identify(/home/ros2/Desktop/ros2_ws) by extensions ['colcon_meta']
[5.444s] Level 1:colcon.colcon_core.package_identification:_identify(/home/ros2/Desktop/ros2_ws) by extension 'colcon_meta'
[5.444s] Level 1:colcon.colcon_core.package_identification:_identify(/home/ros2/Desktop/ros2_ws) by extensions ['ros']
[5.444s] Level 1:colcon.colcon_core.package_identification:_identify(/home/ros2/Desktop/ros2_ws) by extension 'ros'
[5.784s] Level 1:colcon.colcon_core.package_identification:_identify(/home/ros2/Desktop/ros2_ws) by extensions ['cmake', 'python']
[5.784s] Level 1:colcon.colcon_core.package_identification:_identify(/home/ros2/Desktop/ros2_ws) by extension 'cmake'
[5.784s] Level 1:colcon.colcon_core.package_identification:_identify(/home/ros2/Desktop/ros2_ws) by extension 'python'
[5.784s] Level 1:colcon.colcon_core.package_identification:_identify(/home/ros2/Desktop/ros2_ws) by extensions ['python_setup_py']
[5.784s] Level 1:colcon.colcon_core.package_identification:_identify(/home/ros2/Desktop/ros2_ws) by extension 'python_setup_py'
[5.784s] Level 1:colcon.colcon_core.package_identification:_identify(/home/ros2/Desktop/ros2_ws/build) by extensions ['ignore', 'ignore_ament_install']
[5.790s] Level 1:colcon.colcon_core.package_identification:_identify(/home/ros2/Desktop/ros2_ws/build) by extension 'ignore'
[5.790s] Level 1:colcon.colcon_core.package_identification:_identify(/home/ros2/Desktop/ros2_ws/build) ignored
[5.790s] Level 1:colcon.colcon_core.package_identification:_identify(/home/ros2/Desktop/ros2_ws/cache) by extensions ['ignore', 'ignore_ament_install']
[5.791s] Level 1:colcon.colcon_core.package_identification:_identify(/home/ros2/Desktop/ros2_ws/cache) by extension 'ignore'
[5.791s] Level 1:colcon.colcon_core.package_identification:_identify(/home/ros2/Desktop/ros2_ws/cache) by extension 'ignore_ament_install'
[5.791s] Level 1:colcon.colcon_core.package_identification:_identify(/home/ros2/Desktop/ros2_ws/cache) by extensions ['colcon_pkg']
[5.791s] Level 1:colcon.colcon_core.package_identification:_identify(/home/ros2/Desktop/ros2_ws/cache) by extension 'colcon_pkg'
[5.791s] Level 1:colcon.colcon_core.package_identification:_identify(/home/ros2/Desktop/ros2_ws/cache) by extensions ['colcon_meta']
[5.791s] Level 1:colcon.colcon_core.package_identification:_identify(/home/ros2/Desktop/ros2_ws/cache) by extension 'colcon_meta'
[5.791s] Level 1:colcon.colcon_core.package_identification:_identify(/home/ros2/Desktop/ros2_ws/cache) by extensions ['ros']
[5.791s] Level 1:colcon.colcon_core.package_identification:_identify(/home/ros2/Desktop/ros2_ws/cache) by extension 'ros'
[5.791s] Level 1:colcon.colcon_core.package_identification:_identify(/home/ros2/Desktop/ros2_ws/cache) by extensions ['cmake', 'python']
[5.791s] Level 1:colcon.colcon_core.package_identification:_identify(/home/ros2/Desktop/ros2_ws/cache) by extension 'cmake'
[5.791s] Level 1:colcon.colcon_core.package_identification:_identify(/home/ros2/Desktop/ros2_ws/cache) by extension 'python'
[5.792s] Level 1:colcon.colcon_core.package_identification:_identify(/home/ros2/Desktop/ros2_ws/cache) by extensions ['python_setup_py']
[5.792s] Level 1:colcon.colcon_core.package_identification:_identify(/home/ros2/Desktop/ros2_ws/cache) by extension 'python_setup_py'
[5.792s] Level 1:colcon.colcon_core.package_identification:_identify(/home/ros2/Desktop/ros2_ws/install) by extensions ['ignore', 'ignore_ament_install']
[5.792s] Level 1:colcon.colcon_core.package_identification:_identify(/home/ros2/Desktop/ros2_ws/install) by extension 'ignore'
[5.792s] Level 1:colcon.colcon_core.package_identification:_identify(/home/ros2/Desktop/ros2_ws/install) ignored
[5.792s] Level 1:colcon.colcon_core.package_identification:_identify(/home/ros2/Desktop/ros2_ws/log) by extensions ['ignore', 'ignore_ament_install']
[5.792s] Level 1:colcon.colcon_core.package_identification:_identify(/home/ros2/Desktop/ros2_ws/log) by extension 'ignore'
[5.792s] Level 1:colcon.colcon_core.package_identification:_identify(/home/ros2/Desktop/ros2_ws/log) ignored
[5.793s] Level 1:colcon.colcon_core.package_identification:_identify(/home/ros2/Desktop/ros2_ws/src) by extensions ['ignore', 'ignore_ament_install']
[5.793s] Level 1:colcon.colcon_core.package_identification:_identify(/home/ros2/Desktop/ros2_ws/src) by extension 'ignore'
[5.793s] Level 1:colcon.colcon_core.package_identification:_identify(/home/ros2/Desktop/ros2_ws/src) by extension 'ignore_ament_install'
[5.793s] Level 1:colcon.colcon_core.package_identification:_identify(/home/ros2/Desktop/ros2_ws/src) by extensions ['colcon_pkg']
[5.793s] Level 1:colcon.colcon_core.package_identification:_identify(/home/ros2/Desktop/ros2_ws/src) by extension 'colcon_pkg'
[5.793s] Level 1:colcon.colcon_core.package_identification:_identify(/home/ros2/Desktop/ros2_ws/src) by extensions ['colcon_meta']
[5.793s] Level 1:colcon.colcon_core.package_identification:_identify(/home/ros2/Desktop/ros2_ws/src) by extension 'colcon_meta'
[5.793s] Level 1:colcon.colcon_core.package_identification:_identify(/home/ros2/Desktop/ros2_ws/src) by extensions ['ros']
[5.793s] Level 1:colcon.colcon_core.package_identification:_identify(/home/ros2/Desktop/ros2_ws/src) by extension 'ros'
[5.793s] Level 1:colcon.colcon_core.package_identification:_identify(/home/ros2/Desktop/ros2_ws/src) by extensions ['cmake', 'python']
[5.794s] Level 1:colcon.colcon_core.package_identification:_identify(/home/ros2/Desktop/ros2_ws/src) by extension 'cmake'
[5.794s] Level 1:colcon.colcon_core.package_identification:_identify(/home/ros2/Desktop/ros2_ws/src) by extension 'python'
[5.794s] Level 1:colcon.colcon_core.package_identification:_identify(/home/ros2/Desktop/ros2_ws/src) by extensions ['python_setup_py']
[5.830s] Level 1:colcon.colcon_core.package_identification:_identify(/home/ros2/Desktop/ros2_ws/src) by extension 'python_setup_py'
[5.830s] Level 1:colcon.colcon_core.package_identification:_identify(/home/ros2/Desktop/ros2_ws/src/cache) by extensions ['ignore', 'ignore_ament_install']
[5.831s] Level 1:colcon.colcon_core.package_identification:_identify(/home/ros2/Desktop/ros2_ws/src/cache) by extension 'ignore'
[5.831s] Level 1:colcon.colcon_core.package_identification:_identify(/home/ros2/Desktop/ros2_ws/src/cache) by extension 'ignore_ament_install'
[5.831s] Level 1:colcon.colcon_core.package_identification:_identify(/home/ros2/Desktop/ros2_ws/src/cache) by extensions ['colcon_pkg']
[5.831s] Level 1:colcon.colcon_core.package_identification:_identify(/home/ros2/Desktop/ros2_ws/src/cache) by extension 'colcon_pkg'
[5.831s] Level 1:colcon.colcon_core.package_identification:_identify(/home/ros2/Desktop/ros2_ws/src/cache) by extensions ['colcon_meta']
[5.831s] Level 1:colcon.colcon_core.package_identification:_identify(/home/ros2/Desktop/ros2_ws/src/cache) by extension 'colcon_meta'
[5.831s] Level 1:colcon.colcon_core.package_identification:_identify(/home/ros2/Desktop/ros2_ws/src/cache) by extensions ['ros']
[5.831s] Level 1:colcon.colcon_core.package_identification:_identify(/home/ros2/Desktop/ros2_ws/src/cache) by extension 'ros'
[5.831s] Level 1:colcon.colcon_core.package_identification:_identify(/home/ros2/Desktop/ros2_ws/src/cache) by extensions ['cmake', 'python']
[5.831s] Level 1:colcon.colcon_core.package_identification:_identify(/home/ros2/Desktop/ros2_ws/src/cache) by extension 'cmake'
[5.831s] Level 1:colcon.colcon_core.package_identification:_identify(/home/ros2/Desktop/ros2_ws/src/cache) by extension 'python'
[5.832s] Level 1:colcon.colcon_core.package_identification:_identify(/home/ros2/Desktop/ros2_ws/src/cache) by extensions ['python_setup_py']
[5.832s] Level 1:colcon.colcon_core.package_identification:_identify(/home/ros2/Desktop/ros2_ws/src/cache) by extension 'python_setup_py'
[5.832s] Level 1:colcon.colcon_core.package_identification:_identify(/home/ros2/Desktop/ros2_ws/src/my_robot_controller) by extensions ['ignore', 'ignore_ament_install']
[5.832s] Level 1:colcon.colcon_core.package_identification:_identify(/home/ros2/Desktop/ros2_ws/src/my_robot_controller) by extension 'ignore'
[5.832s] Level 1:colcon.colcon_core.package_identification:_identify(/home/ros2/Desktop/ros2_ws/src/my_robot_controller) by extension 'ignore_ament_install'
[5.832s] Level 1:colcon.colcon_core.package_identification:_identify(/home/ros2/Desktop/ros2_ws/src/my_robot_controller) by extensions ['colcon_pkg']
[5.832s] Level 1:colcon.colcon_core.package_identification:_identify(/home/ros2/Desktop/ros2_ws/src/my_robot_controller) by extension 'colcon_pkg'
[5.832s] Level 1:colcon.colcon_core.package_identification:_identify(/home/ros2/Desktop/ros2_ws/src/my_robot_controller) by extensions ['colcon_meta']
[5.832s] Level 1:colcon.colcon_core.package_identification:_identify(/home/ros2/Desktop/ros2_ws/src/my_robot_controller) by extension 'colcon_meta'
[5.832s] Level 1:colcon.colcon_core.package_identification:_identify(/home/ros2/Desktop/ros2_ws/src/my_robot_controller) by extensions ['ros']
[5.832s] Level 1:colcon.colcon_core.package_identification:_identify(/home/ros2/Desktop/ros2_ws/src/my_robot_controller) by extension 'ros'
[5.923s] DEBUG:colcon.colcon_core.package_identification:Package '/home/ros2/Desktop/ros2_ws/src/my_robot_controller' with type 'ros.ament_python' and name 'my_robot_controller'
[5.923s] Level 1:colcon.colcon_core.package_discovery:discover_packages(recursive) using defaults
