[2.684s] Invoking command in '/home/ros2/Desktop/ros2_ws/src/my_robot_controller': PYTHONPATH=/home/ros2/Desktop/ros2_ws/build/my_robot_controller/prefix_override:/home/ros2/Desktop/ros2_ws/install/my_robot_controller/lib/python3.10/site-packages:${PYTHONPATH} /usr/bin/python3 setup.py egg_info --egg-base ../../build/my_robot_controller build --build-base /home/ros2/Desktop/ros2_ws/build/my_robot_controller/build install --record /home/ros2/Desktop/ros2_ws/build/my_robot_controller/install.log --single-version-externally-managed
[3.949s] running egg_info
[3.951s] writing ../../build/my_robot_controller/my_robot_controller.egg-info/PKG-INFO
[3.951s] writing dependency_links to ../../build/my_robot_controller/my_robot_controller.egg-info/dependency_links.txt
[3.958s] writing entry points to ../../build/my_robot_controller/my_robot_controller.egg-info/entry_points.txt
[3.959s] writing requirements to ../../build/my_robot_controller/my_robot_controller.egg-info/requires.txt
[3.959s] writing top-level names to ../../build/my_robot_controller/my_robot_controller.egg-info/top_level.txt
[3.963s] reading manifest file '../../build/my_robot_controller/my_robot_controller.egg-info/SOURCES.txt'
[3.970s] writing manifest file '../../build/my_robot_controller/my_robot_controller.egg-info/SOURCES.txt'
[3.970s] running build
[3.970s] running build_py
[3.971s] copying my_robot_controller/compare_listener.py -> /home/ros2/Desktop/ros2_ws/build/my_robot_controller/build/lib/my_robot_controller
[3.972s] running install
[3.977s] running install_lib
[3.979s] copying /home/ros2/Desktop/ros2_ws/build/my_robot_controller/build/lib/my_robot_controller/compare_listener.py -> /home/ros2/Desktop/ros2_ws/install/my_robot_controller/lib/python3.10/site-packages/my_robot_controller
[3.980s] byte-compiling /home/ros2/Desktop/ros2_ws/install/my_robot_controller/lib/python3.10/site-packages/my_robot_controller/compare_listener.py to compare_listener.cpython-310.pyc
[3.992s] running install_data
[3.994s] running install_egg_info
[3.996s] removing '/home/ros2/Desktop/ros2_ws/install/my_robot_controller/lib/python3.10/site-packages/my_robot_controller-0.0.0-py3.10.egg-info' (and everything under it)
[4.004s] Copying ../../build/my_robot_controller/my_robot_controller.egg-info to /home/ros2/Desktop/ros2_ws/install/my_robot_controller/lib/python3.10/site-packages/my_robot_controller-0.0.0-py3.10.egg-info
[4.005s] running install_scripts
[4.090s] Installing compare_listener script to /home/ros2/Desktop/ros2_ws/install/my_robot_controller/lib/my_robot_controller
[4.091s] Installing crazy_node script to /home/ros2/Desktop/ros2_ws/install/my_robot_controller/lib/my_robot_controller
[4.091s] Installing crazy_node_take_off script to /home/ros2/Desktop/ros2_ws/install/my_robot_controller/lib/my_robot_controller
[4.091s] Installing my_listener script to /home/ros2/Desktop/ros2_ws/install/my_robot_controller/lib/my_robot_controller
[4.091s] Installing my_talker script to /home/ros2/Desktop/ros2_ws/install/my_robot_controller/lib/my_robot_controller
[4.091s] Installing pathplanner_talker script to /home/ros2/Desktop/ros2_ws/install/my_robot_controller/lib/my_robot_controller
[4.092s] Installing test_node script to /home/ros2/Desktop/ros2_ws/install/my_robot_controller/lib/my_robot_controller
[4.092s] Installing test_node2 script to /home/ros2/Desktop/ros2_ws/install/my_robot_controller/lib/my_robot_controller
[4.092s] Installing vicon_talker script to /home/ros2/Desktop/ros2_ws/install/my_robot_controller/lib/my_robot_controller
[4.095s] writing list of installed files to '/home/ros2/Desktop/ros2_ws/build/my_robot_controller/install.log'
[4.218s] Invoked command in '/home/ros2/Desktop/ros2_ws/src/my_robot_controller' returned '0': PYTHONPATH=/home/ros2/Desktop/ros2_ws/build/my_robot_controller/prefix_override:/home/ros2/Desktop/ros2_ws/install/my_robot_controller/lib/python3.10/site-packages:${PYTHONPATH} /usr/bin/python3 setup.py egg_info --egg-base ../../build/my_robot_controller build --build-base /home/ros2/Desktop/ros2_ws/build/my_robot_controller/build install --record /home/ros2/Desktop/ros2_ws/build/my_robot_controller/install.log --single-version-externally-managed
