[0.021s] Invoking command in '/home/drone/Documents/GitHub/RosMigration_ws/build/my_cpp_py_pkg': CMAKE_PREFIX_PATH=${CMAKE_PREFIX_PATH}:/home/drone/Documents/GitHub/AAU_P4_MONITOR_DRONE/ros2_ws/install/my_robot_controller:/opt/ros/humble /usr/bin/cmake --build /home/drone/Documents/GitHub/RosMigration_ws/build/my_cpp_py_pkg -- -j4 -l4
[0.178s] [ 33%] Built target cpp_executable
[0.198s] [ 66%] Built target cpp_talker_node
[0.236s] [ 66%] Built target ament_cmake_python_copy_my_cpp_py_pkg
[0.252s] [100%] Built target vicon_node
[0.790s] running egg_info
[0.791s] writing my_cpp_py_pkg.egg-info/PKG-INFO
[0.792s] writing dependency_links to my_cpp_py_pkg.egg-info/dependency_links.txt
[0.792s] writing top-level names to my_cpp_py_pkg.egg-info/top_level.txt
[0.795s] reading manifest file 'my_cpp_py_pkg.egg-info/SOURCES.txt'
[0.797s] writing manifest file 'my_cpp_py_pkg.egg-info/SOURCES.txt'
[0.846s] [100%] Built target ament_cmake_python_build_my_cpp_py_pkg_egg
[0.867s] Invoked command in '/home/drone/Documents/GitHub/RosMigration_ws/build/my_cpp_py_pkg' returned '0': CMAKE_PREFIX_PATH=${CMAKE_PREFIX_PATH}:/home/drone/Documents/GitHub/AAU_P4_MONITOR_DRONE/ros2_ws/install/my_robot_controller:/opt/ros/humble /usr/bin/cmake --build /home/drone/Documents/GitHub/RosMigration_ws/build/my_cpp_py_pkg -- -j4 -l4
[0.941s] Invoking command in '/home/drone/Documents/GitHub/RosMigration_ws/build/my_cpp_py_pkg': CMAKE_PREFIX_PATH=${CMAKE_PREFIX_PATH}:/home/drone/Documents/GitHub/AAU_P4_MONITOR_DRONE/ros2_ws/install/my_robot_controller:/opt/ros/humble /usr/bin/cmake --install /home/drone/Documents/GitHub/RosMigration_ws/build/my_cpp_py_pkg
[0.957s] -- Install configuration: ""
[0.958s] -- Up-to-date: /home/drone/Documents/GitHub/RosMigration_ws/install/my_cpp_py_pkg/lib/my_cpp_py_pkg/cpp_executable
[0.958s] -- Up-to-date: /home/drone/Documents/GitHub/RosMigration_ws/install/my_cpp_py_pkg/lib/my_cpp_py_pkg/cpp_talker_node
[0.958s] -- Up-to-date: /home/drone/Documents/GitHub/RosMigration_ws/install/my_cpp_py_pkg/lib/my_cpp_py_pkg/vicon_node
[0.961s] -- Up-to-date: /home/drone/Documents/GitHub/RosMigration_ws/install/my_cpp_py_pkg/share/my_cpp_py_pkg/environment/pythonpath.sh
[0.962s] -- Up-to-date: /home/drone/Documents/GitHub/RosMigration_ws/install/my_cpp_py_pkg/share/my_cpp_py_pkg/environment/pythonpath.dsv
[0.963s] -- Up-to-date: /home/drone/Documents/GitHub/RosMigration_ws/install/my_cpp_py_pkg/local/lib/python3.10/dist-packages/my_cpp_py_pkg-0.0.0-py3.10.egg-info
[0.964s] -- Installing: /home/drone/Documents/GitHub/RosMigration_ws/install/my_cpp_py_pkg/local/lib/python3.10/dist-packages/my_cpp_py_pkg-0.0.0-py3.10.egg-info/SOURCES.txt
[0.965s] -- Installing: /home/drone/Documents/GitHub/RosMigration_ws/install/my_cpp_py_pkg/local/lib/python3.10/dist-packages/my_cpp_py_pkg-0.0.0-py3.10.egg-info/top_level.txt
[0.966s] -- Installing: /home/drone/Documents/GitHub/RosMigration_ws/install/my_cpp_py_pkg/local/lib/python3.10/dist-packages/my_cpp_py_pkg-0.0.0-py3.10.egg-info/PKG-INFO
[0.966s] -- Installing: /home/drone/Documents/GitHub/RosMigration_ws/install/my_cpp_py_pkg/local/lib/python3.10/dist-packages/my_cpp_py_pkg-0.0.0-py3.10.egg-info/dependency_links.txt
[0.966s] -- Up-to-date: /home/drone/Documents/GitHub/RosMigration_ws/install/my_cpp_py_pkg/local/lib/python3.10/dist-packages/my_cpp_py_pkg
[0.966s] -- Up-to-date: /home/drone/Documents/GitHub/RosMigration_ws/install/my_cpp_py_pkg/local/lib/python3.10/dist-packages/my_cpp_py_pkg/__init__.py
[0.967s] -- Up-to-date: /home/drone/Documents/GitHub/RosMigration_ws/install/my_cpp_py_pkg/local/lib/python3.10/dist-packages/my_cpp_py_pkg/pathplanner_test_module.py
[0.967s] -- Up-to-date: /home/drone/Documents/GitHub/RosMigration_ws/install/my_cpp_py_pkg/local/lib/python3.10/dist-packages/my_cpp_py_pkg/vicon_test_module.py
[0.967s] -- Installing: /home/drone/Documents/GitHub/RosMigration_ws/install/my_cpp_py_pkg/local/lib/python3.10/dist-packages/my_cpp_py_pkg/regulator_module.py
[0.967s] -- Up-to-date: /home/drone/Documents/GitHub/RosMigration_ws/install/my_cpp_py_pkg/local/lib/python3.10/dist-packages/my_cpp_py_pkg/moduel_to_import.py
[1.012s] Listing '/home/drone/Documents/GitHub/RosMigration_ws/install/my_cpp_py_pkg/local/lib/python3.10/dist-packages/my_cpp_py_pkg'...
[1.012s] Compiling '/home/drone/Documents/GitHub/RosMigration_ws/install/my_cpp_py_pkg/local/lib/python3.10/dist-packages/my_cpp_py_pkg/regulator_module.py'...
[1.019s] -- Up-to-date: /home/drone/Documents/GitHub/RosMigration_ws/install/my_cpp_py_pkg/lib/my_cpp_py_pkg/py_node.py
[1.019s] -- Up-to-date: /home/drone/Documents/GitHub/RosMigration_ws/install/my_cpp_py_pkg/lib/my_cpp_py_pkg/py_listener.py
[1.020s] -- Up-to-date: /home/drone/Documents/GitHub/RosMigration_ws/install/my_cpp_py_pkg/lib/my_cpp_py_pkg/vicon_talker.py
[1.020s] -- Up-to-date: /home/drone/Documents/GitHub/RosMigration_ws/install/my_cpp_py_pkg/lib/my_cpp_py_pkg/pathplanner_talker.py
[1.020s] -- Up-to-date: /home/drone/Documents/GitHub/RosMigration_ws/install/my_cpp_py_pkg/lib/my_cpp_py_pkg/regulator_listener.py
[1.020s] -- Up-to-date: /home/drone/Documents/GitHub/RosMigration_ws/install/my_cpp_py_pkg/share/ament_index/resource_index/package_run_dependencies/my_cpp_py_pkg
[1.020s] -- Up-to-date: /home/drone/Documents/GitHub/RosMigration_ws/install/my_cpp_py_pkg/share/ament_index/resource_index/parent_prefix_path/my_cpp_py_pkg
[1.020s] -- Up-to-date: /home/drone/Documents/GitHub/RosMigration_ws/install/my_cpp_py_pkg/share/my_cpp_py_pkg/environment/ament_prefix_path.sh
[1.020s] -- Up-to-date: /home/drone/Documents/GitHub/RosMigration_ws/install/my_cpp_py_pkg/share/my_cpp_py_pkg/environment/ament_prefix_path.dsv
[1.021s] -- Up-to-date: /home/drone/Documents/GitHub/RosMigration_ws/install/my_cpp_py_pkg/share/my_cpp_py_pkg/environment/path.sh
[1.021s] -- Up-to-date: /home/drone/Documents/GitHub/RosMigration_ws/install/my_cpp_py_pkg/share/my_cpp_py_pkg/environment/path.dsv
[1.021s] -- Up-to-date: /home/drone/Documents/GitHub/RosMigration_ws/install/my_cpp_py_pkg/share/my_cpp_py_pkg/local_setup.bash
[1.021s] -- Up-to-date: /home/drone/Documents/GitHub/RosMigration_ws/install/my_cpp_py_pkg/share/my_cpp_py_pkg/local_setup.sh
[1.021s] -- Up-to-date: /home/drone/Documents/GitHub/RosMigration_ws/install/my_cpp_py_pkg/share/my_cpp_py_pkg/local_setup.zsh
[1.021s] -- Up-to-date: /home/drone/Documents/GitHub/RosMigration_ws/install/my_cpp_py_pkg/share/my_cpp_py_pkg/local_setup.dsv
[1.021s] -- Installing: /home/drone/Documents/GitHub/RosMigration_ws/install/my_cpp_py_pkg/share/my_cpp_py_pkg/package.dsv
[1.022s] -- Up-to-date: /home/drone/Documents/GitHub/RosMigration_ws/install/my_cpp_py_pkg/share/ament_index/resource_index/packages/my_cpp_py_pkg
[1.022s] -- Up-to-date: /home/drone/Documents/GitHub/RosMigration_ws/install/my_cpp_py_pkg/share/my_cpp_py_pkg/cmake/my_cpp_py_pkgConfig.cmake
[1.022s] -- Up-to-date: /home/drone/Documents/GitHub/RosMigration_ws/install/my_cpp_py_pkg/share/my_cpp_py_pkg/cmake/my_cpp_py_pkgConfig-version.cmake
[1.022s] -- Up-to-date: /home/drone/Documents/GitHub/RosMigration_ws/install/my_cpp_py_pkg/share/my_cpp_py_pkg/package.xml
[1.029s] Invoked command in '/home/drone/Documents/GitHub/RosMigration_ws/build/my_cpp_py_pkg' returned '0': CMAKE_PREFIX_PATH=${CMAKE_PREFIX_PATH}:/home/drone/Documents/GitHub/AAU_P4_MONITOR_DRONE/ros2_ws/install/my_robot_controller:/opt/ros/humble /usr/bin/cmake --install /home/drone/Documents/GitHub/RosMigration_ws/build/my_cpp_py_pkg
