[0.760s] Invoking command in '/home/drone/Documents/GitHub/AAU_P4_MONITOR_DRONE/ros2_ws/src/my_robot_controller': PYTHONPATH=/home/drone/Documents/GitHub/AAU_P4_MONITOR_DRONE/ros2_ws/build/my_robot_controller/prefix_override:/home/drone/Documents/GitHub/AAU_P4_MONITOR_DRONE/ros2_ws/install/my_robot_controller/lib/python3.10/site-packages:${PYTHONPATH} /usr/bin/python3 -W ignore:setup.py install is deprecated setup.py egg_info --egg-base ../../build/my_robot_controller build --build-base /home/drone/Documents/GitHub/AAU_P4_MONITOR_DRONE/ros2_ws/build/my_robot_controller/build install --record /home/drone/Documents/GitHub/AAU_P4_MONITOR_DRONE/ros2_ws/build/my_robot_controller/install.log --single-version-externally-managed install_data
[1.049s] running egg_info
[1.051s] writing ../../build/my_robot_controller/my_robot_controller.egg-info/PKG-INFO
[1.051s] writing dependency_links to ../../build/my_robot_controller/my_robot_controller.egg-info/dependency_links.txt
[1.051s] writing entry points to ../../build/my_robot_controller/my_robot_controller.egg-info/entry_points.txt
[1.052s] writing requirements to ../../build/my_robot_controller/my_robot_controller.egg-info/requires.txt
[1.052s] writing top-level names to ../../build/my_robot_controller/my_robot_controller.egg-info/top_level.txt
[1.055s] reading manifest file '../../build/my_robot_controller/my_robot_controller.egg-info/SOURCES.txt'
[1.056s] writing manifest file '../../build/my_robot_controller/my_robot_controller.egg-info/SOURCES.txt'
[1.056s] running build
[1.056s] running build_py
[1.057s] copying my_robot_controller/vicon_node.py -> /home/drone/Documents/GitHub/AAU_P4_MONITOR_DRONE/ros2_ws/build/my_robot_controller/build/lib/my_robot_controller
[1.057s] running install
[1.058s] running install_lib
[1.059s] copying /home/drone/Documents/GitHub/AAU_P4_MONITOR_DRONE/ros2_ws/build/my_robot_controller/build/lib/my_robot_controller/vicon_node.py -> /home/drone/Documents/GitHub/AAU_P4_MONITOR_DRONE/ros2_ws/install/my_robot_controller/lib/python3.10/site-packages/my_robot_controller
[1.060s] byte-compiling /home/drone/Documents/GitHub/AAU_P4_MONITOR_DRONE/ros2_ws/install/my_robot_controller/lib/python3.10/site-packages/my_robot_controller/vicon_node.py to vicon_node.cpython-310.pyc
[1.061s] running install_data
[1.062s] running install_egg_info
[1.064s] removing '/home/drone/Documents/GitHub/AAU_P4_MONITOR_DRONE/ros2_ws/install/my_robot_controller/lib/python3.10/site-packages/my_robot_controller-0.0.0-py3.10.egg-info' (and everything under it)
[1.065s] Copying ../../build/my_robot_controller/my_robot_controller.egg-info to /home/drone/Documents/GitHub/AAU_P4_MONITOR_DRONE/ros2_ws/install/my_robot_controller/lib/python3.10/site-packages/my_robot_controller-0.0.0-py3.10.egg-info
[1.066s] running install_scripts
[1.090s] Installing crazy_node script to /home/drone/Documents/GitHub/AAU_P4_MONITOR_DRONE/ros2_ws/install/my_robot_controller/lib/my_robot_controller
[1.091s] Installing crazy_node_take_off script to /home/drone/Documents/GitHub/AAU_P4_MONITOR_DRONE/ros2_ws/install/my_robot_controller/lib/my_robot_controller
[1.091s] Installing my_listener script to /home/drone/Documents/GitHub/AAU_P4_MONITOR_DRONE/ros2_ws/install/my_robot_controller/lib/my_robot_controller
[1.091s] Installing my_talker script to /home/drone/Documents/GitHub/AAU_P4_MONITOR_DRONE/ros2_ws/install/my_robot_controller/lib/my_robot_controller
[1.092s] Installing test_node script to /home/drone/Documents/GitHub/AAU_P4_MONITOR_DRONE/ros2_ws/install/my_robot_controller/lib/my_robot_controller
[1.092s] Installing test_node2 script to /home/drone/Documents/GitHub/AAU_P4_MONITOR_DRONE/ros2_ws/install/my_robot_controller/lib/my_robot_controller
[1.092s] Installing vicon_node script to /home/drone/Documents/GitHub/AAU_P4_MONITOR_DRONE/ros2_ws/install/my_robot_controller/lib/my_robot_controller
[1.093s] writing list of installed files to '/home/drone/Documents/GitHub/AAU_P4_MONITOR_DRONE/ros2_ws/build/my_robot_controller/install.log'
[1.127s] Invoked command in '/home/drone/Documents/GitHub/AAU_P4_MONITOR_DRONE/ros2_ws/src/my_robot_controller' returned '0': PYTHONPATH=/home/drone/Documents/GitHub/AAU_P4_MONITOR_DRONE/ros2_ws/build/my_robot_controller/prefix_override:/home/drone/Documents/GitHub/AAU_P4_MONITOR_DRONE/ros2_ws/install/my_robot_controller/lib/python3.10/site-packages:${PYTHONPATH} /usr/bin/python3 -W ignore:setup.py install is deprecated setup.py egg_info --egg-base ../../build/my_robot_controller build --build-base /home/drone/Documents/GitHub/AAU_P4_MONITOR_DRONE/ros2_ws/build/my_robot_controller/build install --record /home/drone/Documents/GitHub/AAU_P4_MONITOR_DRONE/ros2_ws/build/my_robot_controller/install.log --single-version-externally-managed install_data
