[0.120s] DEBUG:colcon:Command line arguments: ['/usr/bin/colcon', 'build']
[0.121s] DEBUG:colcon:Parsed command line arguments: Namespace(log_base=None, log_level=None, verb_name='build', build_base='build', install_base='install', merge_install=False, symlink_install=False, test_result_base=None, continue_on_error=False, executor='parallel', parallel_workers=4, event_handlers=None, ignore_user_meta=False, metas=['./colcon.meta'], base_paths=['.'], packages_ignore=None, packages_ignore_regex=None, paths=None, packages_up_to=None, packages_up_to_regex=None, packages_above=None, packages_above_and_dependencies=None, packages_above_depth=None, packages_select_by_dep=None, packages_skip_by_dep=None, packages_skip_up_to=None, packages_select_build_failed=False, packages_skip_build_finished=False, packages_select_test_failures=False, packages_skip_test_passed=False, packages_select=None, packages_skip=None, packages_select_regex=None, packages_skip_regex=None, packages_start=None, packages_end=None, allow_overriding=[], cmake_args=None, cmake_target=None, cmake_target_skip_unavailable=False, cmake_clean_cache=False, cmake_clean_first=False, cmake_force_configure=False, ament_cmake_args=None, catkin_cmake_args=None, catkin_skip_building_tests=False, verb_parser=<colcon_defaults.argument_parser.defaults.DefaultArgumentsDecorator object at 0x789d71df80d0>, verb_extension=<colcon_core.verb.build.BuildVerb object at 0x789d71ffbb80>, main=<bound method BuildVerb.main of <colcon_core.verb.build.BuildVerb object at 0x789d71ffbb80>>)
[0.316s] Level 1:colcon.colcon_core.package_discovery:discover_packages(colcon_meta) check parameters
[0.316s] Level 1:colcon.colcon_core.package_discovery:discover_packages(recursive) check parameters
[0.316s] Level 1:colcon.colcon_core.package_discovery:discover_packages(ignore) check parameters
[0.316s] Level 1:colcon.colcon_core.package_discovery:discover_packages(path) check parameters
[0.316s] Level 1:colcon.colcon_core.package_discovery:discover_packages(colcon_meta) discover
[0.316s] Level 1:colcon.colcon_core.package_discovery:discover_packages(recursive) discover
[0.316s] INFO:colcon.colcon_core.package_discovery:Crawling recursively for packages in '/home/drone/Documents/GitHub/AAU_P4_MONITOR_DRONE/ros2_ws'
[0.316s] Level 1:colcon.colcon_core.package_identification:_identify(.) by extensions ['ignore', 'ignore_ament_install']
[0.316s] Level 1:colcon.colcon_core.package_identification:_identify(.) by extension 'ignore'
[0.316s] Level 1:colcon.colcon_core.package_identification:_identify(.) by extension 'ignore_ament_install'
[0.316s] Level 1:colcon.colcon_core.package_identification:_identify(.) by extensions ['colcon_pkg']
[0.317s] Level 1:colcon.colcon_core.package_identification:_identify(.) by extension 'colcon_pkg'
[0.317s] Level 1:colcon.colcon_core.package_identification:_identify(.) by extensions ['colcon_meta']
[0.317s] Level 1:colcon.colcon_core.package_identification:_identify(.) by extension 'colcon_meta'
[0.317s] Level 1:colcon.colcon_core.package_identification:_identify(.) by extensions ['ros']
[0.317s] Level 1:colcon.colcon_core.package_identification:_identify(.) by extension 'ros'
[0.330s] Level 1:colcon.colcon_core.package_identification:_identify(.) by extensions ['cmake', 'python']
[0.330s] Level 1:colcon.colcon_core.package_identification:_identify(.) by extension 'cmake'
[0.330s] Level 1:colcon.colcon_core.package_identification:_identify(.) by extension 'python'
[0.330s] Level 1:colcon.colcon_core.package_identification:_identify(.) by extensions ['python_setup_py']
[0.330s] Level 1:colcon.colcon_core.package_identification:_identify(.) by extension 'python_setup_py'
[0.330s] Level 1:colcon.colcon_core.package_identification:_identify(build) by extensions ['ignore', 'ignore_ament_install']
[0.330s] Level 1:colcon.colcon_core.package_identification:_identify(build) by extension 'ignore'
[0.330s] Level 1:colcon.colcon_core.package_identification:_identify(build) ignored
[0.331s] Level 1:colcon.colcon_core.package_identification:_identify(cache) by extensions ['ignore', 'ignore_ament_install']
[0.331s] Level 1:colcon.colcon_core.package_identification:_identify(cache) by extension 'ignore'
[0.331s] Level 1:colcon.colcon_core.package_identification:_identify(cache) by extension 'ignore_ament_install'
[0.331s] Level 1:colcon.colcon_core.package_identification:_identify(cache) by extensions ['colcon_pkg']
[0.331s] Level 1:colcon.colcon_core.package_identification:_identify(cache) by extension 'colcon_pkg'
[0.331s] Level 1:colcon.colcon_core.package_identification:_identify(cache) by extensions ['colcon_meta']
[0.331s] Level 1:colcon.colcon_core.package_identification:_identify(cache) by extension 'colcon_meta'
[0.331s] Level 1:colcon.colcon_core.package_identification:_identify(cache) by extensions ['ros']
[0.331s] Level 1:colcon.colcon_core.package_identification:_identify(cache) by extension 'ros'
[0.331s] Level 1:colcon.colcon_core.package_identification:_identify(cache) by extensions ['cmake', 'python']
[0.331s] Level 1:colcon.colcon_core.package_identification:_identify(cache) by extension 'cmake'
[0.331s] Level 1:colcon.colcon_core.package_identification:_identify(cache) by extension 'python'
[0.331s] Level 1:colcon.colcon_core.package_identification:_identify(cache) by extensions ['python_setup_py']
[0.331s] Level 1:colcon.colcon_core.package_identification:_identify(cache) by extension 'python_setup_py'
[0.331s] Level 1:colcon.colcon_core.package_identification:_identify(install) by extensions ['ignore', 'ignore_ament_install']
[0.332s] Level 1:colcon.colcon_core.package_identification:_identify(install) by extension 'ignore'
[0.332s] Level 1:colcon.colcon_core.package_identification:_identify(install) ignored
[0.332s] Level 1:colcon.colcon_core.package_identification:_identify(log) by extensions ['ignore', 'ignore_ament_install']
[0.332s] Level 1:colcon.colcon_core.package_identification:_identify(log) by extension 'ignore'
[0.332s] Level 1:colcon.colcon_core.package_identification:_identify(log) ignored
[0.332s] Level 1:colcon.colcon_core.package_identification:_identify(src) by extensions ['ignore', 'ignore_ament_install']
[0.332s] Level 1:colcon.colcon_core.package_identification:_identify(src) by extension 'ignore'
[0.332s] Level 1:colcon.colcon_core.package_identification:_identify(src) by extension 'ignore_ament_install'
[0.332s] Level 1:colcon.colcon_core.package_identification:_identify(src) by extensions ['colcon_pkg']
[0.332s] Level 1:colcon.colcon_core.package_identification:_identify(src) by extension 'colcon_pkg'
[0.332s] Level 1:colcon.colcon_core.package_identification:_identify(src) by extensions ['colcon_meta']
[0.332s] Level 1:colcon.colcon_core.package_identification:_identify(src) by extension 'colcon_meta'
[0.332s] Level 1:colcon.colcon_core.package_identification:_identify(src) by extensions ['ros']
[0.332s] Level 1:colcon.colcon_core.package_identification:_identify(src) by extension 'ros'
[0.332s] Level 1:colcon.colcon_core.package_identification:_identify(src) by extensions ['cmake', 'python']
[0.333s] Level 1:colcon.colcon_core.package_identification:_identify(src) by extension 'cmake'
[0.333s] Level 1:colcon.colcon_core.package_identification:_identify(src) by extension 'python'
[0.333s] Level 1:colcon.colcon_core.package_identification:_identify(src) by extensions ['python_setup_py']
[0.333s] Level 1:colcon.colcon_core.package_identification:_identify(src) by extension 'python_setup_py'
[0.333s] Level 1:colcon.colcon_core.package_identification:_identify(src/cache) by extensions ['ignore', 'ignore_ament_install']
[0.333s] Level 1:colcon.colcon_core.package_identification:_identify(src/cache) by extension 'ignore'
[0.333s] Level 1:colcon.colcon_core.package_identification:_identify(src/cache) by extension 'ignore_ament_install'
[0.333s] Level 1:colcon.colcon_core.package_identification:_identify(src/cache) by extensions ['colcon_pkg']
[0.333s] Level 1:colcon.colcon_core.package_identification:_identify(src/cache) by extension 'colcon_pkg'
[0.333s] Level 1:colcon.colcon_core.package_identification:_identify(src/cache) by extensions ['colcon_meta']
[0.333s] Level 1:colcon.colcon_core.package_identification:_identify(src/cache) by extension 'colcon_meta'
[0.333s] Level 1:colcon.colcon_core.package_identification:_identify(src/cache) by extensions ['ros']
[0.333s] Level 1:colcon.colcon_core.package_identification:_identify(src/cache) by extension 'ros'
[0.333s] Level 1:colcon.colcon_core.package_identification:_identify(src/cache) by extensions ['cmake', 'python']
[0.333s] Level 1:colcon.colcon_core.package_identification:_identify(src/cache) by extension 'cmake'
[0.333s] Level 1:colcon.colcon_core.package_identification:_identify(src/cache) by extension 'python'
[0.333s] Level 1:colcon.colcon_core.package_identification:_identify(src/cache) by extensions ['python_setup_py']
[0.333s] Level 1:colcon.colcon_core.package_identification:_identify(src/cache) by extension 'python_setup_py'
[0.334s] Level 1:colcon.colcon_core.package_identification:_identify(src/my_robot_controller) by extensions ['ignore', 'ignore_ament_install']
[0.334s] Level 1:colcon.colcon_core.package_identification:_identify(src/my_robot_controller) by extension 'ignore'
[0.334s] Level 1:colcon.colcon_core.package_identification:_identify(src/my_robot_controller) by extension 'ignore_ament_install'
[0.334s] Level 1:colcon.colcon_core.package_identification:_identify(src/my_robot_controller) by extensions ['colcon_pkg']
[0.334s] Level 1:colcon.colcon_core.package_identification:_identify(src/my_robot_controller) by extension 'colcon_pkg'
[0.334s] Level 1:colcon.colcon_core.package_identification:_identify(src/my_robot_controller) by extensions ['colcon_meta']
[0.334s] Level 1:colcon.colcon_core.package_identification:_identify(src/my_robot_controller) by extension 'colcon_meta'
[0.334s] Level 1:colcon.colcon_core.package_identification:_identify(src/my_robot_controller) by extensions ['ros']
[0.334s] Level 1:colcon.colcon_core.package_identification:_identify(src/my_robot_controller) by extension 'ros'
[0.337s] DEBUG:colcon.colcon_core.package_identification:Package 'src/my_robot_controller' with type 'ros.ament_python' and name 'my_robot_controller'
[0.337s] Level 1:colcon.colcon_core.package_discovery:discover_packages(recursive) using defaults
[0.337s] Level 1:colcon.colcon_core.package_discovery:discover_packages(ignore) discover
[0.337s] Level 1:colcon.colcon_core.package_discovery:discover_packages(ignore) using defaults
[0.337s] Level 1:colcon.colcon_core.package_discovery:discover_packages(path) discover
[0.338s] Level 1:colcon.colcon_core.package_discovery:discover_packages(path) using defaults
[0.359s] Level 1:colcon.colcon_core.package_discovery:discover_packages(prefix_path) check parameters
[0.359s] Level 1:colcon.colcon_core.package_discovery:discover_packages(prefix_path) discover
[0.361s] DEBUG:colcon.colcon_installed_package_information.package_discovery:Found 1 installed packages in /home/drone/Documents/GitHub/AAU_P4_MONITOR_DRONE/ros2_ws/install
[0.363s] DEBUG:colcon.colcon_installed_package_information.package_discovery:Found 270 installed packages in /opt/ros/humble
[0.365s] Level 1:colcon.colcon_core.package_discovery:discover_packages(prefix_path) using defaults
[0.422s] Level 5:colcon.colcon_core.verb:set package 'my_robot_controller' build argument 'cmake_args' from command line to 'None'
[0.422s] Level 5:colcon.colcon_core.verb:set package 'my_robot_controller' build argument 'cmake_target' from command line to 'None'
[0.422s] Level 5:colcon.colcon_core.verb:set package 'my_robot_controller' build argument 'cmake_target_skip_unavailable' from command line to 'False'
[0.422s] Level 5:colcon.colcon_core.verb:set package 'my_robot_controller' build argument 'cmake_clean_cache' from command line to 'False'
[0.422s] Level 5:colcon.colcon_core.verb:set package 'my_robot_controller' build argument 'cmake_clean_first' from command line to 'False'
[0.422s] Level 5:colcon.colcon_core.verb:set package 'my_robot_controller' build argument 'cmake_force_configure' from command line to 'False'
[0.422s] Level 5:colcon.colcon_core.verb:set package 'my_robot_controller' build argument 'ament_cmake_args' from command line to 'None'
[0.422s] Level 5:colcon.colcon_core.verb:set package 'my_robot_controller' build argument 'catkin_cmake_args' from command line to 'None'
[0.422s] Level 5:colcon.colcon_core.verb:set package 'my_robot_controller' build argument 'catkin_skip_building_tests' from command line to 'False'
[0.422s] DEBUG:colcon.colcon_core.verb:Building package 'my_robot_controller' with the following arguments: {'ament_cmake_args': None, 'build_base': '/home/drone/Documents/GitHub/AAU_P4_MONITOR_DRONE/ros2_ws/build/my_robot_controller', 'catkin_cmake_args': None, 'catkin_skip_building_tests': False, 'cmake_args': None, 'cmake_clean_cache': False, 'cmake_clean_first': False, 'cmake_force_configure': False, 'cmake_target': None, 'cmake_target_skip_unavailable': False, 'install_base': '/home/drone/Documents/GitHub/AAU_P4_MONITOR_DRONE/ros2_ws/install/my_robot_controller', 'merge_install': False, 'path': '/home/drone/Documents/GitHub/AAU_P4_MONITOR_DRONE/ros2_ws/src/my_robot_controller', 'symlink_install': False, 'test_result_base': None}
[0.422s] INFO:colcon.colcon_core.executor:Executing jobs using 'parallel' executor
[0.424s] DEBUG:colcon.colcon_parallel_executor.executor.parallel:run_until_complete
[0.424s] INFO:colcon.colcon_ros.task.ament_python.build:Building ROS package in '/home/drone/Documents/GitHub/AAU_P4_MONITOR_DRONE/ros2_ws/src/my_robot_controller' with build type 'ament_python'
[0.424s] Level 1:colcon.colcon_core.shell:create_environment_hook('my_robot_controller', 'ament_prefix_path')
[0.428s] INFO:colcon.colcon_core.plugin_system:Skipping extension 'colcon_core.shell.bat': Not used on non-Windows systems
[0.428s] INFO:colcon.colcon_core.shell:Creating environment hook '/home/drone/Documents/GitHub/AAU_P4_MONITOR_DRONE/ros2_ws/install/my_robot_controller/share/my_robot_controller/hook/ament_prefix_path.ps1'
[0.429s] INFO:colcon.colcon_core.shell:Creating environment descriptor '/home/drone/Documents/GitHub/AAU_P4_MONITOR_DRONE/ros2_ws/install/my_robot_controller/share/my_robot_controller/hook/ament_prefix_path.dsv'
[0.430s] INFO:colcon.colcon_core.shell:Creating environment hook '/home/drone/Documents/GitHub/AAU_P4_MONITOR_DRONE/ros2_ws/install/my_robot_controller/share/my_robot_controller/hook/ament_prefix_path.sh'
[0.431s] INFO:colcon.colcon_core.shell:Skip shell extension 'powershell' for command environment: Not usable outside of PowerShell
[0.431s] DEBUG:colcon.colcon_core.shell:Skip shell extension 'dsv' for command environment
[0.766s] INFO:colcon.colcon_core.task.python.build:Building Python package in '/home/drone/Documents/GitHub/AAU_P4_MONITOR_DRONE/ros2_ws/src/my_robot_controller'
[0.767s] INFO:colcon.colcon_core.shell:Skip shell extension 'powershell' for command environment: Not usable outside of PowerShell
[0.770s] DEBUG:colcon.colcon_core.shell:Skip shell extension 'dsv' for command environment
[1.189s] DEBUG:colcon.colcon_core.event_handler.log_command:Invoking command in '/home/drone/Documents/GitHub/AAU_P4_MONITOR_DRONE/ros2_ws/src/my_robot_controller': CONDA_PROMPT_MODIFIER=(base) PYTHONPATH=/home/drone/Documents/GitHub/AAU_P4_MONITOR_DRONE/ros2_ws/build/my_robot_controller/prefix_override:/home/drone/Documents/GitHub/AAU_P4_MONITOR_DRONE/ros2_ws/install/my_robot_controller/lib/python3.10/site-packages:${PYTHONPATH} /usr/bin/python3 -W ignore:setup.py install is deprecated setup.py egg_info --egg-base ../../build/my_robot_controller build --build-base /home/drone/Documents/GitHub/AAU_P4_MONITOR_DRONE/ros2_ws/build/my_robot_controller/build install --record /home/drone/Documents/GitHub/AAU_P4_MONITOR_DRONE/ros2_ws/build/my_robot_controller/install.log --single-version-externally-managed install_data
[1.549s] DEBUG:colcon.colcon_core.event_handler.log_command:Invoked command in '/home/drone/Documents/GitHub/AAU_P4_MONITOR_DRONE/ros2_ws/src/my_robot_controller' returned '0': CONDA_PROMPT_MODIFIER=(base) PYTHONPATH=/home/drone/Documents/GitHub/AAU_P4_MONITOR_DRONE/ros2_ws/build/my_robot_controller/prefix_override:/home/drone/Documents/GitHub/AAU_P4_MONITOR_DRONE/ros2_ws/install/my_robot_controller/lib/python3.10/site-packages:${PYTHONPATH} /usr/bin/python3 -W ignore:setup.py install is deprecated setup.py egg_info --egg-base ../../build/my_robot_controller build --build-base /home/drone/Documents/GitHub/AAU_P4_MONITOR_DRONE/ros2_ws/build/my_robot_controller/build install --record /home/drone/Documents/GitHub/AAU_P4_MONITOR_DRONE/ros2_ws/build/my_robot_controller/install.log --single-version-externally-managed install_data
[1.552s] Level 1:colcon.colcon_core.environment:checking '/home/drone/Documents/GitHub/AAU_P4_MONITOR_DRONE/ros2_ws/install/my_robot_controller' for CMake module files
[1.552s] Level 1:colcon.colcon_core.environment:checking '/home/drone/Documents/GitHub/AAU_P4_MONITOR_DRONE/ros2_ws/install/my_robot_controller' for CMake config files
[1.554s] Level 1:colcon.colcon_core.environment:checking '/home/drone/Documents/GitHub/AAU_P4_MONITOR_DRONE/ros2_ws/install/my_robot_controller/lib'
[1.554s] Level 1:colcon.colcon_core.environment:checking '/home/drone/Documents/GitHub/AAU_P4_MONITOR_DRONE/ros2_ws/install/my_robot_controller/bin'
[1.554s] Level 1:colcon.colcon_core.environment:checking '/home/drone/Documents/GitHub/AAU_P4_MONITOR_DRONE/ros2_ws/install/my_robot_controller/lib/pkgconfig/my_robot_controller.pc'
[1.554s] Level 1:colcon.colcon_core.environment:checking '/home/drone/Documents/GitHub/AAU_P4_MONITOR_DRONE/ros2_ws/install/my_robot_controller/lib/python3.10/site-packages'
[1.554s] Level 1:colcon.colcon_core.shell:create_environment_hook('my_robot_controller', 'pythonpath')
[1.555s] INFO:colcon.colcon_core.shell:Creating environment hook '/home/drone/Documents/GitHub/AAU_P4_MONITOR_DRONE/ros2_ws/install/my_robot_controller/share/my_robot_controller/hook/pythonpath.ps1'
[1.556s] INFO:colcon.colcon_core.shell:Creating environment descriptor '/home/drone/Documents/GitHub/AAU_P4_MONITOR_DRONE/ros2_ws/install/my_robot_controller/share/my_robot_controller/hook/pythonpath.dsv'
[1.556s] INFO:colcon.colcon_core.shell:Creating environment hook '/home/drone/Documents/GitHub/AAU_P4_MONITOR_DRONE/ros2_ws/install/my_robot_controller/share/my_robot_controller/hook/pythonpath.sh'
[1.557s] Level 1:colcon.colcon_core.environment:checking '/home/drone/Documents/GitHub/AAU_P4_MONITOR_DRONE/ros2_ws/install/my_robot_controller/bin'
[1.557s] Level 1:colcon.colcon_core.environment:create_environment_scripts_only(my_robot_controller)
[1.558s] INFO:colcon.colcon_core.shell:Creating package script '/home/drone/Documents/GitHub/AAU_P4_MONITOR_DRONE/ros2_ws/install/my_robot_controller/share/my_robot_controller/package.ps1'
[1.559s] INFO:colcon.colcon_core.shell:Creating package descriptor '/home/drone/Documents/GitHub/AAU_P4_MONITOR_DRONE/ros2_ws/install/my_robot_controller/share/my_robot_controller/package.dsv'
[1.560s] INFO:colcon.colcon_core.shell:Creating package script '/home/drone/Documents/GitHub/AAU_P4_MONITOR_DRONE/ros2_ws/install/my_robot_controller/share/my_robot_controller/package.sh'
[1.561s] INFO:colcon.colcon_core.shell:Creating package script '/home/drone/Documents/GitHub/AAU_P4_MONITOR_DRONE/ros2_ws/install/my_robot_controller/share/my_robot_controller/package.bash'
[1.562s] INFO:colcon.colcon_core.shell:Creating package script '/home/drone/Documents/GitHub/AAU_P4_MONITOR_DRONE/ros2_ws/install/my_robot_controller/share/my_robot_controller/package.zsh'
[1.563s] Level 1:colcon.colcon_core.environment:create_file_with_runtime_dependencies(/home/drone/Documents/GitHub/AAU_P4_MONITOR_DRONE/ros2_ws/install/my_robot_controller/share/colcon-core/packages/my_robot_controller)
[1.563s] DEBUG:colcon.colcon_parallel_executor.executor.parallel:closing loop
[1.564s] DEBUG:colcon.colcon_parallel_executor.executor.parallel:loop closed
[1.564s] DEBUG:colcon.colcon_parallel_executor.executor.parallel:run_until_complete finished with '0'
[1.564s] DEBUG:colcon.colcon_core.event_reactor:joining thread
[1.571s] INFO:colcon.colcon_core.plugin_system:Skipping extension 'colcon_notification.desktop_notification.terminal_notifier': Not used on non-Darwin systems
[1.571s] INFO:colcon.colcon_core.plugin_system:Skipping extension 'colcon_notification.desktop_notification.win32': Not used on non-Windows systems
[1.571s] INFO:colcon.colcon_notification.desktop_notification:Sending desktop notification using 'notify2'
[1.598s] DEBUG:colcon.colcon_core.event_reactor:joined thread
[1.598s] INFO:colcon.colcon_core.shell:Creating prefix script '/home/drone/Documents/GitHub/AAU_P4_MONITOR_DRONE/ros2_ws/install/local_setup.ps1'
[1.599s] INFO:colcon.colcon_core.shell:Creating prefix util module '/home/drone/Documents/GitHub/AAU_P4_MONITOR_DRONE/ros2_ws/install/_local_setup_util_ps1.py'
[1.601s] INFO:colcon.colcon_core.shell:Creating prefix chain script '/home/drone/Documents/GitHub/AAU_P4_MONITOR_DRONE/ros2_ws/install/setup.ps1'
[1.603s] INFO:colcon.colcon_core.shell:Creating prefix script '/home/drone/Documents/GitHub/AAU_P4_MONITOR_DRONE/ros2_ws/install/local_setup.sh'
[1.603s] INFO:colcon.colcon_core.shell:Creating prefix util module '/home/drone/Documents/GitHub/AAU_P4_MONITOR_DRONE/ros2_ws/install/_local_setup_util_sh.py'
[1.604s] INFO:colcon.colcon_core.shell:Creating prefix chain script '/home/drone/Documents/GitHub/AAU_P4_MONITOR_DRONE/ros2_ws/install/setup.sh'
[1.606s] INFO:colcon.colcon_core.shell:Creating prefix script '/home/drone/Documents/GitHub/AAU_P4_MONITOR_DRONE/ros2_ws/install/local_setup.bash'
[1.607s] INFO:colcon.colcon_core.shell:Creating prefix chain script '/home/drone/Documents/GitHub/AAU_P4_MONITOR_DRONE/ros2_ws/install/setup.bash'
[1.608s] INFO:colcon.colcon_core.shell:Creating prefix script '/home/drone/Documents/GitHub/AAU_P4_MONITOR_DRONE/ros2_ws/install/local_setup.zsh'
[1.609s] INFO:colcon.colcon_core.shell:Creating prefix chain script '/home/drone/Documents/GitHub/AAU_P4_MONITOR_DRONE/ros2_ws/install/setup.zsh'
