[0.671s] Invoking command in '/home/frederik/AAU_P4_MONITOR_DRONE/ros2_ws/src/my_robot_controller': PYTHONPATH=/home/frederik/AAU_P4_MONITOR_DRONE/ros2_ws/build/my_robot_controller/prefix_override:/home/frederik/AAU_P4_MONITOR_DRONE/ros2_ws/install/my_robot_controller/lib/python3.10/site-packages:${PYTHONPATH} /usr/bin/python3 -W ignore:setup.py install is deprecated setup.py egg_info --egg-base ../../build/my_robot_controller build --build-base /home/frederik/AAU_P4_MONITOR_DRONE/ros2_ws/build/my_robot_controller/build install --record /home/frederik/AAU_P4_MONITOR_DRONE/ros2_ws/build/my_robot_controller/install.log --single-version-externally-managed install_data
[0.925s] running egg_info
[0.926s] writing ../../build/my_robot_controller/my_robot_controller.egg-info/PKG-INFO
[0.926s] writing dependency_links to ../../build/my_robot_controller/my_robot_controller.egg-info/dependency_links.txt
[0.927s] writing entry points to ../../build/my_robot_controller/my_robot_controller.egg-info/entry_points.txt
[0.929s] writing requirements to ../../build/my_robot_controller/my_robot_controller.egg-info/requires.txt
[0.929s] writing top-level names to ../../build/my_robot_controller/my_robot_controller.egg-info/top_level.txt
[0.930s] reading manifest file '../../build/my_robot_controller/my_robot_controller.egg-info/SOURCES.txt'
[0.931s] writing manifest file '../../build/my_robot_controller/my_robot_controller.egg-info/SOURCES.txt'
[0.932s] running build
[0.932s] running build_py
[0.934s] running install
[0.935s] running install_lib
[0.937s] running install_data
[0.938s] running install_egg_info
[0.940s] removing '/home/frederik/AAU_P4_MONITOR_DRONE/ros2_ws/install/my_robot_controller/lib/python3.10/site-packages/my_robot_controller-0.0.0-py3.10.egg-info' (and everything under it)
[0.947s] Copying ../../build/my_robot_controller/my_robot_controller.egg-info to /home/frederik/AAU_P4_MONITOR_DRONE/ros2_ws/install/my_robot_controller/lib/python3.10/site-packages/my_robot_controller-0.0.0-py3.10.egg-info
[0.954s] running install_scripts
[0.974s] Installing crazy_node script to /home/frederik/AAU_P4_MONITOR_DRONE/ros2_ws/install/my_robot_controller/lib/my_robot_controller
[0.974s] Installing crazy_node_take_off script to /home/frederik/AAU_P4_MONITOR_DRONE/ros2_ws/install/my_robot_controller/lib/my_robot_controller
[0.975s] Installing my_listener script to /home/frederik/AAU_P4_MONITOR_DRONE/ros2_ws/install/my_robot_controller/lib/my_robot_controller
[0.975s] Installing my_talker script to /home/frederik/AAU_P4_MONITOR_DRONE/ros2_ws/install/my_robot_controller/lib/my_robot_controller
[0.975s] Installing test_node script to /home/frederik/AAU_P4_MONITOR_DRONE/ros2_ws/install/my_robot_controller/lib/my_robot_controller
[0.976s] Installing test_node2 script to /home/frederik/AAU_P4_MONITOR_DRONE/ros2_ws/install/my_robot_controller/lib/my_robot_controller
[0.976s] writing list of installed files to '/home/frederik/AAU_P4_MONITOR_DRONE/ros2_ws/build/my_robot_controller/install.log'
[0.995s] Invoked command in '/home/frederik/AAU_P4_MONITOR_DRONE/ros2_ws/src/my_robot_controller' returned '0': PYTHONPATH=/home/frederik/AAU_P4_MONITOR_DRONE/ros2_ws/build/my_robot_controller/prefix_override:/home/frederik/AAU_P4_MONITOR_DRONE/ros2_ws/install/my_robot_controller/lib/python3.10/site-packages:${PYTHONPATH} /usr/bin/python3 -W ignore:setup.py install is deprecated setup.py egg_info --egg-base ../../build/my_robot_controller build --build-base /home/frederik/AAU_P4_MONITOR_DRONE/ros2_ws/build/my_robot_controller/build install --record /home/frederik/AAU_P4_MONITOR_DRONE/ros2_ws/build/my_robot_controller/install.log --single-version-externally-managed install_data
