[0.854s] DEBUG:colcon:Command line arguments: ['/usr/bin/colcon', 'build']
[0.854s] DEBUG:colcon:Parsed command line arguments: Namespace(log_base=None, log_level=None, verb_name='build', build_base='build', install_base='install', merge_install=False, symlink_install=False, test_result_base=None, continue_on_error=False, executor='parallel', parallel_workers=2, event_handlers=None, ignore_user_meta=False, metas=['./colcon.meta'], base_paths=['.'], packages_ignore=None, packages_ignore_regex=None, paths=None, packages_up_to=None, packages_up_to_regex=None, packages_above=None, packages_above_and_dependencies=None, packages_above_depth=None, packages_select_by_dep=None, packages_skip_by_dep=None, packages_skip_up_to=None, packages_select_build_failed=False, packages_skip_build_finished=False, packages_select_test_failures=False, packages_skip_test_passed=False, packages_select=None, packages_skip=None, packages_select_regex=None, packages_skip_regex=None, packages_start=None, packages_end=None, allow_overriding=[], cmake_args=None, cmake_target=None, cmake_target_skip_unavailable=False, cmake_clean_cache=False, cmake_clean_first=False, cmake_force_configure=False, ament_cmake_args=None, catkin_cmake_args=None, catkin_skip_building_tests=False, verb_parser=<colcon_defaults.argument_parser.defaults.DefaultArgumentsDecorator object at 0x7fad31372e30>, verb_extension=<colcon_core.verb.build.BuildVerb object at 0x7fad311d53c0>, main=<bound method BuildVerb.main of <colcon_core.verb.build.BuildVerb object at 0x7fad311d53c0>>)
[0.918s] Level 1:colcon.colcon_core.package_discovery:discover_packages(colcon_meta) check parameters
[0.918s] Level 1:colcon.colcon_core.package_discovery:discover_packages(recursive) check parameters
[0.919s] Level 1:colcon.colcon_core.package_discovery:discover_packages(ignore) check parameters
[0.919s] Level 1:colcon.colcon_core.package_discovery:discover_packages(path) check parameters
[0.919s] Level 1:colcon.colcon_core.package_discovery:discover_packages(colcon_meta) discover
[0.920s] Level 1:colcon.colcon_core.package_discovery:discover_packages(recursive) discover
[0.920s] INFO:colcon.colcon_core.package_discovery:Crawling recursively for packages in '/home/ros2/Desktop/ros2_ws'
[0.920s] Level 1:colcon.colcon_core.package_identification:_identify(.) by extensions ['ignore', 'ignore_ament_install']
[0.920s] Level 1:colcon.colcon_core.package_identification:_identify(.) by extension 'ignore'
[0.920s] Level 1:colcon.colcon_core.package_identification:_identify(.) by extension 'ignore_ament_install'
[0.921s] Level 1:colcon.colcon_core.package_identification:_identify(.) by extensions ['colcon_pkg']
[0.921s] Level 1:colcon.colcon_core.package_identification:_identify(.) by extension 'colcon_pkg'
[0.921s] Level 1:colcon.colcon_core.package_identification:_identify(.) by extensions ['colcon_meta']
[0.921s] Level 1:colcon.colcon_core.package_identification:_identify(.) by extension 'colcon_meta'
[0.921s] Level 1:colcon.colcon_core.package_identification:_identify(.) by extensions ['ros']
[0.921s] Level 1:colcon.colcon_core.package_identification:_identify(.) by extension 'ros'
[0.957s] Level 1:colcon.colcon_core.package_identification:_identify(.) by extensions ['cmake', 'python']
[0.959s] Level 1:colcon.colcon_core.package_identification:_identify(.) by extension 'cmake'
[0.960s] Level 1:colcon.colcon_core.package_identification:_identify(.) by extension 'python'
[0.960s] Level 1:colcon.colcon_core.package_identification:_identify(.) by extensions ['python_setup_py']
[0.960s] Level 1:colcon.colcon_core.package_identification:_identify(.) by extension 'python_setup_py'
[0.960s] Level 1:colcon.colcon_core.package_identification:_identify(build) by extensions ['ignore', 'ignore_ament_install']
[0.960s] Level 1:colcon.colcon_core.package_identification:_identify(build) by extension 'ignore'
[0.960s] Level 1:colcon.colcon_core.package_identification:_identify(build) ignored
[0.960s] Level 1:colcon.colcon_core.package_identification:_identify(cache) by extensions ['ignore', 'ignore_ament_install']
[0.961s] Level 1:colcon.colcon_core.package_identification:_identify(cache) by extension 'ignore'
[0.961s] Level 1:colcon.colcon_core.package_identification:_identify(cache) by extension 'ignore_ament_install'
[0.961s] Level 1:colcon.colcon_core.package_identification:_identify(cache) by extensions ['colcon_pkg']
[0.961s] Level 1:colcon.colcon_core.package_identification:_identify(cache) by extension 'colcon_pkg'
[0.961s] Level 1:colcon.colcon_core.package_identification:_identify(cache) by extensions ['colcon_meta']
[0.961s] Level 1:colcon.colcon_core.package_identification:_identify(cache) by extension 'colcon_meta'
[0.961s] Level 1:colcon.colcon_core.package_identification:_identify(cache) by extensions ['ros']
[0.961s] Level 1:colcon.colcon_core.package_identification:_identify(cache) by extension 'ros'
[0.961s] Level 1:colcon.colcon_core.package_identification:_identify(cache) by extensions ['cmake', 'python']
[0.961s] Level 1:colcon.colcon_core.package_identification:_identify(cache) by extension 'cmake'
[0.961s] Level 1:colcon.colcon_core.package_identification:_identify(cache) by extension 'python'
[0.966s] Level 1:colcon.colcon_core.package_identification:_identify(cache) by extensions ['python_setup_py']
[0.966s] Level 1:colcon.colcon_core.package_identification:_identify(cache) by extension 'python_setup_py'
[0.966s] Level 1:colcon.colcon_core.package_identification:_identify(install) by extensions ['ignore', 'ignore_ament_install']
[0.966s] Level 1:colcon.colcon_core.package_identification:_identify(install) by extension 'ignore'
[0.966s] Level 1:colcon.colcon_core.package_identification:_identify(install) ignored
[0.967s] Level 1:colcon.colcon_core.package_identification:_identify(log) by extensions ['ignore', 'ignore_ament_install']
[0.967s] Level 1:colcon.colcon_core.package_identification:_identify(log) by extension 'ignore'
[0.967s] Level 1:colcon.colcon_core.package_identification:_identify(log) ignored
[0.967s] Level 1:colcon.colcon_core.package_identification:_identify(src) by extensions ['ignore', 'ignore_ament_install']
[0.967s] Level 1:colcon.colcon_core.package_identification:_identify(src) by extension 'ignore'
[0.967s] Level 1:colcon.colcon_core.package_identification:_identify(src) by extension 'ignore_ament_install'
[0.968s] Level 1:colcon.colcon_core.package_identification:_identify(src) by extensions ['colcon_pkg']
[0.968s] Level 1:colcon.colcon_core.package_identification:_identify(src) by extension 'colcon_pkg'
[0.968s] Level 1:colcon.colcon_core.package_identification:_identify(src) by extensions ['colcon_meta']
[0.968s] Level 1:colcon.colcon_core.package_identification:_identify(src) by extension 'colcon_meta'
[0.968s] Level 1:colcon.colcon_core.package_identification:_identify(src) by extensions ['ros']
[0.968s] Level 1:colcon.colcon_core.package_identification:_identify(src) by extension 'ros'
[0.968s] Level 1:colcon.colcon_core.package_identification:_identify(src) by extensions ['cmake', 'python']
[0.968s] Level 1:colcon.colcon_core.package_identification:_identify(src) by extension 'cmake'
[0.968s] Level 1:colcon.colcon_core.package_identification:_identify(src) by extension 'python'
[0.968s] Level 1:colcon.colcon_core.package_identification:_identify(src) by extensions ['python_setup_py']
[0.968s] Level 1:colcon.colcon_core.package_identification:_identify(src) by extension 'python_setup_py'
[0.969s] Level 1:colcon.colcon_core.package_identification:_identify(src/cache) by extensions ['ignore', 'ignore_ament_install']
[0.969s] Level 1:colcon.colcon_core.package_identification:_identify(src/cache) by extension 'ignore'
[0.969s] Level 1:colcon.colcon_core.package_identification:_identify(src/cache) by extension 'ignore_ament_install'
[0.969s] Level 1:colcon.colcon_core.package_identification:_identify(src/cache) by extensions ['colcon_pkg']
[0.969s] Level 1:colcon.colcon_core.package_identification:_identify(src/cache) by extension 'colcon_pkg'
[0.969s] Level 1:colcon.colcon_core.package_identification:_identify(src/cache) by extensions ['colcon_meta']
[0.969s] Level 1:colcon.colcon_core.package_identification:_identify(src/cache) by extension 'colcon_meta'
[0.969s] Level 1:colcon.colcon_core.package_identification:_identify(src/cache) by extensions ['ros']
[0.969s] Level 1:colcon.colcon_core.package_identification:_identify(src/cache) by extension 'ros'
[0.970s] Level 1:colcon.colcon_core.package_identification:_identify(src/cache) by extensions ['cmake', 'python']
[0.970s] Level 1:colcon.colcon_core.package_identification:_identify(src/cache) by extension 'cmake'
[0.970s] Level 1:colcon.colcon_core.package_identification:_identify(src/cache) by extension 'python'
[0.970s] Level 1:colcon.colcon_core.package_identification:_identify(src/cache) by extensions ['python_setup_py']
[0.970s] Level 1:colcon.colcon_core.package_identification:_identify(src/cache) by extension 'python_setup_py'
[0.970s] Level 1:colcon.colcon_core.package_identification:_identify(src/my_robot_controller) by extensions ['ignore', 'ignore_ament_install']
[0.970s] Level 1:colcon.colcon_core.package_identification:_identify(src/my_robot_controller) by extension 'ignore'
[0.970s] Level 1:colcon.colcon_core.package_identification:_identify(src/my_robot_controller) by extension 'ignore_ament_install'
[0.971s] Level 1:colcon.colcon_core.package_identification:_identify(src/my_robot_controller) by extensions ['colcon_pkg']
[0.971s] Level 1:colcon.colcon_core.package_identification:_identify(src/my_robot_controller) by extension 'colcon_pkg'
[0.971s] Level 1:colcon.colcon_core.package_identification:_identify(src/my_robot_controller) by extensions ['colcon_meta']
[0.971s] Level 1:colcon.colcon_core.package_identification:_identify(src/my_robot_controller) by extension 'colcon_meta'
[0.971s] Level 1:colcon.colcon_core.package_identification:_identify(src/my_robot_controller) by extensions ['ros']
[0.971s] Level 1:colcon.colcon_core.package_identification:_identify(src/my_robot_controller) by extension 'ros'
[0.980s] DEBUG:colcon.colcon_core.package_identification:Package 'src/my_robot_controller' with type 'ros.ament_python' and name 'my_robot_controller'
[0.980s] Level 1:colcon.colcon_core.package_identification:_identify(src/my_robot_interfaces) by extensions ['ignore', 'ignore_ament_install']
[0.981s] Level 1:colcon.colcon_core.package_identification:_identify(src/my_robot_interfaces) by extension 'ignore'
[0.981s] Level 1:colcon.colcon_core.package_identification:_identify(src/my_robot_interfaces) by extension 'ignore_ament_install'
[0.981s] Level 1:colcon.colcon_core.package_identification:_identify(src/my_robot_interfaces) by extensions ['colcon_pkg']
[0.981s] Level 1:colcon.colcon_core.package_identification:_identify(src/my_robot_interfaces) by extension 'colcon_pkg'
[0.981s] Level 1:colcon.colcon_core.package_identification:_identify(src/my_robot_interfaces) by extensions ['colcon_meta']
[0.981s] Level 1:colcon.colcon_core.package_identification:_identify(src/my_robot_interfaces) by extension 'colcon_meta'
[0.981s] Level 1:colcon.colcon_core.package_identification:_identify(src/my_robot_interfaces) by extensions ['ros']
[0.981s] Level 1:colcon.colcon_core.package_identification:_identify(src/my_robot_interfaces) by extension 'ros'
[0.982s] DEBUG:colcon.colcon_core.package_identification:Package 'src/my_robot_interfaces' with type 'ros.ament_cmake' and name 'my_robot_interfaces'
[0.983s] Level 1:colcon.colcon_core.package_discovery:discover_packages(recursive) using defaults
[0.983s] Level 1:colcon.colcon_core.package_discovery:discover_packages(ignore) discover
[0.983s] Level 1:colcon.colcon_core.package_discovery:discover_packages(ignore) using defaults
[0.983s] Level 1:colcon.colcon_core.package_discovery:discover_packages(path) discover
[0.983s] Level 1:colcon.colcon_core.package_discovery:discover_packages(path) using defaults
[1.048s] Level 1:colcon.colcon_core.package_discovery:discover_packages(prefix_path) check parameters
[1.048s] Level 1:colcon.colcon_core.package_discovery:discover_packages(prefix_path) discover
[1.081s] DEBUG:colcon.colcon_installed_package_information.package_discovery:Found 2 installed packages in /home/ros2/Desktop/ros2_ws/install
[1.085s] DEBUG:colcon.colcon_installed_package_information.package_discovery:Found 1 installed packages in /home/ros2/ros2_ws/install
[1.092s] DEBUG:colcon.colcon_installed_package_information.package_discovery:Found 284 installed packages in /opt/ros/humble
[1.105s] Level 1:colcon.colcon_core.package_discovery:discover_packages(prefix_path) using defaults
[1.304s] Level 5:colcon.colcon_core.verb:set package 'my_robot_interfaces' build argument 'cmake_args' from command line to 'None'
[1.305s] Level 5:colcon.colcon_core.verb:set package 'my_robot_interfaces' build argument 'cmake_target' from command line to 'None'
[1.305s] Level 5:colcon.colcon_core.verb:set package 'my_robot_interfaces' build argument 'cmake_target_skip_unavailable' from command line to 'False'
[1.305s] Level 5:colcon.colcon_core.verb:set package 'my_robot_interfaces' build argument 'cmake_clean_cache' from command line to 'False'
[1.305s] Level 5:colcon.colcon_core.verb:set package 'my_robot_interfaces' build argument 'cmake_clean_first' from command line to 'False'
[1.305s] Level 5:colcon.colcon_core.verb:set package 'my_robot_interfaces' build argument 'cmake_force_configure' from command line to 'False'
[1.306s] Level 5:colcon.colcon_core.verb:set package 'my_robot_interfaces' build argument 'ament_cmake_args' from command line to 'None'
[1.310s] Level 5:colcon.colcon_core.verb:set package 'my_robot_interfaces' build argument 'catkin_cmake_args' from command line to 'None'
[1.311s] Level 5:colcon.colcon_core.verb:set package 'my_robot_interfaces' build argument 'catkin_skip_building_tests' from command line to 'False'
[1.311s] DEBUG:colcon.colcon_core.verb:Building package 'my_robot_interfaces' with the following arguments: {'ament_cmake_args': None, 'build_base': '/home/ros2/Desktop/ros2_ws/build/my_robot_interfaces', 'catkin_cmake_args': None, 'catkin_skip_building_tests': False, 'cmake_args': None, 'cmake_clean_cache': False, 'cmake_clean_first': False, 'cmake_force_configure': False, 'cmake_target': None, 'cmake_target_skip_unavailable': False, 'install_base': '/home/ros2/Desktop/ros2_ws/install/my_robot_interfaces', 'merge_install': False, 'path': '/home/ros2/Desktop/ros2_ws/src/my_robot_interfaces', 'symlink_install': False, 'test_result_base': None}
[1.315s] Level 5:colcon.colcon_core.verb:set package 'my_robot_controller' build argument 'cmake_args' from command line to 'None'
[1.327s] Level 5:colcon.colcon_core.verb:set package 'my_robot_controller' build argument 'cmake_target' from command line to 'None'
[1.327s] Level 5:colcon.colcon_core.verb:set package 'my_robot_controller' build argument 'cmake_target_skip_unavailable' from command line to 'False'
[1.327s] Level 5:colcon.colcon_core.verb:set package 'my_robot_controller' build argument 'cmake_clean_cache' from command line to 'False'
[1.327s] Level 5:colcon.colcon_core.verb:set package 'my_robot_controller' build argument 'cmake_clean_first' from command line to 'False'
[1.327s] Level 5:colcon.colcon_core.verb:set package 'my_robot_controller' build argument 'cmake_force_configure' from command line to 'False'
[1.327s] Level 5:colcon.colcon_core.verb:set package 'my_robot_controller' build argument 'ament_cmake_args' from command line to 'None'
[1.327s] Level 5:colcon.colcon_core.verb:set package 'my_robot_controller' build argument 'catkin_cmake_args' from command line to 'None'
[1.327s] Level 5:colcon.colcon_core.verb:set package 'my_robot_controller' build argument 'catkin_skip_building_tests' from command line to 'False'
[1.327s] DEBUG:colcon.colcon_core.verb:Building package 'my_robot_controller' with the following arguments: {'ament_cmake_args': None, 'build_base': '/home/ros2/Desktop/ros2_ws/build/my_robot_controller', 'catkin_cmake_args': None, 'catkin_skip_building_tests': False, 'cmake_args': None, 'cmake_clean_cache': False, 'cmake_clean_first': False, 'cmake_force_configure': False, 'cmake_target': None, 'cmake_target_skip_unavailable': False, 'install_base': '/home/ros2/Desktop/ros2_ws/install/my_robot_controller', 'merge_install': False, 'path': '/home/ros2/Desktop/ros2_ws/src/my_robot_controller', 'symlink_install': False, 'test_result_base': None}
[1.330s] INFO:colcon.colcon_core.executor:Executing jobs using 'parallel' executor
[1.346s] DEBUG:colcon.colcon_parallel_executor.executor.parallel:run_until_complete
[1.347s] INFO:colcon.colcon_ros.task.ament_cmake.build:Building ROS package in '/home/ros2/Desktop/ros2_ws/src/my_robot_interfaces' with build type 'ament_cmake'
[1.347s] INFO:colcon.colcon_cmake.task.cmake.build:Building CMake package in '/home/ros2/Desktop/ros2_ws/src/my_robot_interfaces'
[1.367s] INFO:colcon.colcon_core.plugin_system:Skipping extension 'colcon_core.shell.bat': Not used on non-Windows systems
[1.368s] INFO:colcon.colcon_core.shell:Skip shell extension 'powershell' for command environment: Not usable outside of PowerShell
[1.370s] DEBUG:colcon.colcon_core.shell:Skip shell extension 'dsv' for command environment
[1.415s] DEBUG:colcon.colcon_core.event_handler.log_command:Invoking command in '/home/ros2/Desktop/ros2_ws/build/my_robot_interfaces': CMAKE_PREFIX_PATH=${CMAKE_PREFIX_PATH}:/home/ros2/Desktop/ros2_ws/install/my_robot_controller:/home/ros2/ros2_ws/install/my_robot_controller:/opt/ros/humble /usr/bin/cmake --build /home/ros2/Desktop/ros2_ws/build/my_robot_interfaces -- -j2 -l2
[2.738s] DEBUG:colcon.colcon_core.event_handler.log_command:Invoked command in '/home/ros2/Desktop/ros2_ws/build/my_robot_interfaces' returned '0': CMAKE_PREFIX_PATH=${CMAKE_PREFIX_PATH}:/home/ros2/Desktop/ros2_ws/install/my_robot_controller:/home/ros2/ros2_ws/install/my_robot_controller:/opt/ros/humble /usr/bin/cmake --build /home/ros2/Desktop/ros2_ws/build/my_robot_interfaces -- -j2 -l2
[2.871s] DEBUG:colcon.colcon_core.event_handler.log_command:Invoking command in '/home/ros2/Desktop/ros2_ws/build/my_robot_interfaces': CMAKE_PREFIX_PATH=${CMAKE_PREFIX_PATH}:/home/ros2/Desktop/ros2_ws/install/my_robot_controller:/home/ros2/ros2_ws/install/my_robot_controller:/opt/ros/humble /usr/bin/cmake --install /home/ros2/Desktop/ros2_ws/build/my_robot_interfaces
[2.990s] Level 1:colcon.colcon_core.environment:create_environment_scripts_only(my_robot_interfaces)
[2.990s] DEBUG:colcon.colcon_core.event_handler.log_command:Invoked command in '/home/ros2/Desktop/ros2_ws/build/my_robot_interfaces' returned '0': CMAKE_PREFIX_PATH=${CMAKE_PREFIX_PATH}:/home/ros2/Desktop/ros2_ws/install/my_robot_controller:/home/ros2/ros2_ws/install/my_robot_controller:/opt/ros/humble /usr/bin/cmake --install /home/ros2/Desktop/ros2_ws/build/my_robot_interfaces
[3.002s] Level 1:colcon.colcon_core.environment:checking '/home/ros2/Desktop/ros2_ws/install/my_robot_interfaces' for CMake module files
[3.004s] Level 1:colcon.colcon_core.environment:checking '/home/ros2/Desktop/ros2_ws/install/my_robot_interfaces' for CMake config files
[3.004s] Level 1:colcon.colcon_core.shell:create_environment_hook('my_robot_interfaces', 'cmake_prefix_path')
[3.017s] INFO:colcon.colcon_core.shell:Creating environment hook '/home/ros2/Desktop/ros2_ws/install/my_robot_interfaces/share/my_robot_interfaces/hook/cmake_prefix_path.ps1'
[3.018s] INFO:colcon.colcon_core.shell:Creating environment descriptor '/home/ros2/Desktop/ros2_ws/install/my_robot_interfaces/share/my_robot_interfaces/hook/cmake_prefix_path.dsv'
[3.019s] INFO:colcon.colcon_core.shell:Creating environment hook '/home/ros2/Desktop/ros2_ws/install/my_robot_interfaces/share/my_robot_interfaces/hook/cmake_prefix_path.sh'
[3.020s] Level 1:colcon.colcon_core.environment:checking '/home/ros2/Desktop/ros2_ws/install/my_robot_interfaces/lib'
[3.021s] Level 1:colcon.colcon_core.shell:create_environment_hook('my_robot_interfaces', 'ld_library_path_lib')
[3.023s] INFO:colcon.colcon_core.shell:Creating environment hook '/home/ros2/Desktop/ros2_ws/install/my_robot_interfaces/share/my_robot_interfaces/hook/ld_library_path_lib.ps1'
[3.024s] INFO:colcon.colcon_core.shell:Creating environment descriptor '/home/ros2/Desktop/ros2_ws/install/my_robot_interfaces/share/my_robot_interfaces/hook/ld_library_path_lib.dsv'
[3.024s] INFO:colcon.colcon_core.shell:Creating environment hook '/home/ros2/Desktop/ros2_ws/install/my_robot_interfaces/share/my_robot_interfaces/hook/ld_library_path_lib.sh'
[3.025s] Level 1:colcon.colcon_core.environment:checking '/home/ros2/Desktop/ros2_ws/install/my_robot_interfaces/bin'
[3.025s] Level 1:colcon.colcon_core.environment:checking '/home/ros2/Desktop/ros2_ws/install/my_robot_interfaces/lib/pkgconfig/my_robot_interfaces.pc'
[3.025s] Level 1:colcon.colcon_core.environment:checking '/home/ros2/Desktop/ros2_ws/install/my_robot_interfaces/lib/python3.10/site-packages'
[3.026s] Level 1:colcon.colcon_core.environment:checking '/home/ros2/Desktop/ros2_ws/install/my_robot_interfaces/bin'
[3.035s] INFO:colcon.colcon_core.shell:Creating package script '/home/ros2/Desktop/ros2_ws/install/my_robot_interfaces/share/my_robot_interfaces/package.ps1'
[3.037s] INFO:colcon.colcon_core.shell:Creating package descriptor '/home/ros2/Desktop/ros2_ws/install/my_robot_interfaces/share/my_robot_interfaces/package.dsv'
[3.038s] INFO:colcon.colcon_core.shell:Creating package script '/home/ros2/Desktop/ros2_ws/install/my_robot_interfaces/share/my_robot_interfaces/package.sh'
[3.041s] INFO:colcon.colcon_core.shell:Creating package script '/home/ros2/Desktop/ros2_ws/install/my_robot_interfaces/share/my_robot_interfaces/package.bash'
[3.043s] INFO:colcon.colcon_core.shell:Creating package script '/home/ros2/Desktop/ros2_ws/install/my_robot_interfaces/share/my_robot_interfaces/package.zsh'
[3.044s] Level 1:colcon.colcon_core.environment:create_file_with_runtime_dependencies(/home/ros2/Desktop/ros2_ws/install/my_robot_interfaces/share/colcon-core/packages/my_robot_interfaces)
[3.124s] Level 1:colcon.colcon_core.environment:create_environment_scripts_only(my_robot_interfaces)
[3.134s] Level 1:colcon.colcon_core.environment:checking '/home/ros2/Desktop/ros2_ws/install/my_robot_interfaces' for CMake module files
[3.136s] Level 1:colcon.colcon_core.environment:checking '/home/ros2/Desktop/ros2_ws/install/my_robot_interfaces' for CMake config files
[3.137s] Level 1:colcon.colcon_core.shell:create_environment_hook('my_robot_interfaces', 'cmake_prefix_path')
[3.139s] INFO:colcon.colcon_core.shell:Creating environment hook '/home/ros2/Desktop/ros2_ws/install/my_robot_interfaces/share/my_robot_interfaces/hook/cmake_prefix_path.ps1'
[3.140s] INFO:colcon.colcon_core.shell:Creating environment descriptor '/home/ros2/Desktop/ros2_ws/install/my_robot_interfaces/share/my_robot_interfaces/hook/cmake_prefix_path.dsv'
[3.140s] INFO:colcon.colcon_core.shell:Creating environment hook '/home/ros2/Desktop/ros2_ws/install/my_robot_interfaces/share/my_robot_interfaces/hook/cmake_prefix_path.sh'
[3.141s] Level 1:colcon.colcon_core.environment:checking '/home/ros2/Desktop/ros2_ws/install/my_robot_interfaces/lib'
[3.141s] Level 1:colcon.colcon_core.shell:create_environment_hook('my_robot_interfaces', 'ld_library_path_lib')
[3.144s] INFO:colcon.colcon_core.shell:Creating environment hook '/home/ros2/Desktop/ros2_ws/install/my_robot_interfaces/share/my_robot_interfaces/hook/ld_library_path_lib.ps1'
[3.145s] INFO:colcon.colcon_core.shell:Creating environment descriptor '/home/ros2/Desktop/ros2_ws/install/my_robot_interfaces/share/my_robot_interfaces/hook/ld_library_path_lib.dsv'
[3.146s] INFO:colcon.colcon_core.shell:Creating environment hook '/home/ros2/Desktop/ros2_ws/install/my_robot_interfaces/share/my_robot_interfaces/hook/ld_library_path_lib.sh'
[3.146s] Level 1:colcon.colcon_core.environment:checking '/home/ros2/Desktop/ros2_ws/install/my_robot_interfaces/bin'
[3.147s] Level 1:colcon.colcon_core.environment:checking '/home/ros2/Desktop/ros2_ws/install/my_robot_interfaces/lib/pkgconfig/my_robot_interfaces.pc'
[3.147s] Level 1:colcon.colcon_core.environment:checking '/home/ros2/Desktop/ros2_ws/install/my_robot_interfaces/lib/python3.10/site-packages'
[3.147s] Level 1:colcon.colcon_core.environment:checking '/home/ros2/Desktop/ros2_ws/install/my_robot_interfaces/bin'
[3.150s] INFO:colcon.colcon_core.shell:Creating package script '/home/ros2/Desktop/ros2_ws/install/my_robot_interfaces/share/my_robot_interfaces/package.ps1'
[3.151s] INFO:colcon.colcon_core.shell:Creating package descriptor '/home/ros2/Desktop/ros2_ws/install/my_robot_interfaces/share/my_robot_interfaces/package.dsv'
[3.152s] INFO:colcon.colcon_core.shell:Creating package script '/home/ros2/Desktop/ros2_ws/install/my_robot_interfaces/share/my_robot_interfaces/package.sh'
[3.153s] INFO:colcon.colcon_core.shell:Creating package script '/home/ros2/Desktop/ros2_ws/install/my_robot_interfaces/share/my_robot_interfaces/package.bash'
[3.153s] INFO:colcon.colcon_core.shell:Creating package script '/home/ros2/Desktop/ros2_ws/install/my_robot_interfaces/share/my_robot_interfaces/package.zsh'
[3.154s] Level 1:colcon.colcon_core.environment:create_file_with_runtime_dependencies(/home/ros2/Desktop/ros2_ws/install/my_robot_interfaces/share/colcon-core/packages/my_robot_interfaces)
[3.154s] INFO:colcon.colcon_ros.task.ament_python.build:Building ROS package in '/home/ros2/Desktop/ros2_ws/src/my_robot_controller' with build type 'ament_python'
[3.155s] Level 1:colcon.colcon_core.shell:create_environment_hook('my_robot_controller', 'ament_prefix_path')
[3.157s] INFO:colcon.colcon_core.shell:Creating environment hook '/home/ros2/Desktop/ros2_ws/install/my_robot_controller/share/my_robot_controller/hook/ament_prefix_path.ps1'
[3.158s] INFO:colcon.colcon_core.shell:Creating environment descriptor '/home/ros2/Desktop/ros2_ws/install/my_robot_controller/share/my_robot_controller/hook/ament_prefix_path.dsv'
[3.159s] INFO:colcon.colcon_core.shell:Creating environment hook '/home/ros2/Desktop/ros2_ws/install/my_robot_controller/share/my_robot_controller/hook/ament_prefix_path.sh'
[3.162s] INFO:colcon.colcon_core.shell:Skip shell extension 'powershell' for command environment: Not usable outside of PowerShell
[3.162s] DEBUG:colcon.colcon_core.shell:Skip shell extension 'dsv' for command environment
[3.855s] INFO:colcon.colcon_core.task.python.build:Building Python package in '/home/ros2/Desktop/ros2_ws/src/my_robot_controller'
[3.858s] INFO:colcon.colcon_core.shell:Skip shell extension 'powershell' for command environment: Not usable outside of PowerShell
[3.858s] DEBUG:colcon.colcon_core.shell:Skip shell extension 'dsv' for command environment
[4.648s] DEBUG:colcon.colcon_core.event_handler.log_command:Invoking command in '/home/ros2/Desktop/ros2_ws/src/my_robot_controller': PYTHONPATH=/home/ros2/Desktop/ros2_ws/build/my_robot_controller/prefix_override:/home/ros2/Desktop/ros2_ws/install/my_robot_controller/lib/python3.10/site-packages:${PYTHONPATH} /usr/bin/python3 setup.py egg_info --egg-base ../../build/my_robot_controller build --build-base /home/ros2/Desktop/ros2_ws/build/my_robot_controller/build install --record /home/ros2/Desktop/ros2_ws/build/my_robot_controller/install.log --single-version-externally-managed
[5.332s] Level 1:colcon.colcon_core.environment:checking '/home/ros2/Desktop/ros2_ws/install/my_robot_controller' for CMake module files
[5.333s] DEBUG:colcon.colcon_core.event_handler.log_command:Invoked command in '/home/ros2/Desktop/ros2_ws/src/my_robot_controller' returned '0': PYTHONPATH=/home/ros2/Desktop/ros2_ws/build/my_robot_controller/prefix_override:/home/ros2/Desktop/ros2_ws/install/my_robot_controller/lib/python3.10/site-packages:${PYTHONPATH} /usr/bin/python3 setup.py egg_info --egg-base ../../build/my_robot_controller build --build-base /home/ros2/Desktop/ros2_ws/build/my_robot_controller/build install --record /home/ros2/Desktop/ros2_ws/build/my_robot_controller/install.log --single-version-externally-managed
[5.337s] Level 1:colcon.colcon_core.environment:checking '/home/ros2/Desktop/ros2_ws/install/my_robot_controller' for CMake config files
[5.338s] Level 1:colcon.colcon_core.environment:checking '/home/ros2/Desktop/ros2_ws/install/my_robot_controller/lib'
[5.338s] Level 1:colcon.colcon_core.environment:checking '/home/ros2/Desktop/ros2_ws/install/my_robot_controller/bin'
[5.338s] Level 1:colcon.colcon_core.environment:checking '/home/ros2/Desktop/ros2_ws/install/my_robot_controller/lib/pkgconfig/my_robot_controller.pc'
[5.338s] Level 1:colcon.colcon_core.environment:checking '/home/ros2/Desktop/ros2_ws/install/my_robot_controller/lib/python3.10/site-packages'
[5.338s] Level 1:colcon.colcon_core.shell:create_environment_hook('my_robot_controller', 'pythonpath')
[5.341s] INFO:colcon.colcon_core.shell:Creating environment hook '/home/ros2/Desktop/ros2_ws/install/my_robot_controller/share/my_robot_controller/hook/pythonpath.ps1'
[5.342s] INFO:colcon.colcon_core.shell:Creating environment descriptor '/home/ros2/Desktop/ros2_ws/install/my_robot_controller/share/my_robot_controller/hook/pythonpath.dsv'
[5.342s] INFO:colcon.colcon_core.shell:Creating environment hook '/home/ros2/Desktop/ros2_ws/install/my_robot_controller/share/my_robot_controller/hook/pythonpath.sh'
[5.343s] Level 1:colcon.colcon_core.environment:checking '/home/ros2/Desktop/ros2_ws/install/my_robot_controller/bin'
[5.344s] Level 1:colcon.colcon_core.environment:create_environment_scripts_only(my_robot_controller)
[5.361s] INFO:colcon.colcon_core.shell:Creating package script '/home/ros2/Desktop/ros2_ws/install/my_robot_controller/share/my_robot_controller/package.ps1'
[5.362s] INFO:colcon.colcon_core.shell:Creating package descriptor '/home/ros2/Desktop/ros2_ws/install/my_robot_controller/share/my_robot_controller/package.dsv'
[5.363s] INFO:colcon.colcon_core.shell:Creating package script '/home/ros2/Desktop/ros2_ws/install/my_robot_controller/share/my_robot_controller/package.sh'
[5.364s] INFO:colcon.colcon_core.shell:Creating package script '/home/ros2/Desktop/ros2_ws/install/my_robot_controller/share/my_robot_controller/package.bash'
[5.365s] INFO:colcon.colcon_core.shell:Creating package script '/home/ros2/Desktop/ros2_ws/install/my_robot_controller/share/my_robot_controller/package.zsh'
[5.365s] Level 1:colcon.colcon_core.environment:create_file_with_runtime_dependencies(/home/ros2/Desktop/ros2_ws/install/my_robot_controller/share/colcon-core/packages/my_robot_controller)
[5.366s] DEBUG:colcon.colcon_parallel_executor.executor.parallel:closing loop
[5.366s] DEBUG:colcon.colcon_parallel_executor.executor.parallel:loop closed
[5.367s] DEBUG:colcon.colcon_parallel_executor.executor.parallel:run_until_complete finished with '0'
[5.367s] DEBUG:colcon.colcon_core.event_reactor:joining thread
[5.384s] INFO:colcon.colcon_core.plugin_system:Skipping extension 'colcon_notification.desktop_notification.terminal_notifier': Not used on non-Darwin systems
[5.384s] INFO:colcon.colcon_core.plugin_system:Skipping extension 'colcon_notification.desktop_notification.win32': Not used on non-Windows systems
[5.384s] INFO:colcon.colcon_notification.desktop_notification:Sending desktop notification using 'notify2'
[5.392s] DEBUG:colcon.colcon_core.event_reactor:joined thread
[5.396s] INFO:colcon.colcon_core.shell:Creating prefix script '/home/ros2/Desktop/ros2_ws/install/local_setup.ps1'
[5.400s] INFO:colcon.colcon_core.shell:Creating prefix util module '/home/ros2/Desktop/ros2_ws/install/_local_setup_util_ps1.py'
[5.408s] INFO:colcon.colcon_core.shell:Creating prefix chain script '/home/ros2/Desktop/ros2_ws/install/setup.ps1'
[5.414s] INFO:colcon.colcon_core.shell:Creating prefix script '/home/ros2/Desktop/ros2_ws/install/local_setup.sh'
[5.416s] INFO:colcon.colcon_core.shell:Creating prefix util module '/home/ros2/Desktop/ros2_ws/install/_local_setup_util_sh.py'
[5.420s] INFO:colcon.colcon_core.shell:Creating prefix chain script '/home/ros2/Desktop/ros2_ws/install/setup.sh'
[5.426s] INFO:colcon.colcon_core.shell:Creating prefix script '/home/ros2/Desktop/ros2_ws/install/local_setup.bash'
[5.427s] INFO:colcon.colcon_core.shell:Creating prefix chain script '/home/ros2/Desktop/ros2_ws/install/setup.bash'
[5.432s] INFO:colcon.colcon_core.shell:Creating prefix script '/home/ros2/Desktop/ros2_ws/install/local_setup.zsh'
[5.435s] INFO:colcon.colcon_core.shell:Creating prefix chain script '/home/ros2/Desktop/ros2_ws/install/setup.zsh'
