[0.956s] Invoking command in '/home/drone/ros2_ws/build/my_robot_controller': PYTHONPATH=/home/drone/ros2_ws/build/my_robot_controller/prefix_override:/home/drone/ros2_ws/install/my_robot_controller/lib/python3.10/site-packages:${PYTHONPATH} /usr/bin/python3 -W ignore:setup.py install is deprecated setup.py develop --editable --build-directory /home/drone/ros2_ws/build/my_robot_controller/build --no-deps symlink_data --force
[1.373s] running develop
[1.378s] /usr/lib/python3/dist-packages/setuptools/command/easy_install.py:158: EasyInstallDeprecationWarning: easy_install command is deprecated. Use build and pip and other standards-based tools.
[1.378s]   warnings.warn(
[1.633s] running egg_info
[1.633s] writing my_robot_controller.egg-info/PKG-INFO
[1.633s] writing dependency_links to my_robot_controller.egg-info/dependency_links.txt
[1.634s] writing entry points to my_robot_controller.egg-info/entry_points.txt
[1.634s] writing requirements to my_robot_controller.egg-info/requires.txt
[1.634s] writing top-level names to my_robot_controller.egg-info/top_level.txt
[1.637s] reading manifest file 'my_robot_controller.egg-info/SOURCES.txt'
[1.638s] writing manifest file 'my_robot_controller.egg-info/SOURCES.txt'
[1.640s] running build_ext
[1.641s] Creating /home/drone/ros2_ws/install/my_robot_controller/lib/python3.10/site-packages/my-robot-controller.egg-link (link to .)
[1.642s] Installing test_node script to /home/drone/ros2_ws/install/my_robot_controller/lib/my_robot_controller
[1.643s] 
[1.643s] Installed /home/drone/ros2_ws/build/my_robot_controller
[1.643s] running symlink_data
[1.643s] symbolically linking /home/drone/ros2_ws/build/my_robot_controller/resource/my_robot_controller -> /home/drone/ros2_ws/install/my_robot_controller/share/ament_index/resource_index/packages
[1.645s] symbolically linking /home/drone/ros2_ws/build/my_robot_controller/package.xml -> /home/drone/ros2_ws/install/my_robot_controller/share/my_robot_controller
[1.695s] Invoked command in '/home/drone/ros2_ws/build/my_robot_controller' returned '0': PYTHONPATH=/home/drone/ros2_ws/build/my_robot_controller/prefix_override:/home/drone/ros2_ws/install/my_robot_controller/lib/python3.10/site-packages:${PYTHONPATH} /usr/bin/python3 -W ignore:setup.py install is deprecated setup.py develop --editable --build-directory /home/drone/ros2_ws/build/my_robot_controller/build --no-deps symlink_data --force
