[0.756s] Invoking command in '/home/drone/Documents/GitHub/AAU_P4_MONITOR_DRONE/ros2_ws/src/my_robot_controller': PYTHONPATH=/home/drone/Documents/GitHub/AAU_P4_MONITOR_DRONE/ros2_ws/build/my_robot_controller/prefix_override:/home/drone/Documents/GitHub/AAU_P4_MONITOR_DRONE/ros2_ws/install/my_robot_controller/lib/python3.10/site-packages:${PYTHONPATH} /usr/bin/python3 -W ignore:setup.py install is deprecated setup.py egg_info --egg-base ../../build/my_robot_controller build --build-base /home/drone/Documents/GitHub/AAU_P4_MONITOR_DRONE/ros2_ws/build/my_robot_controller/build install --record /home/drone/Documents/GitHub/AAU_P4_MONITOR_DRONE/ros2_ws/build/my_robot_controller/install.log --single-version-externally-managed install_data
[1.068s] running egg_info
[1.069s] writing ../../build/my_robot_controller/my_robot_controller.egg-info/PKG-INFO
[1.069s] writing dependency_links to ../../build/my_robot_controller/my_robot_controller.egg-info/dependency_links.txt
[1.070s] writing entry points to ../../build/my_robot_controller/my_robot_controller.egg-info/entry_points.txt
[1.070s] writing requirements to ../../build/my_robot_controller/my_robot_controller.egg-info/requires.txt
[1.070s] writing top-level names to ../../build/my_robot_controller/my_robot_controller.egg-info/top_level.txt
[1.072s] reading manifest file '../../build/my_robot_controller/my_robot_controller.egg-info/SOURCES.txt'
[1.074s] writing manifest file '../../build/my_robot_controller/my_robot_controller.egg-info/SOURCES.txt'
[1.074s] running build
[1.074s] running build_py
[1.075s] copying my_robot_controller/vicon_node.py -> /home/drone/Documents/GitHub/AAU_P4_MONITOR_DRONE/ros2_ws/build/my_robot_controller/build/lib/my_robot_controller
[1.075s] running install
[1.076s] running install_lib
[1.077s] copying /home/drone/Documents/GitHub/AAU_P4_MONITOR_DRONE/ros2_ws/build/my_robot_controller/build/lib/my_robot_controller/vicon_node.py -> /home/drone/Documents/GitHub/AAU_P4_MONITOR_DRONE/ros2_ws/install/my_robot_controller/lib/python3.10/site-packages/my_robot_controller
[1.078s] byte-compiling /home/drone/Documents/GitHub/AAU_P4_MONITOR_DRONE/ros2_ws/install/my_robot_controller/lib/python3.10/site-packages/my_robot_controller/vicon_node.py to vicon_node.cpython-310.pyc
[1.078s] running install_data
[1.079s] running install_egg_info
[1.081s] removing '/home/drone/Documents/GitHub/AAU_P4_MONITOR_DRONE/ros2_ws/install/my_robot_controller/lib/python3.10/site-packages/my_robot_controller-0.0.0-py3.10.egg-info' (and everything under it)
[1.081s] Copying ../../build/my_robot_controller/my_robot_controller.egg-info to /home/drone/Documents/GitHub/AAU_P4_MONITOR_DRONE/ros2_ws/install/my_robot_controller/lib/python3.10/site-packages/my_robot_controller-0.0.0-py3.10.egg-info
[1.082s] running install_scripts
[1.107s] Installing crazy_node script to /home/drone/Documents/GitHub/AAU_P4_MONITOR_DRONE/ros2_ws/install/my_robot_controller/lib/my_robot_controller
[1.107s] Installing crazy_node_take_off script to /home/drone/Documents/GitHub/AAU_P4_MONITOR_DRONE/ros2_ws/install/my_robot_controller/lib/my_robot_controller
[1.108s] Installing my_listener script to /home/drone/Documents/GitHub/AAU_P4_MONITOR_DRONE/ros2_ws/install/my_robot_controller/lib/my_robot_controller
[1.108s] Installing my_talker script to /home/drone/Documents/GitHub/AAU_P4_MONITOR_DRONE/ros2_ws/install/my_robot_controller/lib/my_robot_controller
[1.108s] Installing test_node script to /home/drone/Documents/GitHub/AAU_P4_MONITOR_DRONE/ros2_ws/install/my_robot_controller/lib/my_robot_controller
[1.108s] Installing test_node2 script to /home/drone/Documents/GitHub/AAU_P4_MONITOR_DRONE/ros2_ws/install/my_robot_controller/lib/my_robot_controller
[1.108s] Installing vicon_node script to /home/drone/Documents/GitHub/AAU_P4_MONITOR_DRONE/ros2_ws/install/my_robot_controller/lib/my_robot_controller
[1.109s] writing list of installed files to '/home/drone/Documents/GitHub/AAU_P4_MONITOR_DRONE/ros2_ws/build/my_robot_controller/install.log'
[1.147s] Invoked command in '/home/drone/Documents/GitHub/AAU_P4_MONITOR_DRONE/ros2_ws/src/my_robot_controller' returned '0': PYTHONPATH=/home/drone/Documents/GitHub/AAU_P4_MONITOR_DRONE/ros2_ws/build/my_robot_controller/prefix_override:/home/drone/Documents/GitHub/AAU_P4_MONITOR_DRONE/ros2_ws/install/my_robot_controller/lib/python3.10/site-packages:${PYTHONPATH} /usr/bin/python3 -W ignore:setup.py install is deprecated setup.py egg_info --egg-base ../../build/my_robot_controller build --build-base /home/drone/Documents/GitHub/AAU_P4_MONITOR_DRONE/ros2_ws/build/my_robot_controller/build install --record /home/drone/Documents/GitHub/AAU_P4_MONITOR_DRONE/ros2_ws/build/my_robot_controller/install.log --single-version-externally-managed install_data
