[1.835s] DEBUG:colcon:Command line arguments: ['/usr/bin/colcon', 'build']
[1.835s] DEBUG:colcon:Parsed command line arguments: Namespace(log_base=None, log_level=None, verb_name='build', build_base='build', install_base='install', merge_install=False, symlink_install=False, test_result_base=None, continue_on_error=False, executor='parallel', parallel_workers=2, event_handlers=None, ignore_user_meta=False, metas=['./colcon.meta'], base_paths=['.'], packages_ignore=None, packages_ignore_regex=None, paths=None, packages_up_to=None, packages_up_to_regex=None, packages_above=None, packages_above_and_dependencies=None, packages_above_depth=None, packages_select_by_dep=None, packages_skip_by_dep=None, packages_skip_up_to=None, packages_select_build_failed=False, packages_skip_build_finished=False, packages_select_test_failures=False, packages_skip_test_passed=False, packages_select=None, packages_skip=None, packages_select_regex=None, packages_skip_regex=None, packages_start=None, packages_end=None, allow_overriding=[], cmake_args=None, cmake_target=None, cmake_target_skip_unavailable=False, cmake_clean_cache=False, cmake_clean_first=False, cmake_force_configure=False, ament_cmake_args=None, catkin_cmake_args=None, catkin_skip_building_tests=False, verb_parser=<colcon_defaults.argument_parser.defaults.DefaultArgumentsDecorator object at 0x7fcfa8536c50>, verb_extension=<colcon_core.verb.build.BuildVerb object at 0x7fcfa83991e0>, main=<bound method BuildVerb.main of <colcon_core.verb.build.BuildVerb object at 0x7fcfa83991e0>>)
[1.957s] Level 1:colcon.colcon_core.package_discovery:discover_packages(colcon_meta) check parameters
[1.957s] Level 1:colcon.colcon_core.package_discovery:discover_packages(recursive) check parameters
[1.957s] Level 1:colcon.colcon_core.package_discovery:discover_packages(ignore) check parameters
[1.957s] Level 1:colcon.colcon_core.package_discovery:discover_packages(path) check parameters
[1.958s] Level 1:colcon.colcon_core.package_discovery:discover_packages(colcon_meta) discover
[1.958s] Level 1:colcon.colcon_core.package_discovery:discover_packages(recursive) discover
[1.958s] INFO:colcon.colcon_core.package_discovery:Crawling recursively for packages in '/home/ros2/Desktop/ros2_ws'
[1.958s] Level 1:colcon.colcon_core.package_identification:_identify(.) by extensions ['ignore', 'ignore_ament_install']
[1.958s] Level 1:colcon.colcon_core.package_identification:_identify(.) by extension 'ignore'
[1.958s] Level 1:colcon.colcon_core.package_identification:_identify(.) by extension 'ignore_ament_install'
[1.958s] Level 1:colcon.colcon_core.package_identification:_identify(.) by extensions ['colcon_pkg']
[1.958s] Level 1:colcon.colcon_core.package_identification:_identify(.) by extension 'colcon_pkg'
[1.959s] Level 1:colcon.colcon_core.package_identification:_identify(.) by extensions ['colcon_meta']
[1.959s] Level 1:colcon.colcon_core.package_identification:_identify(.) by extension 'colcon_meta'
[1.959s] Level 1:colcon.colcon_core.package_identification:_identify(.) by extensions ['ros']
[1.968s] Level 1:colcon.colcon_core.package_identification:_identify(.) by extension 'ros'
[2.018s] Level 1:colcon.colcon_core.package_identification:_identify(.) by extensions ['cmake', 'python']
[2.024s] Level 1:colcon.colcon_core.package_identification:_identify(.) by extension 'cmake'
[2.024s] Level 1:colcon.colcon_core.package_identification:_identify(.) by extension 'python'
[2.024s] Level 1:colcon.colcon_core.package_identification:_identify(.) by extensions ['python_setup_py']
[2.024s] Level 1:colcon.colcon_core.package_identification:_identify(.) by extension 'python_setup_py'
[2.024s] Level 1:colcon.colcon_core.package_identification:_identify(build) by extensions ['ignore', 'ignore_ament_install']
[2.024s] Level 1:colcon.colcon_core.package_identification:_identify(build) by extension 'ignore'
[2.025s] Level 1:colcon.colcon_core.package_identification:_identify(build) ignored
[2.025s] Level 1:colcon.colcon_core.package_identification:_identify(cache) by extensions ['ignore', 'ignore_ament_install']
[2.025s] Level 1:colcon.colcon_core.package_identification:_identify(cache) by extension 'ignore'
[2.025s] Level 1:colcon.colcon_core.package_identification:_identify(cache) by extension 'ignore_ament_install'
[2.025s] Level 1:colcon.colcon_core.package_identification:_identify(cache) by extensions ['colcon_pkg']
[2.025s] Level 1:colcon.colcon_core.package_identification:_identify(cache) by extension 'colcon_pkg'
[2.025s] Level 1:colcon.colcon_core.package_identification:_identify(cache) by extensions ['colcon_meta']
[2.025s] Level 1:colcon.colcon_core.package_identification:_identify(cache) by extension 'colcon_meta'
[2.025s] Level 1:colcon.colcon_core.package_identification:_identify(cache) by extensions ['ros']
[2.025s] Level 1:colcon.colcon_core.package_identification:_identify(cache) by extension 'ros'
[2.026s] Level 1:colcon.colcon_core.package_identification:_identify(cache) by extensions ['cmake', 'python']
[2.026s] Level 1:colcon.colcon_core.package_identification:_identify(cache) by extension 'cmake'
[2.026s] Level 1:colcon.colcon_core.package_identification:_identify(cache) by extension 'python'
[2.026s] Level 1:colcon.colcon_core.package_identification:_identify(cache) by extensions ['python_setup_py']
[2.026s] Level 1:colcon.colcon_core.package_identification:_identify(cache) by extension 'python_setup_py'
[2.026s] Level 1:colcon.colcon_core.package_identification:_identify(install) by extensions ['ignore', 'ignore_ament_install']
[2.026s] Level 1:colcon.colcon_core.package_identification:_identify(install) by extension 'ignore'
[2.026s] Level 1:colcon.colcon_core.package_identification:_identify(install) ignored
[2.027s] Level 1:colcon.colcon_core.package_identification:_identify(log) by extensions ['ignore', 'ignore_ament_install']
[2.027s] Level 1:colcon.colcon_core.package_identification:_identify(log) by extension 'ignore'
[2.027s] Level 1:colcon.colcon_core.package_identification:_identify(log) ignored
[2.027s] Level 1:colcon.colcon_core.package_identification:_identify(src) by extensions ['ignore', 'ignore_ament_install']
[2.027s] Level 1:colcon.colcon_core.package_identification:_identify(src) by extension 'ignore'
[2.027s] Level 1:colcon.colcon_core.package_identification:_identify(src) by extension 'ignore_ament_install'
[2.027s] Level 1:colcon.colcon_core.package_identification:_identify(src) by extensions ['colcon_pkg']
[2.027s] Level 1:colcon.colcon_core.package_identification:_identify(src) by extension 'colcon_pkg'
[2.028s] Level 1:colcon.colcon_core.package_identification:_identify(src) by extensions ['colcon_meta']
[2.028s] Level 1:colcon.colcon_core.package_identification:_identify(src) by extension 'colcon_meta'
[2.028s] Level 1:colcon.colcon_core.package_identification:_identify(src) by extensions ['ros']
[2.028s] Level 1:colcon.colcon_core.package_identification:_identify(src) by extension 'ros'
[2.028s] Level 1:colcon.colcon_core.package_identification:_identify(src) by extensions ['cmake', 'python']
[2.028s] Level 1:colcon.colcon_core.package_identification:_identify(src) by extension 'cmake'
[2.028s] Level 1:colcon.colcon_core.package_identification:_identify(src) by extension 'python'
[2.028s] Level 1:colcon.colcon_core.package_identification:_identify(src) by extensions ['python_setup_py']
[2.028s] Level 1:colcon.colcon_core.package_identification:_identify(src) by extension 'python_setup_py'
[2.028s] Level 1:colcon.colcon_core.package_identification:_identify(src/cache) by extensions ['ignore', 'ignore_ament_install']
[2.029s] Level 1:colcon.colcon_core.package_identification:_identify(src/cache) by extension 'ignore'
[2.029s] Level 1:colcon.colcon_core.package_identification:_identify(src/cache) by extension 'ignore_ament_install'
[2.029s] Level 1:colcon.colcon_core.package_identification:_identify(src/cache) by extensions ['colcon_pkg']
[2.029s] Level 1:colcon.colcon_core.package_identification:_identify(src/cache) by extension 'colcon_pkg'
[2.029s] Level 1:colcon.colcon_core.package_identification:_identify(src/cache) by extensions ['colcon_meta']
[2.029s] Level 1:colcon.colcon_core.package_identification:_identify(src/cache) by extension 'colcon_meta'
[2.029s] Level 1:colcon.colcon_core.package_identification:_identify(src/cache) by extensions ['ros']
[2.029s] Level 1:colcon.colcon_core.package_identification:_identify(src/cache) by extension 'ros'
[2.035s] Level 1:colcon.colcon_core.package_identification:_identify(src/cache) by extensions ['cmake', 'python']
[2.035s] Level 1:colcon.colcon_core.package_identification:_identify(src/cache) by extension 'cmake'
[2.035s] Level 1:colcon.colcon_core.package_identification:_identify(src/cache) by extension 'python'
[2.035s] Level 1:colcon.colcon_core.package_identification:_identify(src/cache) by extensions ['python_setup_py']
[2.035s] Level 1:colcon.colcon_core.package_identification:_identify(src/cache) by extension 'python_setup_py'
[2.036s] Level 1:colcon.colcon_core.package_identification:_identify(src/my_robot_controller) by extensions ['ignore', 'ignore_ament_install']
[2.036s] Level 1:colcon.colcon_core.package_identification:_identify(src/my_robot_controller) by extension 'ignore'
[2.036s] Level 1:colcon.colcon_core.package_identification:_identify(src/my_robot_controller) by extension 'ignore_ament_install'
[2.036s] Level 1:colcon.colcon_core.package_identification:_identify(src/my_robot_controller) by extensions ['colcon_pkg']
[2.036s] Level 1:colcon.colcon_core.package_identification:_identify(src/my_robot_controller) by extension 'colcon_pkg'
[2.036s] Level 1:colcon.colcon_core.package_identification:_identify(src/my_robot_controller) by extensions ['colcon_meta']
[2.036s] Level 1:colcon.colcon_core.package_identification:_identify(src/my_robot_controller) by extension 'colcon_meta'
[2.036s] Level 1:colcon.colcon_core.package_identification:_identify(src/my_robot_controller) by extensions ['ros']
[2.036s] Level 1:colcon.colcon_core.package_identification:_identify(src/my_robot_controller) by extension 'ros'
[2.053s] DEBUG:colcon.colcon_core.package_identification:Package 'src/my_robot_controller' with type 'ros.ament_python' and name 'my_robot_controller'
[2.053s] Level 1:colcon.colcon_core.package_identification:_identify(src/my_robot_interfaces) by extensions ['ignore', 'ignore_ament_install']
[2.054s] Level 1:colcon.colcon_core.package_identification:_identify(src/my_robot_interfaces) by extension 'ignore'
[2.060s] Level 1:colcon.colcon_core.package_identification:_identify(src/my_robot_interfaces) by extension 'ignore_ament_install'
[2.060s] Level 1:colcon.colcon_core.package_identification:_identify(src/my_robot_interfaces) by extensions ['colcon_pkg']
[2.060s] Level 1:colcon.colcon_core.package_identification:_identify(src/my_robot_interfaces) by extension 'colcon_pkg'
[2.060s] Level 1:colcon.colcon_core.package_identification:_identify(src/my_robot_interfaces) by extensions ['colcon_meta']
[2.060s] Level 1:colcon.colcon_core.package_identification:_identify(src/my_robot_interfaces) by extension 'colcon_meta'
[2.060s] Level 1:colcon.colcon_core.package_identification:_identify(src/my_robot_interfaces) by extensions ['ros']
[2.060s] Level 1:colcon.colcon_core.package_identification:_identify(src/my_robot_interfaces) by extension 'ros'
[2.061s] DEBUG:colcon.colcon_core.package_identification:Package 'src/my_robot_interfaces' with type 'ros.ament_cmake' and name 'my_robot_interfaces'
[2.062s] Level 1:colcon.colcon_core.package_discovery:discover_packages(recursive) using defaults
[2.062s] Level 1:colcon.colcon_core.package_discovery:discover_packages(ignore) discover
[2.062s] Level 1:colcon.colcon_core.package_discovery:discover_packages(ignore) using defaults
[2.062s] Level 1:colcon.colcon_core.package_discovery:discover_packages(path) discover
[2.062s] Level 1:colcon.colcon_core.package_discovery:discover_packages(path) using defaults
[2.183s] Level 1:colcon.colcon_core.package_discovery:discover_packages(prefix_path) check parameters
[2.183s] Level 1:colcon.colcon_core.package_discovery:discover_packages(prefix_path) discover
[2.195s] DEBUG:colcon.colcon_installed_package_information.package_discovery:Found 2 installed packages in /home/ros2/Desktop/ros2_ws/install
[2.205s] DEBUG:colcon.colcon_installed_package_information.package_discovery:Found 1 installed packages in /home/ros2/ros2_ws/install
[2.211s] DEBUG:colcon.colcon_installed_package_information.package_discovery:Found 284 installed packages in /opt/ros/humble
[2.215s] Level 1:colcon.colcon_core.package_discovery:discover_packages(prefix_path) using defaults
[2.599s] Level 5:colcon.colcon_core.verb:set package 'my_robot_interfaces' build argument 'cmake_args' from command line to 'None'
[2.599s] Level 5:colcon.colcon_core.verb:set package 'my_robot_interfaces' build argument 'cmake_target' from command line to 'None'
[2.599s] Level 5:colcon.colcon_core.verb:set package 'my_robot_interfaces' build argument 'cmake_target_skip_unavailable' from command line to 'False'
[2.599s] Level 5:colcon.colcon_core.verb:set package 'my_robot_interfaces' build argument 'cmake_clean_cache' from command line to 'False'
[2.599s] Level 5:colcon.colcon_core.verb:set package 'my_robot_interfaces' build argument 'cmake_clean_first' from command line to 'False'
[2.599s] Level 5:colcon.colcon_core.verb:set package 'my_robot_interfaces' build argument 'cmake_force_configure' from command line to 'False'
[2.599s] Level 5:colcon.colcon_core.verb:set package 'my_robot_interfaces' build argument 'ament_cmake_args' from command line to 'None'
[2.599s] Level 5:colcon.colcon_core.verb:set package 'my_robot_interfaces' build argument 'catkin_cmake_args' from command line to 'None'
[2.599s] Level 5:colcon.colcon_core.verb:set package 'my_robot_interfaces' build argument 'catkin_skip_building_tests' from command line to 'False'
[2.599s] DEBUG:colcon.colcon_core.verb:Building package 'my_robot_interfaces' with the following arguments: {'ament_cmake_args': None, 'build_base': '/home/ros2/Desktop/ros2_ws/build/my_robot_interfaces', 'catkin_cmake_args': None, 'catkin_skip_building_tests': False, 'cmake_args': None, 'cmake_clean_cache': False, 'cmake_clean_first': False, 'cmake_force_configure': False, 'cmake_target': None, 'cmake_target_skip_unavailable': False, 'install_base': '/home/ros2/Desktop/ros2_ws/install/my_robot_interfaces', 'merge_install': False, 'path': '/home/ros2/Desktop/ros2_ws/src/my_robot_interfaces', 'symlink_install': False, 'test_result_base': None}
[2.602s] Level 5:colcon.colcon_core.verb:set package 'my_robot_controller' build argument 'cmake_args' from command line to 'None'
[2.602s] Level 5:colcon.colcon_core.verb:set package 'my_robot_controller' build argument 'cmake_target' from command line to 'None'
[2.602s] Level 5:colcon.colcon_core.verb:set package 'my_robot_controller' build argument 'cmake_target_skip_unavailable' from command line to 'False'
[2.602s] Level 5:colcon.colcon_core.verb:set package 'my_robot_controller' build argument 'cmake_clean_cache' from command line to 'False'
[2.602s] Level 5:colcon.colcon_core.verb:set package 'my_robot_controller' build argument 'cmake_clean_first' from command line to 'False'
[2.602s] Level 5:colcon.colcon_core.verb:set package 'my_robot_controller' build argument 'cmake_force_configure' from command line to 'False'
[2.602s] Level 5:colcon.colcon_core.verb:set package 'my_robot_controller' build argument 'ament_cmake_args' from command line to 'None'
[2.602s] Level 5:colcon.colcon_core.verb:set package 'my_robot_controller' build argument 'catkin_cmake_args' from command line to 'None'
[2.602s] Level 5:colcon.colcon_core.verb:set package 'my_robot_controller' build argument 'catkin_skip_building_tests' from command line to 'False'
[2.602s] DEBUG:colcon.colcon_core.verb:Building package 'my_robot_controller' with the following arguments: {'ament_cmake_args': None, 'build_base': '/home/ros2/Desktop/ros2_ws/build/my_robot_controller', 'catkin_cmake_args': None, 'catkin_skip_building_tests': False, 'cmake_args': None, 'cmake_clean_cache': False, 'cmake_clean_first': False, 'cmake_force_configure': False, 'cmake_target': None, 'cmake_target_skip_unavailable': False, 'install_base': '/home/ros2/Desktop/ros2_ws/install/my_robot_controller', 'merge_install': False, 'path': '/home/ros2/Desktop/ros2_ws/src/my_robot_controller', 'symlink_install': False, 'test_result_base': None}
[2.604s] INFO:colcon.colcon_core.executor:Executing jobs using 'parallel' executor
[2.623s] DEBUG:colcon.colcon_parallel_executor.executor.parallel:run_until_complete
[2.623s] INFO:colcon.colcon_ros.task.ament_cmake.build:Building ROS package in '/home/ros2/Desktop/ros2_ws/src/my_robot_interfaces' with build type 'ament_cmake'
[2.624s] INFO:colcon.colcon_cmake.task.cmake.build:Building CMake package in '/home/ros2/Desktop/ros2_ws/src/my_robot_interfaces'
[2.645s] INFO:colcon.colcon_core.plugin_system:Skipping extension 'colcon_core.shell.bat': Not used on non-Windows systems
[2.645s] INFO:colcon.colcon_core.shell:Skip shell extension 'powershell' for command environment: Not usable outside of PowerShell
[2.646s] DEBUG:colcon.colcon_core.shell:Skip shell extension 'dsv' for command environment
[2.705s] DEBUG:colcon.colcon_core.event_handler.log_command:Invoking command in '/home/ros2/Desktop/ros2_ws/build/my_robot_interfaces': CMAKE_PREFIX_PATH=${CMAKE_PREFIX_PATH}:/home/ros2/Desktop/ros2_ws/install/my_robot_controller:/home/ros2/ros2_ws/install/my_robot_controller:/opt/ros/humble /usr/bin/cmake --build /home/ros2/Desktop/ros2_ws/build/my_robot_interfaces -- -j2 -l2
[6.270s] DEBUG:colcon.colcon_core.event_handler.log_command:Invoked command in '/home/ros2/Desktop/ros2_ws/build/my_robot_interfaces' returned '0': CMAKE_PREFIX_PATH=${CMAKE_PREFIX_PATH}:/home/ros2/Desktop/ros2_ws/install/my_robot_controller:/home/ros2/ros2_ws/install/my_robot_controller:/opt/ros/humble /usr/bin/cmake --build /home/ros2/Desktop/ros2_ws/build/my_robot_interfaces -- -j2 -l2
[6.526s] DEBUG:colcon.colcon_core.event_handler.log_command:Invoking command in '/home/ros2/Desktop/ros2_ws/build/my_robot_interfaces': CMAKE_PREFIX_PATH=${CMAKE_PREFIX_PATH}:/home/ros2/Desktop/ros2_ws/install/my_robot_controller:/home/ros2/ros2_ws/install/my_robot_controller:/opt/ros/humble /usr/bin/cmake --install /home/ros2/Desktop/ros2_ws/build/my_robot_interfaces
[6.780s] Level 1:colcon.colcon_core.environment:create_environment_scripts_only(my_robot_interfaces)
[6.781s] DEBUG:colcon.colcon_core.event_handler.log_command:Invoked command in '/home/ros2/Desktop/ros2_ws/build/my_robot_interfaces' returned '0': CMAKE_PREFIX_PATH=${CMAKE_PREFIX_PATH}:/home/ros2/Desktop/ros2_ws/install/my_robot_controller:/home/ros2/ros2_ws/install/my_robot_controller:/opt/ros/humble /usr/bin/cmake --install /home/ros2/Desktop/ros2_ws/build/my_robot_interfaces
[6.795s] Level 1:colcon.colcon_core.environment:checking '/home/ros2/Desktop/ros2_ws/install/my_robot_interfaces' for CMake module files
[6.815s] Level 1:colcon.colcon_core.environment:checking '/home/ros2/Desktop/ros2_ws/install/my_robot_interfaces' for CMake config files
[6.816s] Level 1:colcon.colcon_core.shell:create_environment_hook('my_robot_interfaces', 'cmake_prefix_path')
[6.825s] INFO:colcon.colcon_core.shell:Creating environment hook '/home/ros2/Desktop/ros2_ws/install/my_robot_interfaces/share/my_robot_interfaces/hook/cmake_prefix_path.ps1'
[6.827s] INFO:colcon.colcon_core.shell:Creating environment descriptor '/home/ros2/Desktop/ros2_ws/install/my_robot_interfaces/share/my_robot_interfaces/hook/cmake_prefix_path.dsv'
[6.832s] INFO:colcon.colcon_core.shell:Creating environment hook '/home/ros2/Desktop/ros2_ws/install/my_robot_interfaces/share/my_robot_interfaces/hook/cmake_prefix_path.sh'
[6.834s] Level 1:colcon.colcon_core.environment:checking '/home/ros2/Desktop/ros2_ws/install/my_robot_interfaces/lib'
[6.835s] Level 1:colcon.colcon_core.shell:create_environment_hook('my_robot_interfaces', 'ld_library_path_lib')
[6.843s] INFO:colcon.colcon_core.shell:Creating environment hook '/home/ros2/Desktop/ros2_ws/install/my_robot_interfaces/share/my_robot_interfaces/hook/ld_library_path_lib.ps1'
[6.844s] INFO:colcon.colcon_core.shell:Creating environment descriptor '/home/ros2/Desktop/ros2_ws/install/my_robot_interfaces/share/my_robot_interfaces/hook/ld_library_path_lib.dsv'
[6.845s] INFO:colcon.colcon_core.shell:Creating environment hook '/home/ros2/Desktop/ros2_ws/install/my_robot_interfaces/share/my_robot_interfaces/hook/ld_library_path_lib.sh'
[6.846s] Level 1:colcon.colcon_core.environment:checking '/home/ros2/Desktop/ros2_ws/install/my_robot_interfaces/bin'
[6.846s] Level 1:colcon.colcon_core.environment:checking '/home/ros2/Desktop/ros2_ws/install/my_robot_interfaces/lib/pkgconfig/my_robot_interfaces.pc'
[6.846s] Level 1:colcon.colcon_core.environment:checking '/home/ros2/Desktop/ros2_ws/install/my_robot_interfaces/lib/python3.10/site-packages'
[6.847s] Level 1:colcon.colcon_core.environment:checking '/home/ros2/Desktop/ros2_ws/install/my_robot_interfaces/bin'
[6.857s] INFO:colcon.colcon_core.shell:Creating package script '/home/ros2/Desktop/ros2_ws/install/my_robot_interfaces/share/my_robot_interfaces/package.ps1'
[6.859s] INFO:colcon.colcon_core.shell:Creating package descriptor '/home/ros2/Desktop/ros2_ws/install/my_robot_interfaces/share/my_robot_interfaces/package.dsv'
[6.861s] INFO:colcon.colcon_core.shell:Creating package script '/home/ros2/Desktop/ros2_ws/install/my_robot_interfaces/share/my_robot_interfaces/package.sh'
[6.863s] INFO:colcon.colcon_core.shell:Creating package script '/home/ros2/Desktop/ros2_ws/install/my_robot_interfaces/share/my_robot_interfaces/package.bash'
[6.875s] INFO:colcon.colcon_core.shell:Creating package script '/home/ros2/Desktop/ros2_ws/install/my_robot_interfaces/share/my_robot_interfaces/package.zsh'
[6.877s] Level 1:colcon.colcon_core.environment:create_file_with_runtime_dependencies(/home/ros2/Desktop/ros2_ws/install/my_robot_interfaces/share/colcon-core/packages/my_robot_interfaces)
[7.068s] Level 1:colcon.colcon_core.environment:create_environment_scripts_only(my_robot_interfaces)
[7.073s] Level 1:colcon.colcon_core.environment:checking '/home/ros2/Desktop/ros2_ws/install/my_robot_interfaces' for CMake module files
[7.074s] Level 1:colcon.colcon_core.environment:checking '/home/ros2/Desktop/ros2_ws/install/my_robot_interfaces' for CMake config files
[7.081s] Level 1:colcon.colcon_core.shell:create_environment_hook('my_robot_interfaces', 'cmake_prefix_path')
[7.090s] INFO:colcon.colcon_core.shell:Creating environment hook '/home/ros2/Desktop/ros2_ws/install/my_robot_interfaces/share/my_robot_interfaces/hook/cmake_prefix_path.ps1'
[7.091s] INFO:colcon.colcon_core.shell:Creating environment descriptor '/home/ros2/Desktop/ros2_ws/install/my_robot_interfaces/share/my_robot_interfaces/hook/cmake_prefix_path.dsv'
[7.092s] INFO:colcon.colcon_core.shell:Creating environment hook '/home/ros2/Desktop/ros2_ws/install/my_robot_interfaces/share/my_robot_interfaces/hook/cmake_prefix_path.sh'
[7.093s] Level 1:colcon.colcon_core.environment:checking '/home/ros2/Desktop/ros2_ws/install/my_robot_interfaces/lib'
[7.093s] Level 1:colcon.colcon_core.shell:create_environment_hook('my_robot_interfaces', 'ld_library_path_lib')
[7.098s] INFO:colcon.colcon_core.shell:Creating environment hook '/home/ros2/Desktop/ros2_ws/install/my_robot_interfaces/share/my_robot_interfaces/hook/ld_library_path_lib.ps1'
[7.099s] INFO:colcon.colcon_core.shell:Creating environment descriptor '/home/ros2/Desktop/ros2_ws/install/my_robot_interfaces/share/my_robot_interfaces/hook/ld_library_path_lib.dsv'
[7.100s] INFO:colcon.colcon_core.shell:Creating environment hook '/home/ros2/Desktop/ros2_ws/install/my_robot_interfaces/share/my_robot_interfaces/hook/ld_library_path_lib.sh'
[7.101s] Level 1:colcon.colcon_core.environment:checking '/home/ros2/Desktop/ros2_ws/install/my_robot_interfaces/bin'
[7.101s] Level 1:colcon.colcon_core.environment:checking '/home/ros2/Desktop/ros2_ws/install/my_robot_interfaces/lib/pkgconfig/my_robot_interfaces.pc'
[7.101s] Level 1:colcon.colcon_core.environment:checking '/home/ros2/Desktop/ros2_ws/install/my_robot_interfaces/lib/python3.10/site-packages'
[7.102s] Level 1:colcon.colcon_core.environment:checking '/home/ros2/Desktop/ros2_ws/install/my_robot_interfaces/bin'
[7.110s] INFO:colcon.colcon_core.shell:Creating package script '/home/ros2/Desktop/ros2_ws/install/my_robot_interfaces/share/my_robot_interfaces/package.ps1'
[7.111s] INFO:colcon.colcon_core.shell:Creating package descriptor '/home/ros2/Desktop/ros2_ws/install/my_robot_interfaces/share/my_robot_interfaces/package.dsv'
[7.117s] INFO:colcon.colcon_core.shell:Creating package script '/home/ros2/Desktop/ros2_ws/install/my_robot_interfaces/share/my_robot_interfaces/package.sh'
[7.118s] INFO:colcon.colcon_core.shell:Creating package script '/home/ros2/Desktop/ros2_ws/install/my_robot_interfaces/share/my_robot_interfaces/package.bash'
[7.119s] INFO:colcon.colcon_core.shell:Creating package script '/home/ros2/Desktop/ros2_ws/install/my_robot_interfaces/share/my_robot_interfaces/package.zsh'
[7.121s] Level 1:colcon.colcon_core.environment:create_file_with_runtime_dependencies(/home/ros2/Desktop/ros2_ws/install/my_robot_interfaces/share/colcon-core/packages/my_robot_interfaces)
[7.121s] INFO:colcon.colcon_ros.task.ament_python.build:Building ROS package in '/home/ros2/Desktop/ros2_ws/src/my_robot_controller' with build type 'ament_python'
[7.122s] Level 1:colcon.colcon_core.shell:create_environment_hook('my_robot_controller', 'ament_prefix_path')
[7.124s] INFO:colcon.colcon_core.shell:Creating environment hook '/home/ros2/Desktop/ros2_ws/install/my_robot_controller/share/my_robot_controller/hook/ament_prefix_path.ps1'
[7.128s] INFO:colcon.colcon_core.shell:Creating environment descriptor '/home/ros2/Desktop/ros2_ws/install/my_robot_controller/share/my_robot_controller/hook/ament_prefix_path.dsv'
[7.129s] INFO:colcon.colcon_core.shell:Creating environment hook '/home/ros2/Desktop/ros2_ws/install/my_robot_controller/share/my_robot_controller/hook/ament_prefix_path.sh'
[7.138s] INFO:colcon.colcon_core.shell:Skip shell extension 'powershell' for command environment: Not usable outside of PowerShell
[7.138s] DEBUG:colcon.colcon_core.shell:Skip shell extension 'dsv' for command environment
[8.137s] INFO:colcon.colcon_core.task.python.build:Building Python package in '/home/ros2/Desktop/ros2_ws/src/my_robot_controller'
[8.140s] INFO:colcon.colcon_core.shell:Skip shell extension 'powershell' for command environment: Not usable outside of PowerShell
[8.140s] DEBUG:colcon.colcon_core.shell:Skip shell extension 'dsv' for command environment
[9.549s] DEBUG:colcon.colcon_core.event_handler.log_command:Invoking command in '/home/ros2/Desktop/ros2_ws/src/my_robot_controller': PYTHONPATH=/home/ros2/Desktop/ros2_ws/build/my_robot_controller/prefix_override:/home/ros2/Desktop/ros2_ws/install/my_robot_controller/lib/python3.10/site-packages:${PYTHONPATH} /usr/bin/python3 setup.py egg_info --egg-base ../../build/my_robot_controller build --build-base /home/ros2/Desktop/ros2_ws/build/my_robot_controller/build install --record /home/ros2/Desktop/ros2_ws/build/my_robot_controller/install.log --single-version-externally-managed
[10.765s] Level 1:colcon.colcon_core.environment:checking '/home/ros2/Desktop/ros2_ws/install/my_robot_controller' for CMake module files
[10.767s] DEBUG:colcon.colcon_core.event_handler.log_command:Invoked command in '/home/ros2/Desktop/ros2_ws/src/my_robot_controller' returned '0': PYTHONPATH=/home/ros2/Desktop/ros2_ws/build/my_robot_controller/prefix_override:/home/ros2/Desktop/ros2_ws/install/my_robot_controller/lib/python3.10/site-packages:${PYTHONPATH} /usr/bin/python3 setup.py egg_info --egg-base ../../build/my_robot_controller build --build-base /home/ros2/Desktop/ros2_ws/build/my_robot_controller/build install --record /home/ros2/Desktop/ros2_ws/build/my_robot_controller/install.log --single-version-externally-managed
[10.770s] Level 1:colcon.colcon_core.environment:checking '/home/ros2/Desktop/ros2_ws/install/my_robot_controller' for CMake config files
[10.772s] Level 1:colcon.colcon_core.environment:checking '/home/ros2/Desktop/ros2_ws/install/my_robot_controller/lib'
[10.772s] Level 1:colcon.colcon_core.environment:checking '/home/ros2/Desktop/ros2_ws/install/my_robot_controller/bin'
[10.772s] Level 1:colcon.colcon_core.environment:checking '/home/ros2/Desktop/ros2_ws/install/my_robot_controller/lib/pkgconfig/my_robot_controller.pc'
[10.773s] Level 1:colcon.colcon_core.environment:checking '/home/ros2/Desktop/ros2_ws/install/my_robot_controller/lib/python3.10/site-packages'
[10.773s] Level 1:colcon.colcon_core.shell:create_environment_hook('my_robot_controller', 'pythonpath')
[10.776s] INFO:colcon.colcon_core.shell:Creating environment hook '/home/ros2/Desktop/ros2_ws/install/my_robot_controller/share/my_robot_controller/hook/pythonpath.ps1'
[10.776s] INFO:colcon.colcon_core.shell:Creating environment descriptor '/home/ros2/Desktop/ros2_ws/install/my_robot_controller/share/my_robot_controller/hook/pythonpath.dsv'
[10.777s] INFO:colcon.colcon_core.shell:Creating environment hook '/home/ros2/Desktop/ros2_ws/install/my_robot_controller/share/my_robot_controller/hook/pythonpath.sh'
[10.785s] Level 1:colcon.colcon_core.environment:checking '/home/ros2/Desktop/ros2_ws/install/my_robot_controller/bin'
[10.785s] Level 1:colcon.colcon_core.environment:create_environment_scripts_only(my_robot_controller)
[10.789s] INFO:colcon.colcon_core.shell:Creating package script '/home/ros2/Desktop/ros2_ws/install/my_robot_controller/share/my_robot_controller/package.ps1'
[10.789s] INFO:colcon.colcon_core.shell:Creating package descriptor '/home/ros2/Desktop/ros2_ws/install/my_robot_controller/share/my_robot_controller/package.dsv'
[10.790s] INFO:colcon.colcon_core.shell:Creating package script '/home/ros2/Desktop/ros2_ws/install/my_robot_controller/share/my_robot_controller/package.sh'
[10.791s] INFO:colcon.colcon_core.shell:Creating package script '/home/ros2/Desktop/ros2_ws/install/my_robot_controller/share/my_robot_controller/package.bash'
[10.792s] INFO:colcon.colcon_core.shell:Creating package script '/home/ros2/Desktop/ros2_ws/install/my_robot_controller/share/my_robot_controller/package.zsh'
[10.792s] Level 1:colcon.colcon_core.environment:create_file_with_runtime_dependencies(/home/ros2/Desktop/ros2_ws/install/my_robot_controller/share/colcon-core/packages/my_robot_controller)
[10.793s] DEBUG:colcon.colcon_parallel_executor.executor.parallel:closing loop
[10.798s] DEBUG:colcon.colcon_parallel_executor.executor.parallel:loop closed
[10.800s] DEBUG:colcon.colcon_parallel_executor.executor.parallel:run_until_complete finished with '0'
[10.800s] DEBUG:colcon.colcon_core.event_reactor:joining thread
[10.818s] INFO:colcon.colcon_core.plugin_system:Skipping extension 'colcon_notification.desktop_notification.terminal_notifier': Not used on non-Darwin systems
[10.818s] INFO:colcon.colcon_core.plugin_system:Skipping extension 'colcon_notification.desktop_notification.win32': Not used on non-Windows systems
[10.819s] INFO:colcon.colcon_notification.desktop_notification:Sending desktop notification using 'notify2'
[10.981s] DEBUG:colcon.colcon_core.event_reactor:joined thread
[10.984s] INFO:colcon.colcon_core.shell:Creating prefix script '/home/ros2/Desktop/ros2_ws/install/local_setup.ps1'
[10.986s] INFO:colcon.colcon_core.shell:Creating prefix util module '/home/ros2/Desktop/ros2_ws/install/_local_setup_util_ps1.py'
[10.992s] INFO:colcon.colcon_core.shell:Creating prefix chain script '/home/ros2/Desktop/ros2_ws/install/setup.ps1'
[11.009s] INFO:colcon.colcon_core.shell:Creating prefix script '/home/ros2/Desktop/ros2_ws/install/local_setup.sh'
[11.010s] INFO:colcon.colcon_core.shell:Creating prefix util module '/home/ros2/Desktop/ros2_ws/install/_local_setup_util_sh.py'
[11.011s] INFO:colcon.colcon_core.shell:Creating prefix chain script '/home/ros2/Desktop/ros2_ws/install/setup.sh'
[11.015s] INFO:colcon.colcon_core.shell:Creating prefix script '/home/ros2/Desktop/ros2_ws/install/local_setup.bash'
[11.026s] INFO:colcon.colcon_core.shell:Creating prefix chain script '/home/ros2/Desktop/ros2_ws/install/setup.bash'
[11.029s] INFO:colcon.colcon_core.shell:Creating prefix script '/home/ros2/Desktop/ros2_ws/install/local_setup.zsh'
[11.031s] INFO:colcon.colcon_core.shell:Creating prefix chain script '/home/ros2/Desktop/ros2_ws/install/setup.zsh'
