-- Found ament_cmake: 1.3.8 (/opt/ros/humble/share/ament_cmake/cmake)
-- Found rclcpp: 16.0.8 (/opt/ros/humble/share/rclcpp/cmake)
-- Found rosidl_generator_c: 3.1.5 (/opt/ros/humble/share/rosidl_generator_c/cmake)
-- Found rosidl_adapter: 3.1.5 (/opt/ros/humble/share/rosidl_adapter/cmake)
-- Found rosidl_generator_cpp: 3.1.5 (/opt/ros/humble/share/rosidl_generator_cpp/cmake)
-- Using all available rosidl_typesupport_c: rosidl_typesupport_fastrtps_c;rosidl_typesupport_introspection_c
-- Using all available rosidl_typesupport_cpp: rosidl_typesupport_fastrtps_cpp;rosidl_typesupport_introspection_cpp
-- Found rmw_implementation_cmake: 6.1.1 (/opt/ros/humble/share/rmw_implementation_cmake/cmake)
-- Found rmw_fastrtps_cpp: 6.2.6 (/opt/ros/humble/share/rmw_fastrtps_cpp/cmake)
-- Using RMW implementation 'rmw_fastrtps_cpp' as default
-- Found rclpy: 3.3.12 (/opt/ros/humble/share/rclpy/cmake)
-- Configuring done
-- Generating done
-- Build files have been written to: /home/frederik/Documents/P4/P4Git/AAU_P4_MONITOR_DRONE/ros2_ws/build/my_cpp_py_pkg
[35m[1mConsolidate compiler generated dependencies of target vicon_node[0m
[35m[1mConsolidate compiler generated dependencies of target cpp_talker_node[0m
[35m[1mConsolidate compiler generated dependencies of target cpp_executable[0m
[ 16%] [32mBuilding CXX object CMakeFiles/cpp_talker_node.dir/src/cpp_talker.cpp.o[0m
[ 33%] [32mBuilding CXX object CMakeFiles/cpp_executable.dir/src/cpp_node.cpp.o[0m
[ 50%] [32mBuilding CXX object CMakeFiles/vicon_node.dir/src/cpp_vicon.cpp.o[0m
[ 50%] Built target ament_cmake_python_copy_my_cpp_py_pkg
running egg_info
writing my_cpp_py_pkg.egg-info/PKG-INFO
writing dependency_links to my_cpp_py_pkg.egg-info/dependency_links.txt
writing top-level names to my_cpp_py_pkg.egg-info/top_level.txt
reading manifest file 'my_cpp_py_pkg.egg-info/SOURCES.txt'
writing manifest file 'my_cpp_py_pkg.egg-info/SOURCES.txt'
[ 50%] Built target ament_cmake_python_build_my_cpp_py_pkg_egg
In file included from [01m[K/home/frederik/Documents/P4/P4Git/AAU_P4_MONITOR_DRONE/ros2_ws/src/my_cpp_py_pkg/src/cpp_node.cpp:2[m[K:
[01m[K/home/frederik/Documents/P4/P4Git/AAU_P4_MONITOR_DRONE/ros2_ws/src/my_cpp_py_pkg/include/my_cpp_py_pkg/cpp_header.hpp:[m[K In constructor ‘[01m[KViconClient::ViconClient()[m[K’:
[01m[K/home/frederik/Documents/P4/P4Git/AAU_P4_MONITOR_DRONE/ros2_ws/src/my_cpp_py_pkg/include/my_cpp_py_pkg/cpp_header.hpp:37:51:[m[K [01;31m[Kerror: [m[Kcould not convert ‘[01m[KViconRetimingClient.ViconDataStreamSDK::CPP::RetimingClient::IsConnected()[m[K’ from ‘[01m[KViconDataStreamSDK::CPP::Output_IsConnected[m[K’ to ‘[01m[Kbool[m[K’
   37 |             while ([01;31m[KViconRetimingClient.IsConnected()[m[K)
      |                    [01;31m[K~~~~~~~~~~~~~~~~~~~~~~~~~~~~~~~^~[m[K
      |                                                   [01;31m[K|[m[K
      |                                                   [01;31m[KViconDataStreamSDK::CPP::Output_IsConnected[m[K
In file included from [01m[K/home/frederik/Documents/P4/P4Git/AAU_P4_MONITOR_DRONE/ros2_ws/src/my_cpp_py_pkg/src/cpp_vicon.cpp:2[m[K:
[01m[K/home/frederik/Documents/P4/P4Git/AAU_P4_MONITOR_DRONE/ros2_ws/src/my_cpp_py_pkg/include/my_cpp_py_pkg/cpp_header.hpp:[m[K In constructor ‘[01m[KViconClient::ViconClient()[m[K’:
[01m[K/home/frederik/Documents/P4/P4Git/AAU_P4_MONITOR_DRONE/ros2_ws/src/my_cpp_py_pkg/include/my_cpp_py_pkg/cpp_header.hpp:37:51:[m[K [01;31m[Kerror: [m[Kcould not convert ‘[01m[KViconRetimingClient.ViconDataStreamSDK::CPP::RetimingClient::IsConnected()[m[K’ from ‘[01m[KViconDataStreamSDK::CPP::Output_IsConnected[m[K’ to ‘[01m[Kbool[m[K’
   37 |             while ([01;31m[KViconRetimingClient.IsConnected()[m[K)
      |                    [01;31m[K~~~~~~~~~~~~~~~~~~~~~~~~~~~~~~~^~[m[K
      |                                                   [01;31m[K|[m[K
      |                                                   [01;31m[KViconDataStreamSDK::CPP::Output_IsConnected[m[K
In file included from [01m[K/home/frederik/Documents/P4/P4Git/AAU_P4_MONITOR_DRONE/ros2_ws/src/my_cpp_py_pkg/src/cpp_talker.cpp:2[m[K:
[01m[K/home/frederik/Documents/P4/P4Git/AAU_P4_MONITOR_DRONE/ros2_ws/src/my_cpp_py_pkg/include/my_cpp_py_pkg/cpp_header.hpp:[m[K In constructor ‘[01m[KViconClient::ViconClient()[m[K’:
[01m[K/home/frederik/Documents/P4/P4Git/AAU_P4_MONITOR_DRONE/ros2_ws/src/my_cpp_py_pkg/include/my_cpp_py_pkg/cpp_header.hpp:37:51:[m[K [01;31m[Kerror: [m[Kcould not convert ‘[01m[KViconRetimingClient.ViconDataStreamSDK::CPP::RetimingClient::IsConnected()[m[K’ from ‘[01m[KViconDataStreamSDK::CPP::Output_IsConnected[m[K’ to ‘[01m[Kbool[m[K’
   37 |             while ([01;31m[KViconRetimingClient.IsConnected()[m[K)
      |                    [01;31m[K~~~~~~~~~~~~~~~~~~~~~~~~~~~~~~~^~[m[K
      |                                                   [01;31m[K|[m[K
      |                                                   [01;31m[KViconDataStreamSDK::CPP::Output_IsConnected[m[K
gmake[2]: *** [CMakeFiles/cpp_executable.dir/build.make:76: CMakeFiles/cpp_executable.dir/src/cpp_node.cpp.o] Error 1
gmake[1]: *** [CMakeFiles/Makefile2:144: CMakeFiles/cpp_executable.dir/all] Error 2
gmake[1]: *** Waiting for unfinished jobs....
gmake[2]: *** [CMakeFiles/vicon_node.dir/build.make:76: CMakeFiles/vicon_node.dir/src/cpp_vicon.cpp.o] Error 1
gmake[1]: *** [CMakeFiles/Makefile2:196: CMakeFiles/vicon_node.dir/all] Error 2
gmake[2]: *** [CMakeFiles/cpp_talker_node.dir/build.make:76: CMakeFiles/cpp_talker_node.dir/src/cpp_talker.cpp.o] Error 1
gmake[1]: *** [CMakeFiles/Makefile2:170: CMakeFiles/cpp_talker_node.dir/all] Error 2
gmake: *** [Makefile:146: all] Error 2
