[3.546s] Invoking command in '/home/ros2/Desktop/ros2_ws/src/my_robot_controller': PYTHONPATH=/home/ros2/Desktop/ros2_ws/build/my_robot_controller/prefix_override:/home/ros2/Desktop/ros2_ws/install/my_robot_controller/lib/python3.10/site-packages:${PYTHONPATH} /usr/bin/python3 setup.py egg_info --egg-base ../../build/my_robot_controller build --build-base /home/ros2/Desktop/ros2_ws/build/my_robot_controller/build install --record /home/ros2/Desktop/ros2_ws/build/my_robot_controller/install.log --single-version-externally-managed
[4.933s] running egg_info
[4.934s] writing ../../build/my_robot_controller/my_robot_controller.egg-info/PKG-INFO
[4.935s] writing dependency_links to ../../build/my_robot_controller/my_robot_controller.egg-info/dependency_links.txt
[4.936s] writing entry points to ../../build/my_robot_controller/my_robot_controller.egg-info/entry_points.txt
[4.936s] writing requirements to ../../build/my_robot_controller/my_robot_controller.egg-info/requires.txt
[4.936s] writing top-level names to ../../build/my_robot_controller/my_robot_controller.egg-info/top_level.txt
[4.947s] reading manifest file '../../build/my_robot_controller/my_robot_controller.egg-info/SOURCES.txt'
[4.949s] writing manifest file '../../build/my_robot_controller/my_robot_controller.egg-info/SOURCES.txt'
[4.950s] running build
[4.950s] running build_py
[4.952s] running install
[4.955s] running install_lib
[4.971s] running install_data
[4.987s] running install_egg_info
[4.999s] removing '/home/ros2/Desktop/ros2_ws/install/my_robot_controller/lib/python3.10/site-packages/my_robot_controller-0.0.0-py3.10.egg-info' (and everything under it)
[5.003s] Copying ../../build/my_robot_controller/my_robot_controller.egg-info to /home/ros2/Desktop/ros2_ws/install/my_robot_controller/lib/python3.10/site-packages/my_robot_controller-0.0.0-py3.10.egg-info
[5.006s] running install_scripts
[5.115s] Installing compare_listener script to /home/ros2/Desktop/ros2_ws/install/my_robot_controller/lib/my_robot_controller
[5.116s] Installing crazy_node script to /home/ros2/Desktop/ros2_ws/install/my_robot_controller/lib/my_robot_controller
[5.116s] Installing crazy_node_take_off script to /home/ros2/Desktop/ros2_ws/install/my_robot_controller/lib/my_robot_controller
[5.117s] Installing my_listener script to /home/ros2/Desktop/ros2_ws/install/my_robot_controller/lib/my_robot_controller
[5.118s] Installing my_talker script to /home/ros2/Desktop/ros2_ws/install/my_robot_controller/lib/my_robot_controller
[5.119s] Installing pathplanner_talker script to /home/ros2/Desktop/ros2_ws/install/my_robot_controller/lib/my_robot_controller
[5.120s] Installing test_node script to /home/ros2/Desktop/ros2_ws/install/my_robot_controller/lib/my_robot_controller
[5.121s] Installing test_node2 script to /home/ros2/Desktop/ros2_ws/install/my_robot_controller/lib/my_robot_controller
[5.122s] Installing vicon_talker script to /home/ros2/Desktop/ros2_ws/install/my_robot_controller/lib/my_robot_controller
[5.130s] writing list of installed files to '/home/ros2/Desktop/ros2_ws/build/my_robot_controller/install.log'
[5.266s] Invoked command in '/home/ros2/Desktop/ros2_ws/src/my_robot_controller' returned '0': PYTHONPATH=/home/ros2/Desktop/ros2_ws/build/my_robot_controller/prefix_override:/home/ros2/Desktop/ros2_ws/install/my_robot_controller/lib/python3.10/site-packages:${PYTHONPATH} /usr/bin/python3 setup.py egg_info --egg-base ../../build/my_robot_controller build --build-base /home/ros2/Desktop/ros2_ws/build/my_robot_controller/build install --record /home/ros2/Desktop/ros2_ws/build/my_robot_controller/install.log --single-version-externally-managed
