[0.049s] Invoking command in '/home/ros2/Desktop/ros2_ws/build/my_robot_interfaces': CMAKE_PREFIX_PATH=${CMAKE_PREFIX_PATH}:/home/ros2/Desktop/ros2_ws/install/my_robot_controller:/home/ros2/ros2_ws/install/my_robot_controller:/opt/ros/humble /usr/bin/cmake --build /home/ros2/Desktop/ros2_ws/build/my_robot_interfaces -- -j2 -l2
[0.103s] [  6%] Built target my_robot_interfaces__cpp
[0.105s] [ 12%] Built target my_robot_interfaces__rosidl_generator_c
[0.163s] [ 22%] Built target my_robot_interfaces__rosidl_typesupport_fastrtps_c
[0.170s] [ 22%] Built target ament_cmake_python_copy_my_robot_interfaces
[0.203s] [ 32%] Built target my_robot_interfaces__rosidl_typesupport_introspection_c
[0.215s] [ 41%] Built target my_robot_interfaces__rosidl_typesupport_c
[0.283s] [ 51%] Built target my_robot_interfaces__rosidl_typesupport_fastrtps_cpp
[0.290s] [ 61%] Built target my_robot_interfaces__rosidl_typesupport_introspection_cpp
[0.303s] [ 70%] Built target my_robot_interfaces__rosidl_typesupport_cpp
[0.348s] [ 70%] Built target my_robot_interfaces
[0.410s] [ 74%] Built target my_robot_interfaces__py
[0.520s] [ 80%] Built target my_robot_interfaces__rosidl_generator_py
[0.598s] [ 87%] Built target my_robot_interfaces__rosidl_typesupport_fastrtps_c__pyext
[0.704s] [ 93%] Built target my_robot_interfaces__rosidl_typesupport_introspection_c__pyext
[0.748s] [100%] Built target my_robot_interfaces__rosidl_typesupport_c__pyext
[1.051s] running egg_info
[1.053s] writing my_robot_interfaces.egg-info/PKG-INFO
[1.053s] writing dependency_links to my_robot_interfaces.egg-info/dependency_links.txt
[1.053s] writing top-level names to my_robot_interfaces.egg-info/top_level.txt
[1.058s] reading manifest file 'my_robot_interfaces.egg-info/SOURCES.txt'
[1.063s] writing manifest file 'my_robot_interfaces.egg-info/SOURCES.txt'
[1.102s] [100%] Built target ament_cmake_python_build_my_robot_interfaces_egg
[1.125s] Invoked command in '/home/ros2/Desktop/ros2_ws/build/my_robot_interfaces' returned '0': CMAKE_PREFIX_PATH=${CMAKE_PREFIX_PATH}:/home/ros2/Desktop/ros2_ws/install/my_robot_controller:/home/ros2/ros2_ws/install/my_robot_controller:/opt/ros/humble /usr/bin/cmake --build /home/ros2/Desktop/ros2_ws/build/my_robot_interfaces -- -j2 -l2
[1.223s] Invoking command in '/home/ros2/Desktop/ros2_ws/build/my_robot_interfaces': CMAKE_PREFIX_PATH=${CMAKE_PREFIX_PATH}:/home/ros2/Desktop/ros2_ws/install/my_robot_controller:/home/ros2/ros2_ws/install/my_robot_controller:/opt/ros/humble /usr/bin/cmake --install /home/ros2/Desktop/ros2_ws/build/my_robot_interfaces
[1.233s] -- Install configuration: ""
[1.235s] -- Up-to-date: /home/ros2/Desktop/ros2_ws/install/my_robot_interfaces/share/ament_index/resource_index/rosidl_interfaces/my_robot_interfaces
[1.244s] -- Up-to-date: /home/ros2/Desktop/ros2_ws/install/my_robot_interfaces/include/my_robot_interfaces/my_robot_interfaces
[1.244s] -- Up-to-date: /home/ros2/Desktop/ros2_ws/install/my_robot_interfaces/include/my_robot_interfaces/my_robot_interfaces/msg
[1.244s] -- Up-to-date: /home/ros2/Desktop/ros2_ws/install/my_robot_interfaces/include/my_robot_interfaces/my_robot_interfaces/msg/float_two_dimensional_array.h
[1.244s] -- Up-to-date: /home/ros2/Desktop/ros2_ws/install/my_robot_interfaces/include/my_robot_interfaces/my_robot_interfaces/msg/path_planner_points.h
[1.244s] -- Up-to-date: /home/ros2/Desktop/ros2_ws/install/my_robot_interfaces/include/my_robot_interfaces/my_robot_interfaces/msg/detail
[1.244s] -- Up-to-date: /home/ros2/Desktop/ros2_ws/install/my_robot_interfaces/include/my_robot_interfaces/my_robot_interfaces/msg/detail/path_planner_points__functions.c
[1.244s] -- Up-to-date: /home/ros2/Desktop/ros2_ws/install/my_robot_interfaces/include/my_robot_interfaces/my_robot_interfaces/msg/detail/float_two_dimensional_array__struct.h
[1.245s] -- Up-to-date: /home/ros2/Desktop/ros2_ws/install/my_robot_interfaces/include/my_robot_interfaces/my_robot_interfaces/msg/detail/float_two_dimensional_array__type_support.h
[1.245s] -- Up-to-date: /home/ros2/Desktop/ros2_ws/install/my_robot_interfaces/include/my_robot_interfaces/my_robot_interfaces/msg/detail/path_planner_points__struct.h
[1.245s] -- Up-to-date: /home/ros2/Desktop/ros2_ws/install/my_robot_interfaces/include/my_robot_interfaces/my_robot_interfaces/msg/detail/path_planner_points__type_support.h
[1.245s] -- Up-to-date: /home/ros2/Desktop/ros2_ws/install/my_robot_interfaces/include/my_robot_interfaces/my_robot_interfaces/msg/detail/float_two_dimensional_array__functions.h
[1.245s] -- Up-to-date: /home/ros2/Desktop/ros2_ws/install/my_robot_interfaces/include/my_robot_interfaces/my_robot_interfaces/msg/detail/path_planner_points__functions.h
[1.245s] -- Up-to-date: /home/ros2/Desktop/ros2_ws/install/my_robot_interfaces/include/my_robot_interfaces/my_robot_interfaces/msg/detail/float_two_dimensional_array__functions.c
[1.245s] -- Up-to-date: /home/ros2/Desktop/ros2_ws/install/my_robot_interfaces/include/my_robot_interfaces/my_robot_interfaces/msg/rosidl_generator_c__visibility_control.h
[1.245s] -- Up-to-date: /home/ros2/Desktop/ros2_ws/install/my_robot_interfaces/share/my_robot_interfaces/environment/library_path.sh
[1.246s] -- Up-to-date: /home/ros2/Desktop/ros2_ws/install/my_robot_interfaces/share/my_robot_interfaces/environment/library_path.dsv
[1.246s] -- Up-to-date: /home/ros2/Desktop/ros2_ws/install/my_robot_interfaces/lib/libmy_robot_interfaces__rosidl_generator_c.so
[1.246s] -- Up-to-date: /home/ros2/Desktop/ros2_ws/install/my_robot_interfaces/include/my_robot_interfaces/my_robot_interfaces
[1.246s] -- Up-to-date: /home/ros2/Desktop/ros2_ws/install/my_robot_interfaces/include/my_robot_interfaces/my_robot_interfaces/msg
[1.246s] -- Up-to-date: /home/ros2/Desktop/ros2_ws/install/my_robot_interfaces/include/my_robot_interfaces/my_robot_interfaces/msg/detail
[1.246s] -- Up-to-date: /home/ros2/Desktop/ros2_ws/install/my_robot_interfaces/include/my_robot_interfaces/my_robot_interfaces/msg/detail/float_two_dimensional_array__rosidl_typesupport_fastrtps_c.h
[1.250s] -- Up-to-date: /home/ros2/Desktop/ros2_ws/install/my_robot_interfaces/include/my_robot_interfaces/my_robot_interfaces/msg/detail/path_planner_points__rosidl_typesupport_fastrtps_c.h
[1.250s] -- Up-to-date: /home/ros2/Desktop/ros2_ws/install/my_robot_interfaces/include/my_robot_interfaces/my_robot_interfaces/msg/rosidl_typesupport_fastrtps_c__visibility_control.h
[1.251s] -- Up-to-date: /home/ros2/Desktop/ros2_ws/install/my_robot_interfaces/lib/libmy_robot_interfaces__rosidl_typesupport_fastrtps_c.so
[1.251s] -- Up-to-date: /home/ros2/Desktop/ros2_ws/install/my_robot_interfaces/include/my_robot_interfaces/my_robot_interfaces
[1.251s] -- Up-to-date: /home/ros2/Desktop/ros2_ws/install/my_robot_interfaces/include/my_robot_interfaces/my_robot_interfaces/msg
[1.251s] -- Up-to-date: /home/ros2/Desktop/ros2_ws/install/my_robot_interfaces/include/my_robot_interfaces/my_robot_interfaces/msg/rosidl_typesupport_introspection_c__visibility_control.h
[1.251s] -- Up-to-date: /home/ros2/Desktop/ros2_ws/install/my_robot_interfaces/include/my_robot_interfaces/my_robot_interfaces/msg/detail
[1.251s] -- Up-to-date: /home/ros2/Desktop/ros2_ws/install/my_robot_interfaces/include/my_robot_interfaces/my_robot_interfaces/msg/detail/float_two_dimensional_array__rosidl_typesupport_introspection_c.h
[1.251s] -- Up-to-date: /home/ros2/Desktop/ros2_ws/install/my_robot_interfaces/include/my_robot_interfaces/my_robot_interfaces/msg/detail/path_planner_points__rosidl_typesupport_introspection_c.h
[1.251s] -- Up-to-date: /home/ros2/Desktop/ros2_ws/install/my_robot_interfaces/include/my_robot_interfaces/my_robot_interfaces/msg/detail/path_planner_points__type_support.c
[1.252s] -- Up-to-date: /home/ros2/Desktop/ros2_ws/install/my_robot_interfaces/include/my_robot_interfaces/my_robot_interfaces/msg/detail/float_two_dimensional_array__type_support.c
[1.252s] -- Up-to-date: /home/ros2/Desktop/ros2_ws/install/my_robot_interfaces/lib/libmy_robot_interfaces__rosidl_typesupport_introspection_c.so
[1.252s] -- Up-to-date: /home/ros2/Desktop/ros2_ws/install/my_robot_interfaces/lib/libmy_robot_interfaces__rosidl_typesupport_c.so
[1.252s] -- Up-to-date: /home/ros2/Desktop/ros2_ws/install/my_robot_interfaces/include/my_robot_interfaces/my_robot_interfaces
[1.252s] -- Up-to-date: /home/ros2/Desktop/ros2_ws/install/my_robot_interfaces/include/my_robot_interfaces/my_robot_interfaces/msg
[1.252s] -- Up-to-date: /home/ros2/Desktop/ros2_ws/install/my_robot_interfaces/include/my_robot_interfaces/my_robot_interfaces/msg/float_two_dimensional_array.hpp
[1.252s] -- Up-to-date: /home/ros2/Desktop/ros2_ws/install/my_robot_interfaces/include/my_robot_interfaces/my_robot_interfaces/msg/path_planner_points.hpp
[1.252s] -- Up-to-date: /home/ros2/Desktop/ros2_ws/install/my_robot_interfaces/include/my_robot_interfaces/my_robot_interfaces/msg/detail
[1.252s] -- Up-to-date: /home/ros2/Desktop/ros2_ws/install/my_robot_interfaces/include/my_robot_interfaces/my_robot_interfaces/msg/detail/float_two_dimensional_array__traits.hpp
[1.253s] -- Up-to-date: /home/ros2/Desktop/ros2_ws/install/my_robot_interfaces/include/my_robot_interfaces/my_robot_interfaces/msg/detail/path_planner_points__traits.hpp
[1.253s] -- Up-to-date: /home/ros2/Desktop/ros2_ws/install/my_robot_interfaces/include/my_robot_interfaces/my_robot_interfaces/msg/detail/float_two_dimensional_array__struct.hpp
[1.258s] -- Up-to-date: /home/ros2/Desktop/ros2_ws/install/my_robot_interfaces/include/my_robot_interfaces/my_robot_interfaces/msg/detail/path_planner_points__builder.hpp
[1.261s] -- Up-to-date: /home/ros2/Desktop/ros2_ws/install/my_robot_interfaces/include/my_robot_interfaces/my_robot_interfaces/msg/detail/path_planner_points__struct.hpp
[1.261s] -- Up-to-date: /home/ros2/Desktop/ros2_ws/install/my_robot_interfaces/include/my_robot_interfaces/my_robot_interfaces/msg/detail/float_two_dimensional_array__builder.hpp
[1.261s] -- Up-to-date: /home/ros2/Desktop/ros2_ws/install/my_robot_interfaces/include/my_robot_interfaces/my_robot_interfaces
[1.261s] -- Up-to-date: /home/ros2/Desktop/ros2_ws/install/my_robot_interfaces/include/my_robot_interfaces/my_robot_interfaces/msg
[1.261s] -- Up-to-date: /home/ros2/Desktop/ros2_ws/install/my_robot_interfaces/include/my_robot_interfaces/my_robot_interfaces/msg/rosidl_typesupport_fastrtps_cpp__visibility_control.h
[1.262s] -- Up-to-date: /home/ros2/Desktop/ros2_ws/install/my_robot_interfaces/include/my_robot_interfaces/my_robot_interfaces/msg/detail
[1.262s] -- Up-to-date: /home/ros2/Desktop/ros2_ws/install/my_robot_interfaces/include/my_robot_interfaces/my_robot_interfaces/msg/detail/float_two_dimensional_array__rosidl_typesupport_fastrtps_cpp.hpp
[1.262s] -- Up-to-date: /home/ros2/Desktop/ros2_ws/install/my_robot_interfaces/include/my_robot_interfaces/my_robot_interfaces/msg/detail/path_planner_points__rosidl_typesupport_fastrtps_cpp.hpp
[1.262s] -- Up-to-date: /home/ros2/Desktop/ros2_ws/install/my_robot_interfaces/include/my_robot_interfaces/my_robot_interfaces/msg/detail/dds_fastrtps
[1.262s] -- Up-to-date: /home/ros2/Desktop/ros2_ws/install/my_robot_interfaces/lib/libmy_robot_interfaces__rosidl_typesupport_fastrtps_cpp.so
[1.262s] -- Up-to-date: /home/ros2/Desktop/ros2_ws/install/my_robot_interfaces/include/my_robot_interfaces/my_robot_interfaces
[1.262s] -- Up-to-date: /home/ros2/Desktop/ros2_ws/install/my_robot_interfaces/include/my_robot_interfaces/my_robot_interfaces/msg
[1.263s] -- Up-to-date: /home/ros2/Desktop/ros2_ws/install/my_robot_interfaces/include/my_robot_interfaces/my_robot_interfaces/msg/detail
[1.263s] -- Up-to-date: /home/ros2/Desktop/ros2_ws/install/my_robot_interfaces/include/my_robot_interfaces/my_robot_interfaces/msg/detail/float_two_dimensional_array__rosidl_typesupport_introspection_cpp.hpp
[1.263s] -- Up-to-date: /home/ros2/Desktop/ros2_ws/install/my_robot_interfaces/include/my_robot_interfaces/my_robot_interfaces/msg/detail/float_two_dimensional_array__type_support.cpp
[1.263s] -- Up-to-date: /home/ros2/Desktop/ros2_ws/install/my_robot_interfaces/include/my_robot_interfaces/my_robot_interfaces/msg/detail/path_planner_points__rosidl_typesupport_introspection_cpp.hpp
[1.263s] -- Up-to-date: /home/ros2/Desktop/ros2_ws/install/my_robot_interfaces/include/my_robot_interfaces/my_robot_interfaces/msg/detail/path_planner_points__type_support.cpp
[1.263s] -- Up-to-date: /home/ros2/Desktop/ros2_ws/install/my_robot_interfaces/lib/libmy_robot_interfaces__rosidl_typesupport_introspection_cpp.so
[1.263s] -- Up-to-date: /home/ros2/Desktop/ros2_ws/install/my_robot_interfaces/lib/libmy_robot_interfaces__rosidl_typesupport_cpp.so
[1.263s] -- Up-to-date: /home/ros2/Desktop/ros2_ws/install/my_robot_interfaces/share/my_robot_interfaces/environment/pythonpath.sh
[1.264s] -- Up-to-date: /home/ros2/Desktop/ros2_ws/install/my_robot_interfaces/share/my_robot_interfaces/environment/pythonpath.dsv
[1.264s] -- Up-to-date: /home/ros2/Desktop/ros2_ws/install/my_robot_interfaces/local/lib/python3.10/dist-packages/my_robot_interfaces-0.0.0-py3.10.egg-info
[1.264s] -- Installing: /home/ros2/Desktop/ros2_ws/install/my_robot_interfaces/local/lib/python3.10/dist-packages/my_robot_interfaces-0.0.0-py3.10.egg-info/SOURCES.txt
[1.264s] -- Installing: /home/ros2/Desktop/ros2_ws/install/my_robot_interfaces/local/lib/python3.10/dist-packages/my_robot_interfaces-0.0.0-py3.10.egg-info/dependency_links.txt
[1.264s] -- Installing: /home/ros2/Desktop/ros2_ws/install/my_robot_interfaces/local/lib/python3.10/dist-packages/my_robot_interfaces-0.0.0-py3.10.egg-info/top_level.txt
[1.264s] -- Installing: /home/ros2/Desktop/ros2_ws/install/my_robot_interfaces/local/lib/python3.10/dist-packages/my_robot_interfaces-0.0.0-py3.10.egg-info/PKG-INFO
[1.264s] -- Up-to-date: /home/ros2/Desktop/ros2_ws/install/my_robot_interfaces/local/lib/python3.10/dist-packages/my_robot_interfaces
[1.264s] -- Up-to-date: /home/ros2/Desktop/ros2_ws/install/my_robot_interfaces/local/lib/python3.10/dist-packages/my_robot_interfaces/_my_robot_interfaces_s.ep.rosidl_typesupport_fastrtps_c.c
[1.264s] -- Up-to-date: /home/ros2/Desktop/ros2_ws/install/my_robot_interfaces/local/lib/python3.10/dist-packages/my_robot_interfaces/my_robot_interfaces_s__rosidl_typesupport_fastrtps_c.cpython-310-x86_64-linux-gnu.so
[1.265s] -- Up-to-date: /home/ros2/Desktop/ros2_ws/install/my_robot_interfaces/local/lib/python3.10/dist-packages/my_robot_interfaces/libmy_robot_interfaces__rosidl_generator_py.so
[1.265s] -- Up-to-date: /home/ros2/Desktop/ros2_ws/install/my_robot_interfaces/local/lib/python3.10/dist-packages/my_robot_interfaces/msg
[1.265s] -- Up-to-date: /home/ros2/Desktop/ros2_ws/install/my_robot_interfaces/local/lib/python3.10/dist-packages/my_robot_interfaces/msg/_path_planner_points.py
[1.265s] -- Up-to-date: /home/ros2/Desktop/ros2_ws/install/my_robot_interfaces/local/lib/python3.10/dist-packages/my_robot_interfaces/msg/__init__.py
[1.265s] -- Up-to-date: /home/ros2/Desktop/ros2_ws/install/my_robot_interfaces/local/lib/python3.10/dist-packages/my_robot_interfaces/msg/_float_two_dimensional_array_s.c
[1.265s] -- Up-to-date: /home/ros2/Desktop/ros2_ws/install/my_robot_interfaces/local/lib/python3.10/dist-packages/my_robot_interfaces/msg/_path_planner_points_s.c
[1.265s] -- Up-to-date: /home/ros2/Desktop/ros2_ws/install/my_robot_interfaces/local/lib/python3.10/dist-packages/my_robot_interfaces/msg/_float_two_dimensional_array.py
[1.265s] -- Up-to-date: /home/ros2/Desktop/ros2_ws/install/my_robot_interfaces/local/lib/python3.10/dist-packages/my_robot_interfaces/my_robot_interfaces_s__rosidl_typesupport_introspection_c.cpython-310-x86_64-linux-gnu.so
[1.265s] -- Up-to-date: /home/ros2/Desktop/ros2_ws/install/my_robot_interfaces/local/lib/python3.10/dist-packages/my_robot_interfaces/__init__.py
[1.266s] -- Up-to-date: /home/ros2/Desktop/ros2_ws/install/my_robot_interfaces/local/lib/python3.10/dist-packages/my_robot_interfaces/_my_robot_interfaces_s.ep.rosidl_typesupport_introspection_c.c
[1.266s] -- Up-to-date: /home/ros2/Desktop/ros2_ws/install/my_robot_interfaces/local/lib/python3.10/dist-packages/my_robot_interfaces/my_robot_interfaces_s__rosidl_typesupport_c.cpython-310-x86_64-linux-gnu.so
[1.266s] -- Up-to-date: /home/ros2/Desktop/ros2_ws/install/my_robot_interfaces/local/lib/python3.10/dist-packages/my_robot_interfaces/_my_robot_interfaces_s.ep.rosidl_typesupport_c.c
[1.320s] Listing '/home/ros2/Desktop/ros2_ws/install/my_robot_interfaces/local/lib/python3.10/dist-packages/my_robot_interfaces'...
[1.320s] Listing '/home/ros2/Desktop/ros2_ws/install/my_robot_interfaces/local/lib/python3.10/dist-packages/my_robot_interfaces/msg'...
[1.331s] -- Up-to-date: /home/ros2/Desktop/ros2_ws/install/my_robot_interfaces/local/lib/python3.10/dist-packages/my_robot_interfaces/my_robot_interfaces_s__rosidl_typesupport_fastrtps_c.cpython-310-x86_64-linux-gnu.so
[1.331s] -- Up-to-date: /home/ros2/Desktop/ros2_ws/install/my_robot_interfaces/local/lib/python3.10/dist-packages/my_robot_interfaces/my_robot_interfaces_s__rosidl_typesupport_introspection_c.cpython-310-x86_64-linux-gnu.so
[1.331s] -- Up-to-date: /home/ros2/Desktop/ros2_ws/install/my_robot_interfaces/local/lib/python3.10/dist-packages/my_robot_interfaces/my_robot_interfaces_s__rosidl_typesupport_c.cpython-310-x86_64-linux-gnu.so
[1.332s] -- Up-to-date: /home/ros2/Desktop/ros2_ws/install/my_robot_interfaces/lib/libmy_robot_interfaces__rosidl_generator_py.so
[1.332s] -- Up-to-date: /home/ros2/Desktop/ros2_ws/install/my_robot_interfaces/share/my_robot_interfaces/msg/PathPlannerPoints.idl
[1.332s] -- Up-to-date: /home/ros2/Desktop/ros2_ws/install/my_robot_interfaces/share/my_robot_interfaces/msg/PathPlannerPoints.msg
[1.332s] -- Up-to-date: /home/ros2/Desktop/ros2_ws/install/my_robot_interfaces/share/ament_index/resource_index/package_run_dependencies/my_robot_interfaces
[1.332s] -- Up-to-date: /home/ros2/Desktop/ros2_ws/install/my_robot_interfaces/share/ament_index/resource_index/parent_prefix_path/my_robot_interfaces
[1.332s] -- Up-to-date: /home/ros2/Desktop/ros2_ws/install/my_robot_interfaces/share/my_robot_interfaces/environment/ament_prefix_path.sh
[1.332s] -- Up-to-date: /home/ros2/Desktop/ros2_ws/install/my_robot_interfaces/share/my_robot_interfaces/environment/ament_prefix_path.dsv
[1.332s] -- Up-to-date: /home/ros2/Desktop/ros2_ws/install/my_robot_interfaces/share/my_robot_interfaces/environment/path.sh
[1.332s] -- Up-to-date: /home/ros2/Desktop/ros2_ws/install/my_robot_interfaces/share/my_robot_interfaces/environment/path.dsv
[1.333s] -- Up-to-date: /home/ros2/Desktop/ros2_ws/install/my_robot_interfaces/share/my_robot_interfaces/local_setup.bash
[1.333s] -- Up-to-date: /home/ros2/Desktop/ros2_ws/install/my_robot_interfaces/share/my_robot_interfaces/local_setup.sh
[1.333s] -- Up-to-date: /home/ros2/Desktop/ros2_ws/install/my_robot_interfaces/share/my_robot_interfaces/local_setup.zsh
[1.333s] -- Up-to-date: /home/ros2/Desktop/ros2_ws/install/my_robot_interfaces/share/my_robot_interfaces/local_setup.dsv
[1.333s] -- Installing: /home/ros2/Desktop/ros2_ws/install/my_robot_interfaces/share/my_robot_interfaces/package.dsv
[1.333s] -- Up-to-date: /home/ros2/Desktop/ros2_ws/install/my_robot_interfaces/share/ament_index/resource_index/packages/my_robot_interfaces
[1.333s] -- Up-to-date: /home/ros2/Desktop/ros2_ws/install/my_robot_interfaces/share/my_robot_interfaces/cmake/export_my_robot_interfaces__rosidl_generator_cExport.cmake
[1.333s] -- Up-to-date: /home/ros2/Desktop/ros2_ws/install/my_robot_interfaces/share/my_robot_interfaces/cmake/export_my_robot_interfaces__rosidl_generator_cExport-noconfig.cmake
[1.333s] -- Up-to-date: /home/ros2/Desktop/ros2_ws/install/my_robot_interfaces/share/my_robot_interfaces/cmake/export_my_robot_interfaces__rosidl_typesupport_fastrtps_cExport.cmake
[1.333s] -- Up-to-date: /home/ros2/Desktop/ros2_ws/install/my_robot_interfaces/share/my_robot_interfaces/cmake/export_my_robot_interfaces__rosidl_typesupport_fastrtps_cExport-noconfig.cmake
[1.334s] -- Up-to-date: /home/ros2/Desktop/ros2_ws/install/my_robot_interfaces/share/my_robot_interfaces/cmake/my_robot_interfaces__rosidl_typesupport_introspection_cExport.cmake
[1.334s] -- Up-to-date: /home/ros2/Desktop/ros2_ws/install/my_robot_interfaces/share/my_robot_interfaces/cmake/my_robot_interfaces__rosidl_typesupport_introspection_cExport-noconfig.cmake
[1.334s] -- Up-to-date: /home/ros2/Desktop/ros2_ws/install/my_robot_interfaces/share/my_robot_interfaces/cmake/my_robot_interfaces__rosidl_typesupport_cExport.cmake
[1.334s] -- Up-to-date: /home/ros2/Desktop/ros2_ws/install/my_robot_interfaces/share/my_robot_interfaces/cmake/my_robot_interfaces__rosidl_typesupport_cExport-noconfig.cmake
[1.334s] -- Up-to-date: /home/ros2/Desktop/ros2_ws/install/my_robot_interfaces/share/my_robot_interfaces/cmake/export_my_robot_interfaces__rosidl_generator_cppExport.cmake
[1.334s] -- Up-to-date: /home/ros2/Desktop/ros2_ws/install/my_robot_interfaces/share/my_robot_interfaces/cmake/export_my_robot_interfaces__rosidl_typesupport_fastrtps_cppExport.cmake
[1.335s] -- Up-to-date: /home/ros2/Desktop/ros2_ws/install/my_robot_interfaces/share/my_robot_interfaces/cmake/export_my_robot_interfaces__rosidl_typesupport_fastrtps_cppExport-noconfig.cmake
[1.335s] -- Up-to-date: /home/ros2/Desktop/ros2_ws/install/my_robot_interfaces/share/my_robot_interfaces/cmake/my_robot_interfaces__rosidl_typesupport_introspection_cppExport.cmake
[1.335s] -- Up-to-date: /home/ros2/Desktop/ros2_ws/install/my_robot_interfaces/share/my_robot_interfaces/cmake/my_robot_interfaces__rosidl_typesupport_introspection_cppExport-noconfig.cmake
[1.335s] -- Up-to-date: /home/ros2/Desktop/ros2_ws/install/my_robot_interfaces/share/my_robot_interfaces/cmake/my_robot_interfaces__rosidl_typesupport_cppExport.cmake
[1.336s] -- Up-to-date: /home/ros2/Desktop/ros2_ws/install/my_robot_interfaces/share/my_robot_interfaces/cmake/my_robot_interfaces__rosidl_typesupport_cppExport-noconfig.cmake
[1.336s] -- Up-to-date: /home/ros2/Desktop/ros2_ws/install/my_robot_interfaces/share/my_robot_interfaces/cmake/export_my_robot_interfaces__rosidl_generator_pyExport.cmake
[1.336s] -- Up-to-date: /home/ros2/Desktop/ros2_ws/install/my_robot_interfaces/share/my_robot_interfaces/cmake/export_my_robot_interfaces__rosidl_generator_pyExport-noconfig.cmake
[1.337s] -- Up-to-date: /home/ros2/Desktop/ros2_ws/install/my_robot_interfaces/share/my_robot_interfaces/cmake/rosidl_cmake-extras.cmake
[1.338s] -- Up-to-date: /home/ros2/Desktop/ros2_ws/install/my_robot_interfaces/share/my_robot_interfaces/cmake/ament_cmake_export_include_directories-extras.cmake
[1.338s] -- Up-to-date: /home/ros2/Desktop/ros2_ws/install/my_robot_interfaces/share/my_robot_interfaces/cmake/ament_cmake_export_libraries-extras.cmake
[1.338s] -- Up-to-date: /home/ros2/Desktop/ros2_ws/install/my_robot_interfaces/share/my_robot_interfaces/cmake/ament_cmake_export_targets-extras.cmake
[1.339s] -- Up-to-date: /home/ros2/Desktop/ros2_ws/install/my_robot_interfaces/share/my_robot_interfaces/cmake/rosidl_cmake_export_typesupport_targets-extras.cmake
[1.339s] -- Up-to-date: /home/ros2/Desktop/ros2_ws/install/my_robot_interfaces/share/my_robot_interfaces/cmake/ament_cmake_export_dependencies-extras.cmake
[1.339s] -- Up-to-date: /home/ros2/Desktop/ros2_ws/install/my_robot_interfaces/share/my_robot_interfaces/cmake/rosidl_cmake_export_typesupport_libraries-extras.cmake
[1.339s] -- Up-to-date: /home/ros2/Desktop/ros2_ws/install/my_robot_interfaces/share/my_robot_interfaces/cmake/my_robot_interfacesConfig.cmake
[1.340s] -- Up-to-date: /home/ros2/Desktop/ros2_ws/install/my_robot_interfaces/share/my_robot_interfaces/cmake/my_robot_interfacesConfig-version.cmake
[1.340s] -- Up-to-date: /home/ros2/Desktop/ros2_ws/install/my_robot_interfaces/share/my_robot_interfaces/package.xml
[1.350s] Invoked command in '/home/ros2/Desktop/ros2_ws/build/my_robot_interfaces' returned '0': CMAKE_PREFIX_PATH=${CMAKE_PREFIX_PATH}:/home/ros2/Desktop/ros2_ws/install/my_robot_controller:/home/ros2/ros2_ws/install/my_robot_controller:/opt/ros/humble /usr/bin/cmake --install /home/ros2/Desktop/ros2_ws/build/my_robot_interfaces
