[0.954s] Invoking command in '/home/drone/ros2_ws/src/my_robot_controller': PYTHONPATH=/home/drone/ros2_ws/build/my_robot_controller/prefix_override:/home/drone/ros2_ws/install/my_robot_controller/lib/python3.10/site-packages:${PYTHONPATH} /usr/bin/python3 -W ignore:setup.py install is deprecated setup.py egg_info --egg-base ../../build/my_robot_controller build --build-base /home/drone/ros2_ws/build/my_robot_controller/build install --record /home/drone/ros2_ws/build/my_robot_controller/install.log --single-version-externally-managed install_data
[1.338s] running egg_info
[1.339s] writing ../../build/my_robot_controller/my_robot_controller.egg-info/PKG-INFO
[1.340s] writing dependency_links to ../../build/my_robot_controller/my_robot_controller.egg-info/dependency_links.txt
[1.340s] writing entry points to ../../build/my_robot_controller/my_robot_controller.egg-info/entry_points.txt
[1.341s] writing requirements to ../../build/my_robot_controller/my_robot_controller.egg-info/requires.txt
[1.341s] writing top-level names to ../../build/my_robot_controller/my_robot_controller.egg-info/top_level.txt
[1.344s] reading manifest file '../../build/my_robot_controller/my_robot_controller.egg-info/SOURCES.txt'
[1.345s] writing manifest file '../../build/my_robot_controller/my_robot_controller.egg-info/SOURCES.txt'
[1.346s] running build
[1.346s] running build_py
[1.346s] copying my_robot_controller/my_talker.py -> /home/drone/ros2_ws/build/my_robot_controller/build/lib/my_robot_controller
[1.346s] copying my_robot_controller/my_seccond_node.py -> /home/drone/ros2_ws/build/my_robot_controller/build/lib/my_robot_controller
[1.347s] copying my_robot_controller/my_listener.py -> /home/drone/ros2_ws/build/my_robot_controller/build/lib/my_robot_controller
[1.347s] running install
[1.348s] running install_lib
[1.349s] copying /home/drone/ros2_ws/build/my_robot_controller/build/lib/my_robot_controller/my_talker.py -> /home/drone/ros2_ws/install/my_robot_controller/lib/python3.10/site-packages/my_robot_controller
[1.350s] copying /home/drone/ros2_ws/build/my_robot_controller/build/lib/my_robot_controller/my_seccond_node.py -> /home/drone/ros2_ws/install/my_robot_controller/lib/python3.10/site-packages/my_robot_controller
[1.350s] copying /home/drone/ros2_ws/build/my_robot_controller/build/lib/my_robot_controller/my_listener.py -> /home/drone/ros2_ws/install/my_robot_controller/lib/python3.10/site-packages/my_robot_controller
[1.351s] byte-compiling /home/drone/ros2_ws/install/my_robot_controller/lib/python3.10/site-packages/my_robot_controller/my_talker.py to my_talker.cpython-310.pyc
[1.351s] byte-compiling /home/drone/ros2_ws/install/my_robot_controller/lib/python3.10/site-packages/my_robot_controller/my_seccond_node.py to my_seccond_node.cpython-310.pyc
[1.352s] byte-compiling /home/drone/ros2_ws/install/my_robot_controller/lib/python3.10/site-packages/my_robot_controller/my_listener.py to my_listener.cpython-310.pyc
[1.352s] running install_data
[1.353s] running install_egg_info
[1.355s] removing '/home/drone/ros2_ws/install/my_robot_controller/lib/python3.10/site-packages/my_robot_controller-0.0.0-py3.10.egg-info' (and everything under it)
[1.355s] Copying ../../build/my_robot_controller/my_robot_controller.egg-info to /home/drone/ros2_ws/install/my_robot_controller/lib/python3.10/site-packages/my_robot_controller-0.0.0-py3.10.egg-info
[1.357s] running install_scripts
[1.391s] Installing my_talker script to /home/drone/ros2_ws/install/my_robot_controller/lib/my_robot_controller
[1.391s] Installing test_node script to /home/drone/ros2_ws/install/my_robot_controller/lib/my_robot_controller
[1.392s] Installing test_node2 script to /home/drone/ros2_ws/install/my_robot_controller/lib/my_robot_controller
[1.392s] writing list of installed files to '/home/drone/ros2_ws/build/my_robot_controller/install.log'
[1.436s] Invoked command in '/home/drone/ros2_ws/src/my_robot_controller' returned '0': PYTHONPATH=/home/drone/ros2_ws/build/my_robot_controller/prefix_override:/home/drone/ros2_ws/install/my_robot_controller/lib/python3.10/site-packages:${PYTHONPATH} /usr/bin/python3 -W ignore:setup.py install is deprecated setup.py egg_info --egg-base ../../build/my_robot_controller build --build-base /home/drone/ros2_ws/build/my_robot_controller/build install --record /home/drone/ros2_ws/build/my_robot_controller/install.log --single-version-externally-managed install_data
