[0.023s] Invoking command in '/home/ros2/Desktop/ros2_ws/build/my_robot_interfaces': CMAKE_PREFIX_PATH=${CMAKE_PREFIX_PATH}:/home/ros2/Desktop/ros2_ws/install/my_robot_controller:/home/ros2/ros2_ws/install/my_robot_controller:/opt/ros/humble /usr/bin/cmake --build /home/ros2/Desktop/ros2_ws/build/my_robot_interfaces -- -j2 -l2
[0.089s] [  3%] Built target my_robot_interfaces__cpp
[0.093s] [ 12%] Built target my_robot_interfaces__rosidl_generator_c
[0.138s] [ 22%] Built target my_robot_interfaces__rosidl_typesupport_fastrtps_c
[0.141s] [ 22%] Built target ament_cmake_python_copy_my_robot_interfaces
[0.177s] [ 35%] Built target my_robot_interfaces__rosidl_typesupport_c
[0.178s] [ 41%] Built target my_robot_interfaces__rosidl_typesupport_introspection_c
[0.206s] [ 51%] Built target my_robot_interfaces__rosidl_typesupport_introspection_cpp
[0.210s] [ 61%] Built target my_robot_interfaces__rosidl_typesupport_fastrtps_cpp
[0.249s] [ 70%] Built target my_robot_interfaces__rosidl_typesupport_cpp
[0.282s] [ 70%] Built target my_robot_interfaces
[0.338s] [ 74%] Built target my_robot_interfaces__py
[0.431s] [ 80%] Built target my_robot_interfaces__rosidl_generator_py
[0.524s] [ 87%] Built target my_robot_interfaces__rosidl_typesupport_fastrtps_c__pyext
[0.570s] [ 93%] Built target my_robot_interfaces__rosidl_typesupport_introspection_c__pyext
[0.606s] [100%] Built target my_robot_interfaces__rosidl_typesupport_c__pyext
[0.888s] running egg_info
[0.890s] writing my_robot_interfaces.egg-info/PKG-INFO
[0.892s] writing dependency_links to my_robot_interfaces.egg-info/dependency_links.txt
[0.894s] writing top-level names to my_robot_interfaces.egg-info/top_level.txt
[0.899s] reading manifest file 'my_robot_interfaces.egg-info/SOURCES.txt'
[0.901s] writing manifest file 'my_robot_interfaces.egg-info/SOURCES.txt'
[0.941s] [100%] Built target ament_cmake_python_build_my_robot_interfaces_egg
[0.963s] Invoked command in '/home/ros2/Desktop/ros2_ws/build/my_robot_interfaces' returned '0': CMAKE_PREFIX_PATH=${CMAKE_PREFIX_PATH}:/home/ros2/Desktop/ros2_ws/install/my_robot_controller:/home/ros2/ros2_ws/install/my_robot_controller:/opt/ros/humble /usr/bin/cmake --build /home/ros2/Desktop/ros2_ws/build/my_robot_interfaces -- -j2 -l2
[1.050s] Invoking command in '/home/ros2/Desktop/ros2_ws/build/my_robot_interfaces': CMAKE_PREFIX_PATH=${CMAKE_PREFIX_PATH}:/home/ros2/Desktop/ros2_ws/install/my_robot_controller:/home/ros2/ros2_ws/install/my_robot_controller:/opt/ros/humble /usr/bin/cmake --install /home/ros2/Desktop/ros2_ws/build/my_robot_interfaces
[1.061s] -- Install configuration: ""
[1.068s] -- Up-to-date: /home/ros2/Desktop/ros2_ws/install/my_robot_interfaces/share/ament_index/resource_index/rosidl_interfaces/my_robot_interfaces
[1.068s] -- Up-to-date: /home/ros2/Desktop/ros2_ws/install/my_robot_interfaces/include/my_robot_interfaces/my_robot_interfaces
[1.069s] -- Up-to-date: /home/ros2/Desktop/ros2_ws/install/my_robot_interfaces/include/my_robot_interfaces/my_robot_interfaces/msg
[1.069s] -- Up-to-date: /home/ros2/Desktop/ros2_ws/install/my_robot_interfaces/include/my_robot_interfaces/my_robot_interfaces/msg/float_two_dimensional_array.h
[1.069s] -- Up-to-date: /home/ros2/Desktop/ros2_ws/install/my_robot_interfaces/include/my_robot_interfaces/my_robot_interfaces/msg/path_planner_points.h
[1.069s] -- Up-to-date: /home/ros2/Desktop/ros2_ws/install/my_robot_interfaces/include/my_robot_interfaces/my_robot_interfaces/msg/detail
[1.069s] -- Up-to-date: /home/ros2/Desktop/ros2_ws/install/my_robot_interfaces/include/my_robot_interfaces/my_robot_interfaces/msg/detail/path_planner_points__functions.c
[1.069s] -- Up-to-date: /home/ros2/Desktop/ros2_ws/install/my_robot_interfaces/include/my_robot_interfaces/my_robot_interfaces/msg/detail/float_two_dimensional_array__struct.h
[1.069s] -- Up-to-date: /home/ros2/Desktop/ros2_ws/install/my_robot_interfaces/include/my_robot_interfaces/my_robot_interfaces/msg/detail/float_two_dimensional_array__type_support.h
[1.069s] -- Up-to-date: /home/ros2/Desktop/ros2_ws/install/my_robot_interfaces/include/my_robot_interfaces/my_robot_interfaces/msg/detail/path_planner_points__struct.h
[1.069s] -- Up-to-date: /home/ros2/Desktop/ros2_ws/install/my_robot_interfaces/include/my_robot_interfaces/my_robot_interfaces/msg/detail/path_planner_points__type_support.h
[1.070s] -- Up-to-date: /home/ros2/Desktop/ros2_ws/install/my_robot_interfaces/include/my_robot_interfaces/my_robot_interfaces/msg/detail/float_two_dimensional_array__functions.h
[1.070s] -- Up-to-date: /home/ros2/Desktop/ros2_ws/install/my_robot_interfaces/include/my_robot_interfaces/my_robot_interfaces/msg/detail/path_planner_points__functions.h
[1.070s] -- Up-to-date: /home/ros2/Desktop/ros2_ws/install/my_robot_interfaces/include/my_robot_interfaces/my_robot_interfaces/msg/detail/float_two_dimensional_array__functions.c
[1.070s] -- Up-to-date: /home/ros2/Desktop/ros2_ws/install/my_robot_interfaces/include/my_robot_interfaces/my_robot_interfaces/msg/rosidl_generator_c__visibility_control.h
[1.070s] -- Up-to-date: /home/ros2/Desktop/ros2_ws/install/my_robot_interfaces/share/my_robot_interfaces/environment/library_path.sh
[1.070s] -- Up-to-date: /home/ros2/Desktop/ros2_ws/install/my_robot_interfaces/share/my_robot_interfaces/environment/library_path.dsv
[1.070s] -- Up-to-date: /home/ros2/Desktop/ros2_ws/install/my_robot_interfaces/lib/libmy_robot_interfaces__rosidl_generator_c.so
[1.070s] -- Up-to-date: /home/ros2/Desktop/ros2_ws/install/my_robot_interfaces/include/my_robot_interfaces/my_robot_interfaces
[1.071s] -- Up-to-date: /home/ros2/Desktop/ros2_ws/install/my_robot_interfaces/include/my_robot_interfaces/my_robot_interfaces/msg
[1.071s] -- Up-to-date: /home/ros2/Desktop/ros2_ws/install/my_robot_interfaces/include/my_robot_interfaces/my_robot_interfaces/msg/detail
[1.071s] -- Up-to-date: /home/ros2/Desktop/ros2_ws/install/my_robot_interfaces/include/my_robot_interfaces/my_robot_interfaces/msg/detail/float_two_dimensional_array__rosidl_typesupport_fastrtps_c.h
[1.071s] -- Up-to-date: /home/ros2/Desktop/ros2_ws/install/my_robot_interfaces/include/my_robot_interfaces/my_robot_interfaces/msg/detail/path_planner_points__rosidl_typesupport_fastrtps_c.h
[1.071s] -- Up-to-date: /home/ros2/Desktop/ros2_ws/install/my_robot_interfaces/include/my_robot_interfaces/my_robot_interfaces/msg/rosidl_typesupport_fastrtps_c__visibility_control.h
[1.071s] -- Up-to-date: /home/ros2/Desktop/ros2_ws/install/my_robot_interfaces/lib/libmy_robot_interfaces__rosidl_typesupport_fastrtps_c.so
[1.071s] -- Up-to-date: /home/ros2/Desktop/ros2_ws/install/my_robot_interfaces/include/my_robot_interfaces/my_robot_interfaces
[1.071s] -- Up-to-date: /home/ros2/Desktop/ros2_ws/install/my_robot_interfaces/include/my_robot_interfaces/my_robot_interfaces/msg
[1.072s] -- Up-to-date: /home/ros2/Desktop/ros2_ws/install/my_robot_interfaces/include/my_robot_interfaces/my_robot_interfaces/msg/rosidl_typesupport_introspection_c__visibility_control.h
[1.072s] -- Up-to-date: /home/ros2/Desktop/ros2_ws/install/my_robot_interfaces/include/my_robot_interfaces/my_robot_interfaces/msg/detail
[1.072s] -- Up-to-date: /home/ros2/Desktop/ros2_ws/install/my_robot_interfaces/include/my_robot_interfaces/my_robot_interfaces/msg/detail/float_two_dimensional_array__rosidl_typesupport_introspection_c.h
[1.072s] -- Up-to-date: /home/ros2/Desktop/ros2_ws/install/my_robot_interfaces/include/my_robot_interfaces/my_robot_interfaces/msg/detail/path_planner_points__rosidl_typesupport_introspection_c.h
[1.072s] -- Up-to-date: /home/ros2/Desktop/ros2_ws/install/my_robot_interfaces/include/my_robot_interfaces/my_robot_interfaces/msg/detail/path_planner_points__type_support.c
[1.072s] -- Up-to-date: /home/ros2/Desktop/ros2_ws/install/my_robot_interfaces/include/my_robot_interfaces/my_robot_interfaces/msg/detail/float_two_dimensional_array__type_support.c
[1.072s] -- Up-to-date: /home/ros2/Desktop/ros2_ws/install/my_robot_interfaces/lib/libmy_robot_interfaces__rosidl_typesupport_introspection_c.so
[1.072s] -- Up-to-date: /home/ros2/Desktop/ros2_ws/install/my_robot_interfaces/lib/libmy_robot_interfaces__rosidl_typesupport_c.so
[1.072s] -- Up-to-date: /home/ros2/Desktop/ros2_ws/install/my_robot_interfaces/include/my_robot_interfaces/my_robot_interfaces
[1.073s] -- Up-to-date: /home/ros2/Desktop/ros2_ws/install/my_robot_interfaces/include/my_robot_interfaces/my_robot_interfaces/msg
[1.073s] -- Up-to-date: /home/ros2/Desktop/ros2_ws/install/my_robot_interfaces/include/my_robot_interfaces/my_robot_interfaces/msg/float_two_dimensional_array.hpp
[1.073s] -- Up-to-date: /home/ros2/Desktop/ros2_ws/install/my_robot_interfaces/include/my_robot_interfaces/my_robot_interfaces/msg/path_planner_points.hpp
[1.073s] -- Up-to-date: /home/ros2/Desktop/ros2_ws/install/my_robot_interfaces/include/my_robot_interfaces/my_robot_interfaces/msg/detail
[1.073s] -- Up-to-date: /home/ros2/Desktop/ros2_ws/install/my_robot_interfaces/include/my_robot_interfaces/my_robot_interfaces/msg/detail/float_two_dimensional_array__traits.hpp
[1.073s] -- Up-to-date: /home/ros2/Desktop/ros2_ws/install/my_robot_interfaces/include/my_robot_interfaces/my_robot_interfaces/msg/detail/path_planner_points__traits.hpp
[1.073s] -- Up-to-date: /home/ros2/Desktop/ros2_ws/install/my_robot_interfaces/include/my_robot_interfaces/my_robot_interfaces/msg/detail/float_two_dimensional_array__struct.hpp
[1.073s] -- Up-to-date: /home/ros2/Desktop/ros2_ws/install/my_robot_interfaces/include/my_robot_interfaces/my_robot_interfaces/msg/detail/path_planner_points__builder.hpp
[1.074s] -- Up-to-date: /home/ros2/Desktop/ros2_ws/install/my_robot_interfaces/include/my_robot_interfaces/my_robot_interfaces/msg/detail/path_planner_points__struct.hpp
[1.074s] -- Up-to-date: /home/ros2/Desktop/ros2_ws/install/my_robot_interfaces/include/my_robot_interfaces/my_robot_interfaces/msg/detail/float_two_dimensional_array__builder.hpp
[1.074s] -- Up-to-date: /home/ros2/Desktop/ros2_ws/install/my_robot_interfaces/include/my_robot_interfaces/my_robot_interfaces
[1.074s] -- Up-to-date: /home/ros2/Desktop/ros2_ws/install/my_robot_interfaces/include/my_robot_interfaces/my_robot_interfaces/msg
[1.074s] -- Up-to-date: /home/ros2/Desktop/ros2_ws/install/my_robot_interfaces/include/my_robot_interfaces/my_robot_interfaces/msg/rosidl_typesupport_fastrtps_cpp__visibility_control.h
[1.074s] -- Up-to-date: /home/ros2/Desktop/ros2_ws/install/my_robot_interfaces/include/my_robot_interfaces/my_robot_interfaces/msg/detail
[1.074s] -- Up-to-date: /home/ros2/Desktop/ros2_ws/install/my_robot_interfaces/include/my_robot_interfaces/my_robot_interfaces/msg/detail/float_two_dimensional_array__rosidl_typesupport_fastrtps_cpp.hpp
[1.074s] -- Up-to-date: /home/ros2/Desktop/ros2_ws/install/my_robot_interfaces/include/my_robot_interfaces/my_robot_interfaces/msg/detail/path_planner_points__rosidl_typesupport_fastrtps_cpp.hpp
[1.074s] -- Up-to-date: /home/ros2/Desktop/ros2_ws/install/my_robot_interfaces/include/my_robot_interfaces/my_robot_interfaces/msg/detail/dds_fastrtps
[1.075s] -- Up-to-date: /home/ros2/Desktop/ros2_ws/install/my_robot_interfaces/lib/libmy_robot_interfaces__rosidl_typesupport_fastrtps_cpp.so
[1.075s] -- Up-to-date: /home/ros2/Desktop/ros2_ws/install/my_robot_interfaces/include/my_robot_interfaces/my_robot_interfaces
[1.075s] -- Up-to-date: /home/ros2/Desktop/ros2_ws/install/my_robot_interfaces/include/my_robot_interfaces/my_robot_interfaces/msg
[1.075s] -- Up-to-date: /home/ros2/Desktop/ros2_ws/install/my_robot_interfaces/include/my_robot_interfaces/my_robot_interfaces/msg/detail
[1.075s] -- Up-to-date: /home/ros2/Desktop/ros2_ws/install/my_robot_interfaces/include/my_robot_interfaces/my_robot_interfaces/msg/detail/float_two_dimensional_array__rosidl_typesupport_introspection_cpp.hpp
[1.075s] -- Up-to-date: /home/ros2/Desktop/ros2_ws/install/my_robot_interfaces/include/my_robot_interfaces/my_robot_interfaces/msg/detail/float_two_dimensional_array__type_support.cpp
[1.075s] -- Up-to-date: /home/ros2/Desktop/ros2_ws/install/my_robot_interfaces/include/my_robot_interfaces/my_robot_interfaces/msg/detail/path_planner_points__rosidl_typesupport_introspection_cpp.hpp
[1.075s] -- Up-to-date: /home/ros2/Desktop/ros2_ws/install/my_robot_interfaces/include/my_robot_interfaces/my_robot_interfaces/msg/detail/path_planner_points__type_support.cpp
[1.077s] -- Up-to-date: /home/ros2/Desktop/ros2_ws/install/my_robot_interfaces/lib/libmy_robot_interfaces__rosidl_typesupport_introspection_cpp.so
[1.077s] -- Up-to-date: /home/ros2/Desktop/ros2_ws/install/my_robot_interfaces/lib/libmy_robot_interfaces__rosidl_typesupport_cpp.so
[1.077s] -- Up-to-date: /home/ros2/Desktop/ros2_ws/install/my_robot_interfaces/share/my_robot_interfaces/environment/pythonpath.sh
[1.077s] -- Up-to-date: /home/ros2/Desktop/ros2_ws/install/my_robot_interfaces/share/my_robot_interfaces/environment/pythonpath.dsv
[1.077s] -- Up-to-date: /home/ros2/Desktop/ros2_ws/install/my_robot_interfaces/local/lib/python3.10/dist-packages/my_robot_interfaces-0.0.0-py3.10.egg-info
[1.077s] -- Installing: /home/ros2/Desktop/ros2_ws/install/my_robot_interfaces/local/lib/python3.10/dist-packages/my_robot_interfaces-0.0.0-py3.10.egg-info/SOURCES.txt
[1.077s] -- Installing: /home/ros2/Desktop/ros2_ws/install/my_robot_interfaces/local/lib/python3.10/dist-packages/my_robot_interfaces-0.0.0-py3.10.egg-info/dependency_links.txt
[1.077s] -- Installing: /home/ros2/Desktop/ros2_ws/install/my_robot_interfaces/local/lib/python3.10/dist-packages/my_robot_interfaces-0.0.0-py3.10.egg-info/top_level.txt
[1.077s] -- Installing: /home/ros2/Desktop/ros2_ws/install/my_robot_interfaces/local/lib/python3.10/dist-packages/my_robot_interfaces-0.0.0-py3.10.egg-info/PKG-INFO
[1.077s] -- Up-to-date: /home/ros2/Desktop/ros2_ws/install/my_robot_interfaces/local/lib/python3.10/dist-packages/my_robot_interfaces
[1.078s] -- Up-to-date: /home/ros2/Desktop/ros2_ws/install/my_robot_interfaces/local/lib/python3.10/dist-packages/my_robot_interfaces/_my_robot_interfaces_s.ep.rosidl_typesupport_fastrtps_c.c
[1.078s] -- Up-to-date: /home/ros2/Desktop/ros2_ws/install/my_robot_interfaces/local/lib/python3.10/dist-packages/my_robot_interfaces/my_robot_interfaces_s__rosidl_typesupport_fastrtps_c.cpython-310-x86_64-linux-gnu.so
[1.078s] -- Up-to-date: /home/ros2/Desktop/ros2_ws/install/my_robot_interfaces/local/lib/python3.10/dist-packages/my_robot_interfaces/libmy_robot_interfaces__rosidl_generator_py.so
[1.078s] -- Up-to-date: /home/ros2/Desktop/ros2_ws/install/my_robot_interfaces/local/lib/python3.10/dist-packages/my_robot_interfaces/msg
[1.078s] -- Up-to-date: /home/ros2/Desktop/ros2_ws/install/my_robot_interfaces/local/lib/python3.10/dist-packages/my_robot_interfaces/msg/_path_planner_points.py
[1.078s] -- Up-to-date: /home/ros2/Desktop/ros2_ws/install/my_robot_interfaces/local/lib/python3.10/dist-packages/my_robot_interfaces/msg/__init__.py
[1.078s] -- Up-to-date: /home/ros2/Desktop/ros2_ws/install/my_robot_interfaces/local/lib/python3.10/dist-packages/my_robot_interfaces/msg/_float_two_dimensional_array_s.c
[1.078s] -- Up-to-date: /home/ros2/Desktop/ros2_ws/install/my_robot_interfaces/local/lib/python3.10/dist-packages/my_robot_interfaces/msg/_path_planner_points_s.c
[1.078s] -- Up-to-date: /home/ros2/Desktop/ros2_ws/install/my_robot_interfaces/local/lib/python3.10/dist-packages/my_robot_interfaces/msg/_float_two_dimensional_array.py
[1.078s] -- Up-to-date: /home/ros2/Desktop/ros2_ws/install/my_robot_interfaces/local/lib/python3.10/dist-packages/my_robot_interfaces/my_robot_interfaces_s__rosidl_typesupport_introspection_c.cpython-310-x86_64-linux-gnu.so
[1.078s] -- Up-to-date: /home/ros2/Desktop/ros2_ws/install/my_robot_interfaces/local/lib/python3.10/dist-packages/my_robot_interfaces/__init__.py
[1.078s] -- Up-to-date: /home/ros2/Desktop/ros2_ws/install/my_robot_interfaces/local/lib/python3.10/dist-packages/my_robot_interfaces/_my_robot_interfaces_s.ep.rosidl_typesupport_introspection_c.c
[1.078s] -- Up-to-date: /home/ros2/Desktop/ros2_ws/install/my_robot_interfaces/local/lib/python3.10/dist-packages/my_robot_interfaces/my_robot_interfaces_s__rosidl_typesupport_c.cpython-310-x86_64-linux-gnu.so
[1.078s] -- Up-to-date: /home/ros2/Desktop/ros2_ws/install/my_robot_interfaces/local/lib/python3.10/dist-packages/my_robot_interfaces/_my_robot_interfaces_s.ep.rosidl_typesupport_c.c
[1.134s] Listing '/home/ros2/Desktop/ros2_ws/install/my_robot_interfaces/local/lib/python3.10/dist-packages/my_robot_interfaces'...
[1.134s] Listing '/home/ros2/Desktop/ros2_ws/install/my_robot_interfaces/local/lib/python3.10/dist-packages/my_robot_interfaces/msg'...
[1.142s] -- Up-to-date: /home/ros2/Desktop/ros2_ws/install/my_robot_interfaces/local/lib/python3.10/dist-packages/my_robot_interfaces/my_robot_interfaces_s__rosidl_typesupport_fastrtps_c.cpython-310-x86_64-linux-gnu.so
[1.143s] -- Up-to-date: /home/ros2/Desktop/ros2_ws/install/my_robot_interfaces/local/lib/python3.10/dist-packages/my_robot_interfaces/my_robot_interfaces_s__rosidl_typesupport_introspection_c.cpython-310-x86_64-linux-gnu.so
[1.144s] -- Up-to-date: /home/ros2/Desktop/ros2_ws/install/my_robot_interfaces/local/lib/python3.10/dist-packages/my_robot_interfaces/my_robot_interfaces_s__rosidl_typesupport_c.cpython-310-x86_64-linux-gnu.so
[1.144s] -- Up-to-date: /home/ros2/Desktop/ros2_ws/install/my_robot_interfaces/lib/libmy_robot_interfaces__rosidl_generator_py.so
[1.148s] -- Up-to-date: /home/ros2/Desktop/ros2_ws/install/my_robot_interfaces/share/my_robot_interfaces/msg/PathPlannerPoints.idl
[1.148s] -- Up-to-date: /home/ros2/Desktop/ros2_ws/install/my_robot_interfaces/share/my_robot_interfaces/msg/PathPlannerPoints.msg
[1.148s] -- Up-to-date: /home/ros2/Desktop/ros2_ws/install/my_robot_interfaces/share/ament_index/resource_index/package_run_dependencies/my_robot_interfaces
[1.148s] -- Up-to-date: /home/ros2/Desktop/ros2_ws/install/my_robot_interfaces/share/ament_index/resource_index/parent_prefix_path/my_robot_interfaces
[1.148s] -- Up-to-date: /home/ros2/Desktop/ros2_ws/install/my_robot_interfaces/share/my_robot_interfaces/environment/ament_prefix_path.sh
[1.148s] -- Up-to-date: /home/ros2/Desktop/ros2_ws/install/my_robot_interfaces/share/my_robot_interfaces/environment/ament_prefix_path.dsv
[1.148s] -- Up-to-date: /home/ros2/Desktop/ros2_ws/install/my_robot_interfaces/share/my_robot_interfaces/environment/path.sh
[1.149s] -- Up-to-date: /home/ros2/Desktop/ros2_ws/install/my_robot_interfaces/share/my_robot_interfaces/environment/path.dsv
[1.149s] -- Up-to-date: /home/ros2/Desktop/ros2_ws/install/my_robot_interfaces/share/my_robot_interfaces/local_setup.bash
[1.149s] -- Up-to-date: /home/ros2/Desktop/ros2_ws/install/my_robot_interfaces/share/my_robot_interfaces/local_setup.sh
[1.149s] -- Up-to-date: /home/ros2/Desktop/ros2_ws/install/my_robot_interfaces/share/my_robot_interfaces/local_setup.zsh
[1.149s] -- Up-to-date: /home/ros2/Desktop/ros2_ws/install/my_robot_interfaces/share/my_robot_interfaces/local_setup.dsv
[1.149s] -- Installing: /home/ros2/Desktop/ros2_ws/install/my_robot_interfaces/share/my_robot_interfaces/package.dsv
[1.149s] -- Up-to-date: /home/ros2/Desktop/ros2_ws/install/my_robot_interfaces/share/ament_index/resource_index/packages/my_robot_interfaces
[1.149s] -- Up-to-date: /home/ros2/Desktop/ros2_ws/install/my_robot_interfaces/share/my_robot_interfaces/cmake/export_my_robot_interfaces__rosidl_generator_cExport.cmake
[1.149s] -- Up-to-date: /home/ros2/Desktop/ros2_ws/install/my_robot_interfaces/share/my_robot_interfaces/cmake/export_my_robot_interfaces__rosidl_generator_cExport-noconfig.cmake
[1.149s] -- Up-to-date: /home/ros2/Desktop/ros2_ws/install/my_robot_interfaces/share/my_robot_interfaces/cmake/export_my_robot_interfaces__rosidl_typesupport_fastrtps_cExport.cmake
[1.150s] -- Up-to-date: /home/ros2/Desktop/ros2_ws/install/my_robot_interfaces/share/my_robot_interfaces/cmake/export_my_robot_interfaces__rosidl_typesupport_fastrtps_cExport-noconfig.cmake
[1.150s] -- Up-to-date: /home/ros2/Desktop/ros2_ws/install/my_robot_interfaces/share/my_robot_interfaces/cmake/my_robot_interfaces__rosidl_typesupport_introspection_cExport.cmake
[1.150s] -- Up-to-date: /home/ros2/Desktop/ros2_ws/install/my_robot_interfaces/share/my_robot_interfaces/cmake/my_robot_interfaces__rosidl_typesupport_introspection_cExport-noconfig.cmake
[1.150s] -- Up-to-date: /home/ros2/Desktop/ros2_ws/install/my_robot_interfaces/share/my_robot_interfaces/cmake/my_robot_interfaces__rosidl_typesupport_cExport.cmake
[1.150s] -- Up-to-date: /home/ros2/Desktop/ros2_ws/install/my_robot_interfaces/share/my_robot_interfaces/cmake/my_robot_interfaces__rosidl_typesupport_cExport-noconfig.cmake
[1.150s] -- Up-to-date: /home/ros2/Desktop/ros2_ws/install/my_robot_interfaces/share/my_robot_interfaces/cmake/export_my_robot_interfaces__rosidl_generator_cppExport.cmake
[1.150s] -- Up-to-date: /home/ros2/Desktop/ros2_ws/install/my_robot_interfaces/share/my_robot_interfaces/cmake/export_my_robot_interfaces__rosidl_typesupport_fastrtps_cppExport.cmake
[1.150s] -- Up-to-date: /home/ros2/Desktop/ros2_ws/install/my_robot_interfaces/share/my_robot_interfaces/cmake/export_my_robot_interfaces__rosidl_typesupport_fastrtps_cppExport-noconfig.cmake
[1.150s] -- Up-to-date: /home/ros2/Desktop/ros2_ws/install/my_robot_interfaces/share/my_robot_interfaces/cmake/my_robot_interfaces__rosidl_typesupport_introspection_cppExport.cmake
[1.151s] -- Up-to-date: /home/ros2/Desktop/ros2_ws/install/my_robot_interfaces/share/my_robot_interfaces/cmake/my_robot_interfaces__rosidl_typesupport_introspection_cppExport-noconfig.cmake
[1.151s] -- Up-to-date: /home/ros2/Desktop/ros2_ws/install/my_robot_interfaces/share/my_robot_interfaces/cmake/my_robot_interfaces__rosidl_typesupport_cppExport.cmake
[1.151s] -- Up-to-date: /home/ros2/Desktop/ros2_ws/install/my_robot_interfaces/share/my_robot_interfaces/cmake/my_robot_interfaces__rosidl_typesupport_cppExport-noconfig.cmake
[1.151s] -- Up-to-date: /home/ros2/Desktop/ros2_ws/install/my_robot_interfaces/share/my_robot_interfaces/cmake/export_my_robot_interfaces__rosidl_generator_pyExport.cmake
[1.151s] -- Up-to-date: /home/ros2/Desktop/ros2_ws/install/my_robot_interfaces/share/my_robot_interfaces/cmake/export_my_robot_interfaces__rosidl_generator_pyExport-noconfig.cmake
[1.151s] -- Up-to-date: /home/ros2/Desktop/ros2_ws/install/my_robot_interfaces/share/my_robot_interfaces/cmake/rosidl_cmake-extras.cmake
[1.151s] -- Up-to-date: /home/ros2/Desktop/ros2_ws/install/my_robot_interfaces/share/my_robot_interfaces/cmake/ament_cmake_export_include_directories-extras.cmake
[1.155s] -- Up-to-date: /home/ros2/Desktop/ros2_ws/install/my_robot_interfaces/share/my_robot_interfaces/cmake/ament_cmake_export_libraries-extras.cmake
[1.155s] -- Up-to-date: /home/ros2/Desktop/ros2_ws/install/my_robot_interfaces/share/my_robot_interfaces/cmake/ament_cmake_export_targets-extras.cmake
[1.155s] -- Up-to-date: /home/ros2/Desktop/ros2_ws/install/my_robot_interfaces/share/my_robot_interfaces/cmake/rosidl_cmake_export_typesupport_targets-extras.cmake
[1.155s] -- Up-to-date: /home/ros2/Desktop/ros2_ws/install/my_robot_interfaces/share/my_robot_interfaces/cmake/ament_cmake_export_dependencies-extras.cmake
[1.155s] -- Up-to-date: /home/ros2/Desktop/ros2_ws/install/my_robot_interfaces/share/my_robot_interfaces/cmake/rosidl_cmake_export_typesupport_libraries-extras.cmake
[1.155s] -- Up-to-date: /home/ros2/Desktop/ros2_ws/install/my_robot_interfaces/share/my_robot_interfaces/cmake/my_robot_interfacesConfig.cmake
[1.155s] -- Up-to-date: /home/ros2/Desktop/ros2_ws/install/my_robot_interfaces/share/my_robot_interfaces/cmake/my_robot_interfacesConfig-version.cmake
[1.156s] -- Up-to-date: /home/ros2/Desktop/ros2_ws/install/my_robot_interfaces/share/my_robot_interfaces/package.xml
[1.158s] Invoked command in '/home/ros2/Desktop/ros2_ws/build/my_robot_interfaces' returned '0': CMAKE_PREFIX_PATH=${CMAKE_PREFIX_PATH}:/home/ros2/Desktop/ros2_ws/install/my_robot_controller:/home/ros2/ros2_ws/install/my_robot_controller:/opt/ros/humble /usr/bin/cmake --install /home/ros2/Desktop/ros2_ws/build/my_robot_interfaces
