[0.129s] DEBUG:colcon:Command line arguments: ['/usr/bin/colcon', 'build']
[0.129s] DEBUG:colcon:Parsed command line arguments: Namespace(log_base=None, log_level=None, verb_name='build', build_base='build', install_base='install', merge_install=False, symlink_install=False, test_result_base=None, continue_on_error=False, executor='parallel', parallel_workers=4, event_handlers=None, ignore_user_meta=False, metas=['./colcon.meta'], base_paths=['.'], packages_ignore=None, packages_ignore_regex=None, paths=None, packages_up_to=None, packages_up_to_regex=None, packages_above=None, packages_above_and_dependencies=None, packages_above_depth=None, packages_select_by_dep=None, packages_skip_by_dep=None, packages_skip_up_to=None, packages_select_build_failed=False, packages_skip_build_finished=False, packages_select_test_failures=False, packages_skip_test_passed=False, packages_select=None, packages_skip=None, packages_select_regex=None, packages_skip_regex=None, packages_start=None, packages_end=None, allow_overriding=[], cmake_args=None, cmake_target=None, cmake_target_skip_unavailable=False, cmake_clean_cache=False, cmake_clean_first=False, cmake_force_configure=False, ament_cmake_args=None, catkin_cmake_args=None, catkin_skip_building_tests=False, verb_parser=<colcon_defaults.argument_parser.defaults.DefaultArgumentsDecorator object at 0x70c5973306d0>, verb_extension=<colcon_core.verb.build.BuildVerb object at 0x70c5973301c0>, main=<bound method BuildVerb.main of <colcon_core.verb.build.BuildVerb object at 0x70c5973301c0>>)
[0.357s] Level 1:colcon.colcon_core.package_discovery:discover_packages(colcon_meta) check parameters
[0.357s] Level 1:colcon.colcon_core.package_discovery:discover_packages(recursive) check parameters
[0.357s] Level 1:colcon.colcon_core.package_discovery:discover_packages(ignore) check parameters
[0.357s] Level 1:colcon.colcon_core.package_discovery:discover_packages(path) check parameters
[0.357s] Level 1:colcon.colcon_core.package_discovery:discover_packages(colcon_meta) discover
[0.357s] Level 1:colcon.colcon_core.package_discovery:discover_packages(recursive) discover
[0.357s] INFO:colcon.colcon_core.package_discovery:Crawling recursively for packages in '/home/drone/Documents/GitHub/RosMigration_ws'
[0.358s] Level 1:colcon.colcon_core.package_identification:_identify(.) by extensions ['ignore', 'ignore_ament_install']
[0.358s] Level 1:colcon.colcon_core.package_identification:_identify(.) by extension 'ignore'
[0.358s] Level 1:colcon.colcon_core.package_identification:_identify(.) by extension 'ignore_ament_install'
[0.358s] Level 1:colcon.colcon_core.package_identification:_identify(.) by extensions ['colcon_pkg']
[0.358s] Level 1:colcon.colcon_core.package_identification:_identify(.) by extension 'colcon_pkg'
[0.358s] Level 1:colcon.colcon_core.package_identification:_identify(.) by extensions ['colcon_meta']
[0.358s] Level 1:colcon.colcon_core.package_identification:_identify(.) by extension 'colcon_meta'
[0.358s] Level 1:colcon.colcon_core.package_identification:_identify(.) by extensions ['ros']
[0.358s] Level 1:colcon.colcon_core.package_identification:_identify(.) by extension 'ros'
[0.372s] Level 1:colcon.colcon_core.package_identification:_identify(.) by extensions ['cmake', 'python']
[0.373s] Level 1:colcon.colcon_core.package_identification:_identify(.) by extension 'cmake'
[0.373s] Level 1:colcon.colcon_core.package_identification:_identify(.) by extension 'python'
[0.373s] Level 1:colcon.colcon_core.package_identification:_identify(.) by extensions ['python_setup_py']
[0.373s] Level 1:colcon.colcon_core.package_identification:_identify(.) by extension 'python_setup_py'
[0.373s] Level 1:colcon.colcon_core.package_identification:_identify(build) by extensions ['ignore', 'ignore_ament_install']
[0.373s] Level 1:colcon.colcon_core.package_identification:_identify(build) by extension 'ignore'
[0.373s] Level 1:colcon.colcon_core.package_identification:_identify(build) ignored
[0.373s] Level 1:colcon.colcon_core.package_identification:_identify(install) by extensions ['ignore', 'ignore_ament_install']
[0.373s] Level 1:colcon.colcon_core.package_identification:_identify(install) by extension 'ignore'
[0.373s] Level 1:colcon.colcon_core.package_identification:_identify(install) ignored
[0.373s] Level 1:colcon.colcon_core.package_identification:_identify(log) by extensions ['ignore', 'ignore_ament_install']
[0.374s] Level 1:colcon.colcon_core.package_identification:_identify(log) by extension 'ignore'
[0.374s] Level 1:colcon.colcon_core.package_identification:_identify(log) ignored
[0.374s] Level 1:colcon.colcon_core.package_identification:_identify(src) by extensions ['ignore', 'ignore_ament_install']
[0.374s] Level 1:colcon.colcon_core.package_identification:_identify(src) by extension 'ignore'
[0.374s] Level 1:colcon.colcon_core.package_identification:_identify(src) by extension 'ignore_ament_install'
[0.374s] Level 1:colcon.colcon_core.package_identification:_identify(src) by extensions ['colcon_pkg']
[0.374s] Level 1:colcon.colcon_core.package_identification:_identify(src) by extension 'colcon_pkg'
[0.374s] Level 1:colcon.colcon_core.package_identification:_identify(src) by extensions ['colcon_meta']
[0.374s] Level 1:colcon.colcon_core.package_identification:_identify(src) by extension 'colcon_meta'
[0.374s] Level 1:colcon.colcon_core.package_identification:_identify(src) by extensions ['ros']
[0.374s] Level 1:colcon.colcon_core.package_identification:_identify(src) by extension 'ros'
[0.374s] Level 1:colcon.colcon_core.package_identification:_identify(src) by extensions ['cmake', 'python']
[0.374s] Level 1:colcon.colcon_core.package_identification:_identify(src) by extension 'cmake'
[0.374s] Level 1:colcon.colcon_core.package_identification:_identify(src) by extension 'python'
[0.374s] Level 1:colcon.colcon_core.package_identification:_identify(src) by extensions ['python_setup_py']
[0.375s] Level 1:colcon.colcon_core.package_identification:_identify(src) by extension 'python_setup_py'
[0.375s] Level 1:colcon.colcon_core.package_identification:_identify(src/my_cpp_py_pkg) by extensions ['ignore', 'ignore_ament_install']
[0.375s] Level 1:colcon.colcon_core.package_identification:_identify(src/my_cpp_py_pkg) by extension 'ignore'
[0.375s] Level 1:colcon.colcon_core.package_identification:_identify(src/my_cpp_py_pkg) by extension 'ignore_ament_install'
[0.375s] Level 1:colcon.colcon_core.package_identification:_identify(src/my_cpp_py_pkg) by extensions ['colcon_pkg']
[0.375s] Level 1:colcon.colcon_core.package_identification:_identify(src/my_cpp_py_pkg) by extension 'colcon_pkg'
[0.375s] Level 1:colcon.colcon_core.package_identification:_identify(src/my_cpp_py_pkg) by extensions ['colcon_meta']
[0.375s] Level 1:colcon.colcon_core.package_identification:_identify(src/my_cpp_py_pkg) by extension 'colcon_meta'
[0.375s] Level 1:colcon.colcon_core.package_identification:_identify(src/my_cpp_py_pkg) by extensions ['ros']
[0.375s] Level 1:colcon.colcon_core.package_identification:_identify(src/my_cpp_py_pkg) by extension 'ros'
[0.378s] DEBUG:colcon.colcon_core.package_identification:Package 'src/my_cpp_py_pkg' with type 'ros.ament_cmake' and name 'my_cpp_py_pkg'
[0.378s] Level 1:colcon.colcon_core.package_identification:_identify(src/my_robot_interfaces) by extensions ['ignore', 'ignore_ament_install']
[0.378s] Level 1:colcon.colcon_core.package_identification:_identify(src/my_robot_interfaces) by extension 'ignore'
[0.378s] Level 1:colcon.colcon_core.package_identification:_identify(src/my_robot_interfaces) by extension 'ignore_ament_install'
[0.378s] Level 1:colcon.colcon_core.package_identification:_identify(src/my_robot_interfaces) by extensions ['colcon_pkg']
[0.379s] Level 1:colcon.colcon_core.package_identification:_identify(src/my_robot_interfaces) by extension 'colcon_pkg'
[0.379s] Level 1:colcon.colcon_core.package_identification:_identify(src/my_robot_interfaces) by extensions ['colcon_meta']
[0.379s] Level 1:colcon.colcon_core.package_identification:_identify(src/my_robot_interfaces) by extension 'colcon_meta'
[0.379s] Level 1:colcon.colcon_core.package_identification:_identify(src/my_robot_interfaces) by extensions ['ros']
[0.379s] Level 1:colcon.colcon_core.package_identification:_identify(src/my_robot_interfaces) by extension 'ros'
[0.379s] DEBUG:colcon.colcon_core.package_identification:Package 'src/my_robot_interfaces' with type 'ros.ament_cmake' and name 'my_robot_interfaces'
[0.379s] Level 1:colcon.colcon_core.package_discovery:discover_packages(recursive) using defaults
[0.380s] Level 1:colcon.colcon_core.package_discovery:discover_packages(ignore) discover
[0.380s] Level 1:colcon.colcon_core.package_discovery:discover_packages(ignore) using defaults
[0.380s] Level 1:colcon.colcon_core.package_discovery:discover_packages(path) discover
[0.380s] Level 1:colcon.colcon_core.package_discovery:discover_packages(path) using defaults
[0.403s] Level 1:colcon.colcon_core.package_discovery:discover_packages(prefix_path) check parameters
[0.403s] Level 1:colcon.colcon_core.package_discovery:discover_packages(prefix_path) discover
[0.404s] WARNING:colcon.colcon_ros.prefix_path.ament:The path '/home/drone/Documents/GitHub/RosMigration_ws/install/my_robot_interfaces' in the environment variable AMENT_PREFIX_PATH doesn't exist
[0.405s] WARNING:colcon.colcon_ros.prefix_path.ament:The path '/home/drone/Documents/GitHub/RosMigration_ws/install/my_cpp_py_pkg' in the environment variable AMENT_PREFIX_PATH doesn't exist
[0.405s] WARNING:colcon.colcon_ros.prefix_path.catkin:The path '/home/drone/Documents/GitHub/RosMigration_ws/install/my_robot_interfaces' in the environment variable CMAKE_PREFIX_PATH doesn't exist
[0.405s] WARNING:colcon.colcon_ros.prefix_path.catkin:The path '/home/drone/Documents/GitHub/RosMigration_ws/install/my_cpp_py_pkg' in the environment variable CMAKE_PREFIX_PATH doesn't exist
[0.406s] DEBUG:colcon.colcon_installed_package_information.package_discovery:Found 0 installed packages in /home/drone/Documents/GitHub/RosMigration_ws/install
[0.406s] DEBUG:colcon.colcon_installed_package_information.package_discovery:Found 1 installed packages in /home/drone/Documents/GitHub/AAU_P4_MONITOR_DRONE/ros2_ws/install
[0.408s] DEBUG:colcon.colcon_installed_package_information.package_discovery:Found 270 installed packages in /opt/ros/humble
[0.410s] Level 1:colcon.colcon_core.package_discovery:discover_packages(prefix_path) using defaults
[0.475s] Level 5:colcon.colcon_core.verb:set package 'my_cpp_py_pkg' build argument 'cmake_args' from command line to 'None'
[0.476s] Level 5:colcon.colcon_core.verb:set package 'my_cpp_py_pkg' build argument 'cmake_target' from command line to 'None'
[0.476s] Level 5:colcon.colcon_core.verb:set package 'my_cpp_py_pkg' build argument 'cmake_target_skip_unavailable' from command line to 'False'
[0.476s] Level 5:colcon.colcon_core.verb:set package 'my_cpp_py_pkg' build argument 'cmake_clean_cache' from command line to 'False'
[0.476s] Level 5:colcon.colcon_core.verb:set package 'my_cpp_py_pkg' build argument 'cmake_clean_first' from command line to 'False'
[0.476s] Level 5:colcon.colcon_core.verb:set package 'my_cpp_py_pkg' build argument 'cmake_force_configure' from command line to 'False'
[0.476s] Level 5:colcon.colcon_core.verb:set package 'my_cpp_py_pkg' build argument 'ament_cmake_args' from command line to 'None'
[0.476s] Level 5:colcon.colcon_core.verb:set package 'my_cpp_py_pkg' build argument 'catkin_cmake_args' from command line to 'None'
[0.476s] Level 5:colcon.colcon_core.verb:set package 'my_cpp_py_pkg' build argument 'catkin_skip_building_tests' from command line to 'False'
[0.476s] DEBUG:colcon.colcon_core.verb:Building package 'my_cpp_py_pkg' with the following arguments: {'ament_cmake_args': None, 'build_base': '/home/drone/Documents/GitHub/RosMigration_ws/build/my_cpp_py_pkg', 'catkin_cmake_args': None, 'catkin_skip_building_tests': False, 'cmake_args': None, 'cmake_clean_cache': False, 'cmake_clean_first': False, 'cmake_force_configure': False, 'cmake_target': None, 'cmake_target_skip_unavailable': False, 'install_base': '/home/drone/Documents/GitHub/RosMigration_ws/install/my_cpp_py_pkg', 'merge_install': False, 'path': '/home/drone/Documents/GitHub/RosMigration_ws/src/my_cpp_py_pkg', 'symlink_install': False, 'test_result_base': None}
[0.476s] Level 5:colcon.colcon_core.verb:set package 'my_robot_interfaces' build argument 'cmake_args' from command line to 'None'
[0.476s] Level 5:colcon.colcon_core.verb:set package 'my_robot_interfaces' build argument 'cmake_target' from command line to 'None'
[0.476s] Level 5:colcon.colcon_core.verb:set package 'my_robot_interfaces' build argument 'cmake_target_skip_unavailable' from command line to 'False'
[0.476s] Level 5:colcon.colcon_core.verb:set package 'my_robot_interfaces' build argument 'cmake_clean_cache' from command line to 'False'
[0.476s] Level 5:colcon.colcon_core.verb:set package 'my_robot_interfaces' build argument 'cmake_clean_first' from command line to 'False'
[0.477s] Level 5:colcon.colcon_core.verb:set package 'my_robot_interfaces' build argument 'cmake_force_configure' from command line to 'False'
[0.477s] Level 5:colcon.colcon_core.verb:set package 'my_robot_interfaces' build argument 'ament_cmake_args' from command line to 'None'
[0.477s] Level 5:colcon.colcon_core.verb:set package 'my_robot_interfaces' build argument 'catkin_cmake_args' from command line to 'None'
[0.477s] Level 5:colcon.colcon_core.verb:set package 'my_robot_interfaces' build argument 'catkin_skip_building_tests' from command line to 'False'
[0.477s] DEBUG:colcon.colcon_core.verb:Building package 'my_robot_interfaces' with the following arguments: {'ament_cmake_args': None, 'build_base': '/home/drone/Documents/GitHub/RosMigration_ws/build/my_robot_interfaces', 'catkin_cmake_args': None, 'catkin_skip_building_tests': False, 'cmake_args': None, 'cmake_clean_cache': False, 'cmake_clean_first': False, 'cmake_force_configure': False, 'cmake_target': None, 'cmake_target_skip_unavailable': False, 'install_base': '/home/drone/Documents/GitHub/RosMigration_ws/install/my_robot_interfaces', 'merge_install': False, 'path': '/home/drone/Documents/GitHub/RosMigration_ws/src/my_robot_interfaces', 'symlink_install': False, 'test_result_base': None}
[0.477s] INFO:colcon.colcon_core.executor:Executing jobs using 'parallel' executor
[0.478s] DEBUG:colcon.colcon_parallel_executor.executor.parallel:run_until_complete
[0.478s] INFO:colcon.colcon_ros.task.ament_cmake.build:Building ROS package in '/home/drone/Documents/GitHub/RosMigration_ws/src/my_cpp_py_pkg' with build type 'ament_cmake'
[0.478s] INFO:colcon.colcon_cmake.task.cmake.build:Building CMake package in '/home/drone/Documents/GitHub/RosMigration_ws/src/my_cpp_py_pkg'
[0.481s] INFO:colcon.colcon_core.plugin_system:Skipping extension 'colcon_core.shell.bat': Not used on non-Windows systems
[0.482s] INFO:colcon.colcon_core.shell:Skip shell extension 'powershell' for command environment: Not usable outside of PowerShell
[0.482s] DEBUG:colcon.colcon_core.shell:Skip shell extension 'dsv' for command environment
[0.486s] INFO:colcon.colcon_ros.task.ament_cmake.build:Building ROS package in '/home/drone/Documents/GitHub/RosMigration_ws/src/my_robot_interfaces' with build type 'ament_cmake'
[0.487s] INFO:colcon.colcon_cmake.task.cmake.build:Building CMake package in '/home/drone/Documents/GitHub/RosMigration_ws/src/my_robot_interfaces'
[0.487s] INFO:colcon.colcon_core.shell:Skip shell extension 'powershell' for command environment: Not usable outside of PowerShell
[0.487s] DEBUG:colcon.colcon_core.shell:Skip shell extension 'dsv' for command environment
[0.497s] DEBUG:colcon.colcon_core.event_handler.log_command:Invoking command in '/home/drone/Documents/GitHub/RosMigration_ws/build/my_cpp_py_pkg': CMAKE_PREFIX_PATH=${CMAKE_PREFIX_PATH}:/home/drone/Documents/GitHub/AAU_P4_MONITOR_DRONE/ros2_ws/install/my_robot_controller:/opt/ros/humble /usr/bin/cmake /home/drone/Documents/GitHub/RosMigration_ws/src/my_cpp_py_pkg -DCMAKE_INSTALL_PREFIX=/home/drone/Documents/GitHub/RosMigration_ws/install/my_cpp_py_pkg
[0.500s] DEBUG:colcon.colcon_core.event_handler.log_command:Invoking command in '/home/drone/Documents/GitHub/RosMigration_ws/build/my_robot_interfaces': CMAKE_PREFIX_PATH=${CMAKE_PREFIX_PATH}:/home/drone/Documents/GitHub/AAU_P4_MONITOR_DRONE/ros2_ws/install/my_robot_controller:/opt/ros/humble /usr/bin/cmake /home/drone/Documents/GitHub/RosMigration_ws/src/my_robot_interfaces -DCMAKE_INSTALL_PREFIX=/home/drone/Documents/GitHub/RosMigration_ws/install/my_robot_interfaces
[2.764s] DEBUG:colcon.colcon_core.event_handler.log_command:Invoked command in '/home/drone/Documents/GitHub/RosMigration_ws/build/my_cpp_py_pkg' returned '0': CMAKE_PREFIX_PATH=${CMAKE_PREFIX_PATH}:/home/drone/Documents/GitHub/AAU_P4_MONITOR_DRONE/ros2_ws/install/my_robot_controller:/opt/ros/humble /usr/bin/cmake /home/drone/Documents/GitHub/RosMigration_ws/src/my_cpp_py_pkg -DCMAKE_INSTALL_PREFIX=/home/drone/Documents/GitHub/RosMigration_ws/install/my_cpp_py_pkg
[2.767s] DEBUG:colcon.colcon_core.event_handler.log_command:Invoking command in '/home/drone/Documents/GitHub/RosMigration_ws/build/my_cpp_py_pkg': CMAKE_PREFIX_PATH=${CMAKE_PREFIX_PATH}:/home/drone/Documents/GitHub/AAU_P4_MONITOR_DRONE/ros2_ws/install/my_robot_controller:/opt/ros/humble /usr/bin/cmake --build /home/drone/Documents/GitHub/RosMigration_ws/build/my_cpp_py_pkg -- -j4 -l4
[2.845s] DEBUG:colcon.colcon_core.event_handler.log_command:Invoked command in '/home/drone/Documents/GitHub/RosMigration_ws/build/my_robot_interfaces' returned '0': CMAKE_PREFIX_PATH=${CMAKE_PREFIX_PATH}:/home/drone/Documents/GitHub/AAU_P4_MONITOR_DRONE/ros2_ws/install/my_robot_controller:/opt/ros/humble /usr/bin/cmake /home/drone/Documents/GitHub/RosMigration_ws/src/my_robot_interfaces -DCMAKE_INSTALL_PREFIX=/home/drone/Documents/GitHub/RosMigration_ws/install/my_robot_interfaces
[2.852s] DEBUG:colcon.colcon_core.event_handler.log_command:Invoking command in '/home/drone/Documents/GitHub/RosMigration_ws/build/my_robot_interfaces': CMAKE_PREFIX_PATH=${CMAKE_PREFIX_PATH}:/home/drone/Documents/GitHub/AAU_P4_MONITOR_DRONE/ros2_ws/install/my_robot_controller:/opt/ros/humble /usr/bin/cmake --build /home/drone/Documents/GitHub/RosMigration_ws/build/my_robot_interfaces -- -j4 -l4
[15.434s] DEBUG:colcon.colcon_core.event_handler.log_command:Invoked command in '/home/drone/Documents/GitHub/RosMigration_ws/build/my_robot_interfaces' returned '0': CMAKE_PREFIX_PATH=${CMAKE_PREFIX_PATH}:/home/drone/Documents/GitHub/AAU_P4_MONITOR_DRONE/ros2_ws/install/my_robot_controller:/opt/ros/humble /usr/bin/cmake --build /home/drone/Documents/GitHub/RosMigration_ws/build/my_robot_interfaces -- -j4 -l4
[16.119s] DEBUG:colcon.colcon_core.event_handler.log_command:Invoking command in '/home/drone/Documents/GitHub/RosMigration_ws/build/my_robot_interfaces': CMAKE_PREFIX_PATH=${CMAKE_PREFIX_PATH}:/home/drone/Documents/GitHub/AAU_P4_MONITOR_DRONE/ros2_ws/install/my_robot_controller:/opt/ros/humble /usr/bin/cmake --install /home/drone/Documents/GitHub/RosMigration_ws/build/my_robot_interfaces
[16.368s] Level 1:colcon.colcon_core.environment:create_environment_scripts_only(my_robot_interfaces)
[16.369s] DEBUG:colcon.colcon_core.event_handler.log_command:Invoked command in '/home/drone/Documents/GitHub/RosMigration_ws/build/my_robot_interfaces' returned '0': CMAKE_PREFIX_PATH=${CMAKE_PREFIX_PATH}:/home/drone/Documents/GitHub/AAU_P4_MONITOR_DRONE/ros2_ws/install/my_robot_controller:/opt/ros/humble /usr/bin/cmake --install /home/drone/Documents/GitHub/RosMigration_ws/build/my_robot_interfaces
[16.374s] Level 1:colcon.colcon_core.environment:checking '/home/drone/Documents/GitHub/RosMigration_ws/install/my_robot_interfaces' for CMake module files
[16.375s] Level 1:colcon.colcon_core.environment:checking '/home/drone/Documents/GitHub/RosMigration_ws/install/my_robot_interfaces' for CMake config files
[16.376s] Level 1:colcon.colcon_core.shell:create_environment_hook('my_robot_interfaces', 'cmake_prefix_path')
[16.377s] INFO:colcon.colcon_core.shell:Creating environment hook '/home/drone/Documents/GitHub/RosMigration_ws/install/my_robot_interfaces/share/my_robot_interfaces/hook/cmake_prefix_path.ps1'
[16.387s] INFO:colcon.colcon_core.shell:Creating environment descriptor '/home/drone/Documents/GitHub/RosMigration_ws/install/my_robot_interfaces/share/my_robot_interfaces/hook/cmake_prefix_path.dsv'
[16.389s] INFO:colcon.colcon_core.shell:Creating environment hook '/home/drone/Documents/GitHub/RosMigration_ws/install/my_robot_interfaces/share/my_robot_interfaces/hook/cmake_prefix_path.sh'
[16.394s] Level 1:colcon.colcon_core.environment:checking '/home/drone/Documents/GitHub/RosMigration_ws/install/my_robot_interfaces/lib'
[16.395s] Level 1:colcon.colcon_core.shell:create_environment_hook('my_robot_interfaces', 'ld_library_path_lib')
[16.396s] INFO:colcon.colcon_core.shell:Creating environment hook '/home/drone/Documents/GitHub/RosMigration_ws/install/my_robot_interfaces/share/my_robot_interfaces/hook/ld_library_path_lib.ps1'
[16.396s] INFO:colcon.colcon_core.shell:Creating environment descriptor '/home/drone/Documents/GitHub/RosMigration_ws/install/my_robot_interfaces/share/my_robot_interfaces/hook/ld_library_path_lib.dsv'
[16.397s] INFO:colcon.colcon_core.shell:Creating environment hook '/home/drone/Documents/GitHub/RosMigration_ws/install/my_robot_interfaces/share/my_robot_interfaces/hook/ld_library_path_lib.sh'
[16.399s] Level 1:colcon.colcon_core.environment:checking '/home/drone/Documents/GitHub/RosMigration_ws/install/my_robot_interfaces/bin'
[16.400s] Level 1:colcon.colcon_core.environment:checking '/home/drone/Documents/GitHub/RosMigration_ws/install/my_robot_interfaces/lib/pkgconfig/my_robot_interfaces.pc'
[16.400s] Level 1:colcon.colcon_core.environment:checking '/home/drone/Documents/GitHub/RosMigration_ws/install/my_robot_interfaces/lib/python3.10/site-packages'
[16.400s] Level 1:colcon.colcon_core.environment:checking '/home/drone/Documents/GitHub/RosMigration_ws/install/my_robot_interfaces/bin'
[16.401s] INFO:colcon.colcon_core.shell:Creating package script '/home/drone/Documents/GitHub/RosMigration_ws/install/my_robot_interfaces/share/my_robot_interfaces/package.ps1'
[16.403s] INFO:colcon.colcon_core.shell:Creating package descriptor '/home/drone/Documents/GitHub/RosMigration_ws/install/my_robot_interfaces/share/my_robot_interfaces/package.dsv'
[16.405s] INFO:colcon.colcon_core.shell:Creating package script '/home/drone/Documents/GitHub/RosMigration_ws/install/my_robot_interfaces/share/my_robot_interfaces/package.sh'
[16.406s] INFO:colcon.colcon_core.shell:Creating package script '/home/drone/Documents/GitHub/RosMigration_ws/install/my_robot_interfaces/share/my_robot_interfaces/package.bash'
[16.408s] INFO:colcon.colcon_core.shell:Creating package script '/home/drone/Documents/GitHub/RosMigration_ws/install/my_robot_interfaces/share/my_robot_interfaces/package.zsh'
[16.409s] Level 1:colcon.colcon_core.environment:create_file_with_runtime_dependencies(/home/drone/Documents/GitHub/RosMigration_ws/install/my_robot_interfaces/share/colcon-core/packages/my_robot_interfaces)
[16.915s] Level 1:colcon.colcon_core.environment:create_environment_scripts_only(my_robot_interfaces)
[16.915s] Level 1:colcon.colcon_core.environment:checking '/home/drone/Documents/GitHub/RosMigration_ws/install/my_robot_interfaces' for CMake module files
[16.917s] Level 1:colcon.colcon_core.environment:checking '/home/drone/Documents/GitHub/RosMigration_ws/install/my_robot_interfaces' for CMake config files
[16.918s] Level 1:colcon.colcon_core.shell:create_environment_hook('my_robot_interfaces', 'cmake_prefix_path')
[16.918s] INFO:colcon.colcon_core.shell:Creating environment hook '/home/drone/Documents/GitHub/RosMigration_ws/install/my_robot_interfaces/share/my_robot_interfaces/hook/cmake_prefix_path.ps1'
[16.920s] INFO:colcon.colcon_core.shell:Creating environment descriptor '/home/drone/Documents/GitHub/RosMigration_ws/install/my_robot_interfaces/share/my_robot_interfaces/hook/cmake_prefix_path.dsv'
[16.921s] INFO:colcon.colcon_core.shell:Creating environment hook '/home/drone/Documents/GitHub/RosMigration_ws/install/my_robot_interfaces/share/my_robot_interfaces/hook/cmake_prefix_path.sh'
[16.923s] Level 1:colcon.colcon_core.environment:checking '/home/drone/Documents/GitHub/RosMigration_ws/install/my_robot_interfaces/lib'
[16.923s] Level 1:colcon.colcon_core.shell:create_environment_hook('my_robot_interfaces', 'ld_library_path_lib')
[16.924s] INFO:colcon.colcon_core.shell:Creating environment hook '/home/drone/Documents/GitHub/RosMigration_ws/install/my_robot_interfaces/share/my_robot_interfaces/hook/ld_library_path_lib.ps1'
[16.925s] INFO:colcon.colcon_core.shell:Creating environment descriptor '/home/drone/Documents/GitHub/RosMigration_ws/install/my_robot_interfaces/share/my_robot_interfaces/hook/ld_library_path_lib.dsv'
[16.927s] INFO:colcon.colcon_core.shell:Creating environment hook '/home/drone/Documents/GitHub/RosMigration_ws/install/my_robot_interfaces/share/my_robot_interfaces/hook/ld_library_path_lib.sh'
[16.928s] Level 1:colcon.colcon_core.environment:checking '/home/drone/Documents/GitHub/RosMigration_ws/install/my_robot_interfaces/bin'
[16.928s] Level 1:colcon.colcon_core.environment:checking '/home/drone/Documents/GitHub/RosMigration_ws/install/my_robot_interfaces/lib/pkgconfig/my_robot_interfaces.pc'
[16.929s] Level 1:colcon.colcon_core.environment:checking '/home/drone/Documents/GitHub/RosMigration_ws/install/my_robot_interfaces/lib/python3.10/site-packages'
[16.929s] Level 1:colcon.colcon_core.environment:checking '/home/drone/Documents/GitHub/RosMigration_ws/install/my_robot_interfaces/bin'
[16.930s] INFO:colcon.colcon_core.shell:Creating package script '/home/drone/Documents/GitHub/RosMigration_ws/install/my_robot_interfaces/share/my_robot_interfaces/package.ps1'
[16.931s] INFO:colcon.colcon_core.shell:Creating package descriptor '/home/drone/Documents/GitHub/RosMigration_ws/install/my_robot_interfaces/share/my_robot_interfaces/package.dsv'
[16.933s] INFO:colcon.colcon_core.shell:Creating package script '/home/drone/Documents/GitHub/RosMigration_ws/install/my_robot_interfaces/share/my_robot_interfaces/package.sh'
[16.934s] INFO:colcon.colcon_core.shell:Creating package script '/home/drone/Documents/GitHub/RosMigration_ws/install/my_robot_interfaces/share/my_robot_interfaces/package.bash'
[16.935s] INFO:colcon.colcon_core.shell:Creating package script '/home/drone/Documents/GitHub/RosMigration_ws/install/my_robot_interfaces/share/my_robot_interfaces/package.zsh'
[16.936s] Level 1:colcon.colcon_core.environment:create_file_with_runtime_dependencies(/home/drone/Documents/GitHub/RosMigration_ws/install/my_robot_interfaces/share/colcon-core/packages/my_robot_interfaces)
[17.603s] DEBUG:colcon.colcon_core.event_handler.log_command:Invoked command in '/home/drone/Documents/GitHub/RosMigration_ws/build/my_cpp_py_pkg' returned '0': CMAKE_PREFIX_PATH=${CMAKE_PREFIX_PATH}:/home/drone/Documents/GitHub/AAU_P4_MONITOR_DRONE/ros2_ws/install/my_robot_controller:/opt/ros/humble /usr/bin/cmake --build /home/drone/Documents/GitHub/RosMigration_ws/build/my_cpp_py_pkg -- -j4 -l4
[17.656s] DEBUG:colcon.colcon_core.event_handler.log_command:Invoking command in '/home/drone/Documents/GitHub/RosMigration_ws/build/my_cpp_py_pkg': CMAKE_PREFIX_PATH=${CMAKE_PREFIX_PATH}:/home/drone/Documents/GitHub/AAU_P4_MONITOR_DRONE/ros2_ws/install/my_robot_controller:/opt/ros/humble /usr/bin/cmake --install /home/drone/Documents/GitHub/RosMigration_ws/build/my_cpp_py_pkg
[17.744s] Level 1:colcon.colcon_core.environment:create_environment_scripts_only(my_cpp_py_pkg)
[17.745s] Level 1:colcon.colcon_core.environment:checking '/home/drone/Documents/GitHub/RosMigration_ws/install/my_cpp_py_pkg' for CMake module files
[17.745s] DEBUG:colcon.colcon_core.event_handler.log_command:Invoked command in '/home/drone/Documents/GitHub/RosMigration_ws/build/my_cpp_py_pkg' returned '0': CMAKE_PREFIX_PATH=${CMAKE_PREFIX_PATH}:/home/drone/Documents/GitHub/AAU_P4_MONITOR_DRONE/ros2_ws/install/my_robot_controller:/opt/ros/humble /usr/bin/cmake --install /home/drone/Documents/GitHub/RosMigration_ws/build/my_cpp_py_pkg
[17.746s] Level 1:colcon.colcon_core.environment:checking '/home/drone/Documents/GitHub/RosMigration_ws/install/my_cpp_py_pkg' for CMake config files
[17.747s] Level 1:colcon.colcon_core.shell:create_environment_hook('my_cpp_py_pkg', 'cmake_prefix_path')
[17.747s] INFO:colcon.colcon_core.shell:Creating environment hook '/home/drone/Documents/GitHub/RosMigration_ws/install/my_cpp_py_pkg/share/my_cpp_py_pkg/hook/cmake_prefix_path.ps1'
[17.748s] INFO:colcon.colcon_core.shell:Creating environment descriptor '/home/drone/Documents/GitHub/RosMigration_ws/install/my_cpp_py_pkg/share/my_cpp_py_pkg/hook/cmake_prefix_path.dsv'
[17.748s] INFO:colcon.colcon_core.shell:Creating environment hook '/home/drone/Documents/GitHub/RosMigration_ws/install/my_cpp_py_pkg/share/my_cpp_py_pkg/hook/cmake_prefix_path.sh'
[17.749s] Level 1:colcon.colcon_core.environment:checking '/home/drone/Documents/GitHub/RosMigration_ws/install/my_cpp_py_pkg/lib'
[17.749s] Level 1:colcon.colcon_core.environment:checking '/home/drone/Documents/GitHub/RosMigration_ws/install/my_cpp_py_pkg/bin'
[17.750s] Level 1:colcon.colcon_core.environment:checking '/home/drone/Documents/GitHub/RosMigration_ws/install/my_cpp_py_pkg/lib/pkgconfig/my_cpp_py_pkg.pc'
[17.750s] Level 1:colcon.colcon_core.environment:checking '/home/drone/Documents/GitHub/RosMigration_ws/install/my_cpp_py_pkg/lib/python3.10/site-packages'
[17.750s] Level 1:colcon.colcon_core.environment:checking '/home/drone/Documents/GitHub/RosMigration_ws/install/my_cpp_py_pkg/bin'
[17.751s] INFO:colcon.colcon_core.shell:Creating package script '/home/drone/Documents/GitHub/RosMigration_ws/install/my_cpp_py_pkg/share/my_cpp_py_pkg/package.ps1'
[17.752s] INFO:colcon.colcon_core.shell:Creating package descriptor '/home/drone/Documents/GitHub/RosMigration_ws/install/my_cpp_py_pkg/share/my_cpp_py_pkg/package.dsv'
[17.752s] INFO:colcon.colcon_core.shell:Creating package script '/home/drone/Documents/GitHub/RosMigration_ws/install/my_cpp_py_pkg/share/my_cpp_py_pkg/package.sh'
[17.754s] INFO:colcon.colcon_core.shell:Creating package script '/home/drone/Documents/GitHub/RosMigration_ws/install/my_cpp_py_pkg/share/my_cpp_py_pkg/package.bash'
[17.754s] INFO:colcon.colcon_core.shell:Creating package script '/home/drone/Documents/GitHub/RosMigration_ws/install/my_cpp_py_pkg/share/my_cpp_py_pkg/package.zsh'
[17.755s] Level 1:colcon.colcon_core.environment:create_file_with_runtime_dependencies(/home/drone/Documents/GitHub/RosMigration_ws/install/my_cpp_py_pkg/share/colcon-core/packages/my_cpp_py_pkg)
[17.822s] Level 1:colcon.colcon_core.environment:create_environment_scripts_only(my_cpp_py_pkg)
[17.823s] Level 1:colcon.colcon_core.environment:checking '/home/drone/Documents/GitHub/RosMigration_ws/install/my_cpp_py_pkg' for CMake module files
[17.824s] Level 1:colcon.colcon_core.environment:checking '/home/drone/Documents/GitHub/RosMigration_ws/install/my_cpp_py_pkg' for CMake config files
[17.825s] Level 1:colcon.colcon_core.shell:create_environment_hook('my_cpp_py_pkg', 'cmake_prefix_path')
[17.825s] INFO:colcon.colcon_core.shell:Creating environment hook '/home/drone/Documents/GitHub/RosMigration_ws/install/my_cpp_py_pkg/share/my_cpp_py_pkg/hook/cmake_prefix_path.ps1'
[17.826s] INFO:colcon.colcon_core.shell:Creating environment descriptor '/home/drone/Documents/GitHub/RosMigration_ws/install/my_cpp_py_pkg/share/my_cpp_py_pkg/hook/cmake_prefix_path.dsv'
[17.826s] INFO:colcon.colcon_core.shell:Creating environment hook '/home/drone/Documents/GitHub/RosMigration_ws/install/my_cpp_py_pkg/share/my_cpp_py_pkg/hook/cmake_prefix_path.sh'
[17.827s] Level 1:colcon.colcon_core.environment:checking '/home/drone/Documents/GitHub/RosMigration_ws/install/my_cpp_py_pkg/lib'
[17.827s] Level 1:colcon.colcon_core.environment:checking '/home/drone/Documents/GitHub/RosMigration_ws/install/my_cpp_py_pkg/bin'
[17.827s] Level 1:colcon.colcon_core.environment:checking '/home/drone/Documents/GitHub/RosMigration_ws/install/my_cpp_py_pkg/lib/pkgconfig/my_cpp_py_pkg.pc'
[17.828s] Level 1:colcon.colcon_core.environment:checking '/home/drone/Documents/GitHub/RosMigration_ws/install/my_cpp_py_pkg/lib/python3.10/site-packages'
[17.828s] Level 1:colcon.colcon_core.environment:checking '/home/drone/Documents/GitHub/RosMigration_ws/install/my_cpp_py_pkg/bin'
[17.828s] INFO:colcon.colcon_core.shell:Creating package script '/home/drone/Documents/GitHub/RosMigration_ws/install/my_cpp_py_pkg/share/my_cpp_py_pkg/package.ps1'
[17.829s] INFO:colcon.colcon_core.shell:Creating package descriptor '/home/drone/Documents/GitHub/RosMigration_ws/install/my_cpp_py_pkg/share/my_cpp_py_pkg/package.dsv'
[17.830s] INFO:colcon.colcon_core.shell:Creating package script '/home/drone/Documents/GitHub/RosMigration_ws/install/my_cpp_py_pkg/share/my_cpp_py_pkg/package.sh'
[17.830s] INFO:colcon.colcon_core.shell:Creating package script '/home/drone/Documents/GitHub/RosMigration_ws/install/my_cpp_py_pkg/share/my_cpp_py_pkg/package.bash'
[17.831s] INFO:colcon.colcon_core.shell:Creating package script '/home/drone/Documents/GitHub/RosMigration_ws/install/my_cpp_py_pkg/share/my_cpp_py_pkg/package.zsh'
[17.832s] Level 1:colcon.colcon_core.environment:create_file_with_runtime_dependencies(/home/drone/Documents/GitHub/RosMigration_ws/install/my_cpp_py_pkg/share/colcon-core/packages/my_cpp_py_pkg)
[17.833s] DEBUG:colcon.colcon_parallel_executor.executor.parallel:closing loop
[17.833s] DEBUG:colcon.colcon_parallel_executor.executor.parallel:loop closed
[17.833s] DEBUG:colcon.colcon_parallel_executor.executor.parallel:run_until_complete finished with '0'
[17.833s] DEBUG:colcon.colcon_core.event_reactor:joining thread
[17.843s] INFO:colcon.colcon_core.plugin_system:Skipping extension 'colcon_notification.desktop_notification.terminal_notifier': Not used on non-Darwin systems
[17.843s] INFO:colcon.colcon_core.plugin_system:Skipping extension 'colcon_notification.desktop_notification.win32': Not used on non-Windows systems
[17.844s] INFO:colcon.colcon_notification.desktop_notification:Sending desktop notification using 'notify2'
[17.861s] DEBUG:colcon.colcon_core.event_reactor:joined thread
[17.862s] INFO:colcon.colcon_core.shell:Creating prefix script '/home/drone/Documents/GitHub/RosMigration_ws/install/local_setup.ps1'
[17.863s] INFO:colcon.colcon_core.shell:Creating prefix util module '/home/drone/Documents/GitHub/RosMigration_ws/install/_local_setup_util_ps1.py'
[17.865s] INFO:colcon.colcon_core.shell:Creating prefix chain script '/home/drone/Documents/GitHub/RosMigration_ws/install/setup.ps1'
[17.867s] INFO:colcon.colcon_core.shell:Creating prefix script '/home/drone/Documents/GitHub/RosMigration_ws/install/local_setup.sh'
[17.868s] INFO:colcon.colcon_core.shell:Creating prefix util module '/home/drone/Documents/GitHub/RosMigration_ws/install/_local_setup_util_sh.py'
[17.869s] INFO:colcon.colcon_core.shell:Creating prefix chain script '/home/drone/Documents/GitHub/RosMigration_ws/install/setup.sh'
[17.872s] INFO:colcon.colcon_core.shell:Creating prefix script '/home/drone/Documents/GitHub/RosMigration_ws/install/local_setup.bash'
[17.873s] INFO:colcon.colcon_core.shell:Creating prefix chain script '/home/drone/Documents/GitHub/RosMigration_ws/install/setup.bash'
[17.875s] INFO:colcon.colcon_core.shell:Creating prefix script '/home/drone/Documents/GitHub/RosMigration_ws/install/local_setup.zsh'
[17.876s] INFO:colcon.colcon_core.shell:Creating prefix chain script '/home/drone/Documents/GitHub/RosMigration_ws/install/setup.zsh'
