[0.017s] Invoking command in '/home/drone/Documents/GitHub/RosMigration_ws/build/my_robot_interfaces': CMAKE_PREFIX_PATH=${CMAKE_PREFIX_PATH}:/home/drone/Documents/GitHub/AAU_P4_MONITOR_DRONE/ros2_ws/install/my_robot_controller:/opt/ros/humble /usr/bin/cmake --build /home/drone/Documents/GitHub/RosMigration_ws/build/my_robot_interfaces -- -j4 -l4
[0.104s] [  2%] Built target my_robot_interfaces__cpp
[0.129s] [ 12%] Built target my_robot_interfaces__rosidl_generator_c
[0.145s] [ 12%] Built target ament_cmake_python_copy_my_robot_interfaces
[0.216s] [ 23%] Built target my_robot_interfaces__rosidl_typesupport_cpp
[0.236s] [ 33%] Built target my_robot_interfaces__rosidl_typesupport_introspection_cpp
[0.244s] [ 43%] Built target my_robot_interfaces__rosidl_typesupport_fastrtps_cpp
[0.272s] [ 53%] Built target my_robot_interfaces__rosidl_typesupport_fastrtps_c
[0.305s] [ 64%] Built target my_robot_interfaces__rosidl_typesupport_introspection_c
[0.327s] [ 74%] Built target my_robot_interfaces__rosidl_typesupport_c
[0.382s] [ 74%] Built target my_robot_interfaces
[0.483s] [ 76%] Built target my_robot_interfaces__py
[0.592s] [ 84%] Built target my_robot_interfaces__rosidl_generator_py
[0.656s] [ 89%] Built target my_robot_interfaces__rosidl_typesupport_fastrtps_c__pyext
[0.669s] [ 94%] Built target my_robot_interfaces__rosidl_typesupport_introspection_c__pyext
[0.673s] [100%] Built target my_robot_interfaces__rosidl_typesupport_c__pyext
[0.819s] running egg_info
[0.820s] writing my_robot_interfaces.egg-info/PKG-INFO
[0.821s] writing dependency_links to my_robot_interfaces.egg-info/dependency_links.txt
[0.822s] writing top-level names to my_robot_interfaces.egg-info/top_level.txt
[0.825s] reading manifest file 'my_robot_interfaces.egg-info/SOURCES.txt'
[0.827s] writing manifest file 'my_robot_interfaces.egg-info/SOURCES.txt'
[0.880s] [100%] Built target ament_cmake_python_build_my_robot_interfaces_egg
[0.900s] Invoked command in '/home/drone/Documents/GitHub/RosMigration_ws/build/my_robot_interfaces' returned '0': CMAKE_PREFIX_PATH=${CMAKE_PREFIX_PATH}:/home/drone/Documents/GitHub/AAU_P4_MONITOR_DRONE/ros2_ws/install/my_robot_controller:/opt/ros/humble /usr/bin/cmake --build /home/drone/Documents/GitHub/RosMigration_ws/build/my_robot_interfaces -- -j4 -l4
[1.060s] Invoking command in '/home/drone/Documents/GitHub/RosMigration_ws/build/my_robot_interfaces': CMAKE_PREFIX_PATH=${CMAKE_PREFIX_PATH}:/home/drone/Documents/GitHub/AAU_P4_MONITOR_DRONE/ros2_ws/install/my_robot_controller:/opt/ros/humble /usr/bin/cmake --install /home/drone/Documents/GitHub/RosMigration_ws/build/my_robot_interfaces
[1.069s] -- Install configuration: ""
[1.070s] -- Up-to-date: /home/drone/Documents/GitHub/RosMigration_ws/install/my_robot_interfaces/share/ament_index/resource_index/rosidl_interfaces/my_robot_interfaces
[1.070s] -- Up-to-date: /home/drone/Documents/GitHub/RosMigration_ws/install/my_robot_interfaces/include/my_robot_interfaces/my_robot_interfaces
[1.070s] -- Up-to-date: /home/drone/Documents/GitHub/RosMigration_ws/install/my_robot_interfaces/include/my_robot_interfaces/my_robot_interfaces/srv
[1.070s] -- Up-to-date: /home/drone/Documents/GitHub/RosMigration_ws/install/my_robot_interfaces/include/my_robot_interfaces/my_robot_interfaces/srv/stop_publish_path.h
[1.070s] -- Up-to-date: /home/drone/Documents/GitHub/RosMigration_ws/install/my_robot_interfaces/include/my_robot_interfaces/my_robot_interfaces/srv/detail
[1.071s] -- Up-to-date: /home/drone/Documents/GitHub/RosMigration_ws/install/my_robot_interfaces/include/my_robot_interfaces/my_robot_interfaces/srv/detail/stop_publish_path__struct.h
[1.071s] -- Up-to-date: /home/drone/Documents/GitHub/RosMigration_ws/install/my_robot_interfaces/include/my_robot_interfaces/my_robot_interfaces/srv/detail/stop_publish_path__functions.h
[1.072s] -- Up-to-date: /home/drone/Documents/GitHub/RosMigration_ws/install/my_robot_interfaces/include/my_robot_interfaces/my_robot_interfaces/srv/detail/stop_publish_path__functions.c
[1.072s] -- Up-to-date: /home/drone/Documents/GitHub/RosMigration_ws/install/my_robot_interfaces/include/my_robot_interfaces/my_robot_interfaces/srv/detail/stop_publish_path__type_support.h
[1.072s] -- Up-to-date: /home/drone/Documents/GitHub/RosMigration_ws/install/my_robot_interfaces/include/my_robot_interfaces/my_robot_interfaces/msg
[1.072s] -- Up-to-date: /home/drone/Documents/GitHub/RosMigration_ws/install/my_robot_interfaces/include/my_robot_interfaces/my_robot_interfaces/msg/detail
[1.073s] -- Up-to-date: /home/drone/Documents/GitHub/RosMigration_ws/install/my_robot_interfaces/include/my_robot_interfaces/my_robot_interfaces/msg/detail/path_planner_points__type_support.h
[1.073s] -- Up-to-date: /home/drone/Documents/GitHub/RosMigration_ws/install/my_robot_interfaces/include/my_robot_interfaces/my_robot_interfaces/msg/detail/path_planner_points__functions.c
[1.073s] -- Up-to-date: /home/drone/Documents/GitHub/RosMigration_ws/install/my_robot_interfaces/include/my_robot_interfaces/my_robot_interfaces/msg/detail/path_planner_points__functions.h
[1.073s] -- Up-to-date: /home/drone/Documents/GitHub/RosMigration_ws/install/my_robot_interfaces/include/my_robot_interfaces/my_robot_interfaces/msg/detail/path_planner_points__struct.h
[1.073s] -- Up-to-date: /home/drone/Documents/GitHub/RosMigration_ws/install/my_robot_interfaces/include/my_robot_interfaces/my_robot_interfaces/msg/rosidl_generator_c__visibility_control.h
[1.074s] -- Up-to-date: /home/drone/Documents/GitHub/RosMigration_ws/install/my_robot_interfaces/include/my_robot_interfaces/my_robot_interfaces/msg/path_planner_points.h
[1.074s] -- Up-to-date: /home/drone/Documents/GitHub/RosMigration_ws/install/my_robot_interfaces/share/my_robot_interfaces/environment/library_path.sh
[1.074s] -- Up-to-date: /home/drone/Documents/GitHub/RosMigration_ws/install/my_robot_interfaces/share/my_robot_interfaces/environment/library_path.dsv
[1.074s] -- Up-to-date: /home/drone/Documents/GitHub/RosMigration_ws/install/my_robot_interfaces/lib/libmy_robot_interfaces__rosidl_generator_c.so
[1.074s] -- Up-to-date: /home/drone/Documents/GitHub/RosMigration_ws/install/my_robot_interfaces/include/my_robot_interfaces/my_robot_interfaces
[1.074s] -- Up-to-date: /home/drone/Documents/GitHub/RosMigration_ws/install/my_robot_interfaces/include/my_robot_interfaces/my_robot_interfaces/srv
[1.075s] -- Up-to-date: /home/drone/Documents/GitHub/RosMigration_ws/install/my_robot_interfaces/include/my_robot_interfaces/my_robot_interfaces/srv/detail
[1.075s] -- Up-to-date: /home/drone/Documents/GitHub/RosMigration_ws/install/my_robot_interfaces/include/my_robot_interfaces/my_robot_interfaces/srv/detail/stop_publish_path__rosidl_typesupport_fastrtps_c.h
[1.075s] -- Up-to-date: /home/drone/Documents/GitHub/RosMigration_ws/install/my_robot_interfaces/include/my_robot_interfaces/my_robot_interfaces/msg
[1.075s] -- Up-to-date: /home/drone/Documents/GitHub/RosMigration_ws/install/my_robot_interfaces/include/my_robot_interfaces/my_robot_interfaces/msg/detail
[1.075s] -- Up-to-date: /home/drone/Documents/GitHub/RosMigration_ws/install/my_robot_interfaces/include/my_robot_interfaces/my_robot_interfaces/msg/detail/path_planner_points__rosidl_typesupport_fastrtps_c.h
[1.075s] -- Up-to-date: /home/drone/Documents/GitHub/RosMigration_ws/install/my_robot_interfaces/include/my_robot_interfaces/my_robot_interfaces/msg/rosidl_typesupport_fastrtps_c__visibility_control.h
[1.076s] -- Up-to-date: /home/drone/Documents/GitHub/RosMigration_ws/install/my_robot_interfaces/lib/libmy_robot_interfaces__rosidl_typesupport_fastrtps_c.so
[1.076s] -- Up-to-date: /home/drone/Documents/GitHub/RosMigration_ws/install/my_robot_interfaces/include/my_robot_interfaces/my_robot_interfaces
[1.076s] -- Up-to-date: /home/drone/Documents/GitHub/RosMigration_ws/install/my_robot_interfaces/include/my_robot_interfaces/my_robot_interfaces/srv
[1.076s] -- Up-to-date: /home/drone/Documents/GitHub/RosMigration_ws/install/my_robot_interfaces/include/my_robot_interfaces/my_robot_interfaces/srv/detail
[1.077s] -- Up-to-date: /home/drone/Documents/GitHub/RosMigration_ws/install/my_robot_interfaces/include/my_robot_interfaces/my_robot_interfaces/srv/detail/stop_publish_path__type_support.c
[1.077s] -- Up-to-date: /home/drone/Documents/GitHub/RosMigration_ws/install/my_robot_interfaces/include/my_robot_interfaces/my_robot_interfaces/srv/detail/stop_publish_path__rosidl_typesupport_introspection_c.h
[1.077s] -- Up-to-date: /home/drone/Documents/GitHub/RosMigration_ws/install/my_robot_interfaces/include/my_robot_interfaces/my_robot_interfaces/msg
[1.077s] -- Up-to-date: /home/drone/Documents/GitHub/RosMigration_ws/install/my_robot_interfaces/include/my_robot_interfaces/my_robot_interfaces/msg/rosidl_typesupport_introspection_c__visibility_control.h
[1.077s] -- Up-to-date: /home/drone/Documents/GitHub/RosMigration_ws/install/my_robot_interfaces/include/my_robot_interfaces/my_robot_interfaces/msg/detail
[1.077s] -- Up-to-date: /home/drone/Documents/GitHub/RosMigration_ws/install/my_robot_interfaces/include/my_robot_interfaces/my_robot_interfaces/msg/detail/path_planner_points__rosidl_typesupport_introspection_c.h
[1.077s] -- Up-to-date: /home/drone/Documents/GitHub/RosMigration_ws/install/my_robot_interfaces/include/my_robot_interfaces/my_robot_interfaces/msg/detail/path_planner_points__type_support.c
[1.078s] -- Up-to-date: /home/drone/Documents/GitHub/RosMigration_ws/install/my_robot_interfaces/lib/libmy_robot_interfaces__rosidl_typesupport_introspection_c.so
[1.078s] -- Up-to-date: /home/drone/Documents/GitHub/RosMigration_ws/install/my_robot_interfaces/lib/libmy_robot_interfaces__rosidl_typesupport_c.so
[1.078s] -- Up-to-date: /home/drone/Documents/GitHub/RosMigration_ws/install/my_robot_interfaces/include/my_robot_interfaces/my_robot_interfaces
[1.078s] -- Up-to-date: /home/drone/Documents/GitHub/RosMigration_ws/install/my_robot_interfaces/include/my_robot_interfaces/my_robot_interfaces/srv
[1.079s] -- Up-to-date: /home/drone/Documents/GitHub/RosMigration_ws/install/my_robot_interfaces/include/my_robot_interfaces/my_robot_interfaces/srv/stop_publish_path.hpp
[1.079s] -- Up-to-date: /home/drone/Documents/GitHub/RosMigration_ws/install/my_robot_interfaces/include/my_robot_interfaces/my_robot_interfaces/srv/detail
[1.079s] -- Up-to-date: /home/drone/Documents/GitHub/RosMigration_ws/install/my_robot_interfaces/include/my_robot_interfaces/my_robot_interfaces/srv/detail/stop_publish_path__traits.hpp
[1.079s] -- Up-to-date: /home/drone/Documents/GitHub/RosMigration_ws/install/my_robot_interfaces/include/my_robot_interfaces/my_robot_interfaces/srv/detail/stop_publish_path__builder.hpp
[1.079s] -- Up-to-date: /home/drone/Documents/GitHub/RosMigration_ws/install/my_robot_interfaces/include/my_robot_interfaces/my_robot_interfaces/srv/detail/stop_publish_path__struct.hpp
[1.079s] -- Up-to-date: /home/drone/Documents/GitHub/RosMigration_ws/install/my_robot_interfaces/include/my_robot_interfaces/my_robot_interfaces/msg
[1.080s] -- Up-to-date: /home/drone/Documents/GitHub/RosMigration_ws/install/my_robot_interfaces/include/my_robot_interfaces/my_robot_interfaces/msg/detail
[1.080s] -- Up-to-date: /home/drone/Documents/GitHub/RosMigration_ws/install/my_robot_interfaces/include/my_robot_interfaces/my_robot_interfaces/msg/detail/path_planner_points__struct.hpp
[1.080s] -- Up-to-date: /home/drone/Documents/GitHub/RosMigration_ws/install/my_robot_interfaces/include/my_robot_interfaces/my_robot_interfaces/msg/detail/path_planner_points__builder.hpp
[1.080s] -- Up-to-date: /home/drone/Documents/GitHub/RosMigration_ws/install/my_robot_interfaces/include/my_robot_interfaces/my_robot_interfaces/msg/detail/path_planner_points__traits.hpp
[1.080s] -- Up-to-date: /home/drone/Documents/GitHub/RosMigration_ws/install/my_robot_interfaces/include/my_robot_interfaces/my_robot_interfaces/msg/path_planner_points.hpp
[1.080s] -- Up-to-date: /home/drone/Documents/GitHub/RosMigration_ws/install/my_robot_interfaces/include/my_robot_interfaces/my_robot_interfaces
[1.081s] -- Up-to-date: /home/drone/Documents/GitHub/RosMigration_ws/install/my_robot_interfaces/include/my_robot_interfaces/my_robot_interfaces/srv
[1.081s] -- Up-to-date: /home/drone/Documents/GitHub/RosMigration_ws/install/my_robot_interfaces/include/my_robot_interfaces/my_robot_interfaces/srv/detail
[1.081s] -- Up-to-date: /home/drone/Documents/GitHub/RosMigration_ws/install/my_robot_interfaces/include/my_robot_interfaces/my_robot_interfaces/srv/detail/stop_publish_path__rosidl_typesupport_fastrtps_cpp.hpp
[1.081s] -- Up-to-date: /home/drone/Documents/GitHub/RosMigration_ws/install/my_robot_interfaces/include/my_robot_interfaces/my_robot_interfaces/srv/detail/dds_fastrtps
[1.081s] -- Up-to-date: /home/drone/Documents/GitHub/RosMigration_ws/install/my_robot_interfaces/include/my_robot_interfaces/my_robot_interfaces/msg
[1.081s] -- Up-to-date: /home/drone/Documents/GitHub/RosMigration_ws/install/my_robot_interfaces/include/my_robot_interfaces/my_robot_interfaces/msg/detail
[1.082s] -- Up-to-date: /home/drone/Documents/GitHub/RosMigration_ws/install/my_robot_interfaces/include/my_robot_interfaces/my_robot_interfaces/msg/detail/path_planner_points__rosidl_typesupport_fastrtps_cpp.hpp
[1.082s] -- Up-to-date: /home/drone/Documents/GitHub/RosMigration_ws/install/my_robot_interfaces/include/my_robot_interfaces/my_robot_interfaces/msg/detail/dds_fastrtps
[1.082s] -- Up-to-date: /home/drone/Documents/GitHub/RosMigration_ws/install/my_robot_interfaces/include/my_robot_interfaces/my_robot_interfaces/msg/rosidl_typesupport_fastrtps_cpp__visibility_control.h
[1.082s] -- Up-to-date: /home/drone/Documents/GitHub/RosMigration_ws/install/my_robot_interfaces/lib/libmy_robot_interfaces__rosidl_typesupport_fastrtps_cpp.so
[1.082s] -- Up-to-date: /home/drone/Documents/GitHub/RosMigration_ws/install/my_robot_interfaces/include/my_robot_interfaces/my_robot_interfaces
[1.083s] -- Up-to-date: /home/drone/Documents/GitHub/RosMigration_ws/install/my_robot_interfaces/include/my_robot_interfaces/my_robot_interfaces/srv
[1.083s] -- Up-to-date: /home/drone/Documents/GitHub/RosMigration_ws/install/my_robot_interfaces/include/my_robot_interfaces/my_robot_interfaces/srv/detail
[1.083s] -- Up-to-date: /home/drone/Documents/GitHub/RosMigration_ws/install/my_robot_interfaces/include/my_robot_interfaces/my_robot_interfaces/srv/detail/stop_publish_path__type_support.cpp
[1.084s] -- Up-to-date: /home/drone/Documents/GitHub/RosMigration_ws/install/my_robot_interfaces/include/my_robot_interfaces/my_robot_interfaces/srv/detail/stop_publish_path__rosidl_typesupport_introspection_cpp.hpp
[1.084s] -- Up-to-date: /home/drone/Documents/GitHub/RosMigration_ws/install/my_robot_interfaces/include/my_robot_interfaces/my_robot_interfaces/msg
[1.084s] -- Up-to-date: /home/drone/Documents/GitHub/RosMigration_ws/install/my_robot_interfaces/include/my_robot_interfaces/my_robot_interfaces/msg/detail
[1.084s] -- Up-to-date: /home/drone/Documents/GitHub/RosMigration_ws/install/my_robot_interfaces/include/my_robot_interfaces/my_robot_interfaces/msg/detail/path_planner_points__rosidl_typesupport_introspection_cpp.hpp
[1.084s] -- Up-to-date: /home/drone/Documents/GitHub/RosMigration_ws/install/my_robot_interfaces/include/my_robot_interfaces/my_robot_interfaces/msg/detail/path_planner_points__type_support.cpp
[1.084s] -- Up-to-date: /home/drone/Documents/GitHub/RosMigration_ws/install/my_robot_interfaces/lib/libmy_robot_interfaces__rosidl_typesupport_introspection_cpp.so
[1.085s] -- Up-to-date: /home/drone/Documents/GitHub/RosMigration_ws/install/my_robot_interfaces/lib/libmy_robot_interfaces__rosidl_typesupport_cpp.so
[1.085s] -- Up-to-date: /home/drone/Documents/GitHub/RosMigration_ws/install/my_robot_interfaces/share/my_robot_interfaces/environment/pythonpath.sh
[1.085s] -- Up-to-date: /home/drone/Documents/GitHub/RosMigration_ws/install/my_robot_interfaces/share/my_robot_interfaces/environment/pythonpath.dsv
[1.085s] -- Up-to-date: /home/drone/Documents/GitHub/RosMigration_ws/install/my_robot_interfaces/local/lib/python3.10/dist-packages/my_robot_interfaces-0.0.0-py3.10.egg-info
[1.085s] -- Installing: /home/drone/Documents/GitHub/RosMigration_ws/install/my_robot_interfaces/local/lib/python3.10/dist-packages/my_robot_interfaces-0.0.0-py3.10.egg-info/SOURCES.txt
[1.085s] -- Installing: /home/drone/Documents/GitHub/RosMigration_ws/install/my_robot_interfaces/local/lib/python3.10/dist-packages/my_robot_interfaces-0.0.0-py3.10.egg-info/top_level.txt
[1.086s] -- Installing: /home/drone/Documents/GitHub/RosMigration_ws/install/my_robot_interfaces/local/lib/python3.10/dist-packages/my_robot_interfaces-0.0.0-py3.10.egg-info/PKG-INFO
[1.086s] -- Installing: /home/drone/Documents/GitHub/RosMigration_ws/install/my_robot_interfaces/local/lib/python3.10/dist-packages/my_robot_interfaces-0.0.0-py3.10.egg-info/dependency_links.txt
[1.086s] -- Up-to-date: /home/drone/Documents/GitHub/RosMigration_ws/install/my_robot_interfaces/local/lib/python3.10/dist-packages/my_robot_interfaces
[1.086s] -- Up-to-date: /home/drone/Documents/GitHub/RosMigration_ws/install/my_robot_interfaces/local/lib/python3.10/dist-packages/my_robot_interfaces/my_robot_interfaces_s__rosidl_typesupport_c.cpython-310-x86_64-linux-gnu.so
[1.086s] -- Up-to-date: /home/drone/Documents/GitHub/RosMigration_ws/install/my_robot_interfaces/local/lib/python3.10/dist-packages/my_robot_interfaces/srv
[1.087s] -- Up-to-date: /home/drone/Documents/GitHub/RosMigration_ws/install/my_robot_interfaces/local/lib/python3.10/dist-packages/my_robot_interfaces/srv/__init__.py
[1.087s] -- Up-to-date: /home/drone/Documents/GitHub/RosMigration_ws/install/my_robot_interfaces/local/lib/python3.10/dist-packages/my_robot_interfaces/srv/_stop_publish_path_s.c
[1.087s] -- Up-to-date: /home/drone/Documents/GitHub/RosMigration_ws/install/my_robot_interfaces/local/lib/python3.10/dist-packages/my_robot_interfaces/srv/_stop_publish_path.py
[1.087s] -- Up-to-date: /home/drone/Documents/GitHub/RosMigration_ws/install/my_robot_interfaces/local/lib/python3.10/dist-packages/my_robot_interfaces/_my_robot_interfaces_s.ep.rosidl_typesupport_introspection_c.c
[1.087s] -- Up-to-date: /home/drone/Documents/GitHub/RosMigration_ws/install/my_robot_interfaces/local/lib/python3.10/dist-packages/my_robot_interfaces/msg
[1.087s] -- Up-to-date: /home/drone/Documents/GitHub/RosMigration_ws/install/my_robot_interfaces/local/lib/python3.10/dist-packages/my_robot_interfaces/msg/__init__.py
[1.088s] -- Up-to-date: /home/drone/Documents/GitHub/RosMigration_ws/install/my_robot_interfaces/local/lib/python3.10/dist-packages/my_robot_interfaces/msg/_path_planner_points.py
[1.088s] -- Up-to-date: /home/drone/Documents/GitHub/RosMigration_ws/install/my_robot_interfaces/local/lib/python3.10/dist-packages/my_robot_interfaces/msg/_path_planner_points_s.c
[1.088s] -- Up-to-date: /home/drone/Documents/GitHub/RosMigration_ws/install/my_robot_interfaces/local/lib/python3.10/dist-packages/my_robot_interfaces/__init__.py
[1.088s] -- Up-to-date: /home/drone/Documents/GitHub/RosMigration_ws/install/my_robot_interfaces/local/lib/python3.10/dist-packages/my_robot_interfaces/libmy_robot_interfaces__rosidl_generator_py.so
[1.088s] -- Up-to-date: /home/drone/Documents/GitHub/RosMigration_ws/install/my_robot_interfaces/local/lib/python3.10/dist-packages/my_robot_interfaces/my_robot_interfaces_s__rosidl_typesupport_introspection_c.cpython-310-x86_64-linux-gnu.so
[1.088s] -- Up-to-date: /home/drone/Documents/GitHub/RosMigration_ws/install/my_robot_interfaces/local/lib/python3.10/dist-packages/my_robot_interfaces/my_robot_interfaces_s__rosidl_typesupport_fastrtps_c.cpython-310-x86_64-linux-gnu.so
[1.089s] -- Up-to-date: /home/drone/Documents/GitHub/RosMigration_ws/install/my_robot_interfaces/local/lib/python3.10/dist-packages/my_robot_interfaces/_my_robot_interfaces_s.ep.rosidl_typesupport_c.c
[1.089s] -- Up-to-date: /home/drone/Documents/GitHub/RosMigration_ws/install/my_robot_interfaces/local/lib/python3.10/dist-packages/my_robot_interfaces/_my_robot_interfaces_s.ep.rosidl_typesupport_fastrtps_c.c
[1.157s] Listing '/home/drone/Documents/GitHub/RosMigration_ws/install/my_robot_interfaces/local/lib/python3.10/dist-packages/my_robot_interfaces'...
[1.157s] Listing '/home/drone/Documents/GitHub/RosMigration_ws/install/my_robot_interfaces/local/lib/python3.10/dist-packages/my_robot_interfaces/msg'...
[1.157s] Listing '/home/drone/Documents/GitHub/RosMigration_ws/install/my_robot_interfaces/local/lib/python3.10/dist-packages/my_robot_interfaces/srv'...
[1.159s] -- Up-to-date: /home/drone/Documents/GitHub/RosMigration_ws/install/my_robot_interfaces/local/lib/python3.10/dist-packages/my_robot_interfaces/my_robot_interfaces_s__rosidl_typesupport_fastrtps_c.cpython-310-x86_64-linux-gnu.so
[1.160s] -- Up-to-date: /home/drone/Documents/GitHub/RosMigration_ws/install/my_robot_interfaces/local/lib/python3.10/dist-packages/my_robot_interfaces/my_robot_interfaces_s__rosidl_typesupport_introspection_c.cpython-310-x86_64-linux-gnu.so
[1.160s] -- Up-to-date: /home/drone/Documents/GitHub/RosMigration_ws/install/my_robot_interfaces/local/lib/python3.10/dist-packages/my_robot_interfaces/my_robot_interfaces_s__rosidl_typesupport_c.cpython-310-x86_64-linux-gnu.so
[1.161s] -- Up-to-date: /home/drone/Documents/GitHub/RosMigration_ws/install/my_robot_interfaces/lib/libmy_robot_interfaces__rosidl_generator_py.so
[1.161s] -- Up-to-date: /home/drone/Documents/GitHub/RosMigration_ws/install/my_robot_interfaces/share/my_robot_interfaces/msg/PathPlannerPoints.idl
[1.162s] -- Up-to-date: /home/drone/Documents/GitHub/RosMigration_ws/install/my_robot_interfaces/share/my_robot_interfaces/srv/StopPublishPath.idl
[1.162s] -- Up-to-date: /home/drone/Documents/GitHub/RosMigration_ws/install/my_robot_interfaces/share/my_robot_interfaces/msg/PathPlannerPoints.msg
[1.162s] -- Up-to-date: /home/drone/Documents/GitHub/RosMigration_ws/install/my_robot_interfaces/share/my_robot_interfaces/srv/StopPublishPath.srv
[1.162s] -- Up-to-date: /home/drone/Documents/GitHub/RosMigration_ws/install/my_robot_interfaces/share/my_robot_interfaces/srv/StopPublishPath_Request.msg
[1.162s] -- Up-to-date: /home/drone/Documents/GitHub/RosMigration_ws/install/my_robot_interfaces/share/my_robot_interfaces/srv/StopPublishPath_Response.msg
[1.162s] -- Up-to-date: /home/drone/Documents/GitHub/RosMigration_ws/install/my_robot_interfaces/share/ament_index/resource_index/package_run_dependencies/my_robot_interfaces
[1.163s] -- Up-to-date: /home/drone/Documents/GitHub/RosMigration_ws/install/my_robot_interfaces/share/ament_index/resource_index/parent_prefix_path/my_robot_interfaces
[1.163s] -- Up-to-date: /home/drone/Documents/GitHub/RosMigration_ws/install/my_robot_interfaces/share/my_robot_interfaces/environment/ament_prefix_path.sh
[1.163s] -- Up-to-date: /home/drone/Documents/GitHub/RosMigration_ws/install/my_robot_interfaces/share/my_robot_interfaces/environment/ament_prefix_path.dsv
[1.163s] -- Up-to-date: /home/drone/Documents/GitHub/RosMigration_ws/install/my_robot_interfaces/share/my_robot_interfaces/environment/path.sh
[1.163s] -- Up-to-date: /home/drone/Documents/GitHub/RosMigration_ws/install/my_robot_interfaces/share/my_robot_interfaces/environment/path.dsv
[1.163s] -- Up-to-date: /home/drone/Documents/GitHub/RosMigration_ws/install/my_robot_interfaces/share/my_robot_interfaces/local_setup.bash
[1.163s] -- Up-to-date: /home/drone/Documents/GitHub/RosMigration_ws/install/my_robot_interfaces/share/my_robot_interfaces/local_setup.sh
[1.164s] -- Up-to-date: /home/drone/Documents/GitHub/RosMigration_ws/install/my_robot_interfaces/share/my_robot_interfaces/local_setup.zsh
[1.164s] -- Up-to-date: /home/drone/Documents/GitHub/RosMigration_ws/install/my_robot_interfaces/share/my_robot_interfaces/local_setup.dsv
[1.164s] -- Installing: /home/drone/Documents/GitHub/RosMigration_ws/install/my_robot_interfaces/share/my_robot_interfaces/package.dsv
[1.164s] -- Up-to-date: /home/drone/Documents/GitHub/RosMigration_ws/install/my_robot_interfaces/share/ament_index/resource_index/packages/my_robot_interfaces
[1.164s] -- Up-to-date: /home/drone/Documents/GitHub/RosMigration_ws/install/my_robot_interfaces/share/my_robot_interfaces/cmake/export_my_robot_interfaces__rosidl_generator_cExport.cmake
[1.165s] -- Up-to-date: /home/drone/Documents/GitHub/RosMigration_ws/install/my_robot_interfaces/share/my_robot_interfaces/cmake/export_my_robot_interfaces__rosidl_generator_cExport-noconfig.cmake
[1.165s] -- Up-to-date: /home/drone/Documents/GitHub/RosMigration_ws/install/my_robot_interfaces/share/my_robot_interfaces/cmake/export_my_robot_interfaces__rosidl_typesupport_fastrtps_cExport.cmake
[1.165s] -- Up-to-date: /home/drone/Documents/GitHub/RosMigration_ws/install/my_robot_interfaces/share/my_robot_interfaces/cmake/export_my_robot_interfaces__rosidl_typesupport_fastrtps_cExport-noconfig.cmake
[1.165s] -- Up-to-date: /home/drone/Documents/GitHub/RosMigration_ws/install/my_robot_interfaces/share/my_robot_interfaces/cmake/my_robot_interfaces__rosidl_typesupport_introspection_cExport.cmake
[1.165s] -- Up-to-date: /home/drone/Documents/GitHub/RosMigration_ws/install/my_robot_interfaces/share/my_robot_interfaces/cmake/my_robot_interfaces__rosidl_typesupport_introspection_cExport-noconfig.cmake
[1.166s] -- Up-to-date: /home/drone/Documents/GitHub/RosMigration_ws/install/my_robot_interfaces/share/my_robot_interfaces/cmake/my_robot_interfaces__rosidl_typesupport_cExport.cmake
[1.166s] -- Up-to-date: /home/drone/Documents/GitHub/RosMigration_ws/install/my_robot_interfaces/share/my_robot_interfaces/cmake/my_robot_interfaces__rosidl_typesupport_cExport-noconfig.cmake
[1.166s] -- Up-to-date: /home/drone/Documents/GitHub/RosMigration_ws/install/my_robot_interfaces/share/my_robot_interfaces/cmake/export_my_robot_interfaces__rosidl_generator_cppExport.cmake
[1.166s] -- Up-to-date: /home/drone/Documents/GitHub/RosMigration_ws/install/my_robot_interfaces/share/my_robot_interfaces/cmake/export_my_robot_interfaces__rosidl_typesupport_fastrtps_cppExport.cmake
[1.166s] -- Up-to-date: /home/drone/Documents/GitHub/RosMigration_ws/install/my_robot_interfaces/share/my_robot_interfaces/cmake/export_my_robot_interfaces__rosidl_typesupport_fastrtps_cppExport-noconfig.cmake
[1.167s] -- Up-to-date: /home/drone/Documents/GitHub/RosMigration_ws/install/my_robot_interfaces/share/my_robot_interfaces/cmake/my_robot_interfaces__rosidl_typesupport_introspection_cppExport.cmake
[1.167s] -- Up-to-date: /home/drone/Documents/GitHub/RosMigration_ws/install/my_robot_interfaces/share/my_robot_interfaces/cmake/my_robot_interfaces__rosidl_typesupport_introspection_cppExport-noconfig.cmake
[1.167s] -- Up-to-date: /home/drone/Documents/GitHub/RosMigration_ws/install/my_robot_interfaces/share/my_robot_interfaces/cmake/my_robot_interfaces__rosidl_typesupport_cppExport.cmake
[1.171s] -- Up-to-date: /home/drone/Documents/GitHub/RosMigration_ws/install/my_robot_interfaces/share/my_robot_interfaces/cmake/my_robot_interfaces__rosidl_typesupport_cppExport-noconfig.cmake
[1.172s] -- Up-to-date: /home/drone/Documents/GitHub/RosMigration_ws/install/my_robot_interfaces/share/my_robot_interfaces/cmake/export_my_robot_interfaces__rosidl_generator_pyExport.cmake
[1.172s] -- Up-to-date: /home/drone/Documents/GitHub/RosMigration_ws/install/my_robot_interfaces/share/my_robot_interfaces/cmake/export_my_robot_interfaces__rosidl_generator_pyExport-noconfig.cmake
[1.173s] -- Up-to-date: /home/drone/Documents/GitHub/RosMigration_ws/install/my_robot_interfaces/share/my_robot_interfaces/cmake/rosidl_cmake-extras.cmake
[1.173s] -- Up-to-date: /home/drone/Documents/GitHub/RosMigration_ws/install/my_robot_interfaces/share/my_robot_interfaces/cmake/ament_cmake_export_include_directories-extras.cmake
[1.173s] -- Up-to-date: /home/drone/Documents/GitHub/RosMigration_ws/install/my_robot_interfaces/share/my_robot_interfaces/cmake/ament_cmake_export_libraries-extras.cmake
[1.173s] -- Up-to-date: /home/drone/Documents/GitHub/RosMigration_ws/install/my_robot_interfaces/share/my_robot_interfaces/cmake/ament_cmake_export_targets-extras.cmake
[1.174s] -- Up-to-date: /home/drone/Documents/GitHub/RosMigration_ws/install/my_robot_interfaces/share/my_robot_interfaces/cmake/rosidl_cmake_export_typesupport_targets-extras.cmake
[1.174s] -- Up-to-date: /home/drone/Documents/GitHub/RosMigration_ws/install/my_robot_interfaces/share/my_robot_interfaces/cmake/ament_cmake_export_dependencies-extras.cmake
[1.175s] -- Up-to-date: /home/drone/Documents/GitHub/RosMigration_ws/install/my_robot_interfaces/share/my_robot_interfaces/cmake/rosidl_cmake_export_typesupport_libraries-extras.cmake
[1.175s] -- Up-to-date: /home/drone/Documents/GitHub/RosMigration_ws/install/my_robot_interfaces/share/my_robot_interfaces/cmake/my_robot_interfacesConfig.cmake
[1.176s] -- Up-to-date: /home/drone/Documents/GitHub/RosMigration_ws/install/my_robot_interfaces/share/my_robot_interfaces/cmake/my_robot_interfacesConfig-version.cmake
[1.176s] -- Up-to-date: /home/drone/Documents/GitHub/RosMigration_ws/install/my_robot_interfaces/share/my_robot_interfaces/package.xml
[1.180s] Invoked command in '/home/drone/Documents/GitHub/RosMigration_ws/build/my_robot_interfaces' returned '0': CMAKE_PREFIX_PATH=${CMAKE_PREFIX_PATH}:/home/drone/Documents/GitHub/AAU_P4_MONITOR_DRONE/ros2_ws/install/my_robot_controller:/opt/ros/humble /usr/bin/cmake --install /home/drone/Documents/GitHub/RosMigration_ws/build/my_robot_interfaces
