[0.097s] Invoking command in '/home/ros2/Desktop/ros2_ws/build/my_robot_interfaces': CMAKE_PREFIX_PATH=${CMAKE_PREFIX_PATH}:/home/ros2/Desktop/ros2_ws/install/my_robot_controller:/home/ros2/ros2_ws/install/my_robot_controller:/opt/ros/humble /usr/bin/cmake --build /home/ros2/Desktop/ros2_ws/build/my_robot_interfaces -- -j1 -l1
[0.384s] [  2%] Built target my_robot_interfaces__cpp
[0.508s] [ 12%] Built target my_robot_interfaces__rosidl_typesupport_cpp
[0.637s] [ 23%] Built target my_robot_interfaces__rosidl_generator_c
[0.753s] [ 33%] Built target my_robot_interfaces__rosidl_typesupport_fastrtps_c
[0.872s] [ 43%] Built target my_robot_interfaces__rosidl_typesupport_introspection_c
[0.977s] [ 53%] Built target my_robot_interfaces__rosidl_typesupport_c
[1.118s] [ 64%] Built target my_robot_interfaces__rosidl_typesupport_fastrtps_cpp
[1.237s] [ 74%] Built target my_robot_interfaces__rosidl_typesupport_introspection_cpp
[1.336s] [ 74%] Built target my_robot_interfaces
[1.505s] [ 74%] Built target ament_cmake_python_copy_my_robot_interfaces
[3.714s] running egg_info
[3.717s] writing my_robot_interfaces.egg-info/PKG-INFO
[3.725s] writing dependency_links to my_robot_interfaces.egg-info/dependency_links.txt
[3.727s] writing top-level names to my_robot_interfaces.egg-info/top_level.txt
[3.742s] reading manifest file 'my_robot_interfaces.egg-info/SOURCES.txt'
[3.757s] writing manifest file 'my_robot_interfaces.egg-info/SOURCES.txt'
[3.919s] [ 74%] Built target ament_cmake_python_build_my_robot_interfaces_egg
[4.078s] [ 76%] Built target my_robot_interfaces__py
[4.204s] [ 84%] Built target my_robot_interfaces__rosidl_generator_py
[4.328s] [ 89%] Built target my_robot_interfaces__rosidl_typesupport_fastrtps_c__pyext
[4.449s] [ 94%] Built target my_robot_interfaces__rosidl_typesupport_introspection_c__pyext
[4.567s] [100%] Built target my_robot_interfaces__rosidl_typesupport_c__pyext
[4.640s] Invoked command in '/home/ros2/Desktop/ros2_ws/build/my_robot_interfaces' returned '0': CMAKE_PREFIX_PATH=${CMAKE_PREFIX_PATH}:/home/ros2/Desktop/ros2_ws/install/my_robot_controller:/home/ros2/ros2_ws/install/my_robot_controller:/opt/ros/humble /usr/bin/cmake --build /home/ros2/Desktop/ros2_ws/build/my_robot_interfaces -- -j1 -l1
[5.143s] Invoking command in '/home/ros2/Desktop/ros2_ws/build/my_robot_interfaces': CMAKE_PREFIX_PATH=${CMAKE_PREFIX_PATH}:/home/ros2/Desktop/ros2_ws/install/my_robot_controller:/home/ros2/ros2_ws/install/my_robot_controller:/opt/ros/humble /usr/bin/cmake --install /home/ros2/Desktop/ros2_ws/build/my_robot_interfaces
[5.191s] -- Install configuration: ""
[5.196s] -- Up-to-date: /home/ros2/Desktop/ros2_ws/install/my_robot_interfaces/share/ament_index/resource_index/rosidl_interfaces/my_robot_interfaces
[5.204s] -- Up-to-date: /home/ros2/Desktop/ros2_ws/install/my_robot_interfaces/include/my_robot_interfaces/my_robot_interfaces
[5.204s] -- Up-to-date: /home/ros2/Desktop/ros2_ws/install/my_robot_interfaces/include/my_robot_interfaces/my_robot_interfaces/msg
[5.205s] -- Up-to-date: /home/ros2/Desktop/ros2_ws/install/my_robot_interfaces/include/my_robot_interfaces/my_robot_interfaces/msg/float_two_dimensional_array.h
[5.205s] -- Up-to-date: /home/ros2/Desktop/ros2_ws/install/my_robot_interfaces/include/my_robot_interfaces/my_robot_interfaces/msg/path_planner_points.h
[5.209s] -- Up-to-date: /home/ros2/Desktop/ros2_ws/install/my_robot_interfaces/include/my_robot_interfaces/my_robot_interfaces/msg/detail
[5.209s] -- Up-to-date: /home/ros2/Desktop/ros2_ws/install/my_robot_interfaces/include/my_robot_interfaces/my_robot_interfaces/msg/detail/path_planner_points__functions.c
[5.214s] -- Up-to-date: /home/ros2/Desktop/ros2_ws/install/my_robot_interfaces/include/my_robot_interfaces/my_robot_interfaces/msg/detail/float_two_dimensional_array__struct.h
[5.217s] -- Up-to-date: /home/ros2/Desktop/ros2_ws/install/my_robot_interfaces/include/my_robot_interfaces/my_robot_interfaces/msg/detail/float_two_dimensional_array__type_support.h
[5.218s] -- Up-to-date: /home/ros2/Desktop/ros2_ws/install/my_robot_interfaces/include/my_robot_interfaces/my_robot_interfaces/msg/detail/path_planner_points__struct.h
[5.221s] -- Up-to-date: /home/ros2/Desktop/ros2_ws/install/my_robot_interfaces/include/my_robot_interfaces/my_robot_interfaces/msg/detail/path_planner_points__type_support.h
[5.222s] -- Up-to-date: /home/ros2/Desktop/ros2_ws/install/my_robot_interfaces/include/my_robot_interfaces/my_robot_interfaces/msg/detail/float_two_dimensional_array__functions.h
[5.222s] -- Up-to-date: /home/ros2/Desktop/ros2_ws/install/my_robot_interfaces/include/my_robot_interfaces/my_robot_interfaces/msg/detail/path_planner_points__functions.h
[5.222s] -- Up-to-date: /home/ros2/Desktop/ros2_ws/install/my_robot_interfaces/include/my_robot_interfaces/my_robot_interfaces/msg/detail/float_two_dimensional_array__functions.c
[5.223s] -- Up-to-date: /home/ros2/Desktop/ros2_ws/install/my_robot_interfaces/include/my_robot_interfaces/my_robot_interfaces/msg/rosidl_generator_c__visibility_control.h
[5.223s] -- Up-to-date: /home/ros2/Desktop/ros2_ws/install/my_robot_interfaces/include/my_robot_interfaces/my_robot_interfaces/srv
[5.223s] -- Up-to-date: /home/ros2/Desktop/ros2_ws/install/my_robot_interfaces/include/my_robot_interfaces/my_robot_interfaces/srv/stop_publish_path.h
[5.228s] -- Up-to-date: /home/ros2/Desktop/ros2_ws/install/my_robot_interfaces/include/my_robot_interfaces/my_robot_interfaces/srv/detail
[5.228s] -- Up-to-date: /home/ros2/Desktop/ros2_ws/install/my_robot_interfaces/include/my_robot_interfaces/my_robot_interfaces/srv/detail/stop_publish_path__struct.h
[5.228s] -- Up-to-date: /home/ros2/Desktop/ros2_ws/install/my_robot_interfaces/include/my_robot_interfaces/my_robot_interfaces/srv/detail/stop_publish_path__type_support.h
[5.228s] -- Up-to-date: /home/ros2/Desktop/ros2_ws/install/my_robot_interfaces/include/my_robot_interfaces/my_robot_interfaces/srv/detail/stop_publish_path__functions.h
[5.229s] -- Up-to-date: /home/ros2/Desktop/ros2_ws/install/my_robot_interfaces/include/my_robot_interfaces/my_robot_interfaces/srv/detail/stop_publish_path__functions.c
[5.229s] -- Up-to-date: /home/ros2/Desktop/ros2_ws/install/my_robot_interfaces/share/my_robot_interfaces/environment/library_path.sh
[5.229s] -- Up-to-date: /home/ros2/Desktop/ros2_ws/install/my_robot_interfaces/share/my_robot_interfaces/environment/library_path.dsv
[5.240s] -- Up-to-date: /home/ros2/Desktop/ros2_ws/install/my_robot_interfaces/lib/libmy_robot_interfaces__rosidl_generator_c.so
[5.241s] -- Up-to-date: /home/ros2/Desktop/ros2_ws/install/my_robot_interfaces/include/my_robot_interfaces/my_robot_interfaces
[5.241s] -- Up-to-date: /home/ros2/Desktop/ros2_ws/install/my_robot_interfaces/include/my_robot_interfaces/my_robot_interfaces/msg
[5.241s] -- Up-to-date: /home/ros2/Desktop/ros2_ws/install/my_robot_interfaces/include/my_robot_interfaces/my_robot_interfaces/msg/detail
[5.243s] -- Up-to-date: /home/ros2/Desktop/ros2_ws/install/my_robot_interfaces/include/my_robot_interfaces/my_robot_interfaces/msg/detail/float_two_dimensional_array__rosidl_typesupport_fastrtps_c.h
[5.244s] -- Up-to-date: /home/ros2/Desktop/ros2_ws/install/my_robot_interfaces/include/my_robot_interfaces/my_robot_interfaces/msg/detail/path_planner_points__rosidl_typesupport_fastrtps_c.h
[5.244s] -- Up-to-date: /home/ros2/Desktop/ros2_ws/install/my_robot_interfaces/include/my_robot_interfaces/my_robot_interfaces/msg/rosidl_typesupport_fastrtps_c__visibility_control.h
[5.245s] -- Up-to-date: /home/ros2/Desktop/ros2_ws/install/my_robot_interfaces/include/my_robot_interfaces/my_robot_interfaces/srv
[5.245s] -- Up-to-date: /home/ros2/Desktop/ros2_ws/install/my_robot_interfaces/include/my_robot_interfaces/my_robot_interfaces/srv/detail
[5.247s] -- Up-to-date: /home/ros2/Desktop/ros2_ws/install/my_robot_interfaces/include/my_robot_interfaces/my_robot_interfaces/srv/detail/stop_publish_path__rosidl_typesupport_fastrtps_c.h
[5.247s] -- Up-to-date: /home/ros2/Desktop/ros2_ws/install/my_robot_interfaces/lib/libmy_robot_interfaces__rosidl_typesupport_fastrtps_c.so
[5.252s] -- Up-to-date: /home/ros2/Desktop/ros2_ws/install/my_robot_interfaces/include/my_robot_interfaces/my_robot_interfaces
[5.252s] -- Up-to-date: /home/ros2/Desktop/ros2_ws/install/my_robot_interfaces/include/my_robot_interfaces/my_robot_interfaces/msg
[5.256s] -- Up-to-date: /home/ros2/Desktop/ros2_ws/install/my_robot_interfaces/include/my_robot_interfaces/my_robot_interfaces/msg/rosidl_typesupport_introspection_c__visibility_control.h
[5.256s] -- Up-to-date: /home/ros2/Desktop/ros2_ws/install/my_robot_interfaces/include/my_robot_interfaces/my_robot_interfaces/msg/detail
[5.256s] -- Up-to-date: /home/ros2/Desktop/ros2_ws/install/my_robot_interfaces/include/my_robot_interfaces/my_robot_interfaces/msg/detail/float_two_dimensional_array__rosidl_typesupport_introspection_c.h
[5.256s] -- Up-to-date: /home/ros2/Desktop/ros2_ws/install/my_robot_interfaces/include/my_robot_interfaces/my_robot_interfaces/msg/detail/path_planner_points__rosidl_typesupport_introspection_c.h
[5.256s] -- Up-to-date: /home/ros2/Desktop/ros2_ws/install/my_robot_interfaces/include/my_robot_interfaces/my_robot_interfaces/msg/detail/path_planner_points__type_support.c
[5.256s] -- Up-to-date: /home/ros2/Desktop/ros2_ws/install/my_robot_interfaces/include/my_robot_interfaces/my_robot_interfaces/msg/detail/float_two_dimensional_array__type_support.c
[5.256s] -- Up-to-date: /home/ros2/Desktop/ros2_ws/install/my_robot_interfaces/include/my_robot_interfaces/my_robot_interfaces/srv
[5.268s] -- Up-to-date: /home/ros2/Desktop/ros2_ws/install/my_robot_interfaces/include/my_robot_interfaces/my_robot_interfaces/srv/detail
[5.268s] -- Up-to-date: /home/ros2/Desktop/ros2_ws/install/my_robot_interfaces/include/my_robot_interfaces/my_robot_interfaces/srv/detail/stop_publish_path__type_support.c
[5.269s] -- Up-to-date: /home/ros2/Desktop/ros2_ws/install/my_robot_interfaces/include/my_robot_interfaces/my_robot_interfaces/srv/detail/stop_publish_path__rosidl_typesupport_introspection_c.h
[5.269s] -- Up-to-date: /home/ros2/Desktop/ros2_ws/install/my_robot_interfaces/lib/libmy_robot_interfaces__rosidl_typesupport_introspection_c.so
[5.273s] -- Up-to-date: /home/ros2/Desktop/ros2_ws/install/my_robot_interfaces/lib/libmy_robot_interfaces__rosidl_typesupport_c.so
[5.274s] -- Up-to-date: /home/ros2/Desktop/ros2_ws/install/my_robot_interfaces/include/my_robot_interfaces/my_robot_interfaces
[5.274s] -- Up-to-date: /home/ros2/Desktop/ros2_ws/install/my_robot_interfaces/include/my_robot_interfaces/my_robot_interfaces/msg
[5.274s] -- Up-to-date: /home/ros2/Desktop/ros2_ws/install/my_robot_interfaces/include/my_robot_interfaces/my_robot_interfaces/msg/float_two_dimensional_array.hpp
[5.278s] -- Up-to-date: /home/ros2/Desktop/ros2_ws/install/my_robot_interfaces/include/my_robot_interfaces/my_robot_interfaces/msg/path_planner_points.hpp
[5.278s] -- Up-to-date: /home/ros2/Desktop/ros2_ws/install/my_robot_interfaces/include/my_robot_interfaces/my_robot_interfaces/msg/detail
[5.278s] -- Up-to-date: /home/ros2/Desktop/ros2_ws/install/my_robot_interfaces/include/my_robot_interfaces/my_robot_interfaces/msg/detail/float_two_dimensional_array__traits.hpp
[5.278s] -- Up-to-date: /home/ros2/Desktop/ros2_ws/install/my_robot_interfaces/include/my_robot_interfaces/my_robot_interfaces/msg/detail/path_planner_points__traits.hpp
[5.278s] -- Up-to-date: /home/ros2/Desktop/ros2_ws/install/my_robot_interfaces/include/my_robot_interfaces/my_robot_interfaces/msg/detail/float_two_dimensional_array__struct.hpp
[5.278s] -- Up-to-date: /home/ros2/Desktop/ros2_ws/install/my_robot_interfaces/include/my_robot_interfaces/my_robot_interfaces/msg/detail/path_planner_points__builder.hpp
[5.279s] -- Up-to-date: /home/ros2/Desktop/ros2_ws/install/my_robot_interfaces/include/my_robot_interfaces/my_robot_interfaces/msg/detail/path_planner_points__struct.hpp
[5.279s] -- Up-to-date: /home/ros2/Desktop/ros2_ws/install/my_robot_interfaces/include/my_robot_interfaces/my_robot_interfaces/msg/detail/float_two_dimensional_array__builder.hpp
[5.279s] -- Up-to-date: /home/ros2/Desktop/ros2_ws/install/my_robot_interfaces/include/my_robot_interfaces/my_robot_interfaces/srv
[5.279s] -- Up-to-date: /home/ros2/Desktop/ros2_ws/install/my_robot_interfaces/include/my_robot_interfaces/my_robot_interfaces/srv/detail
[5.279s] -- Up-to-date: /home/ros2/Desktop/ros2_ws/install/my_robot_interfaces/include/my_robot_interfaces/my_robot_interfaces/srv/detail/stop_publish_path__traits.hpp
[5.279s] -- Up-to-date: /home/ros2/Desktop/ros2_ws/install/my_robot_interfaces/include/my_robot_interfaces/my_robot_interfaces/srv/detail/stop_publish_path__struct.hpp
[5.279s] -- Up-to-date: /home/ros2/Desktop/ros2_ws/install/my_robot_interfaces/include/my_robot_interfaces/my_robot_interfaces/srv/detail/stop_publish_path__builder.hpp
[5.297s] -- Up-to-date: /home/ros2/Desktop/ros2_ws/install/my_robot_interfaces/include/my_robot_interfaces/my_robot_interfaces/srv/stop_publish_path.hpp
[5.297s] -- Up-to-date: /home/ros2/Desktop/ros2_ws/install/my_robot_interfaces/include/my_robot_interfaces/my_robot_interfaces
[5.297s] -- Up-to-date: /home/ros2/Desktop/ros2_ws/install/my_robot_interfaces/include/my_robot_interfaces/my_robot_interfaces/msg
[5.298s] -- Up-to-date: /home/ros2/Desktop/ros2_ws/install/my_robot_interfaces/include/my_robot_interfaces/my_robot_interfaces/msg/rosidl_typesupport_fastrtps_cpp__visibility_control.h
[5.298s] -- Up-to-date: /home/ros2/Desktop/ros2_ws/install/my_robot_interfaces/include/my_robot_interfaces/my_robot_interfaces/msg/detail
[5.298s] -- Up-to-date: /home/ros2/Desktop/ros2_ws/install/my_robot_interfaces/include/my_robot_interfaces/my_robot_interfaces/msg/detail/float_two_dimensional_array__rosidl_typesupport_fastrtps_cpp.hpp
[5.298s] -- Up-to-date: /home/ros2/Desktop/ros2_ws/install/my_robot_interfaces/include/my_robot_interfaces/my_robot_interfaces/msg/detail/path_planner_points__rosidl_typesupport_fastrtps_cpp.hpp
[5.298s] -- Up-to-date: /home/ros2/Desktop/ros2_ws/install/my_robot_interfaces/include/my_robot_interfaces/my_robot_interfaces/msg/detail/dds_fastrtps
[5.298s] -- Up-to-date: /home/ros2/Desktop/ros2_ws/install/my_robot_interfaces/include/my_robot_interfaces/my_robot_interfaces/srv
[5.298s] -- Up-to-date: /home/ros2/Desktop/ros2_ws/install/my_robot_interfaces/include/my_robot_interfaces/my_robot_interfaces/srv/detail
[5.298s] -- Up-to-date: /home/ros2/Desktop/ros2_ws/install/my_robot_interfaces/include/my_robot_interfaces/my_robot_interfaces/srv/detail/dds_fastrtps
[5.299s] -- Up-to-date: /home/ros2/Desktop/ros2_ws/install/my_robot_interfaces/include/my_robot_interfaces/my_robot_interfaces/srv/detail/stop_publish_path__rosidl_typesupport_fastrtps_cpp.hpp
[5.299s] -- Up-to-date: /home/ros2/Desktop/ros2_ws/install/my_robot_interfaces/lib/libmy_robot_interfaces__rosidl_typesupport_fastrtps_cpp.so
[5.299s] -- Up-to-date: /home/ros2/Desktop/ros2_ws/install/my_robot_interfaces/include/my_robot_interfaces/my_robot_interfaces
[5.299s] -- Up-to-date: /home/ros2/Desktop/ros2_ws/install/my_robot_interfaces/include/my_robot_interfaces/my_robot_interfaces/msg
[5.299s] -- Up-to-date: /home/ros2/Desktop/ros2_ws/install/my_robot_interfaces/include/my_robot_interfaces/my_robot_interfaces/msg/detail
[5.299s] -- Up-to-date: /home/ros2/Desktop/ros2_ws/install/my_robot_interfaces/include/my_robot_interfaces/my_robot_interfaces/msg/detail/float_two_dimensional_array__rosidl_typesupport_introspection_cpp.hpp
[5.299s] -- Up-to-date: /home/ros2/Desktop/ros2_ws/install/my_robot_interfaces/include/my_robot_interfaces/my_robot_interfaces/msg/detail/float_two_dimensional_array__type_support.cpp
[5.299s] -- Up-to-date: /home/ros2/Desktop/ros2_ws/install/my_robot_interfaces/include/my_robot_interfaces/my_robot_interfaces/msg/detail/path_planner_points__rosidl_typesupport_introspection_cpp.hpp
[5.299s] -- Up-to-date: /home/ros2/Desktop/ros2_ws/install/my_robot_interfaces/include/my_robot_interfaces/my_robot_interfaces/msg/detail/path_planner_points__type_support.cpp
[5.323s] -- Up-to-date: /home/ros2/Desktop/ros2_ws/install/my_robot_interfaces/include/my_robot_interfaces/my_robot_interfaces/srv
[5.324s] -- Up-to-date: /home/ros2/Desktop/ros2_ws/install/my_robot_interfaces/include/my_robot_interfaces/my_robot_interfaces/srv/detail
[5.325s] -- Up-to-date: /home/ros2/Desktop/ros2_ws/install/my_robot_interfaces/include/my_robot_interfaces/my_robot_interfaces/srv/detail/stop_publish_path__type_support.cpp
[5.325s] -- Up-to-date: /home/ros2/Desktop/ros2_ws/install/my_robot_interfaces/include/my_robot_interfaces/my_robot_interfaces/srv/detail/stop_publish_path__rosidl_typesupport_introspection_cpp.hpp
[5.325s] -- Up-to-date: /home/ros2/Desktop/ros2_ws/install/my_robot_interfaces/lib/libmy_robot_interfaces__rosidl_typesupport_introspection_cpp.so
[5.325s] -- Up-to-date: /home/ros2/Desktop/ros2_ws/install/my_robot_interfaces/lib/libmy_robot_interfaces__rosidl_typesupport_cpp.so
[5.325s] -- Up-to-date: /home/ros2/Desktop/ros2_ws/install/my_robot_interfaces/share/my_robot_interfaces/environment/pythonpath.sh
[5.325s] -- Up-to-date: /home/ros2/Desktop/ros2_ws/install/my_robot_interfaces/share/my_robot_interfaces/environment/pythonpath.dsv
[5.325s] -- Up-to-date: /home/ros2/Desktop/ros2_ws/install/my_robot_interfaces/local/lib/python3.10/dist-packages/my_robot_interfaces-0.0.0-py3.10.egg-info
[5.326s] -- Installing: /home/ros2/Desktop/ros2_ws/install/my_robot_interfaces/local/lib/python3.10/dist-packages/my_robot_interfaces-0.0.0-py3.10.egg-info/SOURCES.txt
[5.326s] -- Installing: /home/ros2/Desktop/ros2_ws/install/my_robot_interfaces/local/lib/python3.10/dist-packages/my_robot_interfaces-0.0.0-py3.10.egg-info/dependency_links.txt
[5.326s] -- Installing: /home/ros2/Desktop/ros2_ws/install/my_robot_interfaces/local/lib/python3.10/dist-packages/my_robot_interfaces-0.0.0-py3.10.egg-info/top_level.txt
[5.326s] -- Installing: /home/ros2/Desktop/ros2_ws/install/my_robot_interfaces/local/lib/python3.10/dist-packages/my_robot_interfaces-0.0.0-py3.10.egg-info/PKG-INFO
[5.326s] -- Up-to-date: /home/ros2/Desktop/ros2_ws/install/my_robot_interfaces/local/lib/python3.10/dist-packages/my_robot_interfaces
[5.326s] -- Up-to-date: /home/ros2/Desktop/ros2_ws/install/my_robot_interfaces/local/lib/python3.10/dist-packages/my_robot_interfaces/_my_robot_interfaces_s.ep.rosidl_typesupport_fastrtps_c.c
[5.326s] -- Up-to-date: /home/ros2/Desktop/ros2_ws/install/my_robot_interfaces/local/lib/python3.10/dist-packages/my_robot_interfaces/my_robot_interfaces_s__rosidl_typesupport_fastrtps_c.cpython-310-x86_64-linux-gnu.so
[5.326s] -- Up-to-date: /home/ros2/Desktop/ros2_ws/install/my_robot_interfaces/local/lib/python3.10/dist-packages/my_robot_interfaces/libmy_robot_interfaces__rosidl_generator_py.so
[5.326s] -- Up-to-date: /home/ros2/Desktop/ros2_ws/install/my_robot_interfaces/local/lib/python3.10/dist-packages/my_robot_interfaces/msg
[5.327s] -- Up-to-date: /home/ros2/Desktop/ros2_ws/install/my_robot_interfaces/local/lib/python3.10/dist-packages/my_robot_interfaces/msg/_path_planner_points.py
[5.355s] -- Up-to-date: /home/ros2/Desktop/ros2_ws/install/my_robot_interfaces/local/lib/python3.10/dist-packages/my_robot_interfaces/msg/__init__.py
[5.356s] -- Up-to-date: /home/ros2/Desktop/ros2_ws/install/my_robot_interfaces/local/lib/python3.10/dist-packages/my_robot_interfaces/msg/_float_two_dimensional_array_s.c
[5.356s] -- Up-to-date: /home/ros2/Desktop/ros2_ws/install/my_robot_interfaces/local/lib/python3.10/dist-packages/my_robot_interfaces/msg/_path_planner_points_s.c
[5.356s] -- Up-to-date: /home/ros2/Desktop/ros2_ws/install/my_robot_interfaces/local/lib/python3.10/dist-packages/my_robot_interfaces/msg/_float_two_dimensional_array.py
[5.356s] -- Up-to-date: /home/ros2/Desktop/ros2_ws/install/my_robot_interfaces/local/lib/python3.10/dist-packages/my_robot_interfaces/my_robot_interfaces_s__rosidl_typesupport_introspection_c.cpython-310-x86_64-linux-gnu.so
[5.356s] -- Up-to-date: /home/ros2/Desktop/ros2_ws/install/my_robot_interfaces/local/lib/python3.10/dist-packages/my_robot_interfaces/__init__.py
[5.356s] -- Up-to-date: /home/ros2/Desktop/ros2_ws/install/my_robot_interfaces/local/lib/python3.10/dist-packages/my_robot_interfaces/srv
[5.356s] -- Up-to-date: /home/ros2/Desktop/ros2_ws/install/my_robot_interfaces/local/lib/python3.10/dist-packages/my_robot_interfaces/srv/_stop_publish_path_s.c
[5.356s] -- Up-to-date: /home/ros2/Desktop/ros2_ws/install/my_robot_interfaces/local/lib/python3.10/dist-packages/my_robot_interfaces/srv/_stop_publish_path.py
[5.357s] -- Up-to-date: /home/ros2/Desktop/ros2_ws/install/my_robot_interfaces/local/lib/python3.10/dist-packages/my_robot_interfaces/srv/__init__.py
[5.357s] -- Up-to-date: /home/ros2/Desktop/ros2_ws/install/my_robot_interfaces/local/lib/python3.10/dist-packages/my_robot_interfaces/_my_robot_interfaces_s.ep.rosidl_typesupport_introspection_c.c
[5.357s] -- Up-to-date: /home/ros2/Desktop/ros2_ws/install/my_robot_interfaces/local/lib/python3.10/dist-packages/my_robot_interfaces/my_robot_interfaces_s__rosidl_typesupport_c.cpython-310-x86_64-linux-gnu.so
[5.357s] -- Up-to-date: /home/ros2/Desktop/ros2_ws/install/my_robot_interfaces/local/lib/python3.10/dist-packages/my_robot_interfaces/_my_robot_interfaces_s.ep.rosidl_typesupport_c.c
[5.632s] Listing '/home/ros2/Desktop/ros2_ws/install/my_robot_interfaces/local/lib/python3.10/dist-packages/my_robot_interfaces'...
[5.633s] Listing '/home/ros2/Desktop/ros2_ws/install/my_robot_interfaces/local/lib/python3.10/dist-packages/my_robot_interfaces/msg'...
[5.633s] Listing '/home/ros2/Desktop/ros2_ws/install/my_robot_interfaces/local/lib/python3.10/dist-packages/my_robot_interfaces/srv'...
[5.678s] -- Up-to-date: /home/ros2/Desktop/ros2_ws/install/my_robot_interfaces/local/lib/python3.10/dist-packages/my_robot_interfaces/my_robot_interfaces_s__rosidl_typesupport_fastrtps_c.cpython-310-x86_64-linux-gnu.so
[5.679s] -- Up-to-date: /home/ros2/Desktop/ros2_ws/install/my_robot_interfaces/local/lib/python3.10/dist-packages/my_robot_interfaces/my_robot_interfaces_s__rosidl_typesupport_introspection_c.cpython-310-x86_64-linux-gnu.so
[5.685s] -- Up-to-date: /home/ros2/Desktop/ros2_ws/install/my_robot_interfaces/local/lib/python3.10/dist-packages/my_robot_interfaces/my_robot_interfaces_s__rosidl_typesupport_c.cpython-310-x86_64-linux-gnu.so
[5.685s] -- Up-to-date: /home/ros2/Desktop/ros2_ws/install/my_robot_interfaces/lib/libmy_robot_interfaces__rosidl_generator_py.so
[5.686s] -- Up-to-date: /home/ros2/Desktop/ros2_ws/install/my_robot_interfaces/share/my_robot_interfaces/msg/PathPlannerPoints.idl
[5.686s] -- Up-to-date: /home/ros2/Desktop/ros2_ws/install/my_robot_interfaces/share/my_robot_interfaces/srv/StopPublishPath.idl
[5.686s] -- Up-to-date: /home/ros2/Desktop/ros2_ws/install/my_robot_interfaces/share/my_robot_interfaces/msg/PathPlannerPoints.msg
[5.686s] -- Up-to-date: /home/ros2/Desktop/ros2_ws/install/my_robot_interfaces/share/my_robot_interfaces/srv/StopPublishPath.srv
[5.689s] -- Up-to-date: /home/ros2/Desktop/ros2_ws/install/my_robot_interfaces/share/my_robot_interfaces/srv/StopPublishPath_Request.msg
[5.689s] -- Up-to-date: /home/ros2/Desktop/ros2_ws/install/my_robot_interfaces/share/my_robot_interfaces/srv/StopPublishPath_Response.msg
[5.690s] -- Up-to-date: /home/ros2/Desktop/ros2_ws/install/my_robot_interfaces/share/ament_index/resource_index/package_run_dependencies/my_robot_interfaces
[5.691s] -- Up-to-date: /home/ros2/Desktop/ros2_ws/install/my_robot_interfaces/share/ament_index/resource_index/parent_prefix_path/my_robot_interfaces
[5.691s] -- Up-to-date: /home/ros2/Desktop/ros2_ws/install/my_robot_interfaces/share/my_robot_interfaces/environment/ament_prefix_path.sh
[5.696s] -- Up-to-date: /home/ros2/Desktop/ros2_ws/install/my_robot_interfaces/share/my_robot_interfaces/environment/ament_prefix_path.dsv
[5.697s] -- Up-to-date: /home/ros2/Desktop/ros2_ws/install/my_robot_interfaces/share/my_robot_interfaces/environment/path.sh
[5.698s] -- Up-to-date: /home/ros2/Desktop/ros2_ws/install/my_robot_interfaces/share/my_robot_interfaces/environment/path.dsv
[5.698s] -- Up-to-date: /home/ros2/Desktop/ros2_ws/install/my_robot_interfaces/share/my_robot_interfaces/local_setup.bash
[5.703s] -- Up-to-date: /home/ros2/Desktop/ros2_ws/install/my_robot_interfaces/share/my_robot_interfaces/local_setup.sh
[5.703s] -- Up-to-date: /home/ros2/Desktop/ros2_ws/install/my_robot_interfaces/share/my_robot_interfaces/local_setup.zsh
[5.704s] -- Up-to-date: /home/ros2/Desktop/ros2_ws/install/my_robot_interfaces/share/my_robot_interfaces/local_setup.dsv
[5.709s] -- Installing: /home/ros2/Desktop/ros2_ws/install/my_robot_interfaces/share/my_robot_interfaces/package.dsv
[5.711s] -- Up-to-date: /home/ros2/Desktop/ros2_ws/install/my_robot_interfaces/share/ament_index/resource_index/packages/my_robot_interfaces
[5.712s] -- Up-to-date: /home/ros2/Desktop/ros2_ws/install/my_robot_interfaces/share/my_robot_interfaces/cmake/export_my_robot_interfaces__rosidl_generator_cExport.cmake
[5.712s] -- Up-to-date: /home/ros2/Desktop/ros2_ws/install/my_robot_interfaces/share/my_robot_interfaces/cmake/export_my_robot_interfaces__rosidl_generator_cExport-noconfig.cmake
[5.722s] -- Up-to-date: /home/ros2/Desktop/ros2_ws/install/my_robot_interfaces/share/my_robot_interfaces/cmake/export_my_robot_interfaces__rosidl_typesupport_fastrtps_cExport.cmake
[5.722s] -- Up-to-date: /home/ros2/Desktop/ros2_ws/install/my_robot_interfaces/share/my_robot_interfaces/cmake/export_my_robot_interfaces__rosidl_typesupport_fastrtps_cExport-noconfig.cmake
[5.722s] -- Up-to-date: /home/ros2/Desktop/ros2_ws/install/my_robot_interfaces/share/my_robot_interfaces/cmake/my_robot_interfaces__rosidl_typesupport_introspection_cExport.cmake
[5.723s] -- Up-to-date: /home/ros2/Desktop/ros2_ws/install/my_robot_interfaces/share/my_robot_interfaces/cmake/my_robot_interfaces__rosidl_typesupport_introspection_cExport-noconfig.cmake
[5.725s] -- Up-to-date: /home/ros2/Desktop/ros2_ws/install/my_robot_interfaces/share/my_robot_interfaces/cmake/my_robot_interfaces__rosidl_typesupport_cExport.cmake
[5.725s] -- Up-to-date: /home/ros2/Desktop/ros2_ws/install/my_robot_interfaces/share/my_robot_interfaces/cmake/my_robot_interfaces__rosidl_typesupport_cExport-noconfig.cmake
[5.726s] -- Up-to-date: /home/ros2/Desktop/ros2_ws/install/my_robot_interfaces/share/my_robot_interfaces/cmake/export_my_robot_interfaces__rosidl_generator_cppExport.cmake
[5.730s] -- Up-to-date: /home/ros2/Desktop/ros2_ws/install/my_robot_interfaces/share/my_robot_interfaces/cmake/export_my_robot_interfaces__rosidl_typesupport_fastrtps_cppExport.cmake
[5.734s] -- Up-to-date: /home/ros2/Desktop/ros2_ws/install/my_robot_interfaces/share/my_robot_interfaces/cmake/export_my_robot_interfaces__rosidl_typesupport_fastrtps_cppExport-noconfig.cmake
[5.735s] -- Up-to-date: /home/ros2/Desktop/ros2_ws/install/my_robot_interfaces/share/my_robot_interfaces/cmake/my_robot_interfaces__rosidl_typesupport_introspection_cppExport.cmake
[5.735s] -- Up-to-date: /home/ros2/Desktop/ros2_ws/install/my_robot_interfaces/share/my_robot_interfaces/cmake/my_robot_interfaces__rosidl_typesupport_introspection_cppExport-noconfig.cmake
[5.740s] -- Up-to-date: /home/ros2/Desktop/ros2_ws/install/my_robot_interfaces/share/my_robot_interfaces/cmake/my_robot_interfaces__rosidl_typesupport_cppExport.cmake
[5.740s] -- Up-to-date: /home/ros2/Desktop/ros2_ws/install/my_robot_interfaces/share/my_robot_interfaces/cmake/my_robot_interfaces__rosidl_typesupport_cppExport-noconfig.cmake
[5.742s] -- Up-to-date: /home/ros2/Desktop/ros2_ws/install/my_robot_interfaces/share/my_robot_interfaces/cmake/export_my_robot_interfaces__rosidl_generator_pyExport.cmake
[5.742s] -- Up-to-date: /home/ros2/Desktop/ros2_ws/install/my_robot_interfaces/share/my_robot_interfaces/cmake/export_my_robot_interfaces__rosidl_generator_pyExport-noconfig.cmake
[5.742s] -- Up-to-date: /home/ros2/Desktop/ros2_ws/install/my_robot_interfaces/share/my_robot_interfaces/cmake/rosidl_cmake-extras.cmake
[5.742s] -- Up-to-date: /home/ros2/Desktop/ros2_ws/install/my_robot_interfaces/share/my_robot_interfaces/cmake/ament_cmake_export_include_directories-extras.cmake
[5.743s] -- Up-to-date: /home/ros2/Desktop/ros2_ws/install/my_robot_interfaces/share/my_robot_interfaces/cmake/ament_cmake_export_libraries-extras.cmake
[5.743s] -- Up-to-date: /home/ros2/Desktop/ros2_ws/install/my_robot_interfaces/share/my_robot_interfaces/cmake/ament_cmake_export_targets-extras.cmake
[5.743s] -- Up-to-date: /home/ros2/Desktop/ros2_ws/install/my_robot_interfaces/share/my_robot_interfaces/cmake/rosidl_cmake_export_typesupport_targets-extras.cmake
[5.750s] -- Up-to-date: /home/ros2/Desktop/ros2_ws/install/my_robot_interfaces/share/my_robot_interfaces/cmake/ament_cmake_export_dependencies-extras.cmake
[5.750s] -- Up-to-date: /home/ros2/Desktop/ros2_ws/install/my_robot_interfaces/share/my_robot_interfaces/cmake/rosidl_cmake_export_typesupport_libraries-extras.cmake
[5.750s] -- Up-to-date: /home/ros2/Desktop/ros2_ws/install/my_robot_interfaces/share/my_robot_interfaces/cmake/my_robot_interfacesConfig.cmake
[5.750s] -- Up-to-date: /home/ros2/Desktop/ros2_ws/install/my_robot_interfaces/share/my_robot_interfaces/cmake/my_robot_interfacesConfig-version.cmake
[5.750s] -- Up-to-date: /home/ros2/Desktop/ros2_ws/install/my_robot_interfaces/share/my_robot_interfaces/package.xml
[5.786s] Invoked command in '/home/ros2/Desktop/ros2_ws/build/my_robot_interfaces' returned '0': CMAKE_PREFIX_PATH=${CMAKE_PREFIX_PATH}:/home/ros2/Desktop/ros2_ws/install/my_robot_controller:/home/ros2/ros2_ws/install/my_robot_controller:/opt/ros/humble /usr/bin/cmake --install /home/ros2/Desktop/ros2_ws/build/my_robot_interfaces
