[0.768s] Invoking command in '/home/drone/ros2_ws/src/my_robot_controller': CONDA_PROMPT_MODIFIER=(base) PYTHONPATH=/home/drone/ros2_ws/build/my_robot_controller/prefix_override:/home/drone/ros2_ws/install/my_robot_controller/lib/python3.10/site-packages:${PYTHONPATH} /usr/bin/python3 -W ignore:setup.py install is deprecated setup.py egg_info --egg-base ../../build/my_robot_controller build --build-base /home/drone/ros2_ws/build/my_robot_controller/build install --record /home/drone/ros2_ws/build/my_robot_controller/install.log --single-version-externally-managed install_data
[1.058s] running egg_info
[1.059s] writing ../../build/my_robot_controller/my_robot_controller.egg-info/PKG-INFO
[1.059s] writing dependency_links to ../../build/my_robot_controller/my_robot_controller.egg-info/dependency_links.txt
[1.060s] writing entry points to ../../build/my_robot_controller/my_robot_controller.egg-info/entry_points.txt
[1.060s] writing requirements to ../../build/my_robot_controller/my_robot_controller.egg-info/requires.txt
[1.060s] writing top-level names to ../../build/my_robot_controller/my_robot_controller.egg-info/top_level.txt
[1.062s] reading manifest file '../../build/my_robot_controller/my_robot_controller.egg-info/SOURCES.txt'
[1.063s] writing manifest file '../../build/my_robot_controller/my_robot_controller.egg-info/SOURCES.txt'
[1.063s] running build
[1.064s] running build_py
[1.064s] copying my_robot_controller/crazy_flie_radio_test.py -> /home/drone/ros2_ws/build/my_robot_controller/build/lib/my_robot_controller
[1.064s] running install
[1.064s] running install_lib
[1.065s] copying /home/drone/ros2_ws/build/my_robot_controller/build/lib/my_robot_controller/crazy_flie_radio_test.py -> /home/drone/ros2_ws/install/my_robot_controller/lib/python3.10/site-packages/my_robot_controller
[1.066s] byte-compiling /home/drone/ros2_ws/install/my_robot_controller/lib/python3.10/site-packages/my_robot_controller/crazy_flie_radio_test.py to crazy_flie_radio_test.cpython-310.pyc
[1.067s] running install_data
[1.067s] running install_egg_info
[1.069s] removing '/home/drone/ros2_ws/install/my_robot_controller/lib/python3.10/site-packages/my_robot_controller-0.0.0-py3.10.egg-info' (and everything under it)
[1.070s] Copying ../../build/my_robot_controller/my_robot_controller.egg-info to /home/drone/ros2_ws/install/my_robot_controller/lib/python3.10/site-packages/my_robot_controller-0.0.0-py3.10.egg-info
[1.071s] running install_scripts
[1.095s] Installing crazy_node script to /home/drone/ros2_ws/install/my_robot_controller/lib/my_robot_controller
[1.095s] Installing my_listener script to /home/drone/ros2_ws/install/my_robot_controller/lib/my_robot_controller
[1.095s] Installing my_talker script to /home/drone/ros2_ws/install/my_robot_controller/lib/my_robot_controller
[1.095s] Installing test_node script to /home/drone/ros2_ws/install/my_robot_controller/lib/my_robot_controller
[1.096s] Installing test_node2 script to /home/drone/ros2_ws/install/my_robot_controller/lib/my_robot_controller
[1.096s] writing list of installed files to '/home/drone/ros2_ws/build/my_robot_controller/install.log'
[1.129s] Invoked command in '/home/drone/ros2_ws/src/my_robot_controller' returned '0': CONDA_PROMPT_MODIFIER=(base) PYTHONPATH=/home/drone/ros2_ws/build/my_robot_controller/prefix_override:/home/drone/ros2_ws/install/my_robot_controller/lib/python3.10/site-packages:${PYTHONPATH} /usr/bin/python3 -W ignore:setup.py install is deprecated setup.py egg_info --egg-base ../../build/my_robot_controller build --build-base /home/drone/ros2_ws/build/my_robot_controller/build install --record /home/drone/ros2_ws/build/my_robot_controller/install.log --single-version-externally-managed install_data
