[0.028s] Invoking command in '/home/ros2/Desktop/ros2_ws/build/my_robot_interfaces': CMAKE_PREFIX_PATH=${CMAKE_PREFIX_PATH}:/home/ros2/Desktop/ros2_ws/install/my_robot_controller:/home/ros2/ros2_ws/install/my_robot_controller:/opt/ros/humble /usr/bin/cmake --build /home/ros2/Desktop/ros2_ws/build/my_robot_interfaces -- -j2 -l2
[0.099s] [  3%] Built target my_robot_interfaces__cpp
[0.102s] [ 12%] Built target my_robot_interfaces__rosidl_generator_c
[0.164s] [ 22%] Built target my_robot_interfaces__rosidl_typesupport_fastrtps_c
[0.174s] [ 22%] Built target ament_cmake_python_copy_my_robot_interfaces
[0.205s] [ 32%] Built target my_robot_interfaces__rosidl_typesupport_c
[0.209s] [ 41%] Built target my_robot_interfaces__rosidl_typesupport_introspection_c
[0.251s] [ 51%] Built target my_robot_interfaces__rosidl_typesupport_fastrtps_cpp
[0.262s] [ 61%] Built target my_robot_interfaces__rosidl_typesupport_introspection_cpp
[0.300s] [ 70%] Built target my_robot_interfaces__rosidl_typesupport_cpp
[0.393s] [ 70%] Built target my_robot_interfaces
[0.463s] [ 74%] Built target my_robot_interfaces__py
[0.531s] [ 80%] Built target my_robot_interfaces__rosidl_generator_py
[0.597s] [ 87%] Built target my_robot_interfaces__rosidl_typesupport_fastrtps_c__pyext
[0.667s] [ 93%] Built target my_robot_interfaces__rosidl_typesupport_introspection_c__pyext
[0.697s] [100%] Built target my_robot_interfaces__rosidl_typesupport_c__pyext
[0.997s] running egg_info
[0.999s] writing my_robot_interfaces.egg-info/PKG-INFO
[0.999s] writing dependency_links to my_robot_interfaces.egg-info/dependency_links.txt
[1.001s] writing top-level names to my_robot_interfaces.egg-info/top_level.txt
[1.004s] reading manifest file 'my_robot_interfaces.egg-info/SOURCES.txt'
[1.006s] writing manifest file 'my_robot_interfaces.egg-info/SOURCES.txt'
[1.045s] [100%] Built target ament_cmake_python_build_my_robot_interfaces_egg
[1.067s] Invoked command in '/home/ros2/Desktop/ros2_ws/build/my_robot_interfaces' returned '0': CMAKE_PREFIX_PATH=${CMAKE_PREFIX_PATH}:/home/ros2/Desktop/ros2_ws/install/my_robot_controller:/home/ros2/ros2_ws/install/my_robot_controller:/opt/ros/humble /usr/bin/cmake --build /home/ros2/Desktop/ros2_ws/build/my_robot_interfaces -- -j2 -l2
[1.159s] Invoking command in '/home/ros2/Desktop/ros2_ws/build/my_robot_interfaces': CMAKE_PREFIX_PATH=${CMAKE_PREFIX_PATH}:/home/ros2/Desktop/ros2_ws/install/my_robot_controller:/home/ros2/ros2_ws/install/my_robot_controller:/opt/ros/humble /usr/bin/cmake --install /home/ros2/Desktop/ros2_ws/build/my_robot_interfaces
[1.172s] -- Install configuration: ""
[1.173s] -- Up-to-date: /home/ros2/Desktop/ros2_ws/install/my_robot_interfaces/share/ament_index/resource_index/rosidl_interfaces/my_robot_interfaces
[1.175s] -- Up-to-date: /home/ros2/Desktop/ros2_ws/install/my_robot_interfaces/include/my_robot_interfaces/my_robot_interfaces
[1.177s] -- Up-to-date: /home/ros2/Desktop/ros2_ws/install/my_robot_interfaces/include/my_robot_interfaces/my_robot_interfaces/msg
[1.179s] -- Up-to-date: /home/ros2/Desktop/ros2_ws/install/my_robot_interfaces/include/my_robot_interfaces/my_robot_interfaces/msg/float_two_dimensional_array.h
[1.180s] -- Up-to-date: /home/ros2/Desktop/ros2_ws/install/my_robot_interfaces/include/my_robot_interfaces/my_robot_interfaces/msg/path_planner_points.h
[1.180s] -- Up-to-date: /home/ros2/Desktop/ros2_ws/install/my_robot_interfaces/include/my_robot_interfaces/my_robot_interfaces/msg/detail
[1.182s] -- Up-to-date: /home/ros2/Desktop/ros2_ws/install/my_robot_interfaces/include/my_robot_interfaces/my_robot_interfaces/msg/detail/path_planner_points__functions.c
[1.182s] -- Up-to-date: /home/ros2/Desktop/ros2_ws/install/my_robot_interfaces/include/my_robot_interfaces/my_robot_interfaces/msg/detail/float_two_dimensional_array__struct.h
[1.182s] -- Up-to-date: /home/ros2/Desktop/ros2_ws/install/my_robot_interfaces/include/my_robot_interfaces/my_robot_interfaces/msg/detail/float_two_dimensional_array__type_support.h
[1.182s] -- Up-to-date: /home/ros2/Desktop/ros2_ws/install/my_robot_interfaces/include/my_robot_interfaces/my_robot_interfaces/msg/detail/path_planner_points__struct.h
[1.182s] -- Up-to-date: /home/ros2/Desktop/ros2_ws/install/my_robot_interfaces/include/my_robot_interfaces/my_robot_interfaces/msg/detail/path_planner_points__type_support.h
[1.182s] -- Up-to-date: /home/ros2/Desktop/ros2_ws/install/my_robot_interfaces/include/my_robot_interfaces/my_robot_interfaces/msg/detail/float_two_dimensional_array__functions.h
[1.193s] -- Up-to-date: /home/ros2/Desktop/ros2_ws/install/my_robot_interfaces/include/my_robot_interfaces/my_robot_interfaces/msg/detail/path_planner_points__functions.h
[1.193s] -- Up-to-date: /home/ros2/Desktop/ros2_ws/install/my_robot_interfaces/include/my_robot_interfaces/my_robot_interfaces/msg/detail/float_two_dimensional_array__functions.c
[1.193s] -- Up-to-date: /home/ros2/Desktop/ros2_ws/install/my_robot_interfaces/include/my_robot_interfaces/my_robot_interfaces/msg/rosidl_generator_c__visibility_control.h
[1.194s] -- Up-to-date: /home/ros2/Desktop/ros2_ws/install/my_robot_interfaces/share/my_robot_interfaces/environment/library_path.sh
[1.194s] -- Up-to-date: /home/ros2/Desktop/ros2_ws/install/my_robot_interfaces/share/my_robot_interfaces/environment/library_path.dsv
[1.194s] -- Up-to-date: /home/ros2/Desktop/ros2_ws/install/my_robot_interfaces/lib/libmy_robot_interfaces__rosidl_generator_c.so
[1.194s] -- Up-to-date: /home/ros2/Desktop/ros2_ws/install/my_robot_interfaces/include/my_robot_interfaces/my_robot_interfaces
[1.194s] -- Up-to-date: /home/ros2/Desktop/ros2_ws/install/my_robot_interfaces/include/my_robot_interfaces/my_robot_interfaces/msg
[1.194s] -- Up-to-date: /home/ros2/Desktop/ros2_ws/install/my_robot_interfaces/include/my_robot_interfaces/my_robot_interfaces/msg/detail
[1.194s] -- Up-to-date: /home/ros2/Desktop/ros2_ws/install/my_robot_interfaces/include/my_robot_interfaces/my_robot_interfaces/msg/detail/float_two_dimensional_array__rosidl_typesupport_fastrtps_c.h
[1.194s] -- Up-to-date: /home/ros2/Desktop/ros2_ws/install/my_robot_interfaces/include/my_robot_interfaces/my_robot_interfaces/msg/detail/path_planner_points__rosidl_typesupport_fastrtps_c.h
[1.195s] -- Up-to-date: /home/ros2/Desktop/ros2_ws/install/my_robot_interfaces/include/my_robot_interfaces/my_robot_interfaces/msg/rosidl_typesupport_fastrtps_c__visibility_control.h
[1.195s] -- Up-to-date: /home/ros2/Desktop/ros2_ws/install/my_robot_interfaces/lib/libmy_robot_interfaces__rosidl_typesupport_fastrtps_c.so
[1.195s] -- Up-to-date: /home/ros2/Desktop/ros2_ws/install/my_robot_interfaces/include/my_robot_interfaces/my_robot_interfaces
[1.195s] -- Up-to-date: /home/ros2/Desktop/ros2_ws/install/my_robot_interfaces/include/my_robot_interfaces/my_robot_interfaces/msg
[1.195s] -- Up-to-date: /home/ros2/Desktop/ros2_ws/install/my_robot_interfaces/include/my_robot_interfaces/my_robot_interfaces/msg/rosidl_typesupport_introspection_c__visibility_control.h
[1.195s] -- Up-to-date: /home/ros2/Desktop/ros2_ws/install/my_robot_interfaces/include/my_robot_interfaces/my_robot_interfaces/msg/detail
[1.195s] -- Up-to-date: /home/ros2/Desktop/ros2_ws/install/my_robot_interfaces/include/my_robot_interfaces/my_robot_interfaces/msg/detail/float_two_dimensional_array__rosidl_typesupport_introspection_c.h
[1.196s] -- Up-to-date: /home/ros2/Desktop/ros2_ws/install/my_robot_interfaces/include/my_robot_interfaces/my_robot_interfaces/msg/detail/path_planner_points__rosidl_typesupport_introspection_c.h
[1.196s] -- Up-to-date: /home/ros2/Desktop/ros2_ws/install/my_robot_interfaces/include/my_robot_interfaces/my_robot_interfaces/msg/detail/path_planner_points__type_support.c
[1.196s] -- Up-to-date: /home/ros2/Desktop/ros2_ws/install/my_robot_interfaces/include/my_robot_interfaces/my_robot_interfaces/msg/detail/float_two_dimensional_array__type_support.c
[1.196s] -- Up-to-date: /home/ros2/Desktop/ros2_ws/install/my_robot_interfaces/lib/libmy_robot_interfaces__rosidl_typesupport_introspection_c.so
[1.196s] -- Up-to-date: /home/ros2/Desktop/ros2_ws/install/my_robot_interfaces/lib/libmy_robot_interfaces__rosidl_typesupport_c.so
[1.196s] -- Up-to-date: /home/ros2/Desktop/ros2_ws/install/my_robot_interfaces/include/my_robot_interfaces/my_robot_interfaces
[1.196s] -- Up-to-date: /home/ros2/Desktop/ros2_ws/install/my_robot_interfaces/include/my_robot_interfaces/my_robot_interfaces/msg
[1.196s] -- Up-to-date: /home/ros2/Desktop/ros2_ws/install/my_robot_interfaces/include/my_robot_interfaces/my_robot_interfaces/msg/float_two_dimensional_array.hpp
[1.197s] -- Up-to-date: /home/ros2/Desktop/ros2_ws/install/my_robot_interfaces/include/my_robot_interfaces/my_robot_interfaces/msg/path_planner_points.hpp
[1.197s] -- Up-to-date: /home/ros2/Desktop/ros2_ws/install/my_robot_interfaces/include/my_robot_interfaces/my_robot_interfaces/msg/detail
[1.197s] -- Up-to-date: /home/ros2/Desktop/ros2_ws/install/my_robot_interfaces/include/my_robot_interfaces/my_robot_interfaces/msg/detail/float_two_dimensional_array__traits.hpp
[1.197s] -- Up-to-date: /home/ros2/Desktop/ros2_ws/install/my_robot_interfaces/include/my_robot_interfaces/my_robot_interfaces/msg/detail/path_planner_points__traits.hpp
[1.197s] -- Up-to-date: /home/ros2/Desktop/ros2_ws/install/my_robot_interfaces/include/my_robot_interfaces/my_robot_interfaces/msg/detail/float_two_dimensional_array__struct.hpp
[1.197s] -- Up-to-date: /home/ros2/Desktop/ros2_ws/install/my_robot_interfaces/include/my_robot_interfaces/my_robot_interfaces/msg/detail/path_planner_points__builder.hpp
[1.197s] -- Up-to-date: /home/ros2/Desktop/ros2_ws/install/my_robot_interfaces/include/my_robot_interfaces/my_robot_interfaces/msg/detail/path_planner_points__struct.hpp
[1.197s] -- Up-to-date: /home/ros2/Desktop/ros2_ws/install/my_robot_interfaces/include/my_robot_interfaces/my_robot_interfaces/msg/detail/float_two_dimensional_array__builder.hpp
[1.198s] -- Up-to-date: /home/ros2/Desktop/ros2_ws/install/my_robot_interfaces/include/my_robot_interfaces/my_robot_interfaces
[1.198s] -- Up-to-date: /home/ros2/Desktop/ros2_ws/install/my_robot_interfaces/include/my_robot_interfaces/my_robot_interfaces/msg
[1.198s] -- Up-to-date: /home/ros2/Desktop/ros2_ws/install/my_robot_interfaces/include/my_robot_interfaces/my_robot_interfaces/msg/rosidl_typesupport_fastrtps_cpp__visibility_control.h
[1.198s] -- Up-to-date: /home/ros2/Desktop/ros2_ws/install/my_robot_interfaces/include/my_robot_interfaces/my_robot_interfaces/msg/detail
[1.199s] -- Up-to-date: /home/ros2/Desktop/ros2_ws/install/my_robot_interfaces/include/my_robot_interfaces/my_robot_interfaces/msg/detail/float_two_dimensional_array__rosidl_typesupport_fastrtps_cpp.hpp
[1.199s] -- Up-to-date: /home/ros2/Desktop/ros2_ws/install/my_robot_interfaces/include/my_robot_interfaces/my_robot_interfaces/msg/detail/path_planner_points__rosidl_typesupport_fastrtps_cpp.hpp
[1.199s] -- Up-to-date: /home/ros2/Desktop/ros2_ws/install/my_robot_interfaces/include/my_robot_interfaces/my_robot_interfaces/msg/detail/dds_fastrtps
[1.199s] -- Up-to-date: /home/ros2/Desktop/ros2_ws/install/my_robot_interfaces/lib/libmy_robot_interfaces__rosidl_typesupport_fastrtps_cpp.so
[1.199s] -- Up-to-date: /home/ros2/Desktop/ros2_ws/install/my_robot_interfaces/include/my_robot_interfaces/my_robot_interfaces
[1.199s] -- Up-to-date: /home/ros2/Desktop/ros2_ws/install/my_robot_interfaces/include/my_robot_interfaces/my_robot_interfaces/msg
[1.199s] -- Up-to-date: /home/ros2/Desktop/ros2_ws/install/my_robot_interfaces/include/my_robot_interfaces/my_robot_interfaces/msg/detail
[1.199s] -- Up-to-date: /home/ros2/Desktop/ros2_ws/install/my_robot_interfaces/include/my_robot_interfaces/my_robot_interfaces/msg/detail/float_two_dimensional_array__rosidl_typesupport_introspection_cpp.hpp
[1.199s] -- Up-to-date: /home/ros2/Desktop/ros2_ws/install/my_robot_interfaces/include/my_robot_interfaces/my_robot_interfaces/msg/detail/float_two_dimensional_array__type_support.cpp
[1.199s] -- Up-to-date: /home/ros2/Desktop/ros2_ws/install/my_robot_interfaces/include/my_robot_interfaces/my_robot_interfaces/msg/detail/path_planner_points__rosidl_typesupport_introspection_cpp.hpp
[1.200s] -- Up-to-date: /home/ros2/Desktop/ros2_ws/install/my_robot_interfaces/include/my_robot_interfaces/my_robot_interfaces/msg/detail/path_planner_points__type_support.cpp
[1.200s] -- Up-to-date: /home/ros2/Desktop/ros2_ws/install/my_robot_interfaces/lib/libmy_robot_interfaces__rosidl_typesupport_introspection_cpp.so
[1.200s] -- Up-to-date: /home/ros2/Desktop/ros2_ws/install/my_robot_interfaces/lib/libmy_robot_interfaces__rosidl_typesupport_cpp.so
[1.200s] -- Up-to-date: /home/ros2/Desktop/ros2_ws/install/my_robot_interfaces/share/my_robot_interfaces/environment/pythonpath.sh
[1.200s] -- Up-to-date: /home/ros2/Desktop/ros2_ws/install/my_robot_interfaces/share/my_robot_interfaces/environment/pythonpath.dsv
[1.200s] -- Up-to-date: /home/ros2/Desktop/ros2_ws/install/my_robot_interfaces/local/lib/python3.10/dist-packages/my_robot_interfaces-0.0.0-py3.10.egg-info
[1.200s] -- Installing: /home/ros2/Desktop/ros2_ws/install/my_robot_interfaces/local/lib/python3.10/dist-packages/my_robot_interfaces-0.0.0-py3.10.egg-info/SOURCES.txt
[1.200s] -- Installing: /home/ros2/Desktop/ros2_ws/install/my_robot_interfaces/local/lib/python3.10/dist-packages/my_robot_interfaces-0.0.0-py3.10.egg-info/dependency_links.txt
[1.201s] -- Installing: /home/ros2/Desktop/ros2_ws/install/my_robot_interfaces/local/lib/python3.10/dist-packages/my_robot_interfaces-0.0.0-py3.10.egg-info/top_level.txt
[1.201s] -- Installing: /home/ros2/Desktop/ros2_ws/install/my_robot_interfaces/local/lib/python3.10/dist-packages/my_robot_interfaces-0.0.0-py3.10.egg-info/PKG-INFO
[1.201s] -- Up-to-date: /home/ros2/Desktop/ros2_ws/install/my_robot_interfaces/local/lib/python3.10/dist-packages/my_robot_interfaces
[1.201s] -- Up-to-date: /home/ros2/Desktop/ros2_ws/install/my_robot_interfaces/local/lib/python3.10/dist-packages/my_robot_interfaces/_my_robot_interfaces_s.ep.rosidl_typesupport_fastrtps_c.c
[1.201s] -- Up-to-date: /home/ros2/Desktop/ros2_ws/install/my_robot_interfaces/local/lib/python3.10/dist-packages/my_robot_interfaces/my_robot_interfaces_s__rosidl_typesupport_fastrtps_c.cpython-310-x86_64-linux-gnu.so
[1.201s] -- Up-to-date: /home/ros2/Desktop/ros2_ws/install/my_robot_interfaces/local/lib/python3.10/dist-packages/my_robot_interfaces/libmy_robot_interfaces__rosidl_generator_py.so
[1.201s] -- Up-to-date: /home/ros2/Desktop/ros2_ws/install/my_robot_interfaces/local/lib/python3.10/dist-packages/my_robot_interfaces/msg
[1.201s] -- Up-to-date: /home/ros2/Desktop/ros2_ws/install/my_robot_interfaces/local/lib/python3.10/dist-packages/my_robot_interfaces/msg/_path_planner_points.py
[1.202s] -- Up-to-date: /home/ros2/Desktop/ros2_ws/install/my_robot_interfaces/local/lib/python3.10/dist-packages/my_robot_interfaces/msg/__init__.py
[1.202s] -- Up-to-date: /home/ros2/Desktop/ros2_ws/install/my_robot_interfaces/local/lib/python3.10/dist-packages/my_robot_interfaces/msg/_float_two_dimensional_array_s.c
[1.202s] -- Up-to-date: /home/ros2/Desktop/ros2_ws/install/my_robot_interfaces/local/lib/python3.10/dist-packages/my_robot_interfaces/msg/_path_planner_points_s.c
[1.202s] -- Up-to-date: /home/ros2/Desktop/ros2_ws/install/my_robot_interfaces/local/lib/python3.10/dist-packages/my_robot_interfaces/msg/_float_two_dimensional_array.py
[1.202s] -- Up-to-date: /home/ros2/Desktop/ros2_ws/install/my_robot_interfaces/local/lib/python3.10/dist-packages/my_robot_interfaces/my_robot_interfaces_s__rosidl_typesupport_introspection_c.cpython-310-x86_64-linux-gnu.so
[1.202s] -- Up-to-date: /home/ros2/Desktop/ros2_ws/install/my_robot_interfaces/local/lib/python3.10/dist-packages/my_robot_interfaces/__init__.py
[1.202s] -- Up-to-date: /home/ros2/Desktop/ros2_ws/install/my_robot_interfaces/local/lib/python3.10/dist-packages/my_robot_interfaces/_my_robot_interfaces_s.ep.rosidl_typesupport_introspection_c.c
[1.202s] -- Up-to-date: /home/ros2/Desktop/ros2_ws/install/my_robot_interfaces/local/lib/python3.10/dist-packages/my_robot_interfaces/my_robot_interfaces_s__rosidl_typesupport_c.cpython-310-x86_64-linux-gnu.so
[1.202s] -- Up-to-date: /home/ros2/Desktop/ros2_ws/install/my_robot_interfaces/local/lib/python3.10/dist-packages/my_robot_interfaces/_my_robot_interfaces_s.ep.rosidl_typesupport_c.c
[1.260s] Listing '/home/ros2/Desktop/ros2_ws/install/my_robot_interfaces/local/lib/python3.10/dist-packages/my_robot_interfaces'...
[1.260s] Listing '/home/ros2/Desktop/ros2_ws/install/my_robot_interfaces/local/lib/python3.10/dist-packages/my_robot_interfaces/msg'...
[1.268s] -- Up-to-date: /home/ros2/Desktop/ros2_ws/install/my_robot_interfaces/local/lib/python3.10/dist-packages/my_robot_interfaces/my_robot_interfaces_s__rosidl_typesupport_fastrtps_c.cpython-310-x86_64-linux-gnu.so
[1.269s] -- Up-to-date: /home/ros2/Desktop/ros2_ws/install/my_robot_interfaces/local/lib/python3.10/dist-packages/my_robot_interfaces/my_robot_interfaces_s__rosidl_typesupport_introspection_c.cpython-310-x86_64-linux-gnu.so
[1.269s] -- Up-to-date: /home/ros2/Desktop/ros2_ws/install/my_robot_interfaces/local/lib/python3.10/dist-packages/my_robot_interfaces/my_robot_interfaces_s__rosidl_typesupport_c.cpython-310-x86_64-linux-gnu.so
[1.270s] -- Up-to-date: /home/ros2/Desktop/ros2_ws/install/my_robot_interfaces/lib/libmy_robot_interfaces__rosidl_generator_py.so
[1.270s] -- Up-to-date: /home/ros2/Desktop/ros2_ws/install/my_robot_interfaces/share/my_robot_interfaces/msg/PathPlannerPoints.idl
[1.271s] -- Up-to-date: /home/ros2/Desktop/ros2_ws/install/my_robot_interfaces/share/my_robot_interfaces/msg/PathPlannerPoints.msg
[1.271s] -- Up-to-date: /home/ros2/Desktop/ros2_ws/install/my_robot_interfaces/share/ament_index/resource_index/package_run_dependencies/my_robot_interfaces
[1.271s] -- Up-to-date: /home/ros2/Desktop/ros2_ws/install/my_robot_interfaces/share/ament_index/resource_index/parent_prefix_path/my_robot_interfaces
[1.272s] -- Up-to-date: /home/ros2/Desktop/ros2_ws/install/my_robot_interfaces/share/my_robot_interfaces/environment/ament_prefix_path.sh
[1.272s] -- Up-to-date: /home/ros2/Desktop/ros2_ws/install/my_robot_interfaces/share/my_robot_interfaces/environment/ament_prefix_path.dsv
[1.272s] -- Up-to-date: /home/ros2/Desktop/ros2_ws/install/my_robot_interfaces/share/my_robot_interfaces/environment/path.sh
[1.273s] -- Up-to-date: /home/ros2/Desktop/ros2_ws/install/my_robot_interfaces/share/my_robot_interfaces/environment/path.dsv
[1.273s] -- Up-to-date: /home/ros2/Desktop/ros2_ws/install/my_robot_interfaces/share/my_robot_interfaces/local_setup.bash
[1.273s] -- Up-to-date: /home/ros2/Desktop/ros2_ws/install/my_robot_interfaces/share/my_robot_interfaces/local_setup.sh
[1.274s] -- Up-to-date: /home/ros2/Desktop/ros2_ws/install/my_robot_interfaces/share/my_robot_interfaces/local_setup.zsh
[1.274s] -- Up-to-date: /home/ros2/Desktop/ros2_ws/install/my_robot_interfaces/share/my_robot_interfaces/local_setup.dsv
[1.274s] -- Installing: /home/ros2/Desktop/ros2_ws/install/my_robot_interfaces/share/my_robot_interfaces/package.dsv
[1.275s] -- Up-to-date: /home/ros2/Desktop/ros2_ws/install/my_robot_interfaces/share/ament_index/resource_index/packages/my_robot_interfaces
[1.275s] -- Up-to-date: /home/ros2/Desktop/ros2_ws/install/my_robot_interfaces/share/my_robot_interfaces/cmake/export_my_robot_interfaces__rosidl_generator_cExport.cmake
[1.275s] -- Up-to-date: /home/ros2/Desktop/ros2_ws/install/my_robot_interfaces/share/my_robot_interfaces/cmake/export_my_robot_interfaces__rosidl_generator_cExport-noconfig.cmake
[1.276s] -- Up-to-date: /home/ros2/Desktop/ros2_ws/install/my_robot_interfaces/share/my_robot_interfaces/cmake/export_my_robot_interfaces__rosidl_typesupport_fastrtps_cExport.cmake
[1.276s] -- Up-to-date: /home/ros2/Desktop/ros2_ws/install/my_robot_interfaces/share/my_robot_interfaces/cmake/export_my_robot_interfaces__rosidl_typesupport_fastrtps_cExport-noconfig.cmake
[1.282s] -- Up-to-date: /home/ros2/Desktop/ros2_ws/install/my_robot_interfaces/share/my_robot_interfaces/cmake/my_robot_interfaces__rosidl_typesupport_introspection_cExport.cmake
[1.282s] -- Up-to-date: /home/ros2/Desktop/ros2_ws/install/my_robot_interfaces/share/my_robot_interfaces/cmake/my_robot_interfaces__rosidl_typesupport_introspection_cExport-noconfig.cmake
[1.282s] -- Up-to-date: /home/ros2/Desktop/ros2_ws/install/my_robot_interfaces/share/my_robot_interfaces/cmake/my_robot_interfaces__rosidl_typesupport_cExport.cmake
[1.283s] -- Up-to-date: /home/ros2/Desktop/ros2_ws/install/my_robot_interfaces/share/my_robot_interfaces/cmake/my_robot_interfaces__rosidl_typesupport_cExport-noconfig.cmake
[1.286s] -- Up-to-date: /home/ros2/Desktop/ros2_ws/install/my_robot_interfaces/share/my_robot_interfaces/cmake/export_my_robot_interfaces__rosidl_generator_cppExport.cmake
[1.286s] -- Up-to-date: /home/ros2/Desktop/ros2_ws/install/my_robot_interfaces/share/my_robot_interfaces/cmake/export_my_robot_interfaces__rosidl_typesupport_fastrtps_cppExport.cmake
[1.286s] -- Up-to-date: /home/ros2/Desktop/ros2_ws/install/my_robot_interfaces/share/my_robot_interfaces/cmake/export_my_robot_interfaces__rosidl_typesupport_fastrtps_cppExport-noconfig.cmake
[1.287s] -- Up-to-date: /home/ros2/Desktop/ros2_ws/install/my_robot_interfaces/share/my_robot_interfaces/cmake/my_robot_interfaces__rosidl_typesupport_introspection_cppExport.cmake
[1.287s] -- Up-to-date: /home/ros2/Desktop/ros2_ws/install/my_robot_interfaces/share/my_robot_interfaces/cmake/my_robot_interfaces__rosidl_typesupport_introspection_cppExport-noconfig.cmake
[1.287s] -- Up-to-date: /home/ros2/Desktop/ros2_ws/install/my_robot_interfaces/share/my_robot_interfaces/cmake/my_robot_interfaces__rosidl_typesupport_cppExport.cmake
[1.288s] -- Up-to-date: /home/ros2/Desktop/ros2_ws/install/my_robot_interfaces/share/my_robot_interfaces/cmake/my_robot_interfaces__rosidl_typesupport_cppExport-noconfig.cmake
[1.288s] -- Up-to-date: /home/ros2/Desktop/ros2_ws/install/my_robot_interfaces/share/my_robot_interfaces/cmake/export_my_robot_interfaces__rosidl_generator_pyExport.cmake
[1.288s] -- Up-to-date: /home/ros2/Desktop/ros2_ws/install/my_robot_interfaces/share/my_robot_interfaces/cmake/export_my_robot_interfaces__rosidl_generator_pyExport-noconfig.cmake
[1.289s] -- Up-to-date: /home/ros2/Desktop/ros2_ws/install/my_robot_interfaces/share/my_robot_interfaces/cmake/rosidl_cmake-extras.cmake
[1.289s] -- Up-to-date: /home/ros2/Desktop/ros2_ws/install/my_robot_interfaces/share/my_robot_interfaces/cmake/ament_cmake_export_include_directories-extras.cmake
[1.289s] -- Up-to-date: /home/ros2/Desktop/ros2_ws/install/my_robot_interfaces/share/my_robot_interfaces/cmake/ament_cmake_export_libraries-extras.cmake
[1.294s] -- Up-to-date: /home/ros2/Desktop/ros2_ws/install/my_robot_interfaces/share/my_robot_interfaces/cmake/ament_cmake_export_targets-extras.cmake
[1.294s] -- Up-to-date: /home/ros2/Desktop/ros2_ws/install/my_robot_interfaces/share/my_robot_interfaces/cmake/rosidl_cmake_export_typesupport_targets-extras.cmake
[1.294s] -- Up-to-date: /home/ros2/Desktop/ros2_ws/install/my_robot_interfaces/share/my_robot_interfaces/cmake/ament_cmake_export_dependencies-extras.cmake
[1.295s] -- Up-to-date: /home/ros2/Desktop/ros2_ws/install/my_robot_interfaces/share/my_robot_interfaces/cmake/rosidl_cmake_export_typesupport_libraries-extras.cmake
[1.295s] -- Up-to-date: /home/ros2/Desktop/ros2_ws/install/my_robot_interfaces/share/my_robot_interfaces/cmake/my_robot_interfacesConfig.cmake
[1.295s] -- Up-to-date: /home/ros2/Desktop/ros2_ws/install/my_robot_interfaces/share/my_robot_interfaces/cmake/my_robot_interfacesConfig-version.cmake
[1.295s] -- Up-to-date: /home/ros2/Desktop/ros2_ws/install/my_robot_interfaces/share/my_robot_interfaces/package.xml
[1.307s] Invoked command in '/home/ros2/Desktop/ros2_ws/build/my_robot_interfaces' returned '0': CMAKE_PREFIX_PATH=${CMAKE_PREFIX_PATH}:/home/ros2/Desktop/ros2_ws/install/my_robot_controller:/home/ros2/ros2_ws/install/my_robot_controller:/opt/ros/humble /usr/bin/cmake --install /home/ros2/Desktop/ros2_ws/build/my_robot_interfaces
