[0.020s] Invoking command in '/home/drone/Documents/GitHub/RosMigration_ws/build/my_robot_interfaces': CMAKE_PREFIX_PATH=${CMAKE_PREFIX_PATH}:/home/drone/Documents/GitHub/AAU_P4_MONITOR_DRONE/ros2_ws/install/my_robot_controller:/opt/ros/humble /usr/bin/cmake --build /home/drone/Documents/GitHub/RosMigration_ws/build/my_robot_interfaces -- -j4 -l4
[0.054s] -- Found ament_cmake: 1.3.8 (/opt/ros/humble/share/ament_cmake/cmake)
[0.312s] -- Found rosidl_default_generators: 1.2.0 (/opt/ros/humble/share/rosidl_default_generators/cmake)
[0.316s] -- Using all available rosidl_typesupport_c: rosidl_typesupport_fastrtps_c;rosidl_typesupport_introspection_c
[0.323s] -- Found rosidl_adapter: 3.1.5 (/opt/ros/humble/share/rosidl_adapter/cmake)
[0.380s] -- Using all available rosidl_typesupport_cpp: rosidl_typesupport_fastrtps_cpp;rosidl_typesupport_introspection_cpp
[0.812s] -- Found ament_cmake_ros: 0.10.0 (/opt/ros/humble/share/ament_cmake_ros/cmake)
[1.087s] -- Using all available rosidl_typesupport_c: rosidl_typesupport_fastrtps_c;rosidl_typesupport_introspection_c
[1.423s] -- Using all available rosidl_typesupport_cpp: rosidl_typesupport_fastrtps_cpp;rosidl_typesupport_introspection_cpp
[1.455s] -- Found python_cmake_module: 0.10.0 (/opt/ros/humble/share/python_cmake_module/cmake)
[1.487s] -- Using PYTHON_EXECUTABLE: /usr/bin/python3
[1.487s] -- Using PYTHON_INCLUDE_DIRS: /usr/include/python3.10
[1.488s] -- Using PYTHON_LIBRARIES: /usr/lib/x86_64-linux-gnu/libpython3.10.so
[1.511s] -- Found ament_lint_auto: 0.12.10 (/opt/ros/humble/share/ament_lint_auto/cmake)
[1.528s] -- Added test 'lint_cmake' to check CMake code style
[1.530s] -- Added test 'xmllint' to check XML markup files
[1.534s] -- Configuring done
[1.590s] -- Generating done
[1.595s] -- Build files have been written to: /home/drone/Documents/GitHub/RosMigration_ws/build/my_robot_interfaces
[1.645s] [35m[1mConsolidate compiler generated dependencies of target my_robot_interfaces__rosidl_generator_c[0m
[1.686s] [  2%] [32m[1mLinking C shared library libmy_robot_interfaces__rosidl_generator_c.so[0m
[1.703s] [  5%] Built target my_robot_interfaces__cpp
[1.704s] [  5%] Built target ament_cmake_python_copy_my_robot_interfaces
[1.742s] [35m[1mConsolidate compiler generated dependencies of target my_robot_interfaces__rosidl_typesupport_introspection_cpp[0m
[1.753s] [35m[1mConsolidate compiler generated dependencies of target my_robot_interfaces__rosidl_typesupport_fastrtps_cpp[0m
[1.781s] [35m[1mConsolidate compiler generated dependencies of target my_robot_interfaces__rosidl_typesupport_cpp[0m
[1.801s] [  7%] [32m[1mLinking CXX shared library libmy_robot_interfaces__rosidl_typesupport_fastrtps_cpp.so[0m
[1.816s] [ 10%] [32m[1mLinking CXX shared library libmy_robot_interfaces__rosidl_typesupport_introspection_cpp.so[0m
[1.833s] [ 12%] [32m[1mLinking CXX shared library libmy_robot_interfaces__rosidl_typesupport_cpp.so[0m
[1.837s] [ 20%] Built target my_robot_interfaces__rosidl_generator_c
[2.014s] [ 28%] Built target my_robot_interfaces__rosidl_typesupport_cpp
[2.066s] [35m[1mConsolidate compiler generated dependencies of target my_robot_interfaces__rosidl_typesupport_fastrtps_c[0m
[2.076s] [ 35%] Built target my_robot_interfaces__rosidl_typesupport_fastrtps_cpp
[2.083s] [ 43%] Built target my_robot_interfaces__rosidl_typesupport_introspection_cpp
[2.118s] [35m[1mConsolidate compiler generated dependencies of target my_robot_interfaces__rosidl_typesupport_c[0m
[2.119s] [35m[1mConsolidate compiler generated dependencies of target my_robot_interfaces__rosidl_typesupport_introspection_c[0m
[2.129s] [ 46%] [32m[1mLinking CXX shared library libmy_robot_interfaces__rosidl_typesupport_fastrtps_c.so[0m
[2.146s] [ 48%] [32m[1mLinking CXX shared library libmy_robot_interfaces__rosidl_typesupport_c.so[0m
[2.169s] [ 51%] [32m[1mLinking C shared library libmy_robot_interfaces__rosidl_typesupport_introspection_c.so[0m
[2.277s] [ 58%] Built target my_robot_interfaces__rosidl_typesupport_c
[2.302s] [ 66%] Built target my_robot_interfaces__rosidl_typesupport_introspection_c
[2.381s] [ 74%] Built target my_robot_interfaces__rosidl_typesupport_fastrtps_c
[2.426s] [ 74%] Built target my_robot_interfaces
[2.449s] running egg_info
[2.450s] writing my_robot_interfaces.egg-info/PKG-INFO
[2.451s] writing dependency_links to my_robot_interfaces.egg-info/dependency_links.txt
[2.451s] writing top-level names to my_robot_interfaces.egg-info/top_level.txt
[2.455s] reading manifest file 'my_robot_interfaces.egg-info/SOURCES.txt'
[2.458s] writing manifest file 'my_robot_interfaces.egg-info/SOURCES.txt'
[2.468s] [ 76%] Built target my_robot_interfaces__py
[2.509s] [ 76%] Built target ament_cmake_python_build_my_robot_interfaces_egg
[2.509s] [35m[1mConsolidate compiler generated dependencies of target my_robot_interfaces__rosidl_generator_py[0m
[2.536s] [ 79%] [32m[1mLinking C shared library rosidl_generator_py/my_robot_interfaces/libmy_robot_interfaces__rosidl_generator_py.so[0m
[2.604s] [ 84%] Built target my_robot_interfaces__rosidl_generator_py
[2.628s] [35m[1mConsolidate compiler generated dependencies of target my_robot_interfaces__rosidl_typesupport_introspection_c__pyext[0m
[2.632s] [35m[1mConsolidate compiler generated dependencies of target my_robot_interfaces__rosidl_typesupport_c__pyext[0m
[2.658s] [35m[1mConsolidate compiler generated dependencies of target my_robot_interfaces__rosidl_typesupport_fastrtps_c__pyext[0m
[2.661s] [ 87%] [32m[1mLinking C shared library rosidl_generator_py/my_robot_interfaces/my_robot_interfaces_s__rosidl_typesupport_introspection_c.cpython-310-x86_64-linux-gnu.so[0m
[2.671s] [ 89%] [32m[1mLinking C shared library rosidl_generator_py/my_robot_interfaces/my_robot_interfaces_s__rosidl_typesupport_c.cpython-310-x86_64-linux-gnu.so[0m
[2.701s] [ 92%] [32m[1mLinking C shared library rosidl_generator_py/my_robot_interfaces/my_robot_interfaces_s__rosidl_typesupport_fastrtps_c.cpython-310-x86_64-linux-gnu.so[0m
[2.742s] [ 94%] Built target my_robot_interfaces__rosidl_typesupport_c__pyext
[2.749s] [ 97%] Built target my_robot_interfaces__rosidl_typesupport_introspection_c__pyext
[2.770s] [100%] Built target my_robot_interfaces__rosidl_typesupport_fastrtps_c__pyext
[2.794s] Invoked command in '/home/drone/Documents/GitHub/RosMigration_ws/build/my_robot_interfaces' returned '0': CMAKE_PREFIX_PATH=${CMAKE_PREFIX_PATH}:/home/drone/Documents/GitHub/AAU_P4_MONITOR_DRONE/ros2_ws/install/my_robot_controller:/opt/ros/humble /usr/bin/cmake --build /home/drone/Documents/GitHub/RosMigration_ws/build/my_robot_interfaces -- -j4 -l4
[2.916s] Invoking command in '/home/drone/Documents/GitHub/RosMigration_ws/build/my_robot_interfaces': CMAKE_PREFIX_PATH=${CMAKE_PREFIX_PATH}:/home/drone/Documents/GitHub/AAU_P4_MONITOR_DRONE/ros2_ws/install/my_robot_controller:/opt/ros/humble /usr/bin/cmake --install /home/drone/Documents/GitHub/RosMigration_ws/build/my_robot_interfaces
[2.927s] -- Install configuration: ""
[2.927s] -- Installing: /home/drone/Documents/GitHub/RosMigration_ws/install/my_robot_interfaces/share/ament_index/resource_index/rosidl_interfaces/my_robot_interfaces
[2.932s] -- Up-to-date: /home/drone/Documents/GitHub/RosMigration_ws/install/my_robot_interfaces/include/my_robot_interfaces/my_robot_interfaces
[2.932s] -- Up-to-date: /home/drone/Documents/GitHub/RosMigration_ws/install/my_robot_interfaces/include/my_robot_interfaces/my_robot_interfaces/srv
[2.932s] -- Up-to-date: /home/drone/Documents/GitHub/RosMigration_ws/install/my_robot_interfaces/include/my_robot_interfaces/my_robot_interfaces/srv/stop_publish_path.h
[2.932s] -- Up-to-date: /home/drone/Documents/GitHub/RosMigration_ws/install/my_robot_interfaces/include/my_robot_interfaces/my_robot_interfaces/srv/detail
[2.932s] -- Up-to-date: /home/drone/Documents/GitHub/RosMigration_ws/install/my_robot_interfaces/include/my_robot_interfaces/my_robot_interfaces/srv/detail/stop_publish_path__struct.h
[2.933s] -- Up-to-date: /home/drone/Documents/GitHub/RosMigration_ws/install/my_robot_interfaces/include/my_robot_interfaces/my_robot_interfaces/srv/detail/stop_publish_path__functions.h
[2.933s] -- Up-to-date: /home/drone/Documents/GitHub/RosMigration_ws/install/my_robot_interfaces/include/my_robot_interfaces/my_robot_interfaces/srv/detail/stop_publish_path__functions.c
[2.933s] -- Up-to-date: /home/drone/Documents/GitHub/RosMigration_ws/install/my_robot_interfaces/include/my_robot_interfaces/my_robot_interfaces/srv/detail/stop_publish_path__type_support.h
[2.933s] -- Up-to-date: /home/drone/Documents/GitHub/RosMigration_ws/install/my_robot_interfaces/include/my_robot_interfaces/my_robot_interfaces/msg
[2.933s] -- Up-to-date: /home/drone/Documents/GitHub/RosMigration_ws/install/my_robot_interfaces/include/my_robot_interfaces/my_robot_interfaces/msg/detail
[2.934s] -- Up-to-date: /home/drone/Documents/GitHub/RosMigration_ws/install/my_robot_interfaces/include/my_robot_interfaces/my_robot_interfaces/msg/detail/path_planner_points__type_support.h
[2.934s] -- Up-to-date: /home/drone/Documents/GitHub/RosMigration_ws/install/my_robot_interfaces/include/my_robot_interfaces/my_robot_interfaces/msg/detail/path_planner_points__functions.c
[2.934s] -- Up-to-date: /home/drone/Documents/GitHub/RosMigration_ws/install/my_robot_interfaces/include/my_robot_interfaces/my_robot_interfaces/msg/detail/path_planner_points__functions.h
[2.934s] -- Up-to-date: /home/drone/Documents/GitHub/RosMigration_ws/install/my_robot_interfaces/include/my_robot_interfaces/my_robot_interfaces/msg/detail/path_planner_points__struct.h
[2.934s] -- Up-to-date: /home/drone/Documents/GitHub/RosMigration_ws/install/my_robot_interfaces/include/my_robot_interfaces/my_robot_interfaces/msg/rosidl_generator_c__visibility_control.h
[2.934s] -- Up-to-date: /home/drone/Documents/GitHub/RosMigration_ws/install/my_robot_interfaces/include/my_robot_interfaces/my_robot_interfaces/msg/path_planner_points.h
[2.935s] -- Up-to-date: /home/drone/Documents/GitHub/RosMigration_ws/install/my_robot_interfaces/share/my_robot_interfaces/environment/library_path.sh
[2.935s] -- Installing: /home/drone/Documents/GitHub/RosMigration_ws/install/my_robot_interfaces/share/my_robot_interfaces/environment/library_path.dsv
[2.935s] -- Installing: /home/drone/Documents/GitHub/RosMigration_ws/install/my_robot_interfaces/lib/libmy_robot_interfaces__rosidl_generator_c.so
[2.935s] -- Set runtime path of "/home/drone/Documents/GitHub/RosMigration_ws/install/my_robot_interfaces/lib/libmy_robot_interfaces__rosidl_generator_c.so" to ""
[2.935s] -- Up-to-date: /home/drone/Documents/GitHub/RosMigration_ws/install/my_robot_interfaces/include/my_robot_interfaces/my_robot_interfaces
[2.936s] -- Up-to-date: /home/drone/Documents/GitHub/RosMigration_ws/install/my_robot_interfaces/include/my_robot_interfaces/my_robot_interfaces/srv
[2.936s] -- Up-to-date: /home/drone/Documents/GitHub/RosMigration_ws/install/my_robot_interfaces/include/my_robot_interfaces/my_robot_interfaces/srv/detail
[2.936s] -- Up-to-date: /home/drone/Documents/GitHub/RosMigration_ws/install/my_robot_interfaces/include/my_robot_interfaces/my_robot_interfaces/srv/detail/stop_publish_path__rosidl_typesupport_fastrtps_c.h
[2.936s] -- Up-to-date: /home/drone/Documents/GitHub/RosMigration_ws/install/my_robot_interfaces/include/my_robot_interfaces/my_robot_interfaces/msg
[2.936s] -- Up-to-date: /home/drone/Documents/GitHub/RosMigration_ws/install/my_robot_interfaces/include/my_robot_interfaces/my_robot_interfaces/msg/detail
[2.936s] -- Up-to-date: /home/drone/Documents/GitHub/RosMigration_ws/install/my_robot_interfaces/include/my_robot_interfaces/my_robot_interfaces/msg/detail/path_planner_points__rosidl_typesupport_fastrtps_c.h
[2.937s] -- Up-to-date: /home/drone/Documents/GitHub/RosMigration_ws/install/my_robot_interfaces/include/my_robot_interfaces/my_robot_interfaces/msg/rosidl_typesupport_fastrtps_c__visibility_control.h
[2.937s] -- Installing: /home/drone/Documents/GitHub/RosMigration_ws/install/my_robot_interfaces/lib/libmy_robot_interfaces__rosidl_typesupport_fastrtps_c.so
[2.937s] -- Set runtime path of "/home/drone/Documents/GitHub/RosMigration_ws/install/my_robot_interfaces/lib/libmy_robot_interfaces__rosidl_typesupport_fastrtps_c.so" to ""
[2.937s] -- Up-to-date: /home/drone/Documents/GitHub/RosMigration_ws/install/my_robot_interfaces/include/my_robot_interfaces/my_robot_interfaces
[2.937s] -- Up-to-date: /home/drone/Documents/GitHub/RosMigration_ws/install/my_robot_interfaces/include/my_robot_interfaces/my_robot_interfaces/srv
[2.938s] -- Up-to-date: /home/drone/Documents/GitHub/RosMigration_ws/install/my_robot_interfaces/include/my_robot_interfaces/my_robot_interfaces/srv/detail
[2.938s] -- Up-to-date: /home/drone/Documents/GitHub/RosMigration_ws/install/my_robot_interfaces/include/my_robot_interfaces/my_robot_interfaces/srv/detail/stop_publish_path__type_support.c
[2.938s] -- Up-to-date: /home/drone/Documents/GitHub/RosMigration_ws/install/my_robot_interfaces/include/my_robot_interfaces/my_robot_interfaces/srv/detail/stop_publish_path__rosidl_typesupport_introspection_c.h
[2.938s] -- Up-to-date: /home/drone/Documents/GitHub/RosMigration_ws/install/my_robot_interfaces/include/my_robot_interfaces/my_robot_interfaces/msg
[2.938s] -- Up-to-date: /home/drone/Documents/GitHub/RosMigration_ws/install/my_robot_interfaces/include/my_robot_interfaces/my_robot_interfaces/msg/rosidl_typesupport_introspection_c__visibility_control.h
[2.938s] -- Up-to-date: /home/drone/Documents/GitHub/RosMigration_ws/install/my_robot_interfaces/include/my_robot_interfaces/my_robot_interfaces/msg/detail
[2.939s] -- Up-to-date: /home/drone/Documents/GitHub/RosMigration_ws/install/my_robot_interfaces/include/my_robot_interfaces/my_robot_interfaces/msg/detail/path_planner_points__rosidl_typesupport_introspection_c.h
[2.939s] -- Up-to-date: /home/drone/Documents/GitHub/RosMigration_ws/install/my_robot_interfaces/include/my_robot_interfaces/my_robot_interfaces/msg/detail/path_planner_points__type_support.c
[2.939s] -- Installing: /home/drone/Documents/GitHub/RosMigration_ws/install/my_robot_interfaces/lib/libmy_robot_interfaces__rosidl_typesupport_introspection_c.so
[2.939s] -- Set runtime path of "/home/drone/Documents/GitHub/RosMigration_ws/install/my_robot_interfaces/lib/libmy_robot_interfaces__rosidl_typesupport_introspection_c.so" to ""
[2.939s] -- Installing: /home/drone/Documents/GitHub/RosMigration_ws/install/my_robot_interfaces/lib/libmy_robot_interfaces__rosidl_typesupport_c.so
[2.940s] -- Set runtime path of "/home/drone/Documents/GitHub/RosMigration_ws/install/my_robot_interfaces/lib/libmy_robot_interfaces__rosidl_typesupport_c.so" to ""
[2.940s] -- Up-to-date: /home/drone/Documents/GitHub/RosMigration_ws/install/my_robot_interfaces/include/my_robot_interfaces/my_robot_interfaces
[2.940s] -- Up-to-date: /home/drone/Documents/GitHub/RosMigration_ws/install/my_robot_interfaces/include/my_robot_interfaces/my_robot_interfaces/srv
[2.940s] -- Up-to-date: /home/drone/Documents/GitHub/RosMigration_ws/install/my_robot_interfaces/include/my_robot_interfaces/my_robot_interfaces/srv/stop_publish_path.hpp
[2.940s] -- Up-to-date: /home/drone/Documents/GitHub/RosMigration_ws/install/my_robot_interfaces/include/my_robot_interfaces/my_robot_interfaces/srv/detail
[2.941s] -- Up-to-date: /home/drone/Documents/GitHub/RosMigration_ws/install/my_robot_interfaces/include/my_robot_interfaces/my_robot_interfaces/srv/detail/stop_publish_path__traits.hpp
[2.941s] -- Up-to-date: /home/drone/Documents/GitHub/RosMigration_ws/install/my_robot_interfaces/include/my_robot_interfaces/my_robot_interfaces/srv/detail/stop_publish_path__builder.hpp
[2.941s] -- Up-to-date: /home/drone/Documents/GitHub/RosMigration_ws/install/my_robot_interfaces/include/my_robot_interfaces/my_robot_interfaces/srv/detail/stop_publish_path__struct.hpp
[2.941s] -- Up-to-date: /home/drone/Documents/GitHub/RosMigration_ws/install/my_robot_interfaces/include/my_robot_interfaces/my_robot_interfaces/msg
[2.941s] -- Up-to-date: /home/drone/Documents/GitHub/RosMigration_ws/install/my_robot_interfaces/include/my_robot_interfaces/my_robot_interfaces/msg/detail
[2.941s] -- Up-to-date: /home/drone/Documents/GitHub/RosMigration_ws/install/my_robot_interfaces/include/my_robot_interfaces/my_robot_interfaces/msg/detail/path_planner_points__struct.hpp
[2.941s] -- Up-to-date: /home/drone/Documents/GitHub/RosMigration_ws/install/my_robot_interfaces/include/my_robot_interfaces/my_robot_interfaces/msg/detail/path_planner_points__builder.hpp
[2.942s] -- Up-to-date: /home/drone/Documents/GitHub/RosMigration_ws/install/my_robot_interfaces/include/my_robot_interfaces/my_robot_interfaces/msg/detail/path_planner_points__traits.hpp
[2.942s] -- Up-to-date: /home/drone/Documents/GitHub/RosMigration_ws/install/my_robot_interfaces/include/my_robot_interfaces/my_robot_interfaces/msg/path_planner_points.hpp
[2.942s] -- Up-to-date: /home/drone/Documents/GitHub/RosMigration_ws/install/my_robot_interfaces/include/my_robot_interfaces/my_robot_interfaces
[2.942s] -- Up-to-date: /home/drone/Documents/GitHub/RosMigration_ws/install/my_robot_interfaces/include/my_robot_interfaces/my_robot_interfaces/srv
[2.942s] -- Up-to-date: /home/drone/Documents/GitHub/RosMigration_ws/install/my_robot_interfaces/include/my_robot_interfaces/my_robot_interfaces/srv/detail
[2.943s] -- Up-to-date: /home/drone/Documents/GitHub/RosMigration_ws/install/my_robot_interfaces/include/my_robot_interfaces/my_robot_interfaces/srv/detail/stop_publish_path__rosidl_typesupport_fastrtps_cpp.hpp
[2.943s] -- Up-to-date: /home/drone/Documents/GitHub/RosMigration_ws/install/my_robot_interfaces/include/my_robot_interfaces/my_robot_interfaces/srv/detail/dds_fastrtps
[2.943s] -- Up-to-date: /home/drone/Documents/GitHub/RosMigration_ws/install/my_robot_interfaces/include/my_robot_interfaces/my_robot_interfaces/msg
[2.943s] -- Up-to-date: /home/drone/Documents/GitHub/RosMigration_ws/install/my_robot_interfaces/include/my_robot_interfaces/my_robot_interfaces/msg/detail
[2.944s] -- Up-to-date: /home/drone/Documents/GitHub/RosMigration_ws/install/my_robot_interfaces/include/my_robot_interfaces/my_robot_interfaces/msg/detail/path_planner_points__rosidl_typesupport_fastrtps_cpp.hpp
[2.944s] -- Up-to-date: /home/drone/Documents/GitHub/RosMigration_ws/install/my_robot_interfaces/include/my_robot_interfaces/my_robot_interfaces/msg/detail/dds_fastrtps
[2.944s] -- Up-to-date: /home/drone/Documents/GitHub/RosMigration_ws/install/my_robot_interfaces/include/my_robot_interfaces/my_robot_interfaces/msg/rosidl_typesupport_fastrtps_cpp__visibility_control.h
[2.944s] -- Installing: /home/drone/Documents/GitHub/RosMigration_ws/install/my_robot_interfaces/lib/libmy_robot_interfaces__rosidl_typesupport_fastrtps_cpp.so
[2.944s] -- Set runtime path of "/home/drone/Documents/GitHub/RosMigration_ws/install/my_robot_interfaces/lib/libmy_robot_interfaces__rosidl_typesupport_fastrtps_cpp.so" to ""
[2.945s] -- Up-to-date: /home/drone/Documents/GitHub/RosMigration_ws/install/my_robot_interfaces/include/my_robot_interfaces/my_robot_interfaces
[2.945s] -- Up-to-date: /home/drone/Documents/GitHub/RosMigration_ws/install/my_robot_interfaces/include/my_robot_interfaces/my_robot_interfaces/srv
[2.945s] -- Up-to-date: /home/drone/Documents/GitHub/RosMigration_ws/install/my_robot_interfaces/include/my_robot_interfaces/my_robot_interfaces/srv/detail
[2.949s] -- Up-to-date: /home/drone/Documents/GitHub/RosMigration_ws/install/my_robot_interfaces/include/my_robot_interfaces/my_robot_interfaces/srv/detail/stop_publish_path__type_support.cpp
[2.950s] -- Up-to-date: /home/drone/Documents/GitHub/RosMigration_ws/install/my_robot_interfaces/include/my_robot_interfaces/my_robot_interfaces/srv/detail/stop_publish_path__rosidl_typesupport_introspection_cpp.hpp
[2.950s] -- Up-to-date: /home/drone/Documents/GitHub/RosMigration_ws/install/my_robot_interfaces/include/my_robot_interfaces/my_robot_interfaces/msg
[2.950s] -- Up-to-date: /home/drone/Documents/GitHub/RosMigration_ws/install/my_robot_interfaces/include/my_robot_interfaces/my_robot_interfaces/msg/detail
[2.950s] -- Up-to-date: /home/drone/Documents/GitHub/RosMigration_ws/install/my_robot_interfaces/include/my_robot_interfaces/my_robot_interfaces/msg/detail/path_planner_points__rosidl_typesupport_introspection_cpp.hpp
[2.950s] -- Up-to-date: /home/drone/Documents/GitHub/RosMigration_ws/install/my_robot_interfaces/include/my_robot_interfaces/my_robot_interfaces/msg/detail/path_planner_points__type_support.cpp
[2.950s] -- Installing: /home/drone/Documents/GitHub/RosMigration_ws/install/my_robot_interfaces/lib/libmy_robot_interfaces__rosidl_typesupport_introspection_cpp.so
[2.951s] -- Set runtime path of "/home/drone/Documents/GitHub/RosMigration_ws/install/my_robot_interfaces/lib/libmy_robot_interfaces__rosidl_typesupport_introspection_cpp.so" to ""
[2.951s] -- Installing: /home/drone/Documents/GitHub/RosMigration_ws/install/my_robot_interfaces/lib/libmy_robot_interfaces__rosidl_typesupport_cpp.so
[2.951s] -- Set runtime path of "/home/drone/Documents/GitHub/RosMigration_ws/install/my_robot_interfaces/lib/libmy_robot_interfaces__rosidl_typesupport_cpp.so" to ""
[2.951s] -- Up-to-date: /home/drone/Documents/GitHub/RosMigration_ws/install/my_robot_interfaces/share/my_robot_interfaces/environment/pythonpath.sh
[2.951s] -- Installing: /home/drone/Documents/GitHub/RosMigration_ws/install/my_robot_interfaces/share/my_robot_interfaces/environment/pythonpath.dsv
[2.951s] -- Up-to-date: /home/drone/Documents/GitHub/RosMigration_ws/install/my_robot_interfaces/local/lib/python3.10/dist-packages/my_robot_interfaces-0.0.0-py3.10.egg-info
[2.951s] -- Installing: /home/drone/Documents/GitHub/RosMigration_ws/install/my_robot_interfaces/local/lib/python3.10/dist-packages/my_robot_interfaces-0.0.0-py3.10.egg-info/SOURCES.txt
[2.953s] -- Installing: /home/drone/Documents/GitHub/RosMigration_ws/install/my_robot_interfaces/local/lib/python3.10/dist-packages/my_robot_interfaces-0.0.0-py3.10.egg-info/top_level.txt
[2.953s] -- Installing: /home/drone/Documents/GitHub/RosMigration_ws/install/my_robot_interfaces/local/lib/python3.10/dist-packages/my_robot_interfaces-0.0.0-py3.10.egg-info/PKG-INFO
[2.954s] -- Installing: /home/drone/Documents/GitHub/RosMigration_ws/install/my_robot_interfaces/local/lib/python3.10/dist-packages/my_robot_interfaces-0.0.0-py3.10.egg-info/dependency_links.txt
[2.957s] -- Up-to-date: /home/drone/Documents/GitHub/RosMigration_ws/install/my_robot_interfaces/local/lib/python3.10/dist-packages/my_robot_interfaces
[2.958s] -- Installing: /home/drone/Documents/GitHub/RosMigration_ws/install/my_robot_interfaces/local/lib/python3.10/dist-packages/my_robot_interfaces/my_robot_interfaces_s__rosidl_typesupport_c.cpython-310-x86_64-linux-gnu.so
[2.961s] -- Up-to-date: /home/drone/Documents/GitHub/RosMigration_ws/install/my_robot_interfaces/local/lib/python3.10/dist-packages/my_robot_interfaces/srv
[2.961s] -- Up-to-date: /home/drone/Documents/GitHub/RosMigration_ws/install/my_robot_interfaces/local/lib/python3.10/dist-packages/my_robot_interfaces/srv/__init__.py
[2.961s] -- Up-to-date: /home/drone/Documents/GitHub/RosMigration_ws/install/my_robot_interfaces/local/lib/python3.10/dist-packages/my_robot_interfaces/srv/_stop_publish_path_s.c
[2.961s] -- Up-to-date: /home/drone/Documents/GitHub/RosMigration_ws/install/my_robot_interfaces/local/lib/python3.10/dist-packages/my_robot_interfaces/srv/_stop_publish_path.py
[2.962s] -- Up-to-date: /home/drone/Documents/GitHub/RosMigration_ws/install/my_robot_interfaces/local/lib/python3.10/dist-packages/my_robot_interfaces/_my_robot_interfaces_s.ep.rosidl_typesupport_introspection_c.c
[2.962s] -- Up-to-date: /home/drone/Documents/GitHub/RosMigration_ws/install/my_robot_interfaces/local/lib/python3.10/dist-packages/my_robot_interfaces/msg
[2.962s] -- Up-to-date: /home/drone/Documents/GitHub/RosMigration_ws/install/my_robot_interfaces/local/lib/python3.10/dist-packages/my_robot_interfaces/msg/__init__.py
[2.962s] -- Up-to-date: /home/drone/Documents/GitHub/RosMigration_ws/install/my_robot_interfaces/local/lib/python3.10/dist-packages/my_robot_interfaces/msg/_path_planner_points.py
[2.962s] -- Up-to-date: /home/drone/Documents/GitHub/RosMigration_ws/install/my_robot_interfaces/local/lib/python3.10/dist-packages/my_robot_interfaces/msg/_path_planner_points_s.c
[2.962s] -- Installing: /home/drone/Documents/GitHub/RosMigration_ws/install/my_robot_interfaces/local/lib/python3.10/dist-packages/my_robot_interfaces/__init__.py
[2.962s] -- Installing: /home/drone/Documents/GitHub/RosMigration_ws/install/my_robot_interfaces/local/lib/python3.10/dist-packages/my_robot_interfaces/libmy_robot_interfaces__rosidl_generator_py.so
[2.962s] -- Installing: /home/drone/Documents/GitHub/RosMigration_ws/install/my_robot_interfaces/local/lib/python3.10/dist-packages/my_robot_interfaces/my_robot_interfaces_s__rosidl_typesupport_introspection_c.cpython-310-x86_64-linux-gnu.so
[2.963s] -- Installing: /home/drone/Documents/GitHub/RosMigration_ws/install/my_robot_interfaces/local/lib/python3.10/dist-packages/my_robot_interfaces/my_robot_interfaces_s__rosidl_typesupport_fastrtps_c.cpython-310-x86_64-linux-gnu.so
[2.963s] -- Up-to-date: /home/drone/Documents/GitHub/RosMigration_ws/install/my_robot_interfaces/local/lib/python3.10/dist-packages/my_robot_interfaces/_my_robot_interfaces_s.ep.rosidl_typesupport_c.c
[2.963s] -- Up-to-date: /home/drone/Documents/GitHub/RosMigration_ws/install/my_robot_interfaces/local/lib/python3.10/dist-packages/my_robot_interfaces/_my_robot_interfaces_s.ep.rosidl_typesupport_fastrtps_c.c
[3.006s] Listing '/home/drone/Documents/GitHub/RosMigration_ws/install/my_robot_interfaces/local/lib/python3.10/dist-packages/my_robot_interfaces'...
[3.007s] Compiling '/home/drone/Documents/GitHub/RosMigration_ws/install/my_robot_interfaces/local/lib/python3.10/dist-packages/my_robot_interfaces/__init__.py'...
[3.007s] Listing '/home/drone/Documents/GitHub/RosMigration_ws/install/my_robot_interfaces/local/lib/python3.10/dist-packages/my_robot_interfaces/msg'...
[3.007s] Listing '/home/drone/Documents/GitHub/RosMigration_ws/install/my_robot_interfaces/local/lib/python3.10/dist-packages/my_robot_interfaces/srv'...
[3.015s] -- Installing: /home/drone/Documents/GitHub/RosMigration_ws/install/my_robot_interfaces/local/lib/python3.10/dist-packages/my_robot_interfaces/my_robot_interfaces_s__rosidl_typesupport_fastrtps_c.cpython-310-x86_64-linux-gnu.so
[3.016s] -- Set runtime path of "/home/drone/Documents/GitHub/RosMigration_ws/install/my_robot_interfaces/local/lib/python3.10/dist-packages/my_robot_interfaces/my_robot_interfaces_s__rosidl_typesupport_fastrtps_c.cpython-310-x86_64-linux-gnu.so" to ""
[3.017s] -- Installing: /home/drone/Documents/GitHub/RosMigration_ws/install/my_robot_interfaces/local/lib/python3.10/dist-packages/my_robot_interfaces/my_robot_interfaces_s__rosidl_typesupport_introspection_c.cpython-310-x86_64-linux-gnu.so
[3.017s] -- Set runtime path of "/home/drone/Documents/GitHub/RosMigration_ws/install/my_robot_interfaces/local/lib/python3.10/dist-packages/my_robot_interfaces/my_robot_interfaces_s__rosidl_typesupport_introspection_c.cpython-310-x86_64-linux-gnu.so" to ""
[3.018s] -- Installing: /home/drone/Documents/GitHub/RosMigration_ws/install/my_robot_interfaces/local/lib/python3.10/dist-packages/my_robot_interfaces/my_robot_interfaces_s__rosidl_typesupport_c.cpython-310-x86_64-linux-gnu.so
[3.019s] -- Set runtime path of "/home/drone/Documents/GitHub/RosMigration_ws/install/my_robot_interfaces/local/lib/python3.10/dist-packages/my_robot_interfaces/my_robot_interfaces_s__rosidl_typesupport_c.cpython-310-x86_64-linux-gnu.so" to ""
[3.019s] -- Installing: /home/drone/Documents/GitHub/RosMigration_ws/install/my_robot_interfaces/lib/libmy_robot_interfaces__rosidl_generator_py.so
[3.020s] -- Set runtime path of "/home/drone/Documents/GitHub/RosMigration_ws/install/my_robot_interfaces/lib/libmy_robot_interfaces__rosidl_generator_py.so" to ""
[3.020s] -- Up-to-date: /home/drone/Documents/GitHub/RosMigration_ws/install/my_robot_interfaces/share/my_robot_interfaces/msg/PathPlannerPoints.idl
[3.021s] -- Up-to-date: /home/drone/Documents/GitHub/RosMigration_ws/install/my_robot_interfaces/share/my_robot_interfaces/srv/StopPublishPath.idl
[3.022s] -- Up-to-date: /home/drone/Documents/GitHub/RosMigration_ws/install/my_robot_interfaces/share/my_robot_interfaces/msg/PathPlannerPoints.msg
[3.022s] -- Installing: /home/drone/Documents/GitHub/RosMigration_ws/install/my_robot_interfaces/share/my_robot_interfaces/srv/StopPublishPath.srv
[3.022s] -- Up-to-date: /home/drone/Documents/GitHub/RosMigration_ws/install/my_robot_interfaces/share/my_robot_interfaces/srv/StopPublishPath_Request.msg
[3.022s] -- Up-to-date: /home/drone/Documents/GitHub/RosMigration_ws/install/my_robot_interfaces/share/my_robot_interfaces/srv/StopPublishPath_Response.msg
[3.022s] -- Up-to-date: /home/drone/Documents/GitHub/RosMigration_ws/install/my_robot_interfaces/share/ament_index/resource_index/package_run_dependencies/my_robot_interfaces
[3.023s] -- Up-to-date: /home/drone/Documents/GitHub/RosMigration_ws/install/my_robot_interfaces/share/ament_index/resource_index/parent_prefix_path/my_robot_interfaces
[3.023s] -- Up-to-date: /home/drone/Documents/GitHub/RosMigration_ws/install/my_robot_interfaces/share/my_robot_interfaces/environment/ament_prefix_path.sh
[3.023s] -- Installing: /home/drone/Documents/GitHub/RosMigration_ws/install/my_robot_interfaces/share/my_robot_interfaces/environment/ament_prefix_path.dsv
[3.024s] -- Up-to-date: /home/drone/Documents/GitHub/RosMigration_ws/install/my_robot_interfaces/share/my_robot_interfaces/environment/path.sh
[3.024s] -- Installing: /home/drone/Documents/GitHub/RosMigration_ws/install/my_robot_interfaces/share/my_robot_interfaces/environment/path.dsv
[3.025s] -- Up-to-date: /home/drone/Documents/GitHub/RosMigration_ws/install/my_robot_interfaces/share/my_robot_interfaces/local_setup.bash
[3.025s] -- Up-to-date: /home/drone/Documents/GitHub/RosMigration_ws/install/my_robot_interfaces/share/my_robot_interfaces/local_setup.sh
[3.026s] -- Up-to-date: /home/drone/Documents/GitHub/RosMigration_ws/install/my_robot_interfaces/share/my_robot_interfaces/local_setup.zsh
[3.026s] -- Installing: /home/drone/Documents/GitHub/RosMigration_ws/install/my_robot_interfaces/share/my_robot_interfaces/local_setup.dsv
[3.031s] -- Installing: /home/drone/Documents/GitHub/RosMigration_ws/install/my_robot_interfaces/share/my_robot_interfaces/package.dsv
[3.035s] -- Up-to-date: /home/drone/Documents/GitHub/RosMigration_ws/install/my_robot_interfaces/share/ament_index/resource_index/packages/my_robot_interfaces
[3.036s] -- Up-to-date: /home/drone/Documents/GitHub/RosMigration_ws/install/my_robot_interfaces/share/my_robot_interfaces/cmake/export_my_robot_interfaces__rosidl_generator_cExport.cmake
[3.037s] -- Up-to-date: /home/drone/Documents/GitHub/RosMigration_ws/install/my_robot_interfaces/share/my_robot_interfaces/cmake/export_my_robot_interfaces__rosidl_generator_cExport-noconfig.cmake
[3.037s] -- Up-to-date: /home/drone/Documents/GitHub/RosMigration_ws/install/my_robot_interfaces/share/my_robot_interfaces/cmake/export_my_robot_interfaces__rosidl_typesupport_fastrtps_cExport.cmake
[3.037s] -- Up-to-date: /home/drone/Documents/GitHub/RosMigration_ws/install/my_robot_interfaces/share/my_robot_interfaces/cmake/export_my_robot_interfaces__rosidl_typesupport_fastrtps_cExport-noconfig.cmake
[3.037s] -- Up-to-date: /home/drone/Documents/GitHub/RosMigration_ws/install/my_robot_interfaces/share/my_robot_interfaces/cmake/my_robot_interfaces__rosidl_typesupport_introspection_cExport.cmake
[3.038s] -- Up-to-date: /home/drone/Documents/GitHub/RosMigration_ws/install/my_robot_interfaces/share/my_robot_interfaces/cmake/my_robot_interfaces__rosidl_typesupport_introspection_cExport-noconfig.cmake
[3.038s] -- Up-to-date: /home/drone/Documents/GitHub/RosMigration_ws/install/my_robot_interfaces/share/my_robot_interfaces/cmake/my_robot_interfaces__rosidl_typesupport_cExport.cmake
[3.038s] -- Up-to-date: /home/drone/Documents/GitHub/RosMigration_ws/install/my_robot_interfaces/share/my_robot_interfaces/cmake/my_robot_interfaces__rosidl_typesupport_cExport-noconfig.cmake
[3.038s] -- Up-to-date: /home/drone/Documents/GitHub/RosMigration_ws/install/my_robot_interfaces/share/my_robot_interfaces/cmake/export_my_robot_interfaces__rosidl_generator_cppExport.cmake
[3.039s] -- Up-to-date: /home/drone/Documents/GitHub/RosMigration_ws/install/my_robot_interfaces/share/my_robot_interfaces/cmake/export_my_robot_interfaces__rosidl_typesupport_fastrtps_cppExport.cmake
[3.039s] -- Up-to-date: /home/drone/Documents/GitHub/RosMigration_ws/install/my_robot_interfaces/share/my_robot_interfaces/cmake/export_my_robot_interfaces__rosidl_typesupport_fastrtps_cppExport-noconfig.cmake
[3.039s] -- Up-to-date: /home/drone/Documents/GitHub/RosMigration_ws/install/my_robot_interfaces/share/my_robot_interfaces/cmake/my_robot_interfaces__rosidl_typesupport_introspection_cppExport.cmake
[3.039s] -- Up-to-date: /home/drone/Documents/GitHub/RosMigration_ws/install/my_robot_interfaces/share/my_robot_interfaces/cmake/my_robot_interfaces__rosidl_typesupport_introspection_cppExport-noconfig.cmake
[3.040s] -- Up-to-date: /home/drone/Documents/GitHub/RosMigration_ws/install/my_robot_interfaces/share/my_robot_interfaces/cmake/my_robot_interfaces__rosidl_typesupport_cppExport.cmake
[3.040s] -- Up-to-date: /home/drone/Documents/GitHub/RosMigration_ws/install/my_robot_interfaces/share/my_robot_interfaces/cmake/my_robot_interfaces__rosidl_typesupport_cppExport-noconfig.cmake
[3.040s] -- Up-to-date: /home/drone/Documents/GitHub/RosMigration_ws/install/my_robot_interfaces/share/my_robot_interfaces/cmake/export_my_robot_interfaces__rosidl_generator_pyExport.cmake
[3.040s] -- Up-to-date: /home/drone/Documents/GitHub/RosMigration_ws/install/my_robot_interfaces/share/my_robot_interfaces/cmake/export_my_robot_interfaces__rosidl_generator_pyExport-noconfig.cmake
[3.040s] -- Installing: /home/drone/Documents/GitHub/RosMigration_ws/install/my_robot_interfaces/share/my_robot_interfaces/cmake/rosidl_cmake-extras.cmake
[3.041s] -- Up-to-date: /home/drone/Documents/GitHub/RosMigration_ws/install/my_robot_interfaces/share/my_robot_interfaces/cmake/ament_cmake_export_include_directories-extras.cmake
[3.041s] -- Up-to-date: /home/drone/Documents/GitHub/RosMigration_ws/install/my_robot_interfaces/share/my_robot_interfaces/cmake/ament_cmake_export_libraries-extras.cmake
[3.041s] -- Up-to-date: /home/drone/Documents/GitHub/RosMigration_ws/install/my_robot_interfaces/share/my_robot_interfaces/cmake/ament_cmake_export_targets-extras.cmake
[3.041s] -- Up-to-date: /home/drone/Documents/GitHub/RosMigration_ws/install/my_robot_interfaces/share/my_robot_interfaces/cmake/rosidl_cmake_export_typesupport_targets-extras.cmake
[3.041s] -- Up-to-date: /home/drone/Documents/GitHub/RosMigration_ws/install/my_robot_interfaces/share/my_robot_interfaces/cmake/ament_cmake_export_dependencies-extras.cmake
[3.041s] -- Up-to-date: /home/drone/Documents/GitHub/RosMigration_ws/install/my_robot_interfaces/share/my_robot_interfaces/cmake/rosidl_cmake_export_typesupport_libraries-extras.cmake
[3.042s] -- Up-to-date: /home/drone/Documents/GitHub/RosMigration_ws/install/my_robot_interfaces/share/my_robot_interfaces/cmake/my_robot_interfacesConfig.cmake
[3.042s] -- Up-to-date: /home/drone/Documents/GitHub/RosMigration_ws/install/my_robot_interfaces/share/my_robot_interfaces/cmake/my_robot_interfacesConfig-version.cmake
[3.042s] -- Up-to-date: /home/drone/Documents/GitHub/RosMigration_ws/install/my_robot_interfaces/share/my_robot_interfaces/package.xml
[3.042s] Invoked command in '/home/drone/Documents/GitHub/RosMigration_ws/build/my_robot_interfaces' returned '0': CMAKE_PREFIX_PATH=${CMAKE_PREFIX_PATH}:/home/drone/Documents/GitHub/AAU_P4_MONITOR_DRONE/ros2_ws/install/my_robot_controller:/opt/ros/humble /usr/bin/cmake --install /home/drone/Documents/GitHub/RosMigration_ws/build/my_robot_interfaces
