[0.662s] Invoking command in '/home/frederik/AAU_P4_MONITOR_DRONE/ros2_ws/src/my_robot_controller': PYTHONPATH=/home/frederik/AAU_P4_MONITOR_DRONE/ros2_ws/build/my_robot_controller/prefix_override:/home/frederik/AAU_P4_MONITOR_DRONE/ros2_ws/install/my_robot_controller/lib/python3.10/site-packages:${PYTHONPATH} /usr/bin/python3 -W ignore:setup.py install is deprecated setup.py egg_info --egg-base ../../build/my_robot_controller build --build-base /home/frederik/AAU_P4_MONITOR_DRONE/ros2_ws/build/my_robot_controller/build install --record /home/frederik/AAU_P4_MONITOR_DRONE/ros2_ws/build/my_robot_controller/install.log --single-version-externally-managed install_data
[0.922s] running egg_info
[0.924s] writing ../../build/my_robot_controller/my_robot_controller.egg-info/PKG-INFO
[0.924s] writing dependency_links to ../../build/my_robot_controller/my_robot_controller.egg-info/dependency_links.txt
[0.924s] writing entry points to ../../build/my_robot_controller/my_robot_controller.egg-info/entry_points.txt
[0.924s] writing requirements to ../../build/my_robot_controller/my_robot_controller.egg-info/requires.txt
[0.924s] writing top-level names to ../../build/my_robot_controller/my_robot_controller.egg-info/top_level.txt
[0.925s] reading manifest file '../../build/my_robot_controller/my_robot_controller.egg-info/SOURCES.txt'
[0.926s] writing manifest file '../../build/my_robot_controller/my_robot_controller.egg-info/SOURCES.txt'
[0.926s] running build
[0.926s] running build_py
[0.927s] copying my_robot_controller/crazy_flie_positioning.py -> /home/frederik/AAU_P4_MONITOR_DRONE/ros2_ws/build/my_robot_controller/build/lib/my_robot_controller
[0.927s] running install
[0.927s] running install_lib
[0.930s] copying /home/frederik/AAU_P4_MONITOR_DRONE/ros2_ws/build/my_robot_controller/build/lib/my_robot_controller/crazy_flie_positioning.py -> /home/frederik/AAU_P4_MONITOR_DRONE/ros2_ws/install/my_robot_controller/lib/python3.10/site-packages/my_robot_controller
[0.931s] byte-compiling /home/frederik/AAU_P4_MONITOR_DRONE/ros2_ws/install/my_robot_controller/lib/python3.10/site-packages/my_robot_controller/crazy_flie_positioning.py to crazy_flie_positioning.cpython-310.pyc
[0.931s] running install_data
[0.932s] running install_egg_info
[0.933s] removing '/home/frederik/AAU_P4_MONITOR_DRONE/ros2_ws/install/my_robot_controller/lib/python3.10/site-packages/my_robot_controller-0.0.0-py3.10.egg-info' (and everything under it)
[0.934s] Copying ../../build/my_robot_controller/my_robot_controller.egg-info to /home/frederik/AAU_P4_MONITOR_DRONE/ros2_ws/install/my_robot_controller/lib/python3.10/site-packages/my_robot_controller-0.0.0-py3.10.egg-info
[0.935s] running install_scripts
[0.954s] Installing crazy_node script to /home/frederik/AAU_P4_MONITOR_DRONE/ros2_ws/install/my_robot_controller/lib/my_robot_controller
[0.956s] Installing crazy_node_take_off script to /home/frederik/AAU_P4_MONITOR_DRONE/ros2_ws/install/my_robot_controller/lib/my_robot_controller
[0.956s] Installing my_listener script to /home/frederik/AAU_P4_MONITOR_DRONE/ros2_ws/install/my_robot_controller/lib/my_robot_controller
[0.956s] Installing my_talker script to /home/frederik/AAU_P4_MONITOR_DRONE/ros2_ws/install/my_robot_controller/lib/my_robot_controller
[0.956s] Installing test_node script to /home/frederik/AAU_P4_MONITOR_DRONE/ros2_ws/install/my_robot_controller/lib/my_robot_controller
[0.956s] Installing test_node2 script to /home/frederik/AAU_P4_MONITOR_DRONE/ros2_ws/install/my_robot_controller/lib/my_robot_controller
[0.957s] writing list of installed files to '/home/frederik/AAU_P4_MONITOR_DRONE/ros2_ws/build/my_robot_controller/install.log'
[0.978s] Invoked command in '/home/frederik/AAU_P4_MONITOR_DRONE/ros2_ws/src/my_robot_controller' returned '0': PYTHONPATH=/home/frederik/AAU_P4_MONITOR_DRONE/ros2_ws/build/my_robot_controller/prefix_override:/home/frederik/AAU_P4_MONITOR_DRONE/ros2_ws/install/my_robot_controller/lib/python3.10/site-packages:${PYTHONPATH} /usr/bin/python3 -W ignore:setup.py install is deprecated setup.py egg_info --egg-base ../../build/my_robot_controller build --build-base /home/frederik/AAU_P4_MONITOR_DRONE/ros2_ws/build/my_robot_controller/build install --record /home/frederik/AAU_P4_MONITOR_DRONE/ros2_ws/build/my_robot_controller/install.log --single-version-externally-managed install_data
