[0.023s] Invoking command in '/home/drone/Documents/GitHub/RosMigration_ws/build/my_robot_interfaces': CMAKE_PREFIX_PATH=${CMAKE_PREFIX_PATH}:/home/drone/Documents/GitHub/AAU_P4_MONITOR_DRONE/ros2_ws/install/my_robot_controller:/opt/ros/humble /usr/bin/cmake --build /home/drone/Documents/GitHub/RosMigration_ws/build/my_robot_interfaces -- -j4 -l4
[0.155s] [  2%] Built target my_robot_interfaces__cpp
[0.176s] [ 12%] Built target my_robot_interfaces__rosidl_generator_c
[0.214s] [ 23%] Built target my_robot_interfaces__rosidl_typesupport_introspection_cpp
[0.218s] [ 23%] Built target ament_cmake_python_copy_my_robot_interfaces
[0.302s] [ 33%] Built target my_robot_interfaces__rosidl_typesupport_cpp
[0.309s] [ 43%] Built target my_robot_interfaces__rosidl_typesupport_fastrtps_cpp
[0.351s] [ 56%] Built target my_robot_interfaces__rosidl_typesupport_introspection_c
[0.355s] [ 64%] Built target my_robot_interfaces__rosidl_typesupport_fastrtps_c
[0.397s] [ 74%] Built target my_robot_interfaces__rosidl_typesupport_c
[0.446s] [ 74%] Built target my_robot_interfaces
[0.499s] [ 76%] Built target my_robot_interfaces__py
[0.557s] [ 84%] Built target my_robot_interfaces__rosidl_generator_py
[0.640s] [ 89%] Built target my_robot_interfaces__rosidl_typesupport_introspection_c__pyext
[0.645s] [ 94%] Built target my_robot_interfaces__rosidl_typesupport_c__pyext
[0.660s] [100%] Built target my_robot_interfaces__rosidl_typesupport_fastrtps_c__pyext
[0.819s] running egg_info
[0.820s] writing my_robot_interfaces.egg-info/PKG-INFO
[0.821s] writing dependency_links to my_robot_interfaces.egg-info/dependency_links.txt
[0.821s] writing top-level names to my_robot_interfaces.egg-info/top_level.txt
[0.827s] reading manifest file 'my_robot_interfaces.egg-info/SOURCES.txt'
[0.834s] writing manifest file 'my_robot_interfaces.egg-info/SOURCES.txt'
[0.889s] [100%] Built target ament_cmake_python_build_my_robot_interfaces_egg
[0.919s] Invoked command in '/home/drone/Documents/GitHub/RosMigration_ws/build/my_robot_interfaces' returned '0': CMAKE_PREFIX_PATH=${CMAKE_PREFIX_PATH}:/home/drone/Documents/GitHub/AAU_P4_MONITOR_DRONE/ros2_ws/install/my_robot_controller:/opt/ros/humble /usr/bin/cmake --build /home/drone/Documents/GitHub/RosMigration_ws/build/my_robot_interfaces -- -j4 -l4
[1.071s] Invoking command in '/home/drone/Documents/GitHub/RosMigration_ws/build/my_robot_interfaces': CMAKE_PREFIX_PATH=${CMAKE_PREFIX_PATH}:/home/drone/Documents/GitHub/AAU_P4_MONITOR_DRONE/ros2_ws/install/my_robot_controller:/opt/ros/humble /usr/bin/cmake --install /home/drone/Documents/GitHub/RosMigration_ws/build/my_robot_interfaces
[1.083s] -- Install configuration: ""
[1.084s] -- Up-to-date: /home/drone/Documents/GitHub/RosMigration_ws/install/my_robot_interfaces/share/ament_index/resource_index/rosidl_interfaces/my_robot_interfaces
[1.084s] -- Up-to-date: /home/drone/Documents/GitHub/RosMigration_ws/install/my_robot_interfaces/include/my_robot_interfaces/my_robot_interfaces
[1.084s] -- Up-to-date: /home/drone/Documents/GitHub/RosMigration_ws/install/my_robot_interfaces/include/my_robot_interfaces/my_robot_interfaces/srv
[1.084s] -- Up-to-date: /home/drone/Documents/GitHub/RosMigration_ws/install/my_robot_interfaces/include/my_robot_interfaces/my_robot_interfaces/srv/stop_publish_path.h
[1.084s] -- Up-to-date: /home/drone/Documents/GitHub/RosMigration_ws/install/my_robot_interfaces/include/my_robot_interfaces/my_robot_interfaces/srv/detail
[1.084s] -- Up-to-date: /home/drone/Documents/GitHub/RosMigration_ws/install/my_robot_interfaces/include/my_robot_interfaces/my_robot_interfaces/srv/detail/stop_publish_path__struct.h
[1.085s] -- Up-to-date: /home/drone/Documents/GitHub/RosMigration_ws/install/my_robot_interfaces/include/my_robot_interfaces/my_robot_interfaces/srv/detail/stop_publish_path__functions.h
[1.085s] -- Up-to-date: /home/drone/Documents/GitHub/RosMigration_ws/install/my_robot_interfaces/include/my_robot_interfaces/my_robot_interfaces/srv/detail/stop_publish_path__functions.c
[1.085s] -- Up-to-date: /home/drone/Documents/GitHub/RosMigration_ws/install/my_robot_interfaces/include/my_robot_interfaces/my_robot_interfaces/srv/detail/stop_publish_path__type_support.h
[1.085s] -- Up-to-date: /home/drone/Documents/GitHub/RosMigration_ws/install/my_robot_interfaces/include/my_robot_interfaces/my_robot_interfaces/msg
[1.085s] -- Up-to-date: /home/drone/Documents/GitHub/RosMigration_ws/install/my_robot_interfaces/include/my_robot_interfaces/my_robot_interfaces/msg/detail
[1.085s] -- Up-to-date: /home/drone/Documents/GitHub/RosMigration_ws/install/my_robot_interfaces/include/my_robot_interfaces/my_robot_interfaces/msg/detail/path_planner_points__type_support.h
[1.089s] -- Up-to-date: /home/drone/Documents/GitHub/RosMigration_ws/install/my_robot_interfaces/include/my_robot_interfaces/my_robot_interfaces/msg/detail/path_planner_points__functions.c
[1.089s] -- Up-to-date: /home/drone/Documents/GitHub/RosMigration_ws/install/my_robot_interfaces/include/my_robot_interfaces/my_robot_interfaces/msg/detail/path_planner_points__functions.h
[1.089s] -- Up-to-date: /home/drone/Documents/GitHub/RosMigration_ws/install/my_robot_interfaces/include/my_robot_interfaces/my_robot_interfaces/msg/detail/path_planner_points__struct.h
[1.089s] -- Up-to-date: /home/drone/Documents/GitHub/RosMigration_ws/install/my_robot_interfaces/include/my_robot_interfaces/my_robot_interfaces/msg/rosidl_generator_c__visibility_control.h
[1.089s] -- Up-to-date: /home/drone/Documents/GitHub/RosMigration_ws/install/my_robot_interfaces/include/my_robot_interfaces/my_robot_interfaces/msg/path_planner_points.h
[1.089s] -- Up-to-date: /home/drone/Documents/GitHub/RosMigration_ws/install/my_robot_interfaces/share/my_robot_interfaces/environment/library_path.sh
[1.090s] -- Up-to-date: /home/drone/Documents/GitHub/RosMigration_ws/install/my_robot_interfaces/share/my_robot_interfaces/environment/library_path.dsv
[1.090s] -- Up-to-date: /home/drone/Documents/GitHub/RosMigration_ws/install/my_robot_interfaces/lib/libmy_robot_interfaces__rosidl_generator_c.so
[1.090s] -- Up-to-date: /home/drone/Documents/GitHub/RosMigration_ws/install/my_robot_interfaces/include/my_robot_interfaces/my_robot_interfaces
[1.090s] -- Up-to-date: /home/drone/Documents/GitHub/RosMigration_ws/install/my_robot_interfaces/include/my_robot_interfaces/my_robot_interfaces/srv
[1.090s] -- Up-to-date: /home/drone/Documents/GitHub/RosMigration_ws/install/my_robot_interfaces/include/my_robot_interfaces/my_robot_interfaces/srv/detail
[1.090s] -- Up-to-date: /home/drone/Documents/GitHub/RosMigration_ws/install/my_robot_interfaces/include/my_robot_interfaces/my_robot_interfaces/srv/detail/stop_publish_path__rosidl_typesupport_fastrtps_c.h
[1.091s] -- Up-to-date: /home/drone/Documents/GitHub/RosMigration_ws/install/my_robot_interfaces/include/my_robot_interfaces/my_robot_interfaces/msg
[1.091s] -- Up-to-date: /home/drone/Documents/GitHub/RosMigration_ws/install/my_robot_interfaces/include/my_robot_interfaces/my_robot_interfaces/msg/detail
[1.091s] -- Up-to-date: /home/drone/Documents/GitHub/RosMigration_ws/install/my_robot_interfaces/include/my_robot_interfaces/my_robot_interfaces/msg/detail/path_planner_points__rosidl_typesupport_fastrtps_c.h
[1.091s] -- Up-to-date: /home/drone/Documents/GitHub/RosMigration_ws/install/my_robot_interfaces/include/my_robot_interfaces/my_robot_interfaces/msg/rosidl_typesupport_fastrtps_c__visibility_control.h
[1.092s] -- Up-to-date: /home/drone/Documents/GitHub/RosMigration_ws/install/my_robot_interfaces/lib/libmy_robot_interfaces__rosidl_typesupport_fastrtps_c.so
[1.092s] -- Up-to-date: /home/drone/Documents/GitHub/RosMigration_ws/install/my_robot_interfaces/include/my_robot_interfaces/my_robot_interfaces
[1.092s] -- Up-to-date: /home/drone/Documents/GitHub/RosMigration_ws/install/my_robot_interfaces/include/my_robot_interfaces/my_robot_interfaces/srv
[1.092s] -- Up-to-date: /home/drone/Documents/GitHub/RosMigration_ws/install/my_robot_interfaces/include/my_robot_interfaces/my_robot_interfaces/srv/detail
[1.092s] -- Up-to-date: /home/drone/Documents/GitHub/RosMigration_ws/install/my_robot_interfaces/include/my_robot_interfaces/my_robot_interfaces/srv/detail/stop_publish_path__type_support.c
[1.092s] -- Up-to-date: /home/drone/Documents/GitHub/RosMigration_ws/install/my_robot_interfaces/include/my_robot_interfaces/my_robot_interfaces/srv/detail/stop_publish_path__rosidl_typesupport_introspection_c.h
[1.092s] -- Up-to-date: /home/drone/Documents/GitHub/RosMigration_ws/install/my_robot_interfaces/include/my_robot_interfaces/my_robot_interfaces/msg
[1.093s] -- Up-to-date: /home/drone/Documents/GitHub/RosMigration_ws/install/my_robot_interfaces/include/my_robot_interfaces/my_robot_interfaces/msg/rosidl_typesupport_introspection_c__visibility_control.h
[1.093s] -- Up-to-date: /home/drone/Documents/GitHub/RosMigration_ws/install/my_robot_interfaces/include/my_robot_interfaces/my_robot_interfaces/msg/detail
[1.093s] -- Up-to-date: /home/drone/Documents/GitHub/RosMigration_ws/install/my_robot_interfaces/include/my_robot_interfaces/my_robot_interfaces/msg/detail/path_planner_points__rosidl_typesupport_introspection_c.h
[1.093s] -- Up-to-date: /home/drone/Documents/GitHub/RosMigration_ws/install/my_robot_interfaces/include/my_robot_interfaces/my_robot_interfaces/msg/detail/path_planner_points__type_support.c
[1.093s] -- Up-to-date: /home/drone/Documents/GitHub/RosMigration_ws/install/my_robot_interfaces/lib/libmy_robot_interfaces__rosidl_typesupport_introspection_c.so
[1.093s] -- Up-to-date: /home/drone/Documents/GitHub/RosMigration_ws/install/my_robot_interfaces/lib/libmy_robot_interfaces__rosidl_typesupport_c.so
[1.093s] -- Up-to-date: /home/drone/Documents/GitHub/RosMigration_ws/install/my_robot_interfaces/include/my_robot_interfaces/my_robot_interfaces
[1.094s] -- Up-to-date: /home/drone/Documents/GitHub/RosMigration_ws/install/my_robot_interfaces/include/my_robot_interfaces/my_robot_interfaces/srv
[1.094s] -- Up-to-date: /home/drone/Documents/GitHub/RosMigration_ws/install/my_robot_interfaces/include/my_robot_interfaces/my_robot_interfaces/srv/stop_publish_path.hpp
[1.094s] -- Up-to-date: /home/drone/Documents/GitHub/RosMigration_ws/install/my_robot_interfaces/include/my_robot_interfaces/my_robot_interfaces/srv/detail
[1.094s] -- Up-to-date: /home/drone/Documents/GitHub/RosMigration_ws/install/my_robot_interfaces/include/my_robot_interfaces/my_robot_interfaces/srv/detail/stop_publish_path__traits.hpp
[1.094s] -- Up-to-date: /home/drone/Documents/GitHub/RosMigration_ws/install/my_robot_interfaces/include/my_robot_interfaces/my_robot_interfaces/srv/detail/stop_publish_path__builder.hpp
[1.094s] -- Up-to-date: /home/drone/Documents/GitHub/RosMigration_ws/install/my_robot_interfaces/include/my_robot_interfaces/my_robot_interfaces/srv/detail/stop_publish_path__struct.hpp
[1.094s] -- Up-to-date: /home/drone/Documents/GitHub/RosMigration_ws/install/my_robot_interfaces/include/my_robot_interfaces/my_robot_interfaces/msg
[1.094s] -- Up-to-date: /home/drone/Documents/GitHub/RosMigration_ws/install/my_robot_interfaces/include/my_robot_interfaces/my_robot_interfaces/msg/detail
[1.095s] -- Up-to-date: /home/drone/Documents/GitHub/RosMigration_ws/install/my_robot_interfaces/include/my_robot_interfaces/my_robot_interfaces/msg/detail/path_planner_points__struct.hpp
[1.096s] -- Up-to-date: /home/drone/Documents/GitHub/RosMigration_ws/install/my_robot_interfaces/include/my_robot_interfaces/my_robot_interfaces/msg/detail/path_planner_points__builder.hpp
[1.096s] -- Up-to-date: /home/drone/Documents/GitHub/RosMigration_ws/install/my_robot_interfaces/include/my_robot_interfaces/my_robot_interfaces/msg/detail/path_planner_points__traits.hpp
[1.096s] -- Up-to-date: /home/drone/Documents/GitHub/RosMigration_ws/install/my_robot_interfaces/include/my_robot_interfaces/my_robot_interfaces/msg/path_planner_points.hpp
[1.096s] -- Up-to-date: /home/drone/Documents/GitHub/RosMigration_ws/install/my_robot_interfaces/include/my_robot_interfaces/my_robot_interfaces
[1.096s] -- Up-to-date: /home/drone/Documents/GitHub/RosMigration_ws/install/my_robot_interfaces/include/my_robot_interfaces/my_robot_interfaces/srv
[1.096s] -- Up-to-date: /home/drone/Documents/GitHub/RosMigration_ws/install/my_robot_interfaces/include/my_robot_interfaces/my_robot_interfaces/srv/detail
[1.097s] -- Up-to-date: /home/drone/Documents/GitHub/RosMigration_ws/install/my_robot_interfaces/include/my_robot_interfaces/my_robot_interfaces/srv/detail/stop_publish_path__rosidl_typesupport_fastrtps_cpp.hpp
[1.097s] -- Up-to-date: /home/drone/Documents/GitHub/RosMigration_ws/install/my_robot_interfaces/include/my_robot_interfaces/my_robot_interfaces/srv/detail/dds_fastrtps
[1.097s] -- Up-to-date: /home/drone/Documents/GitHub/RosMigration_ws/install/my_robot_interfaces/include/my_robot_interfaces/my_robot_interfaces/msg
[1.097s] -- Up-to-date: /home/drone/Documents/GitHub/RosMigration_ws/install/my_robot_interfaces/include/my_robot_interfaces/my_robot_interfaces/msg/detail
[1.097s] -- Up-to-date: /home/drone/Documents/GitHub/RosMigration_ws/install/my_robot_interfaces/include/my_robot_interfaces/my_robot_interfaces/msg/detail/path_planner_points__rosidl_typesupport_fastrtps_cpp.hpp
[1.097s] -- Up-to-date: /home/drone/Documents/GitHub/RosMigration_ws/install/my_robot_interfaces/include/my_robot_interfaces/my_robot_interfaces/msg/detail/dds_fastrtps
[1.097s] -- Up-to-date: /home/drone/Documents/GitHub/RosMigration_ws/install/my_robot_interfaces/include/my_robot_interfaces/my_robot_interfaces/msg/rosidl_typesupport_fastrtps_cpp__visibility_control.h
[1.097s] -- Up-to-date: /home/drone/Documents/GitHub/RosMigration_ws/install/my_robot_interfaces/lib/libmy_robot_interfaces__rosidl_typesupport_fastrtps_cpp.so
[1.098s] -- Up-to-date: /home/drone/Documents/GitHub/RosMigration_ws/install/my_robot_interfaces/include/my_robot_interfaces/my_robot_interfaces
[1.098s] -- Up-to-date: /home/drone/Documents/GitHub/RosMigration_ws/install/my_robot_interfaces/include/my_robot_interfaces/my_robot_interfaces/srv
[1.098s] -- Up-to-date: /home/drone/Documents/GitHub/RosMigration_ws/install/my_robot_interfaces/include/my_robot_interfaces/my_robot_interfaces/srv/detail
[1.098s] -- Up-to-date: /home/drone/Documents/GitHub/RosMigration_ws/install/my_robot_interfaces/include/my_robot_interfaces/my_robot_interfaces/srv/detail/stop_publish_path__type_support.cpp
[1.098s] -- Up-to-date: /home/drone/Documents/GitHub/RosMigration_ws/install/my_robot_interfaces/include/my_robot_interfaces/my_robot_interfaces/srv/detail/stop_publish_path__rosidl_typesupport_introspection_cpp.hpp
[1.098s] -- Up-to-date: /home/drone/Documents/GitHub/RosMigration_ws/install/my_robot_interfaces/include/my_robot_interfaces/my_robot_interfaces/msg
[1.098s] -- Up-to-date: /home/drone/Documents/GitHub/RosMigration_ws/install/my_robot_interfaces/include/my_robot_interfaces/my_robot_interfaces/msg/detail
[1.099s] -- Up-to-date: /home/drone/Documents/GitHub/RosMigration_ws/install/my_robot_interfaces/include/my_robot_interfaces/my_robot_interfaces/msg/detail/path_planner_points__rosidl_typesupport_introspection_cpp.hpp
[1.099s] -- Up-to-date: /home/drone/Documents/GitHub/RosMigration_ws/install/my_robot_interfaces/include/my_robot_interfaces/my_robot_interfaces/msg/detail/path_planner_points__type_support.cpp
[1.099s] -- Up-to-date: /home/drone/Documents/GitHub/RosMigration_ws/install/my_robot_interfaces/lib/libmy_robot_interfaces__rosidl_typesupport_introspection_cpp.so
[1.099s] -- Up-to-date: /home/drone/Documents/GitHub/RosMigration_ws/install/my_robot_interfaces/lib/libmy_robot_interfaces__rosidl_typesupport_cpp.so
[1.099s] -- Up-to-date: /home/drone/Documents/GitHub/RosMigration_ws/install/my_robot_interfaces/share/my_robot_interfaces/environment/pythonpath.sh
[1.100s] -- Up-to-date: /home/drone/Documents/GitHub/RosMigration_ws/install/my_robot_interfaces/share/my_robot_interfaces/environment/pythonpath.dsv
[1.100s] -- Up-to-date: /home/drone/Documents/GitHub/RosMigration_ws/install/my_robot_interfaces/local/lib/python3.10/dist-packages/my_robot_interfaces-0.0.0-py3.10.egg-info
[1.100s] -- Installing: /home/drone/Documents/GitHub/RosMigration_ws/install/my_robot_interfaces/local/lib/python3.10/dist-packages/my_robot_interfaces-0.0.0-py3.10.egg-info/SOURCES.txt
[1.100s] -- Installing: /home/drone/Documents/GitHub/RosMigration_ws/install/my_robot_interfaces/local/lib/python3.10/dist-packages/my_robot_interfaces-0.0.0-py3.10.egg-info/top_level.txt
[1.101s] -- Installing: /home/drone/Documents/GitHub/RosMigration_ws/install/my_robot_interfaces/local/lib/python3.10/dist-packages/my_robot_interfaces-0.0.0-py3.10.egg-info/PKG-INFO
[1.102s] -- Installing: /home/drone/Documents/GitHub/RosMigration_ws/install/my_robot_interfaces/local/lib/python3.10/dist-packages/my_robot_interfaces-0.0.0-py3.10.egg-info/dependency_links.txt
[1.103s] -- Up-to-date: /home/drone/Documents/GitHub/RosMigration_ws/install/my_robot_interfaces/local/lib/python3.10/dist-packages/my_robot_interfaces
[1.103s] -- Up-to-date: /home/drone/Documents/GitHub/RosMigration_ws/install/my_robot_interfaces/local/lib/python3.10/dist-packages/my_robot_interfaces/my_robot_interfaces_s__rosidl_typesupport_c.cpython-310-x86_64-linux-gnu.so
[1.104s] -- Up-to-date: /home/drone/Documents/GitHub/RosMigration_ws/install/my_robot_interfaces/local/lib/python3.10/dist-packages/my_robot_interfaces/srv
[1.104s] -- Up-to-date: /home/drone/Documents/GitHub/RosMigration_ws/install/my_robot_interfaces/local/lib/python3.10/dist-packages/my_robot_interfaces/srv/__init__.py
[1.104s] -- Up-to-date: /home/drone/Documents/GitHub/RosMigration_ws/install/my_robot_interfaces/local/lib/python3.10/dist-packages/my_robot_interfaces/srv/_stop_publish_path_s.c
[1.104s] -- Up-to-date: /home/drone/Documents/GitHub/RosMigration_ws/install/my_robot_interfaces/local/lib/python3.10/dist-packages/my_robot_interfaces/srv/_stop_publish_path.py
[1.104s] -- Up-to-date: /home/drone/Documents/GitHub/RosMigration_ws/install/my_robot_interfaces/local/lib/python3.10/dist-packages/my_robot_interfaces/_my_robot_interfaces_s.ep.rosidl_typesupport_introspection_c.c
[1.105s] -- Up-to-date: /home/drone/Documents/GitHub/RosMigration_ws/install/my_robot_interfaces/local/lib/python3.10/dist-packages/my_robot_interfaces/msg
[1.105s] -- Up-to-date: /home/drone/Documents/GitHub/RosMigration_ws/install/my_robot_interfaces/local/lib/python3.10/dist-packages/my_robot_interfaces/msg/__init__.py
[1.105s] -- Up-to-date: /home/drone/Documents/GitHub/RosMigration_ws/install/my_robot_interfaces/local/lib/python3.10/dist-packages/my_robot_interfaces/msg/_path_planner_points.py
[1.107s] -- Up-to-date: /home/drone/Documents/GitHub/RosMigration_ws/install/my_robot_interfaces/local/lib/python3.10/dist-packages/my_robot_interfaces/msg/_path_planner_points_s.c
[1.107s] -- Up-to-date: /home/drone/Documents/GitHub/RosMigration_ws/install/my_robot_interfaces/local/lib/python3.10/dist-packages/my_robot_interfaces/__init__.py
[1.107s] -- Up-to-date: /home/drone/Documents/GitHub/RosMigration_ws/install/my_robot_interfaces/local/lib/python3.10/dist-packages/my_robot_interfaces/libmy_robot_interfaces__rosidl_generator_py.so
[1.108s] -- Up-to-date: /home/drone/Documents/GitHub/RosMigration_ws/install/my_robot_interfaces/local/lib/python3.10/dist-packages/my_robot_interfaces/my_robot_interfaces_s__rosidl_typesupport_introspection_c.cpython-310-x86_64-linux-gnu.so
[1.108s] -- Up-to-date: /home/drone/Documents/GitHub/RosMigration_ws/install/my_robot_interfaces/local/lib/python3.10/dist-packages/my_robot_interfaces/my_robot_interfaces_s__rosidl_typesupport_fastrtps_c.cpython-310-x86_64-linux-gnu.so
[1.108s] -- Up-to-date: /home/drone/Documents/GitHub/RosMigration_ws/install/my_robot_interfaces/local/lib/python3.10/dist-packages/my_robot_interfaces/_my_robot_interfaces_s.ep.rosidl_typesupport_c.c
[1.108s] -- Up-to-date: /home/drone/Documents/GitHub/RosMigration_ws/install/my_robot_interfaces/local/lib/python3.10/dist-packages/my_robot_interfaces/_my_robot_interfaces_s.ep.rosidl_typesupport_fastrtps_c.c
[1.160s] Listing '/home/drone/Documents/GitHub/RosMigration_ws/install/my_robot_interfaces/local/lib/python3.10/dist-packages/my_robot_interfaces'...
[1.161s] Listing '/home/drone/Documents/GitHub/RosMigration_ws/install/my_robot_interfaces/local/lib/python3.10/dist-packages/my_robot_interfaces/msg'...
[1.161s] Listing '/home/drone/Documents/GitHub/RosMigration_ws/install/my_robot_interfaces/local/lib/python3.10/dist-packages/my_robot_interfaces/srv'...
[1.167s] -- Up-to-date: /home/drone/Documents/GitHub/RosMigration_ws/install/my_robot_interfaces/local/lib/python3.10/dist-packages/my_robot_interfaces/my_robot_interfaces_s__rosidl_typesupport_fastrtps_c.cpython-310-x86_64-linux-gnu.so
[1.168s] -- Up-to-date: /home/drone/Documents/GitHub/RosMigration_ws/install/my_robot_interfaces/local/lib/python3.10/dist-packages/my_robot_interfaces/my_robot_interfaces_s__rosidl_typesupport_introspection_c.cpython-310-x86_64-linux-gnu.so
[1.169s] -- Up-to-date: /home/drone/Documents/GitHub/RosMigration_ws/install/my_robot_interfaces/local/lib/python3.10/dist-packages/my_robot_interfaces/my_robot_interfaces_s__rosidl_typesupport_c.cpython-310-x86_64-linux-gnu.so
[1.169s] -- Up-to-date: /home/drone/Documents/GitHub/RosMigration_ws/install/my_robot_interfaces/lib/libmy_robot_interfaces__rosidl_generator_py.so
[1.169s] -- Up-to-date: /home/drone/Documents/GitHub/RosMigration_ws/install/my_robot_interfaces/share/my_robot_interfaces/msg/PathPlannerPoints.idl
[1.169s] -- Up-to-date: /home/drone/Documents/GitHub/RosMigration_ws/install/my_robot_interfaces/share/my_robot_interfaces/srv/StopPublishPath.idl
[1.169s] -- Up-to-date: /home/drone/Documents/GitHub/RosMigration_ws/install/my_robot_interfaces/share/my_robot_interfaces/msg/PathPlannerPoints.msg
[1.170s] -- Up-to-date: /home/drone/Documents/GitHub/RosMigration_ws/install/my_robot_interfaces/share/my_robot_interfaces/srv/StopPublishPath.srv
[1.170s] -- Up-to-date: /home/drone/Documents/GitHub/RosMigration_ws/install/my_robot_interfaces/share/my_robot_interfaces/srv/StopPublishPath_Request.msg
[1.170s] -- Up-to-date: /home/drone/Documents/GitHub/RosMigration_ws/install/my_robot_interfaces/share/my_robot_interfaces/srv/StopPublishPath_Response.msg
[1.170s] -- Up-to-date: /home/drone/Documents/GitHub/RosMigration_ws/install/my_robot_interfaces/share/ament_index/resource_index/package_run_dependencies/my_robot_interfaces
[1.170s] -- Up-to-date: /home/drone/Documents/GitHub/RosMigration_ws/install/my_robot_interfaces/share/ament_index/resource_index/parent_prefix_path/my_robot_interfaces
[1.170s] -- Up-to-date: /home/drone/Documents/GitHub/RosMigration_ws/install/my_robot_interfaces/share/my_robot_interfaces/environment/ament_prefix_path.sh
[1.171s] -- Up-to-date: /home/drone/Documents/GitHub/RosMigration_ws/install/my_robot_interfaces/share/my_robot_interfaces/environment/ament_prefix_path.dsv
[1.171s] -- Up-to-date: /home/drone/Documents/GitHub/RosMigration_ws/install/my_robot_interfaces/share/my_robot_interfaces/environment/path.sh
[1.171s] -- Up-to-date: /home/drone/Documents/GitHub/RosMigration_ws/install/my_robot_interfaces/share/my_robot_interfaces/environment/path.dsv
[1.171s] -- Up-to-date: /home/drone/Documents/GitHub/RosMigration_ws/install/my_robot_interfaces/share/my_robot_interfaces/local_setup.bash
[1.171s] -- Up-to-date: /home/drone/Documents/GitHub/RosMigration_ws/install/my_robot_interfaces/share/my_robot_interfaces/local_setup.sh
[1.171s] -- Up-to-date: /home/drone/Documents/GitHub/RosMigration_ws/install/my_robot_interfaces/share/my_robot_interfaces/local_setup.zsh
[1.171s] -- Up-to-date: /home/drone/Documents/GitHub/RosMigration_ws/install/my_robot_interfaces/share/my_robot_interfaces/local_setup.dsv
[1.171s] -- Installing: /home/drone/Documents/GitHub/RosMigration_ws/install/my_robot_interfaces/share/my_robot_interfaces/package.dsv
[1.173s] -- Up-to-date: /home/drone/Documents/GitHub/RosMigration_ws/install/my_robot_interfaces/share/ament_index/resource_index/packages/my_robot_interfaces
[1.173s] -- Up-to-date: /home/drone/Documents/GitHub/RosMigration_ws/install/my_robot_interfaces/share/my_robot_interfaces/cmake/export_my_robot_interfaces__rosidl_generator_cExport.cmake
[1.173s] -- Up-to-date: /home/drone/Documents/GitHub/RosMigration_ws/install/my_robot_interfaces/share/my_robot_interfaces/cmake/export_my_robot_interfaces__rosidl_generator_cExport-noconfig.cmake
[1.174s] -- Up-to-date: /home/drone/Documents/GitHub/RosMigration_ws/install/my_robot_interfaces/share/my_robot_interfaces/cmake/export_my_robot_interfaces__rosidl_typesupport_fastrtps_cExport.cmake
[1.174s] -- Up-to-date: /home/drone/Documents/GitHub/RosMigration_ws/install/my_robot_interfaces/share/my_robot_interfaces/cmake/export_my_robot_interfaces__rosidl_typesupport_fastrtps_cExport-noconfig.cmake
[1.174s] -- Up-to-date: /home/drone/Documents/GitHub/RosMigration_ws/install/my_robot_interfaces/share/my_robot_interfaces/cmake/my_robot_interfaces__rosidl_typesupport_introspection_cExport.cmake
[1.174s] -- Up-to-date: /home/drone/Documents/GitHub/RosMigration_ws/install/my_robot_interfaces/share/my_robot_interfaces/cmake/my_robot_interfaces__rosidl_typesupport_introspection_cExport-noconfig.cmake
[1.174s] -- Up-to-date: /home/drone/Documents/GitHub/RosMigration_ws/install/my_robot_interfaces/share/my_robot_interfaces/cmake/my_robot_interfaces__rosidl_typesupport_cExport.cmake
[1.175s] -- Up-to-date: /home/drone/Documents/GitHub/RosMigration_ws/install/my_robot_interfaces/share/my_robot_interfaces/cmake/my_robot_interfaces__rosidl_typesupport_cExport-noconfig.cmake
[1.175s] -- Up-to-date: /home/drone/Documents/GitHub/RosMigration_ws/install/my_robot_interfaces/share/my_robot_interfaces/cmake/export_my_robot_interfaces__rosidl_generator_cppExport.cmake
[1.175s] -- Up-to-date: /home/drone/Documents/GitHub/RosMigration_ws/install/my_robot_interfaces/share/my_robot_interfaces/cmake/export_my_robot_interfaces__rosidl_typesupport_fastrtps_cppExport.cmake
[1.175s] -- Up-to-date: /home/drone/Documents/GitHub/RosMigration_ws/install/my_robot_interfaces/share/my_robot_interfaces/cmake/export_my_robot_interfaces__rosidl_typesupport_fastrtps_cppExport-noconfig.cmake
[1.175s] -- Up-to-date: /home/drone/Documents/GitHub/RosMigration_ws/install/my_robot_interfaces/share/my_robot_interfaces/cmake/my_robot_interfaces__rosidl_typesupport_introspection_cppExport.cmake
[1.175s] -- Up-to-date: /home/drone/Documents/GitHub/RosMigration_ws/install/my_robot_interfaces/share/my_robot_interfaces/cmake/my_robot_interfaces__rosidl_typesupport_introspection_cppExport-noconfig.cmake
[1.175s] -- Up-to-date: /home/drone/Documents/GitHub/RosMigration_ws/install/my_robot_interfaces/share/my_robot_interfaces/cmake/my_robot_interfaces__rosidl_typesupport_cppExport.cmake
[1.176s] -- Up-to-date: /home/drone/Documents/GitHub/RosMigration_ws/install/my_robot_interfaces/share/my_robot_interfaces/cmake/my_robot_interfaces__rosidl_typesupport_cppExport-noconfig.cmake
[1.176s] -- Up-to-date: /home/drone/Documents/GitHub/RosMigration_ws/install/my_robot_interfaces/share/my_robot_interfaces/cmake/export_my_robot_interfaces__rosidl_generator_pyExport.cmake
[1.176s] -- Up-to-date: /home/drone/Documents/GitHub/RosMigration_ws/install/my_robot_interfaces/share/my_robot_interfaces/cmake/export_my_robot_interfaces__rosidl_generator_pyExport-noconfig.cmake
[1.176s] -- Up-to-date: /home/drone/Documents/GitHub/RosMigration_ws/install/my_robot_interfaces/share/my_robot_interfaces/cmake/rosidl_cmake-extras.cmake
[1.176s] -- Up-to-date: /home/drone/Documents/GitHub/RosMigration_ws/install/my_robot_interfaces/share/my_robot_interfaces/cmake/ament_cmake_export_include_directories-extras.cmake
[1.176s] -- Up-to-date: /home/drone/Documents/GitHub/RosMigration_ws/install/my_robot_interfaces/share/my_robot_interfaces/cmake/ament_cmake_export_libraries-extras.cmake
[1.177s] -- Up-to-date: /home/drone/Documents/GitHub/RosMigration_ws/install/my_robot_interfaces/share/my_robot_interfaces/cmake/ament_cmake_export_targets-extras.cmake
[1.177s] -- Up-to-date: /home/drone/Documents/GitHub/RosMigration_ws/install/my_robot_interfaces/share/my_robot_interfaces/cmake/rosidl_cmake_export_typesupport_targets-extras.cmake
[1.177s] -- Up-to-date: /home/drone/Documents/GitHub/RosMigration_ws/install/my_robot_interfaces/share/my_robot_interfaces/cmake/ament_cmake_export_dependencies-extras.cmake
[1.177s] -- Up-to-date: /home/drone/Documents/GitHub/RosMigration_ws/install/my_robot_interfaces/share/my_robot_interfaces/cmake/rosidl_cmake_export_typesupport_libraries-extras.cmake
[1.177s] -- Up-to-date: /home/drone/Documents/GitHub/RosMigration_ws/install/my_robot_interfaces/share/my_robot_interfaces/cmake/my_robot_interfacesConfig.cmake
[1.178s] -- Up-to-date: /home/drone/Documents/GitHub/RosMigration_ws/install/my_robot_interfaces/share/my_robot_interfaces/cmake/my_robot_interfacesConfig-version.cmake
[1.178s] -- Up-to-date: /home/drone/Documents/GitHub/RosMigration_ws/install/my_robot_interfaces/share/my_robot_interfaces/package.xml
[1.180s] Invoked command in '/home/drone/Documents/GitHub/RosMigration_ws/build/my_robot_interfaces' returned '0': CMAKE_PREFIX_PATH=${CMAKE_PREFIX_PATH}:/home/drone/Documents/GitHub/AAU_P4_MONITOR_DRONE/ros2_ws/install/my_robot_controller:/opt/ros/humble /usr/bin/cmake --install /home/drone/Documents/GitHub/RosMigration_ws/build/my_robot_interfaces
