In file included from [01m[K/home/frederik/Documents/P4/P4Git/AAU_P4_MONITOR_DRONE/ros2_ws/src/my_cpp_py_pkg/src/cpp_vicon.cpp:2[m[K:
[01m[K/home/frederik/Documents/P4/P4Git/AAU_P4_MONITOR_DRONE/ros2_ws/src/my_cpp_py_pkg/include/my_cpp_py_pkg/cpp_header.hpp:[m[K In constructor ‘[01m[KViconClient::ViconClient()[m[K’:
[01m[K/home/frederik/Documents/P4/P4Git/AAU_P4_MONITOR_DRONE/ros2_ws/src/my_cpp_py_pkg/include/my_cpp_py_pkg/cpp_header.hpp:37:51:[m[K [01;31m[Kerror: [m[Kcould not convert ‘[01m[KViconRetimingClient.ViconDataStreamSDK::CPP::RetimingClient::IsConnected()[m[K’ from ‘[01m[KViconDataStreamSDK::CPP::Output_IsConnected[m[K’ to ‘[01m[Kbool[m[K’
   37 |             while ([01;31m[KViconRetimingClient.IsConnected()[m[K)
      |                    [01;31m[K~~~~~~~~~~~~~~~~~~~~~~~~~~~~~~~^~[m[K
      |                                                   [01;31m[K|[m[K
      |                                                   [01;31m[KViconDataStreamSDK::CPP::Output_IsConnected[m[K
In file included from [01m[K/home/frederik/Documents/P4/P4Git/AAU_P4_MONITOR_DRONE/ros2_ws/src/my_cpp_py_pkg/src/cpp_node.cpp:2[m[K:
[01m[K/home/frederik/Documents/P4/P4Git/AAU_P4_MONITOR_DRONE/ros2_ws/src/my_cpp_py_pkg/include/my_cpp_py_pkg/cpp_header.hpp:[m[K In constructor ‘[01m[KViconClient::ViconClient()[m[K’:
[01m[K/home/frederik/Documents/P4/P4Git/AAU_P4_MONITOR_DRONE/ros2_ws/src/my_cpp_py_pkg/include/my_cpp_py_pkg/cpp_header.hpp:37:51:[m[K [01;31m[Kerror: [m[Kcould not convert ‘[01m[KViconRetimingClient.ViconDataStreamSDK::CPP::RetimingClient::IsConnected()[m[K’ from ‘[01m[KViconDataStreamSDK::CPP::Output_IsConnected[m[K’ to ‘[01m[Kbool[m[K’
   37 |             while ([01;31m[KViconRetimingClient.IsConnected()[m[K)
      |                    [01;31m[K~~~~~~~~~~~~~~~~~~~~~~~~~~~~~~~^~[m[K
      |                                                   [01;31m[K|[m[K
      |                                                   [01;31m[KViconDataStreamSDK::CPP::Output_IsConnected[m[K
In file included from [01m[K/home/frederik/Documents/P4/P4Git/AAU_P4_MONITOR_DRONE/ros2_ws/src/my_cpp_py_pkg/src/cpp_talker.cpp:2[m[K:
[01m[K/home/frederik/Documents/P4/P4Git/AAU_P4_MONITOR_DRONE/ros2_ws/src/my_cpp_py_pkg/include/my_cpp_py_pkg/cpp_header.hpp:[m[K In constructor ‘[01m[KViconClient::ViconClient()[m[K’:
[01m[K/home/frederik/Documents/P4/P4Git/AAU_P4_MONITOR_DRONE/ros2_ws/src/my_cpp_py_pkg/include/my_cpp_py_pkg/cpp_header.hpp:37:51:[m[K [01;31m[Kerror: [m[Kcould not convert ‘[01m[KViconRetimingClient.ViconDataStreamSDK::CPP::RetimingClient::IsConnected()[m[K’ from ‘[01m[KViconDataStreamSDK::CPP::Output_IsConnected[m[K’ to ‘[01m[Kbool[m[K’
   37 |             while ([01;31m[KViconRetimingClient.IsConnected()[m[K)
      |                    [01;31m[K~~~~~~~~~~~~~~~~~~~~~~~~~~~~~~~^~[m[K
      |                                                   [01;31m[K|[m[K
      |                                                   [01;31m[KViconDataStreamSDK::CPP::Output_IsConnected[m[K
gmake[2]: *** [CMakeFiles/vicon_node.dir/build.make:76: CMakeFiles/vicon_node.dir/src/cpp_vicon.cpp.o] Error 1
gmake[1]: *** [CMakeFiles/Makefile2:196: CMakeFiles/vicon_node.dir/all] Error 2
gmake[1]: *** Waiting for unfinished jobs....
gmake[2]: *** [CMakeFiles/cpp_executable.dir/build.make:76: CMakeFiles/cpp_executable.dir/src/cpp_node.cpp.o] Error 1
gmake[1]: *** [CMakeFiles/Makefile2:144: CMakeFiles/cpp_executable.dir/all] Error 2
gmake[2]: *** [CMakeFiles/cpp_talker_node.dir/build.make:76: CMakeFiles/cpp_talker_node.dir/src/cpp_talker.cpp.o] Error 1
gmake[1]: *** [CMakeFiles/Makefile2:170: CMakeFiles/cpp_talker_node.dir/all] Error 2
gmake: *** [Makefile:146: all] Error 2
