[0.010s] Invoking command in '/home/frederik/Documents/P4/P4Git/AAU_P4_MONITOR_DRONE/ros2_ws/build/my_cpp_py_pkg': /usr/bin/cmake --build /home/frederik/Documents/P4/P4Git/AAU_P4_MONITOR_DRONE/ros2_ws/build/my_cpp_py_pkg -- -j12 -l12
[0.072s] [35m[1mConsolidate compiler generated dependencies of target vicon_node[0m
[0.075s] [35m[1mConsolidate compiler generated dependencies of target cpp_executable[0m
[0.080s] [35m[1mConsolidate compiler generated dependencies of target cpp_talker_node[0m
[0.092s] [ 16%] [32mBuilding CXX object CMakeFiles/vicon_node.dir/src/cpp_vicon.cpp.o[0m
[0.094s] [ 33%] [32mBuilding CXX object CMakeFiles/cpp_executable.dir/src/cpp_node.cpp.o[0m
[0.099s] [ 33%] Built target ament_cmake_python_copy_my_cpp_py_pkg
[0.103s] [ 50%] [32mBuilding CXX object CMakeFiles/cpp_talker_node.dir/src/cpp_talker.cpp.o[0m
[0.258s] running egg_info
[0.259s] writing my_cpp_py_pkg.egg-info/PKG-INFO
[0.259s] writing dependency_links to my_cpp_py_pkg.egg-info/dependency_links.txt
[0.259s] writing top-level names to my_cpp_py_pkg.egg-info/top_level.txt
[0.261s] reading manifest file 'my_cpp_py_pkg.egg-info/SOURCES.txt'
[0.261s] writing manifest file 'my_cpp_py_pkg.egg-info/SOURCES.txt'
[0.289s] [ 50%] Built target ament_cmake_python_build_my_cpp_py_pkg_egg
[1.999s] In file included from [01m[K/home/frederik/Documents/P4/P4Git/AAU_P4_MONITOR_DRONE/ros2_ws/src/my_cpp_py_pkg/src/cpp_vicon.cpp:2[m[K:
[1.999s] [01m[K/home/frederik/Documents/P4/P4Git/AAU_P4_MONITOR_DRONE/ros2_ws/src/my_cpp_py_pkg/include/my_cpp_py_pkg/cpp_header.hpp:[m[K In constructor ‘[01m[KViconClient::ViconClient()[m[K’:
[2.000s] [01m[K/home/frederik/Documents/P4/P4Git/AAU_P4_MONITOR_DRONE/ros2_ws/src/my_cpp_py_pkg/include/my_cpp_py_pkg/cpp_header.hpp:37:51:[m[K [01;31m[Kerror: [m[Kcould not convert ‘[01m[KViconRetimingClient.ViconDataStreamSDK::CPP::RetimingClient::IsConnected()[m[K’ from ‘[01m[KViconDataStreamSDK::CPP::Output_IsConnected[m[K’ to ‘[01m[Kbool[m[K’
[2.000s]    37 |             while ([01;31m[KViconRetimingClient.IsConnected()[m[K)
[2.000s]       |                    [01;31m[K~~~~~~~~~~~~~~~~~~~~~~~~~~~~~~~^~[m[K
[2.000s]       |                                                   [01;31m[K|[m[K
[2.000s]       |                                                   [01;31m[KViconDataStreamSDK::CPP::Output_IsConnected[m[K
[2.131s] In file included from [01m[K/home/frederik/Documents/P4/P4Git/AAU_P4_MONITOR_DRONE/ros2_ws/src/my_cpp_py_pkg/src/cpp_node.cpp:2[m[K:
[2.132s] [01m[K/home/frederik/Documents/P4/P4Git/AAU_P4_MONITOR_DRONE/ros2_ws/src/my_cpp_py_pkg/include/my_cpp_py_pkg/cpp_header.hpp:[m[K In constructor ‘[01m[KViconClient::ViconClient()[m[K’:
[2.132s] [01m[K/home/frederik/Documents/P4/P4Git/AAU_P4_MONITOR_DRONE/ros2_ws/src/my_cpp_py_pkg/include/my_cpp_py_pkg/cpp_header.hpp:37:51:[m[K [01;31m[Kerror: [m[Kcould not convert ‘[01m[KViconRetimingClient.ViconDataStreamSDK::CPP::RetimingClient::IsConnected()[m[K’ from ‘[01m[KViconDataStreamSDK::CPP::Output_IsConnected[m[K’ to ‘[01m[Kbool[m[K’
[2.132s]    37 |             while ([01;31m[KViconRetimingClient.IsConnected()[m[K)
[2.132s]       |                    [01;31m[K~~~~~~~~~~~~~~~~~~~~~~~~~~~~~~~^~[m[K
[2.132s]       |                                                   [01;31m[K|[m[K
[2.133s]       |                                                   [01;31m[KViconDataStreamSDK::CPP::Output_IsConnected[m[K
[2.192s] In file included from [01m[K/home/frederik/Documents/P4/P4Git/AAU_P4_MONITOR_DRONE/ros2_ws/src/my_cpp_py_pkg/src/cpp_talker.cpp:2[m[K:
[2.193s] [01m[K/home/frederik/Documents/P4/P4Git/AAU_P4_MONITOR_DRONE/ros2_ws/src/my_cpp_py_pkg/include/my_cpp_py_pkg/cpp_header.hpp:[m[K In constructor ‘[01m[KViconClient::ViconClient()[m[K’:
[2.193s] [01m[K/home/frederik/Documents/P4/P4Git/AAU_P4_MONITOR_DRONE/ros2_ws/src/my_cpp_py_pkg/include/my_cpp_py_pkg/cpp_header.hpp:37:51:[m[K [01;31m[Kerror: [m[Kcould not convert ‘[01m[KViconRetimingClient.ViconDataStreamSDK::CPP::RetimingClient::IsConnected()[m[K’ from ‘[01m[KViconDataStreamSDK::CPP::Output_IsConnected[m[K’ to ‘[01m[Kbool[m[K’
[2.193s]    37 |             while ([01;31m[KViconRetimingClient.IsConnected()[m[K)
[2.193s]       |                    [01;31m[K~~~~~~~~~~~~~~~~~~~~~~~~~~~~~~~^~[m[K
[2.193s]       |                                                   [01;31m[K|[m[K
[2.193s]       |                                                   [01;31m[KViconDataStreamSDK::CPP::Output_IsConnected[m[K
[2.632s] gmake[2]: *** [CMakeFiles/vicon_node.dir/build.make:76: CMakeFiles/vicon_node.dir/src/cpp_vicon.cpp.o] Error 1
[2.632s] gmake[1]: *** [CMakeFiles/Makefile2:196: CMakeFiles/vicon_node.dir/all] Error 2
[2.633s] gmake[1]: *** Waiting for unfinished jobs....
[2.791s] gmake[2]: *** [CMakeFiles/cpp_executable.dir/build.make:76: CMakeFiles/cpp_executable.dir/src/cpp_node.cpp.o] Error 1
[2.792s] gmake[1]: *** [CMakeFiles/Makefile2:144: CMakeFiles/cpp_executable.dir/all] Error 2
[2.896s] gmake[2]: *** [CMakeFiles/cpp_talker_node.dir/build.make:76: CMakeFiles/cpp_talker_node.dir/src/cpp_talker.cpp.o] Error 1
[2.896s] gmake[1]: *** [CMakeFiles/Makefile2:170: CMakeFiles/cpp_talker_node.dir/all] Error 2
[2.897s] gmake: *** [Makefile:146: all] Error 2
[2.903s] Invoked command in '/home/frederik/Documents/P4/P4Git/AAU_P4_MONITOR_DRONE/ros2_ws/build/my_cpp_py_pkg' returned '2': /usr/bin/cmake --build /home/frederik/Documents/P4/P4Git/AAU_P4_MONITOR_DRONE/ros2_ws/build/my_cpp_py_pkg -- -j12 -l12
