[1.096s] DEBUG:colcon:Command line arguments: ['/usr/bin/colcon', 'build']
[1.097s] DEBUG:colcon:Parsed command line arguments: Namespace(log_base=None, log_level=None, verb_name='build', build_base='build', install_base='install', merge_install=False, symlink_install=False, test_result_base=None, continue_on_error=False, executor='parallel', parallel_workers=2, event_handlers=None, ignore_user_meta=False, metas=['./colcon.meta'], base_paths=['.'], packages_ignore=None, packages_ignore_regex=None, paths=None, packages_up_to=None, packages_up_to_regex=None, packages_above=None, packages_above_and_dependencies=None, packages_above_depth=None, packages_select_by_dep=None, packages_skip_by_dep=None, packages_skip_up_to=None, packages_select_build_failed=False, packages_skip_build_finished=False, packages_select_test_failures=False, packages_skip_test_passed=False, packages_select=None, packages_skip=None, packages_select_regex=None, packages_skip_regex=None, packages_start=None, packages_end=None, allow_overriding=[], cmake_args=None, cmake_target=None, cmake_target_skip_unavailable=False, cmake_clean_cache=False, cmake_clean_first=False, cmake_force_configure=False, ament_cmake_args=None, catkin_cmake_args=None, catkin_skip_building_tests=False, verb_parser=<colcon_defaults.argument_parser.defaults.DefaultArgumentsDecorator object at 0x7fcedc5d6ce0>, verb_extension=<colcon_core.verb.build.BuildVerb object at 0x7fcedc435270>, main=<bound method BuildVerb.main of <colcon_core.verb.build.BuildVerb object at 0x7fcedc435270>>)
[1.152s] Level 1:colcon.colcon_core.package_discovery:discover_packages(colcon_meta) check parameters
[1.152s] Level 1:colcon.colcon_core.package_discovery:discover_packages(recursive) check parameters
[1.153s] Level 1:colcon.colcon_core.package_discovery:discover_packages(ignore) check parameters
[1.153s] Level 1:colcon.colcon_core.package_discovery:discover_packages(path) check parameters
[1.154s] Level 1:colcon.colcon_core.package_discovery:discover_packages(colcon_meta) discover
[1.154s] Level 1:colcon.colcon_core.package_discovery:discover_packages(recursive) discover
[1.155s] INFO:colcon.colcon_core.package_discovery:Crawling recursively for packages in '/home/ros2/Desktop/ros2_ws'
[1.155s] Level 1:colcon.colcon_core.package_identification:_identify(.) by extensions ['ignore', 'ignore_ament_install']
[1.156s] Level 1:colcon.colcon_core.package_identification:_identify(.) by extension 'ignore'
[1.156s] Level 1:colcon.colcon_core.package_identification:_identify(.) by extension 'ignore_ament_install'
[1.157s] Level 1:colcon.colcon_core.package_identification:_identify(.) by extensions ['colcon_pkg']
[1.157s] Level 1:colcon.colcon_core.package_identification:_identify(.) by extension 'colcon_pkg'
[1.158s] Level 1:colcon.colcon_core.package_identification:_identify(.) by extensions ['colcon_meta']
[1.158s] Level 1:colcon.colcon_core.package_identification:_identify(.) by extension 'colcon_meta'
[1.161s] Level 1:colcon.colcon_core.package_identification:_identify(.) by extensions ['ros']
[1.161s] Level 1:colcon.colcon_core.package_identification:_identify(.) by extension 'ros'
[1.202s] Level 1:colcon.colcon_core.package_identification:_identify(.) by extensions ['cmake', 'python']
[1.202s] Level 1:colcon.colcon_core.package_identification:_identify(.) by extension 'cmake'
[1.203s] Level 1:colcon.colcon_core.package_identification:_identify(.) by extension 'python'
[1.203s] Level 1:colcon.colcon_core.package_identification:_identify(.) by extensions ['python_setup_py']
[1.203s] Level 1:colcon.colcon_core.package_identification:_identify(.) by extension 'python_setup_py'
[1.203s] Level 1:colcon.colcon_core.package_identification:_identify(build) by extensions ['ignore', 'ignore_ament_install']
[1.203s] Level 1:colcon.colcon_core.package_identification:_identify(build) by extension 'ignore'
[1.203s] Level 1:colcon.colcon_core.package_identification:_identify(build) ignored
[1.204s] Level 1:colcon.colcon_core.package_identification:_identify(cache) by extensions ['ignore', 'ignore_ament_install']
[1.204s] Level 1:colcon.colcon_core.package_identification:_identify(cache) by extension 'ignore'
[1.204s] Level 1:colcon.colcon_core.package_identification:_identify(cache) by extension 'ignore_ament_install'
[1.204s] Level 1:colcon.colcon_core.package_identification:_identify(cache) by extensions ['colcon_pkg']
[1.204s] Level 1:colcon.colcon_core.package_identification:_identify(cache) by extension 'colcon_pkg'
[1.204s] Level 1:colcon.colcon_core.package_identification:_identify(cache) by extensions ['colcon_meta']
[1.204s] Level 1:colcon.colcon_core.package_identification:_identify(cache) by extension 'colcon_meta'
[1.204s] Level 1:colcon.colcon_core.package_identification:_identify(cache) by extensions ['ros']
[1.205s] Level 1:colcon.colcon_core.package_identification:_identify(cache) by extension 'ros'
[1.205s] Level 1:colcon.colcon_core.package_identification:_identify(cache) by extensions ['cmake', 'python']
[1.205s] Level 1:colcon.colcon_core.package_identification:_identify(cache) by extension 'cmake'
[1.205s] Level 1:colcon.colcon_core.package_identification:_identify(cache) by extension 'python'
[1.205s] Level 1:colcon.colcon_core.package_identification:_identify(cache) by extensions ['python_setup_py']
[1.205s] Level 1:colcon.colcon_core.package_identification:_identify(cache) by extension 'python_setup_py'
[1.205s] Level 1:colcon.colcon_core.package_identification:_identify(install) by extensions ['ignore', 'ignore_ament_install']
[1.205s] Level 1:colcon.colcon_core.package_identification:_identify(install) by extension 'ignore'
[1.206s] Level 1:colcon.colcon_core.package_identification:_identify(install) ignored
[1.206s] Level 1:colcon.colcon_core.package_identification:_identify(log) by extensions ['ignore', 'ignore_ament_install']
[1.207s] Level 1:colcon.colcon_core.package_identification:_identify(log) by extension 'ignore'
[1.207s] Level 1:colcon.colcon_core.package_identification:_identify(log) ignored
[1.207s] Level 1:colcon.colcon_core.package_identification:_identify(src) by extensions ['ignore', 'ignore_ament_install']
[1.208s] Level 1:colcon.colcon_core.package_identification:_identify(src) by extension 'ignore'
[1.208s] Level 1:colcon.colcon_core.package_identification:_identify(src) by extension 'ignore_ament_install'
[1.208s] Level 1:colcon.colcon_core.package_identification:_identify(src) by extensions ['colcon_pkg']
[1.208s] Level 1:colcon.colcon_core.package_identification:_identify(src) by extension 'colcon_pkg'
[1.208s] Level 1:colcon.colcon_core.package_identification:_identify(src) by extensions ['colcon_meta']
[1.208s] Level 1:colcon.colcon_core.package_identification:_identify(src) by extension 'colcon_meta'
[1.208s] Level 1:colcon.colcon_core.package_identification:_identify(src) by extensions ['ros']
[1.208s] Level 1:colcon.colcon_core.package_identification:_identify(src) by extension 'ros'
[1.209s] Level 1:colcon.colcon_core.package_identification:_identify(src) by extensions ['cmake', 'python']
[1.209s] Level 1:colcon.colcon_core.package_identification:_identify(src) by extension 'cmake'
[1.209s] Level 1:colcon.colcon_core.package_identification:_identify(src) by extension 'python'
[1.209s] Level 1:colcon.colcon_core.package_identification:_identify(src) by extensions ['python_setup_py']
[1.209s] Level 1:colcon.colcon_core.package_identification:_identify(src) by extension 'python_setup_py'
[1.209s] Level 1:colcon.colcon_core.package_identification:_identify(src/cache) by extensions ['ignore', 'ignore_ament_install']
[1.209s] Level 1:colcon.colcon_core.package_identification:_identify(src/cache) by extension 'ignore'
[1.209s] Level 1:colcon.colcon_core.package_identification:_identify(src/cache) by extension 'ignore_ament_install'
[1.210s] Level 1:colcon.colcon_core.package_identification:_identify(src/cache) by extensions ['colcon_pkg']
[1.210s] Level 1:colcon.colcon_core.package_identification:_identify(src/cache) by extension 'colcon_pkg'
[1.210s] Level 1:colcon.colcon_core.package_identification:_identify(src/cache) by extensions ['colcon_meta']
[1.210s] Level 1:colcon.colcon_core.package_identification:_identify(src/cache) by extension 'colcon_meta'
[1.210s] Level 1:colcon.colcon_core.package_identification:_identify(src/cache) by extensions ['ros']
[1.210s] Level 1:colcon.colcon_core.package_identification:_identify(src/cache) by extension 'ros'
[1.210s] Level 1:colcon.colcon_core.package_identification:_identify(src/cache) by extensions ['cmake', 'python']
[1.210s] Level 1:colcon.colcon_core.package_identification:_identify(src/cache) by extension 'cmake'
[1.210s] Level 1:colcon.colcon_core.package_identification:_identify(src/cache) by extension 'python'
[1.211s] Level 1:colcon.colcon_core.package_identification:_identify(src/cache) by extensions ['python_setup_py']
[1.211s] Level 1:colcon.colcon_core.package_identification:_identify(src/cache) by extension 'python_setup_py'
[1.211s] Level 1:colcon.colcon_core.package_identification:_identify(src/my_robot_controller) by extensions ['ignore', 'ignore_ament_install']
[1.211s] Level 1:colcon.colcon_core.package_identification:_identify(src/my_robot_controller) by extension 'ignore'
[1.211s] Level 1:colcon.colcon_core.package_identification:_identify(src/my_robot_controller) by extension 'ignore_ament_install'
[1.211s] Level 1:colcon.colcon_core.package_identification:_identify(src/my_robot_controller) by extensions ['colcon_pkg']
[1.211s] Level 1:colcon.colcon_core.package_identification:_identify(src/my_robot_controller) by extension 'colcon_pkg'
[1.211s] Level 1:colcon.colcon_core.package_identification:_identify(src/my_robot_controller) by extensions ['colcon_meta']
[1.212s] Level 1:colcon.colcon_core.package_identification:_identify(src/my_robot_controller) by extension 'colcon_meta'
[1.212s] Level 1:colcon.colcon_core.package_identification:_identify(src/my_robot_controller) by extensions ['ros']
[1.212s] Level 1:colcon.colcon_core.package_identification:_identify(src/my_robot_controller) by extension 'ros'
[1.228s] DEBUG:colcon.colcon_core.package_identification:Package 'src/my_robot_controller' with type 'ros.ament_python' and name 'my_robot_controller'
[1.228s] Level 1:colcon.colcon_core.package_identification:_identify(src/my_robot_interfaces) by extensions ['ignore', 'ignore_ament_install']
[1.229s] Level 1:colcon.colcon_core.package_identification:_identify(src/my_robot_interfaces) by extension 'ignore'
[1.229s] Level 1:colcon.colcon_core.package_identification:_identify(src/my_robot_interfaces) by extension 'ignore_ament_install'
[1.229s] Level 1:colcon.colcon_core.package_identification:_identify(src/my_robot_interfaces) by extensions ['colcon_pkg']
[1.229s] Level 1:colcon.colcon_core.package_identification:_identify(src/my_robot_interfaces) by extension 'colcon_pkg'
[1.229s] Level 1:colcon.colcon_core.package_identification:_identify(src/my_robot_interfaces) by extensions ['colcon_meta']
[1.229s] Level 1:colcon.colcon_core.package_identification:_identify(src/my_robot_interfaces) by extension 'colcon_meta'
[1.230s] Level 1:colcon.colcon_core.package_identification:_identify(src/my_robot_interfaces) by extensions ['ros']
[1.230s] Level 1:colcon.colcon_core.package_identification:_identify(src/my_robot_interfaces) by extension 'ros'
[1.231s] DEBUG:colcon.colcon_core.package_identification:Package 'src/my_robot_interfaces' with type 'ros.ament_cmake' and name 'my_robot_interfaces'
[1.231s] Level 1:colcon.colcon_core.package_discovery:discover_packages(recursive) using defaults
[1.231s] Level 1:colcon.colcon_core.package_discovery:discover_packages(ignore) discover
[1.231s] Level 1:colcon.colcon_core.package_discovery:discover_packages(ignore) using defaults
[1.231s] Level 1:colcon.colcon_core.package_discovery:discover_packages(path) discover
[1.231s] Level 1:colcon.colcon_core.package_discovery:discover_packages(path) using defaults
[1.306s] Level 1:colcon.colcon_core.package_discovery:discover_packages(prefix_path) check parameters
[1.306s] Level 1:colcon.colcon_core.package_discovery:discover_packages(prefix_path) discover
[1.314s] DEBUG:colcon.colcon_installed_package_information.package_discovery:Found 2 installed packages in /home/ros2/Desktop/ros2_ws/install
[1.318s] DEBUG:colcon.colcon_installed_package_information.package_discovery:Found 1 installed packages in /home/ros2/ros2_ws/install
[1.324s] DEBUG:colcon.colcon_installed_package_information.package_discovery:Found 284 installed packages in /opt/ros/humble
[1.331s] Level 1:colcon.colcon_core.package_discovery:discover_packages(prefix_path) using defaults
[1.511s] Level 5:colcon.colcon_core.verb:set package 'my_robot_interfaces' build argument 'cmake_args' from command line to 'None'
[1.511s] Level 5:colcon.colcon_core.verb:set package 'my_robot_interfaces' build argument 'cmake_target' from command line to 'None'
[1.511s] Level 5:colcon.colcon_core.verb:set package 'my_robot_interfaces' build argument 'cmake_target_skip_unavailable' from command line to 'False'
[1.511s] Level 5:colcon.colcon_core.verb:set package 'my_robot_interfaces' build argument 'cmake_clean_cache' from command line to 'False'
[1.511s] Level 5:colcon.colcon_core.verb:set package 'my_robot_interfaces' build argument 'cmake_clean_first' from command line to 'False'
[1.512s] Level 5:colcon.colcon_core.verb:set package 'my_robot_interfaces' build argument 'cmake_force_configure' from command line to 'False'
[1.512s] Level 5:colcon.colcon_core.verb:set package 'my_robot_interfaces' build argument 'ament_cmake_args' from command line to 'None'
[1.512s] Level 5:colcon.colcon_core.verb:set package 'my_robot_interfaces' build argument 'catkin_cmake_args' from command line to 'None'
[1.512s] Level 5:colcon.colcon_core.verb:set package 'my_robot_interfaces' build argument 'catkin_skip_building_tests' from command line to 'False'
[1.512s] DEBUG:colcon.colcon_core.verb:Building package 'my_robot_interfaces' with the following arguments: {'ament_cmake_args': None, 'build_base': '/home/ros2/Desktop/ros2_ws/build/my_robot_interfaces', 'catkin_cmake_args': None, 'catkin_skip_building_tests': False, 'cmake_args': None, 'cmake_clean_cache': False, 'cmake_clean_first': False, 'cmake_force_configure': False, 'cmake_target': None, 'cmake_target_skip_unavailable': False, 'install_base': '/home/ros2/Desktop/ros2_ws/install/my_robot_interfaces', 'merge_install': False, 'path': '/home/ros2/Desktop/ros2_ws/src/my_robot_interfaces', 'symlink_install': False, 'test_result_base': None}
[1.516s] Level 5:colcon.colcon_core.verb:set package 'my_robot_controller' build argument 'cmake_args' from command line to 'None'
[1.516s] Level 5:colcon.colcon_core.verb:set package 'my_robot_controller' build argument 'cmake_target' from command line to 'None'
[1.520s] Level 5:colcon.colcon_core.verb:set package 'my_robot_controller' build argument 'cmake_target_skip_unavailable' from command line to 'False'
[1.520s] Level 5:colcon.colcon_core.verb:set package 'my_robot_controller' build argument 'cmake_clean_cache' from command line to 'False'
[1.520s] Level 5:colcon.colcon_core.verb:set package 'my_robot_controller' build argument 'cmake_clean_first' from command line to 'False'
[1.522s] Level 5:colcon.colcon_core.verb:set package 'my_robot_controller' build argument 'cmake_force_configure' from command line to 'False'
[1.522s] Level 5:colcon.colcon_core.verb:set package 'my_robot_controller' build argument 'ament_cmake_args' from command line to 'None'
[1.522s] Level 5:colcon.colcon_core.verb:set package 'my_robot_controller' build argument 'catkin_cmake_args' from command line to 'None'
[1.522s] Level 5:colcon.colcon_core.verb:set package 'my_robot_controller' build argument 'catkin_skip_building_tests' from command line to 'False'
[1.522s] DEBUG:colcon.colcon_core.verb:Building package 'my_robot_controller' with the following arguments: {'ament_cmake_args': None, 'build_base': '/home/ros2/Desktop/ros2_ws/build/my_robot_controller', 'catkin_cmake_args': None, 'catkin_skip_building_tests': False, 'cmake_args': None, 'cmake_clean_cache': False, 'cmake_clean_first': False, 'cmake_force_configure': False, 'cmake_target': None, 'cmake_target_skip_unavailable': False, 'install_base': '/home/ros2/Desktop/ros2_ws/install/my_robot_controller', 'merge_install': False, 'path': '/home/ros2/Desktop/ros2_ws/src/my_robot_controller', 'symlink_install': False, 'test_result_base': None}
[1.524s] INFO:colcon.colcon_core.executor:Executing jobs using 'parallel' executor
[1.534s] DEBUG:colcon.colcon_parallel_executor.executor.parallel:run_until_complete
[1.534s] INFO:colcon.colcon_ros.task.ament_cmake.build:Building ROS package in '/home/ros2/Desktop/ros2_ws/src/my_robot_interfaces' with build type 'ament_cmake'
[1.535s] INFO:colcon.colcon_cmake.task.cmake.build:Building CMake package in '/home/ros2/Desktop/ros2_ws/src/my_robot_interfaces'
[1.544s] INFO:colcon.colcon_core.plugin_system:Skipping extension 'colcon_core.shell.bat': Not used on non-Windows systems
[1.545s] INFO:colcon.colcon_core.shell:Skip shell extension 'powershell' for command environment: Not usable outside of PowerShell
[1.546s] DEBUG:colcon.colcon_core.shell:Skip shell extension 'dsv' for command environment
[1.577s] DEBUG:colcon.colcon_core.event_handler.log_command:Invoking command in '/home/ros2/Desktop/ros2_ws/build/my_robot_interfaces': CMAKE_PREFIX_PATH=${CMAKE_PREFIX_PATH}:/home/ros2/Desktop/ros2_ws/install/my_robot_controller:/home/ros2/ros2_ws/install/my_robot_controller:/opt/ros/humble /usr/bin/cmake --build /home/ros2/Desktop/ros2_ws/build/my_robot_interfaces -- -j2 -l2
[3.305s] DEBUG:colcon.colcon_core.event_handler.log_command:Invoked command in '/home/ros2/Desktop/ros2_ws/build/my_robot_interfaces' returned '0': CMAKE_PREFIX_PATH=${CMAKE_PREFIX_PATH}:/home/ros2/Desktop/ros2_ws/install/my_robot_controller:/home/ros2/ros2_ws/install/my_robot_controller:/opt/ros/humble /usr/bin/cmake --build /home/ros2/Desktop/ros2_ws/build/my_robot_interfaces -- -j2 -l2
[3.474s] DEBUG:colcon.colcon_core.event_handler.log_command:Invoking command in '/home/ros2/Desktop/ros2_ws/build/my_robot_interfaces': CMAKE_PREFIX_PATH=${CMAKE_PREFIX_PATH}:/home/ros2/Desktop/ros2_ws/install/my_robot_controller:/home/ros2/ros2_ws/install/my_robot_controller:/opt/ros/humble /usr/bin/cmake --install /home/ros2/Desktop/ros2_ws/build/my_robot_interfaces
[3.724s] Level 1:colcon.colcon_core.environment:create_environment_scripts_only(my_robot_interfaces)
[3.763s] Level 1:colcon.colcon_core.environment:checking '/home/ros2/Desktop/ros2_ws/install/my_robot_interfaces' for CMake module files
[3.765s] DEBUG:colcon.colcon_core.event_handler.log_command:Invoked command in '/home/ros2/Desktop/ros2_ws/build/my_robot_interfaces' returned '0': CMAKE_PREFIX_PATH=${CMAKE_PREFIX_PATH}:/home/ros2/Desktop/ros2_ws/install/my_robot_controller:/home/ros2/ros2_ws/install/my_robot_controller:/opt/ros/humble /usr/bin/cmake --install /home/ros2/Desktop/ros2_ws/build/my_robot_interfaces
[3.771s] Level 1:colcon.colcon_core.environment:checking '/home/ros2/Desktop/ros2_ws/install/my_robot_interfaces' for CMake config files
[3.773s] Level 1:colcon.colcon_core.shell:create_environment_hook('my_robot_interfaces', 'cmake_prefix_path')
[3.782s] INFO:colcon.colcon_core.shell:Creating environment hook '/home/ros2/Desktop/ros2_ws/install/my_robot_interfaces/share/my_robot_interfaces/hook/cmake_prefix_path.ps1'
[3.784s] INFO:colcon.colcon_core.shell:Creating environment descriptor '/home/ros2/Desktop/ros2_ws/install/my_robot_interfaces/share/my_robot_interfaces/hook/cmake_prefix_path.dsv'
[3.785s] INFO:colcon.colcon_core.shell:Creating environment hook '/home/ros2/Desktop/ros2_ws/install/my_robot_interfaces/share/my_robot_interfaces/hook/cmake_prefix_path.sh'
[3.787s] Level 1:colcon.colcon_core.environment:checking '/home/ros2/Desktop/ros2_ws/install/my_robot_interfaces/lib'
[3.787s] Level 1:colcon.colcon_core.shell:create_environment_hook('my_robot_interfaces', 'ld_library_path_lib')
[3.799s] INFO:colcon.colcon_core.shell:Creating environment hook '/home/ros2/Desktop/ros2_ws/install/my_robot_interfaces/share/my_robot_interfaces/hook/ld_library_path_lib.ps1'
[3.801s] INFO:colcon.colcon_core.shell:Creating environment descriptor '/home/ros2/Desktop/ros2_ws/install/my_robot_interfaces/share/my_robot_interfaces/hook/ld_library_path_lib.dsv'
[3.802s] INFO:colcon.colcon_core.shell:Creating environment hook '/home/ros2/Desktop/ros2_ws/install/my_robot_interfaces/share/my_robot_interfaces/hook/ld_library_path_lib.sh'
[3.803s] Level 1:colcon.colcon_core.environment:checking '/home/ros2/Desktop/ros2_ws/install/my_robot_interfaces/bin'
[3.803s] Level 1:colcon.colcon_core.environment:checking '/home/ros2/Desktop/ros2_ws/install/my_robot_interfaces/lib/pkgconfig/my_robot_interfaces.pc'
[3.804s] Level 1:colcon.colcon_core.environment:checking '/home/ros2/Desktop/ros2_ws/install/my_robot_interfaces/lib/python3.10/site-packages'
[3.804s] Level 1:colcon.colcon_core.environment:checking '/home/ros2/Desktop/ros2_ws/install/my_robot_interfaces/bin'
[3.818s] INFO:colcon.colcon_core.shell:Creating package script '/home/ros2/Desktop/ros2_ws/install/my_robot_interfaces/share/my_robot_interfaces/package.ps1'
[3.820s] INFO:colcon.colcon_core.shell:Creating package descriptor '/home/ros2/Desktop/ros2_ws/install/my_robot_interfaces/share/my_robot_interfaces/package.dsv'
[3.822s] INFO:colcon.colcon_core.shell:Creating package script '/home/ros2/Desktop/ros2_ws/install/my_robot_interfaces/share/my_robot_interfaces/package.sh'
[3.824s] INFO:colcon.colcon_core.shell:Creating package script '/home/ros2/Desktop/ros2_ws/install/my_robot_interfaces/share/my_robot_interfaces/package.bash'
[3.833s] INFO:colcon.colcon_core.shell:Creating package script '/home/ros2/Desktop/ros2_ws/install/my_robot_interfaces/share/my_robot_interfaces/package.zsh'
[3.840s] Level 1:colcon.colcon_core.environment:create_file_with_runtime_dependencies(/home/ros2/Desktop/ros2_ws/install/my_robot_interfaces/share/colcon-core/packages/my_robot_interfaces)
[4.083s] Level 1:colcon.colcon_core.environment:create_environment_scripts_only(my_robot_interfaces)
[4.091s] Level 1:colcon.colcon_core.environment:checking '/home/ros2/Desktop/ros2_ws/install/my_robot_interfaces' for CMake module files
[4.102s] Level 1:colcon.colcon_core.environment:checking '/home/ros2/Desktop/ros2_ws/install/my_robot_interfaces' for CMake config files
[4.103s] Level 1:colcon.colcon_core.shell:create_environment_hook('my_robot_interfaces', 'cmake_prefix_path')
[4.107s] INFO:colcon.colcon_core.shell:Creating environment hook '/home/ros2/Desktop/ros2_ws/install/my_robot_interfaces/share/my_robot_interfaces/hook/cmake_prefix_path.ps1'
[4.112s] INFO:colcon.colcon_core.shell:Creating environment descriptor '/home/ros2/Desktop/ros2_ws/install/my_robot_interfaces/share/my_robot_interfaces/hook/cmake_prefix_path.dsv'
[4.113s] INFO:colcon.colcon_core.shell:Creating environment hook '/home/ros2/Desktop/ros2_ws/install/my_robot_interfaces/share/my_robot_interfaces/hook/cmake_prefix_path.sh'
[4.114s] Level 1:colcon.colcon_core.environment:checking '/home/ros2/Desktop/ros2_ws/install/my_robot_interfaces/lib'
[4.114s] Level 1:colcon.colcon_core.shell:create_environment_hook('my_robot_interfaces', 'ld_library_path_lib')
[4.117s] INFO:colcon.colcon_core.shell:Creating environment hook '/home/ros2/Desktop/ros2_ws/install/my_robot_interfaces/share/my_robot_interfaces/hook/ld_library_path_lib.ps1'
[4.118s] INFO:colcon.colcon_core.shell:Creating environment descriptor '/home/ros2/Desktop/ros2_ws/install/my_robot_interfaces/share/my_robot_interfaces/hook/ld_library_path_lib.dsv'
[4.119s] INFO:colcon.colcon_core.shell:Creating environment hook '/home/ros2/Desktop/ros2_ws/install/my_robot_interfaces/share/my_robot_interfaces/hook/ld_library_path_lib.sh'
[4.120s] Level 1:colcon.colcon_core.environment:checking '/home/ros2/Desktop/ros2_ws/install/my_robot_interfaces/bin'
[4.120s] Level 1:colcon.colcon_core.environment:checking '/home/ros2/Desktop/ros2_ws/install/my_robot_interfaces/lib/pkgconfig/my_robot_interfaces.pc'
[4.121s] Level 1:colcon.colcon_core.environment:checking '/home/ros2/Desktop/ros2_ws/install/my_robot_interfaces/lib/python3.10/site-packages'
[4.121s] Level 1:colcon.colcon_core.environment:checking '/home/ros2/Desktop/ros2_ws/install/my_robot_interfaces/bin'
[4.125s] INFO:colcon.colcon_core.shell:Creating package script '/home/ros2/Desktop/ros2_ws/install/my_robot_interfaces/share/my_robot_interfaces/package.ps1'
[4.128s] INFO:colcon.colcon_core.shell:Creating package descriptor '/home/ros2/Desktop/ros2_ws/install/my_robot_interfaces/share/my_robot_interfaces/package.dsv'
[4.129s] INFO:colcon.colcon_core.shell:Creating package script '/home/ros2/Desktop/ros2_ws/install/my_robot_interfaces/share/my_robot_interfaces/package.sh'
[4.130s] INFO:colcon.colcon_core.shell:Creating package script '/home/ros2/Desktop/ros2_ws/install/my_robot_interfaces/share/my_robot_interfaces/package.bash'
[4.130s] INFO:colcon.colcon_core.shell:Creating package script '/home/ros2/Desktop/ros2_ws/install/my_robot_interfaces/share/my_robot_interfaces/package.zsh'
[4.131s] Level 1:colcon.colcon_core.environment:create_file_with_runtime_dependencies(/home/ros2/Desktop/ros2_ws/install/my_robot_interfaces/share/colcon-core/packages/my_robot_interfaces)
[4.132s] INFO:colcon.colcon_ros.task.ament_python.build:Building ROS package in '/home/ros2/Desktop/ros2_ws/src/my_robot_controller' with build type 'ament_python'
[4.133s] Level 1:colcon.colcon_core.shell:create_environment_hook('my_robot_controller', 'ament_prefix_path')
[4.136s] INFO:colcon.colcon_core.shell:Creating environment hook '/home/ros2/Desktop/ros2_ws/install/my_robot_controller/share/my_robot_controller/hook/ament_prefix_path.ps1'
[4.137s] INFO:colcon.colcon_core.shell:Creating environment descriptor '/home/ros2/Desktop/ros2_ws/install/my_robot_controller/share/my_robot_controller/hook/ament_prefix_path.dsv'
[4.137s] INFO:colcon.colcon_core.shell:Creating environment hook '/home/ros2/Desktop/ros2_ws/install/my_robot_controller/share/my_robot_controller/hook/ament_prefix_path.sh'
[4.141s] INFO:colcon.colcon_core.shell:Skip shell extension 'powershell' for command environment: Not usable outside of PowerShell
[4.141s] DEBUG:colcon.colcon_core.shell:Skip shell extension 'dsv' for command environment
[4.984s] INFO:colcon.colcon_core.task.python.build:Building Python package in '/home/ros2/Desktop/ros2_ws/src/my_robot_controller'
[4.987s] INFO:colcon.colcon_core.shell:Skip shell extension 'powershell' for command environment: Not usable outside of PowerShell
[4.987s] DEBUG:colcon.colcon_core.shell:Skip shell extension 'dsv' for command environment
[6.029s] DEBUG:colcon.colcon_core.event_handler.log_command:Invoking command in '/home/ros2/Desktop/ros2_ws/src/my_robot_controller': PYTHONPATH=/home/ros2/Desktop/ros2_ws/build/my_robot_controller/prefix_override:/home/ros2/Desktop/ros2_ws/install/my_robot_controller/lib/python3.10/site-packages:${PYTHONPATH} /usr/bin/python3 setup.py egg_info --egg-base ../../build/my_robot_controller build --build-base /home/ros2/Desktop/ros2_ws/build/my_robot_controller/build install --record /home/ros2/Desktop/ros2_ws/build/my_robot_controller/install.log --single-version-externally-managed
[6.910s] Level 1:colcon.colcon_core.environment:checking '/home/ros2/Desktop/ros2_ws/install/my_robot_controller' for CMake module files
[6.919s] DEBUG:colcon.colcon_core.event_handler.log_command:Invoked command in '/home/ros2/Desktop/ros2_ws/src/my_robot_controller' returned '0': PYTHONPATH=/home/ros2/Desktop/ros2_ws/build/my_robot_controller/prefix_override:/home/ros2/Desktop/ros2_ws/install/my_robot_controller/lib/python3.10/site-packages:${PYTHONPATH} /usr/bin/python3 setup.py egg_info --egg-base ../../build/my_robot_controller build --build-base /home/ros2/Desktop/ros2_ws/build/my_robot_controller/build install --record /home/ros2/Desktop/ros2_ws/build/my_robot_controller/install.log --single-version-externally-managed
[6.919s] Level 1:colcon.colcon_core.environment:checking '/home/ros2/Desktop/ros2_ws/install/my_robot_controller' for CMake config files
[6.920s] Level 1:colcon.colcon_core.environment:checking '/home/ros2/Desktop/ros2_ws/install/my_robot_controller/lib'
[6.920s] Level 1:colcon.colcon_core.environment:checking '/home/ros2/Desktop/ros2_ws/install/my_robot_controller/bin'
[6.920s] Level 1:colcon.colcon_core.environment:checking '/home/ros2/Desktop/ros2_ws/install/my_robot_controller/lib/pkgconfig/my_robot_controller.pc'
[6.921s] Level 1:colcon.colcon_core.environment:checking '/home/ros2/Desktop/ros2_ws/install/my_robot_controller/lib/python3.10/site-packages'
[6.921s] Level 1:colcon.colcon_core.shell:create_environment_hook('my_robot_controller', 'pythonpath')
[6.924s] INFO:colcon.colcon_core.shell:Creating environment hook '/home/ros2/Desktop/ros2_ws/install/my_robot_controller/share/my_robot_controller/hook/pythonpath.ps1'
[6.925s] INFO:colcon.colcon_core.shell:Creating environment descriptor '/home/ros2/Desktop/ros2_ws/install/my_robot_controller/share/my_robot_controller/hook/pythonpath.dsv'
[6.925s] INFO:colcon.colcon_core.shell:Creating environment hook '/home/ros2/Desktop/ros2_ws/install/my_robot_controller/share/my_robot_controller/hook/pythonpath.sh'
[6.928s] Level 1:colcon.colcon_core.environment:checking '/home/ros2/Desktop/ros2_ws/install/my_robot_controller/bin'
[6.930s] Level 1:colcon.colcon_core.environment:create_environment_scripts_only(my_robot_controller)
[6.936s] INFO:colcon.colcon_core.shell:Creating package script '/home/ros2/Desktop/ros2_ws/install/my_robot_controller/share/my_robot_controller/package.ps1'
[6.937s] INFO:colcon.colcon_core.shell:Creating package descriptor '/home/ros2/Desktop/ros2_ws/install/my_robot_controller/share/my_robot_controller/package.dsv'
[6.939s] INFO:colcon.colcon_core.shell:Creating package script '/home/ros2/Desktop/ros2_ws/install/my_robot_controller/share/my_robot_controller/package.sh'
[6.942s] INFO:colcon.colcon_core.shell:Creating package script '/home/ros2/Desktop/ros2_ws/install/my_robot_controller/share/my_robot_controller/package.bash'
[6.943s] INFO:colcon.colcon_core.shell:Creating package script '/home/ros2/Desktop/ros2_ws/install/my_robot_controller/share/my_robot_controller/package.zsh'
[6.944s] Level 1:colcon.colcon_core.environment:create_file_with_runtime_dependencies(/home/ros2/Desktop/ros2_ws/install/my_robot_controller/share/colcon-core/packages/my_robot_controller)
[6.944s] DEBUG:colcon.colcon_parallel_executor.executor.parallel:closing loop
[6.954s] DEBUG:colcon.colcon_parallel_executor.executor.parallel:loop closed
[6.954s] DEBUG:colcon.colcon_parallel_executor.executor.parallel:run_until_complete finished with '0'
[6.954s] DEBUG:colcon.colcon_core.event_reactor:joining thread
[6.979s] INFO:colcon.colcon_core.plugin_system:Skipping extension 'colcon_notification.desktop_notification.terminal_notifier': Not used on non-Darwin systems
[6.979s] INFO:colcon.colcon_core.plugin_system:Skipping extension 'colcon_notification.desktop_notification.win32': Not used on non-Windows systems
[6.979s] INFO:colcon.colcon_notification.desktop_notification:Sending desktop notification using 'notify2'
[7.044s] DEBUG:colcon.colcon_core.event_reactor:joined thread
[7.048s] INFO:colcon.colcon_core.shell:Creating prefix script '/home/ros2/Desktop/ros2_ws/install/local_setup.ps1'
[7.051s] INFO:colcon.colcon_core.shell:Creating prefix util module '/home/ros2/Desktop/ros2_ws/install/_local_setup_util_ps1.py'
[7.054s] INFO:colcon.colcon_core.shell:Creating prefix chain script '/home/ros2/Desktop/ros2_ws/install/setup.ps1'
[7.060s] INFO:colcon.colcon_core.shell:Creating prefix script '/home/ros2/Desktop/ros2_ws/install/local_setup.sh'
[7.061s] INFO:colcon.colcon_core.shell:Creating prefix util module '/home/ros2/Desktop/ros2_ws/install/_local_setup_util_sh.py'
[7.065s] INFO:colcon.colcon_core.shell:Creating prefix chain script '/home/ros2/Desktop/ros2_ws/install/setup.sh'
[7.069s] INFO:colcon.colcon_core.shell:Creating prefix script '/home/ros2/Desktop/ros2_ws/install/local_setup.bash'
[7.076s] INFO:colcon.colcon_core.shell:Creating prefix chain script '/home/ros2/Desktop/ros2_ws/install/setup.bash'
[7.083s] INFO:colcon.colcon_core.shell:Creating prefix script '/home/ros2/Desktop/ros2_ws/install/local_setup.zsh'
[7.084s] INFO:colcon.colcon_core.shell:Creating prefix chain script '/home/ros2/Desktop/ros2_ws/install/setup.zsh'
