[0.707s] DEBUG:colcon:Command line arguments: ['/usr/bin/colcon', 'build']
[0.707s] DEBUG:colcon:Parsed command line arguments: Namespace(log_base=None, log_level=None, verb_name='build', build_base='build', install_base='install', merge_install=False, symlink_install=False, test_result_base=None, continue_on_error=False, executor='parallel', parallel_workers=2, event_handlers=None, ignore_user_meta=False, metas=['./colcon.meta'], base_paths=['.'], packages_ignore=None, packages_ignore_regex=None, paths=None, packages_up_to=None, packages_up_to_regex=None, packages_above=None, packages_above_and_dependencies=None, packages_above_depth=None, packages_select_by_dep=None, packages_skip_by_dep=None, packages_skip_up_to=None, packages_select_build_failed=False, packages_skip_build_finished=False, packages_select_test_failures=False, packages_skip_test_passed=False, packages_select=None, packages_skip=None, packages_select_regex=None, packages_skip_regex=None, packages_start=None, packages_end=None, allow_overriding=[], cmake_args=None, cmake_target=None, cmake_target_skip_unavailable=False, cmake_clean_cache=False, cmake_clean_first=False, cmake_force_configure=False, ament_cmake_args=None, catkin_cmake_args=None, catkin_skip_building_tests=False, verb_parser=<colcon_defaults.argument_parser.defaults.DefaultArgumentsDecorator object at 0x7efcb372e650>, verb_extension=<colcon_core.verb.build.BuildVerb object at 0x7efcb358cca0>, main=<bound method BuildVerb.main of <colcon_core.verb.build.BuildVerb object at 0x7efcb358cca0>>)
[0.751s] Level 1:colcon.colcon_core.package_discovery:discover_packages(colcon_meta) check parameters
[0.752s] Level 1:colcon.colcon_core.package_discovery:discover_packages(recursive) check parameters
[0.752s] Level 1:colcon.colcon_core.package_discovery:discover_packages(ignore) check parameters
[0.753s] Level 1:colcon.colcon_core.package_discovery:discover_packages(path) check parameters
[0.753s] Level 1:colcon.colcon_core.package_discovery:discover_packages(colcon_meta) discover
[0.753s] Level 1:colcon.colcon_core.package_discovery:discover_packages(recursive) discover
[0.754s] INFO:colcon.colcon_core.package_discovery:Crawling recursively for packages in '/home/ros2/Desktop/ros2_ws'
[0.754s] Level 1:colcon.colcon_core.package_identification:_identify(.) by extensions ['ignore', 'ignore_ament_install']
[0.755s] Level 1:colcon.colcon_core.package_identification:_identify(.) by extension 'ignore'
[0.755s] Level 1:colcon.colcon_core.package_identification:_identify(.) by extension 'ignore_ament_install'
[0.755s] Level 1:colcon.colcon_core.package_identification:_identify(.) by extensions ['colcon_pkg']
[0.756s] Level 1:colcon.colcon_core.package_identification:_identify(.) by extension 'colcon_pkg'
[0.756s] Level 1:colcon.colcon_core.package_identification:_identify(.) by extensions ['colcon_meta']
[0.756s] Level 1:colcon.colcon_core.package_identification:_identify(.) by extension 'colcon_meta'
[0.757s] Level 1:colcon.colcon_core.package_identification:_identify(.) by extensions ['ros']
[0.757s] Level 1:colcon.colcon_core.package_identification:_identify(.) by extension 'ros'
[0.779s] Level 1:colcon.colcon_core.package_identification:_identify(.) by extensions ['cmake', 'python']
[0.780s] Level 1:colcon.colcon_core.package_identification:_identify(.) by extension 'cmake'
[0.780s] Level 1:colcon.colcon_core.package_identification:_identify(.) by extension 'python'
[0.781s] Level 1:colcon.colcon_core.package_identification:_identify(.) by extensions ['python_setup_py']
[0.781s] Level 1:colcon.colcon_core.package_identification:_identify(.) by extension 'python_setup_py'
[0.782s] Level 1:colcon.colcon_core.package_identification:_identify(build) by extensions ['ignore', 'ignore_ament_install']
[0.782s] Level 1:colcon.colcon_core.package_identification:_identify(build) by extension 'ignore'
[0.783s] Level 1:colcon.colcon_core.package_identification:_identify(build) ignored
[0.783s] Level 1:colcon.colcon_core.package_identification:_identify(cache) by extensions ['ignore', 'ignore_ament_install']
[0.784s] Level 1:colcon.colcon_core.package_identification:_identify(cache) by extension 'ignore'
[0.784s] Level 1:colcon.colcon_core.package_identification:_identify(cache) by extension 'ignore_ament_install'
[0.785s] Level 1:colcon.colcon_core.package_identification:_identify(cache) by extensions ['colcon_pkg']
[0.785s] Level 1:colcon.colcon_core.package_identification:_identify(cache) by extension 'colcon_pkg'
[0.785s] Level 1:colcon.colcon_core.package_identification:_identify(cache) by extensions ['colcon_meta']
[0.786s] Level 1:colcon.colcon_core.package_identification:_identify(cache) by extension 'colcon_meta'
[0.786s] Level 1:colcon.colcon_core.package_identification:_identify(cache) by extensions ['ros']
[0.786s] Level 1:colcon.colcon_core.package_identification:_identify(cache) by extension 'ros'
[0.786s] Level 1:colcon.colcon_core.package_identification:_identify(cache) by extensions ['cmake', 'python']
[0.786s] Level 1:colcon.colcon_core.package_identification:_identify(cache) by extension 'cmake'
[0.786s] Level 1:colcon.colcon_core.package_identification:_identify(cache) by extension 'python'
[0.786s] Level 1:colcon.colcon_core.package_identification:_identify(cache) by extensions ['python_setup_py']
[0.786s] Level 1:colcon.colcon_core.package_identification:_identify(cache) by extension 'python_setup_py'
[0.786s] Level 1:colcon.colcon_core.package_identification:_identify(install) by extensions ['ignore', 'ignore_ament_install']
[0.786s] Level 1:colcon.colcon_core.package_identification:_identify(install) by extension 'ignore'
[0.786s] Level 1:colcon.colcon_core.package_identification:_identify(install) ignored
[0.787s] Level 1:colcon.colcon_core.package_identification:_identify(log) by extensions ['ignore', 'ignore_ament_install']
[0.787s] Level 1:colcon.colcon_core.package_identification:_identify(log) by extension 'ignore'
[0.787s] Level 1:colcon.colcon_core.package_identification:_identify(log) ignored
[0.787s] Level 1:colcon.colcon_core.package_identification:_identify(src) by extensions ['ignore', 'ignore_ament_install']
[0.787s] Level 1:colcon.colcon_core.package_identification:_identify(src) by extension 'ignore'
[0.787s] Level 1:colcon.colcon_core.package_identification:_identify(src) by extension 'ignore_ament_install'
[0.787s] Level 1:colcon.colcon_core.package_identification:_identify(src) by extensions ['colcon_pkg']
[0.787s] Level 1:colcon.colcon_core.package_identification:_identify(src) by extension 'colcon_pkg'
[0.787s] Level 1:colcon.colcon_core.package_identification:_identify(src) by extensions ['colcon_meta']
[0.788s] Level 1:colcon.colcon_core.package_identification:_identify(src) by extension 'colcon_meta'
[0.788s] Level 1:colcon.colcon_core.package_identification:_identify(src) by extensions ['ros']
[0.788s] Level 1:colcon.colcon_core.package_identification:_identify(src) by extension 'ros'
[0.788s] Level 1:colcon.colcon_core.package_identification:_identify(src) by extensions ['cmake', 'python']
[0.788s] Level 1:colcon.colcon_core.package_identification:_identify(src) by extension 'cmake'
[0.788s] Level 1:colcon.colcon_core.package_identification:_identify(src) by extension 'python'
[0.788s] Level 1:colcon.colcon_core.package_identification:_identify(src) by extensions ['python_setup_py']
[0.788s] Level 1:colcon.colcon_core.package_identification:_identify(src) by extension 'python_setup_py'
[0.788s] Level 1:colcon.colcon_core.package_identification:_identify(src/cache) by extensions ['ignore', 'ignore_ament_install']
[0.788s] Level 1:colcon.colcon_core.package_identification:_identify(src/cache) by extension 'ignore'
[0.789s] Level 1:colcon.colcon_core.package_identification:_identify(src/cache) by extension 'ignore_ament_install'
[0.789s] Level 1:colcon.colcon_core.package_identification:_identify(src/cache) by extensions ['colcon_pkg']
[0.789s] Level 1:colcon.colcon_core.package_identification:_identify(src/cache) by extension 'colcon_pkg'
[0.789s] Level 1:colcon.colcon_core.package_identification:_identify(src/cache) by extensions ['colcon_meta']
[0.789s] Level 1:colcon.colcon_core.package_identification:_identify(src/cache) by extension 'colcon_meta'
[0.789s] Level 1:colcon.colcon_core.package_identification:_identify(src/cache) by extensions ['ros']
[0.789s] Level 1:colcon.colcon_core.package_identification:_identify(src/cache) by extension 'ros'
[0.789s] Level 1:colcon.colcon_core.package_identification:_identify(src/cache) by extensions ['cmake', 'python']
[0.789s] Level 1:colcon.colcon_core.package_identification:_identify(src/cache) by extension 'cmake'
[0.789s] Level 1:colcon.colcon_core.package_identification:_identify(src/cache) by extension 'python'
[0.790s] Level 1:colcon.colcon_core.package_identification:_identify(src/cache) by extensions ['python_setup_py']
[0.790s] Level 1:colcon.colcon_core.package_identification:_identify(src/cache) by extension 'python_setup_py'
[0.790s] Level 1:colcon.colcon_core.package_identification:_identify(src/my_robot_controller) by extensions ['ignore', 'ignore_ament_install']
[0.790s] Level 1:colcon.colcon_core.package_identification:_identify(src/my_robot_controller) by extension 'ignore'
[0.790s] Level 1:colcon.colcon_core.package_identification:_identify(src/my_robot_controller) by extension 'ignore_ament_install'
[0.790s] Level 1:colcon.colcon_core.package_identification:_identify(src/my_robot_controller) by extensions ['colcon_pkg']
[0.790s] Level 1:colcon.colcon_core.package_identification:_identify(src/my_robot_controller) by extension 'colcon_pkg'
[0.790s] Level 1:colcon.colcon_core.package_identification:_identify(src/my_robot_controller) by extensions ['colcon_meta']
[0.790s] Level 1:colcon.colcon_core.package_identification:_identify(src/my_robot_controller) by extension 'colcon_meta'
[0.790s] Level 1:colcon.colcon_core.package_identification:_identify(src/my_robot_controller) by extensions ['ros']
[0.790s] Level 1:colcon.colcon_core.package_identification:_identify(src/my_robot_controller) by extension 'ros'
[0.796s] DEBUG:colcon.colcon_core.package_identification:Package 'src/my_robot_controller' with type 'ros.ament_python' and name 'my_robot_controller'
[0.796s] Level 1:colcon.colcon_core.package_discovery:discover_packages(recursive) using defaults
[0.796s] Level 1:colcon.colcon_core.package_discovery:discover_packages(ignore) discover
[0.796s] Level 1:colcon.colcon_core.package_discovery:discover_packages(ignore) using defaults
[0.796s] Level 1:colcon.colcon_core.package_discovery:discover_packages(path) discover
[0.796s] Level 1:colcon.colcon_core.package_discovery:discover_packages(path) using defaults
[0.842s] Level 1:colcon.colcon_core.package_discovery:discover_packages(prefix_path) check parameters
[0.842s] Level 1:colcon.colcon_core.package_discovery:discover_packages(prefix_path) discover
[0.847s] DEBUG:colcon.colcon_installed_package_information.package_discovery:Found 1 installed packages in /home/ros2/Desktop/ros2_ws/install
[0.849s] DEBUG:colcon.colcon_installed_package_information.package_discovery:Found 1 installed packages in /home/ros2/ros2_ws/install
[0.853s] DEBUG:colcon.colcon_installed_package_information.package_discovery:Found 284 installed packages in /opt/ros/humble
[0.857s] Level 1:colcon.colcon_core.package_discovery:discover_packages(prefix_path) using defaults
[1.002s] Level 5:colcon.colcon_core.verb:set package 'my_robot_controller' build argument 'cmake_args' from command line to 'None'
[1.002s] Level 5:colcon.colcon_core.verb:set package 'my_robot_controller' build argument 'cmake_target' from command line to 'None'
[1.002s] Level 5:colcon.colcon_core.verb:set package 'my_robot_controller' build argument 'cmake_target_skip_unavailable' from command line to 'False'
[1.002s] Level 5:colcon.colcon_core.verb:set package 'my_robot_controller' build argument 'cmake_clean_cache' from command line to 'False'
[1.002s] Level 5:colcon.colcon_core.verb:set package 'my_robot_controller' build argument 'cmake_clean_first' from command line to 'False'
[1.002s] Level 5:colcon.colcon_core.verb:set package 'my_robot_controller' build argument 'cmake_force_configure' from command line to 'False'
[1.002s] Level 5:colcon.colcon_core.verb:set package 'my_robot_controller' build argument 'ament_cmake_args' from command line to 'None'
[1.002s] Level 5:colcon.colcon_core.verb:set package 'my_robot_controller' build argument 'catkin_cmake_args' from command line to 'None'
[1.002s] Level 5:colcon.colcon_core.verb:set package 'my_robot_controller' build argument 'catkin_skip_building_tests' from command line to 'False'
[1.002s] DEBUG:colcon.colcon_core.verb:Building package 'my_robot_controller' with the following arguments: {'ament_cmake_args': None, 'build_base': '/home/ros2/Desktop/ros2_ws/build/my_robot_controller', 'catkin_cmake_args': None, 'catkin_skip_building_tests': False, 'cmake_args': None, 'cmake_clean_cache': False, 'cmake_clean_first': False, 'cmake_force_configure': False, 'cmake_target': None, 'cmake_target_skip_unavailable': False, 'install_base': '/home/ros2/Desktop/ros2_ws/install/my_robot_controller', 'merge_install': False, 'path': '/home/ros2/Desktop/ros2_ws/src/my_robot_controller', 'symlink_install': False, 'test_result_base': None}
[1.004s] INFO:colcon.colcon_core.executor:Executing jobs using 'parallel' executor
[1.010s] DEBUG:colcon.colcon_parallel_executor.executor.parallel:run_until_complete
[1.010s] INFO:colcon.colcon_ros.task.ament_python.build:Building ROS package in '/home/ros2/Desktop/ros2_ws/src/my_robot_controller' with build type 'ament_python'
[1.010s] Level 1:colcon.colcon_core.shell:create_environment_hook('my_robot_controller', 'ament_prefix_path')
[1.021s] INFO:colcon.colcon_core.plugin_system:Skipping extension 'colcon_core.shell.bat': Not used on non-Windows systems
[1.021s] INFO:colcon.colcon_core.shell:Creating environment hook '/home/ros2/Desktop/ros2_ws/install/my_robot_controller/share/my_robot_controller/hook/ament_prefix_path.ps1'
[1.024s] INFO:colcon.colcon_core.shell:Creating environment descriptor '/home/ros2/Desktop/ros2_ws/install/my_robot_controller/share/my_robot_controller/hook/ament_prefix_path.dsv'
[1.026s] INFO:colcon.colcon_core.shell:Creating environment hook '/home/ros2/Desktop/ros2_ws/install/my_robot_controller/share/my_robot_controller/hook/ament_prefix_path.sh'
[1.032s] INFO:colcon.colcon_core.shell:Skip shell extension 'powershell' for command environment: Not usable outside of PowerShell
[1.032s] DEBUG:colcon.colcon_core.shell:Skip shell extension 'dsv' for command environment
[1.675s] INFO:colcon.colcon_core.task.python.build:Building Python package in '/home/ros2/Desktop/ros2_ws/src/my_robot_controller'
[1.678s] INFO:colcon.colcon_core.shell:Skip shell extension 'powershell' for command environment: Not usable outside of PowerShell
[1.679s] DEBUG:colcon.colcon_core.shell:Skip shell extension 'dsv' for command environment
[2.359s] DEBUG:colcon.colcon_core.event_handler.log_command:Invoking command in '/home/ros2/Desktop/ros2_ws/src/my_robot_controller': PYTHONPATH=/home/ros2/Desktop/ros2_ws/build/my_robot_controller/prefix_override:/home/ros2/Desktop/ros2_ws/install/my_robot_controller/lib/python3.10/site-packages:${PYTHONPATH} /usr/bin/python3 setup.py egg_info --egg-base ../../build/my_robot_controller build --build-base /home/ros2/Desktop/ros2_ws/build/my_robot_controller/build install --record /home/ros2/Desktop/ros2_ws/build/my_robot_controller/install.log --single-version-externally-managed
[2.974s] DEBUG:colcon.colcon_core.event_handler.log_command:Invoked command in '/home/ros2/Desktop/ros2_ws/src/my_robot_controller' returned '0': PYTHONPATH=/home/ros2/Desktop/ros2_ws/build/my_robot_controller/prefix_override:/home/ros2/Desktop/ros2_ws/install/my_robot_controller/lib/python3.10/site-packages:${PYTHONPATH} /usr/bin/python3 setup.py egg_info --egg-base ../../build/my_robot_controller build --build-base /home/ros2/Desktop/ros2_ws/build/my_robot_controller/build install --record /home/ros2/Desktop/ros2_ws/build/my_robot_controller/install.log --single-version-externally-managed
[2.977s] Level 1:colcon.colcon_core.environment:checking '/home/ros2/Desktop/ros2_ws/install/my_robot_controller' for CMake module files
[2.978s] Level 1:colcon.colcon_core.environment:checking '/home/ros2/Desktop/ros2_ws/install/my_robot_controller' for CMake config files
[2.980s] Level 1:colcon.colcon_core.environment:checking '/home/ros2/Desktop/ros2_ws/install/my_robot_controller/lib'
[2.980s] Level 1:colcon.colcon_core.environment:checking '/home/ros2/Desktop/ros2_ws/install/my_robot_controller/bin'
[2.980s] Level 1:colcon.colcon_core.environment:checking '/home/ros2/Desktop/ros2_ws/install/my_robot_controller/lib/pkgconfig/my_robot_controller.pc'
[2.981s] Level 1:colcon.colcon_core.environment:checking '/home/ros2/Desktop/ros2_ws/install/my_robot_controller/lib/python3.10/site-packages'
[2.982s] Level 1:colcon.colcon_core.shell:create_environment_hook('my_robot_controller', 'pythonpath')
[2.984s] INFO:colcon.colcon_core.shell:Creating environment hook '/home/ros2/Desktop/ros2_ws/install/my_robot_controller/share/my_robot_controller/hook/pythonpath.ps1'
[2.986s] INFO:colcon.colcon_core.shell:Creating environment descriptor '/home/ros2/Desktop/ros2_ws/install/my_robot_controller/share/my_robot_controller/hook/pythonpath.dsv'
[2.987s] INFO:colcon.colcon_core.shell:Creating environment hook '/home/ros2/Desktop/ros2_ws/install/my_robot_controller/share/my_robot_controller/hook/pythonpath.sh'
[2.989s] Level 1:colcon.colcon_core.environment:checking '/home/ros2/Desktop/ros2_ws/install/my_robot_controller/bin'
[2.989s] Level 1:colcon.colcon_core.environment:create_environment_scripts_only(my_robot_controller)
[2.992s] INFO:colcon.colcon_core.shell:Creating package script '/home/ros2/Desktop/ros2_ws/install/my_robot_controller/share/my_robot_controller/package.ps1'
[2.995s] INFO:colcon.colcon_core.shell:Creating package descriptor '/home/ros2/Desktop/ros2_ws/install/my_robot_controller/share/my_robot_controller/package.dsv'
[2.997s] INFO:colcon.colcon_core.shell:Creating package script '/home/ros2/Desktop/ros2_ws/install/my_robot_controller/share/my_robot_controller/package.sh'
[3.000s] INFO:colcon.colcon_core.shell:Creating package script '/home/ros2/Desktop/ros2_ws/install/my_robot_controller/share/my_robot_controller/package.bash'
[3.002s] INFO:colcon.colcon_core.shell:Creating package script '/home/ros2/Desktop/ros2_ws/install/my_robot_controller/share/my_robot_controller/package.zsh'
[3.004s] Level 1:colcon.colcon_core.environment:create_file_with_runtime_dependencies(/home/ros2/Desktop/ros2_ws/install/my_robot_controller/share/colcon-core/packages/my_robot_controller)
[3.006s] DEBUG:colcon.colcon_parallel_executor.executor.parallel:closing loop
[3.007s] DEBUG:colcon.colcon_parallel_executor.executor.parallel:loop closed
[3.007s] DEBUG:colcon.colcon_parallel_executor.executor.parallel:run_until_complete finished with '0'
[3.007s] DEBUG:colcon.colcon_core.event_reactor:joining thread
[3.015s] INFO:colcon.colcon_core.plugin_system:Skipping extension 'colcon_notification.desktop_notification.terminal_notifier': Not used on non-Darwin systems
[3.015s] INFO:colcon.colcon_core.plugin_system:Skipping extension 'colcon_notification.desktop_notification.win32': Not used on non-Windows systems
[3.015s] INFO:colcon.colcon_notification.desktop_notification:Sending desktop notification using 'notify2'
[3.026s] DEBUG:colcon.colcon_core.event_reactor:joined thread
[3.028s] INFO:colcon.colcon_core.shell:Creating prefix script '/home/ros2/Desktop/ros2_ws/install/local_setup.ps1'
[3.030s] INFO:colcon.colcon_core.shell:Creating prefix util module '/home/ros2/Desktop/ros2_ws/install/_local_setup_util_ps1.py'
[3.035s] INFO:colcon.colcon_core.shell:Creating prefix chain script '/home/ros2/Desktop/ros2_ws/install/setup.ps1'
[3.038s] INFO:colcon.colcon_core.shell:Creating prefix script '/home/ros2/Desktop/ros2_ws/install/local_setup.sh'
[3.039s] INFO:colcon.colcon_core.shell:Creating prefix util module '/home/ros2/Desktop/ros2_ws/install/_local_setup_util_sh.py'
[3.040s] INFO:colcon.colcon_core.shell:Creating prefix chain script '/home/ros2/Desktop/ros2_ws/install/setup.sh'
[3.043s] INFO:colcon.colcon_core.shell:Creating prefix script '/home/ros2/Desktop/ros2_ws/install/local_setup.bash'
[3.044s] INFO:colcon.colcon_core.shell:Creating prefix chain script '/home/ros2/Desktop/ros2_ws/install/setup.bash'
[3.048s] INFO:colcon.colcon_core.shell:Creating prefix script '/home/ros2/Desktop/ros2_ws/install/local_setup.zsh'
[3.049s] INFO:colcon.colcon_core.shell:Creating prefix chain script '/home/ros2/Desktop/ros2_ws/install/setup.zsh'
