[0.781s] Invoking command in '/home/drone/ros2_ws/src/my_robot_controller': CONDA_PROMPT_MODIFIER=(base) PYTHONPATH=/home/drone/ros2_ws/build/my_robot_controller/prefix_override:/home/drone/ros2_ws/install/my_robot_controller/lib/python3.10/site-packages:${PYTHONPATH} /usr/bin/python3 -W ignore:setup.py install is deprecated setup.py egg_info --egg-base ../../build/my_robot_controller build --build-base /home/drone/ros2_ws/build/my_robot_controller/build install --record /home/drone/ros2_ws/build/my_robot_controller/install.log --single-version-externally-managed install_data
[1.073s] running egg_info
[1.074s] writing ../../build/my_robot_controller/my_robot_controller.egg-info/PKG-INFO
[1.078s] writing dependency_links to ../../build/my_robot_controller/my_robot_controller.egg-info/dependency_links.txt
[1.079s] writing entry points to ../../build/my_robot_controller/my_robot_controller.egg-info/entry_points.txt
[1.079s] writing requirements to ../../build/my_robot_controller/my_robot_controller.egg-info/requires.txt
[1.079s] writing top-level names to ../../build/my_robot_controller/my_robot_controller.egg-info/top_level.txt
[1.082s] reading manifest file '../../build/my_robot_controller/my_robot_controller.egg-info/SOURCES.txt'
[1.083s] writing manifest file '../../build/my_robot_controller/my_robot_controller.egg-info/SOURCES.txt'
[1.083s] running build
[1.083s] running build_py
[1.084s] copying my_robot_controller/crazy_flie_radio_test.py -> /home/drone/ros2_ws/build/my_robot_controller/build/lib/my_robot_controller
[1.085s] running install
[1.085s] running install_lib
[1.086s] copying /home/drone/ros2_ws/build/my_robot_controller/build/lib/my_robot_controller/crazy_flie_radio_test.py -> /home/drone/ros2_ws/install/my_robot_controller/lib/python3.10/site-packages/my_robot_controller
[1.087s] byte-compiling /home/drone/ros2_ws/install/my_robot_controller/lib/python3.10/site-packages/my_robot_controller/crazy_flie_radio_test.py to crazy_flie_radio_test.cpython-310.pyc
[1.088s] running install_data
[1.089s] running install_egg_info
[1.091s] removing '/home/drone/ros2_ws/install/my_robot_controller/lib/python3.10/site-packages/my_robot_controller-0.0.0-py3.10.egg-info' (and everything under it)
[1.091s] Copying ../../build/my_robot_controller/my_robot_controller.egg-info to /home/drone/ros2_ws/install/my_robot_controller/lib/python3.10/site-packages/my_robot_controller-0.0.0-py3.10.egg-info
[1.093s] running install_scripts
[1.119s] Installing my_listener script to /home/drone/ros2_ws/install/my_robot_controller/lib/my_robot_controller
[1.119s] Installing my_talker script to /home/drone/ros2_ws/install/my_robot_controller/lib/my_robot_controller
[1.119s] Installing test_node script to /home/drone/ros2_ws/install/my_robot_controller/lib/my_robot_controller
[1.120s] Installing test_node2 script to /home/drone/ros2_ws/install/my_robot_controller/lib/my_robot_controller
[1.120s] writing list of installed files to '/home/drone/ros2_ws/build/my_robot_controller/install.log'
[1.158s] Invoked command in '/home/drone/ros2_ws/src/my_robot_controller' returned '0': CONDA_PROMPT_MODIFIER=(base) PYTHONPATH=/home/drone/ros2_ws/build/my_robot_controller/prefix_override:/home/drone/ros2_ws/install/my_robot_controller/lib/python3.10/site-packages:${PYTHONPATH} /usr/bin/python3 -W ignore:setup.py install is deprecated setup.py egg_info --egg-base ../../build/my_robot_controller build --build-base /home/drone/ros2_ws/build/my_robot_controller/build install --record /home/drone/ros2_ws/build/my_robot_controller/install.log --single-version-externally-managed install_data
