[3.616s] Invoking command in '/home/ros2/Desktop/ros2_ws/src/my_robot_controller': PYTHONPATH=/home/ros2/Desktop/ros2_ws/build/my_robot_controller/prefix_override:/home/ros2/Desktop/ros2_ws/install/my_robot_controller/lib/python3.10/site-packages:${PYTHONPATH} /usr/bin/python3 setup.py egg_info --egg-base ../../build/my_robot_controller build --build-base /home/ros2/Desktop/ros2_ws/build/my_robot_controller/build install --record /home/ros2/Desktop/ros2_ws/build/my_robot_controller/install.log --single-version-externally-managed
[5.653s] running egg_info
[5.659s] writing ../../build/my_robot_controller/my_robot_controller.egg-info/PKG-INFO
[5.660s] writing dependency_links to ../../build/my_robot_controller/my_robot_controller.egg-info/dependency_links.txt
[5.662s] writing entry points to ../../build/my_robot_controller/my_robot_controller.egg-info/entry_points.txt
[5.662s] writing requirements to ../../build/my_robot_controller/my_robot_controller.egg-info/requires.txt
[5.672s] writing top-level names to ../../build/my_robot_controller/my_robot_controller.egg-info/top_level.txt
[5.684s] reading manifest file '../../build/my_robot_controller/my_robot_controller.egg-info/SOURCES.txt'
[5.695s] writing manifest file '../../build/my_robot_controller/my_robot_controller.egg-info/SOURCES.txt'
[5.695s] running build
[5.696s] running build_py
[5.700s] copying my_robot_controller/pathplanner_talker.py -> /home/ros2/Desktop/ros2_ws/build/my_robot_controller/build/lib/my_robot_controller
[5.712s] copying my_robot_controller/compare_listener.py -> /home/ros2/Desktop/ros2_ws/build/my_robot_controller/build/lib/my_robot_controller
[5.713s] running install
[5.714s] running install_lib
[5.721s] copying /home/ros2/Desktop/ros2_ws/build/my_robot_controller/build/lib/my_robot_controller/pathplanner_talker.py -> /home/ros2/Desktop/ros2_ws/install/my_robot_controller/lib/python3.10/site-packages/my_robot_controller
[5.722s] copying /home/ros2/Desktop/ros2_ws/build/my_robot_controller/build/lib/my_robot_controller/compare_listener.py -> /home/ros2/Desktop/ros2_ws/install/my_robot_controller/lib/python3.10/site-packages/my_robot_controller
[5.724s] byte-compiling /home/ros2/Desktop/ros2_ws/install/my_robot_controller/lib/python3.10/site-packages/my_robot_controller/pathplanner_talker.py to pathplanner_talker.cpython-310.pyc
[5.730s] byte-compiling /home/ros2/Desktop/ros2_ws/install/my_robot_controller/lib/python3.10/site-packages/my_robot_controller/compare_listener.py to compare_listener.cpython-310.pyc
[5.734s] running install_data
[5.739s] running install_egg_info
[5.756s] removing '/home/ros2/Desktop/ros2_ws/install/my_robot_controller/lib/python3.10/site-packages/my_robot_controller-0.0.0-py3.10.egg-info' (and everything under it)
[5.771s] Copying ../../build/my_robot_controller/my_robot_controller.egg-info to /home/ros2/Desktop/ros2_ws/install/my_robot_controller/lib/python3.10/site-packages/my_robot_controller-0.0.0-py3.10.egg-info
[5.779s] running install_scripts
[5.919s] Installing compare_listener script to /home/ros2/Desktop/ros2_ws/install/my_robot_controller/lib/my_robot_controller
[5.922s] Installing crazy_node script to /home/ros2/Desktop/ros2_ws/install/my_robot_controller/lib/my_robot_controller
[5.922s] Installing crazy_node_take_off script to /home/ros2/Desktop/ros2_ws/install/my_robot_controller/lib/my_robot_controller
[5.929s] Installing my_listener script to /home/ros2/Desktop/ros2_ws/install/my_robot_controller/lib/my_robot_controller
[5.930s] Installing my_talker script to /home/ros2/Desktop/ros2_ws/install/my_robot_controller/lib/my_robot_controller
[5.937s] Installing pathplanner_talker script to /home/ros2/Desktop/ros2_ws/install/my_robot_controller/lib/my_robot_controller
[5.938s] Installing test_node script to /home/ros2/Desktop/ros2_ws/install/my_robot_controller/lib/my_robot_controller
[5.939s] Installing test_node2 script to /home/ros2/Desktop/ros2_ws/install/my_robot_controller/lib/my_robot_controller
[5.939s] Installing vicon_talker script to /home/ros2/Desktop/ros2_ws/install/my_robot_controller/lib/my_robot_controller
[5.940s] writing list of installed files to '/home/ros2/Desktop/ros2_ws/build/my_robot_controller/install.log'
[6.146s] Invoked command in '/home/ros2/Desktop/ros2_ws/src/my_robot_controller' returned '0': PYTHONPATH=/home/ros2/Desktop/ros2_ws/build/my_robot_controller/prefix_override:/home/ros2/Desktop/ros2_ws/install/my_robot_controller/lib/python3.10/site-packages:${PYTHONPATH} /usr/bin/python3 setup.py egg_info --egg-base ../../build/my_robot_controller build --build-base /home/ros2/Desktop/ros2_ws/build/my_robot_controller/build install --record /home/ros2/Desktop/ros2_ws/build/my_robot_controller/install.log --single-version-externally-managed
