running egg_info
writing ../../build/my_robot_controller/my_robot_controller.egg-info/PKG-INFO
writing dependency_links to ../../build/my_robot_controller/my_robot_controller.egg-info/dependency_links.txt
writing entry points to ../../build/my_robot_controller/my_robot_controller.egg-info/entry_points.txt
writing requirements to ../../build/my_robot_controller/my_robot_controller.egg-info/requires.txt
writing top-level names to ../../build/my_robot_controller/my_robot_controller.egg-info/top_level.txt
reading manifest file '../../build/my_robot_controller/my_robot_controller.egg-info/SOURCES.txt'
writing manifest file '../../build/my_robot_controller/my_robot_controller.egg-info/SOURCES.txt'
running build
running build_py
copying my_robot_controller/vicon_talker.py -> /home/ros2/Desktop/ros2_ws/build/my_robot_controller/build/lib/my_robot_controller
running install
running install_lib
copying /home/ros2/Desktop/ros2_ws/build/my_robot_controller/build/lib/my_robot_controller/vicon_talker.py -> /home/ros2/Desktop/ros2_ws/install/my_robot_controller/lib/python3.10/site-packages/my_robot_controller
byte-compiling /home/ros2/Desktop/ros2_ws/install/my_robot_controller/lib/python3.10/site-packages/my_robot_controller/vicon_talker.py to vicon_talker.cpython-310.pyc
running install_data
running install_egg_info
removing '/home/ros2/Desktop/ros2_ws/install/my_robot_controller/lib/python3.10/site-packages/my_robot_controller-0.0.0-py3.10.egg-info' (and everything under it)
Copying ../../build/my_robot_controller/my_robot_controller.egg-info to /home/ros2/Desktop/ros2_ws/install/my_robot_controller/lib/python3.10/site-packages/my_robot_controller-0.0.0-py3.10.egg-info
running install_scripts
Installing crazy_node script to /home/ros2/Desktop/ros2_ws/install/my_robot_controller/lib/my_robot_controller
Installing crazy_node_take_off script to /home/ros2/Desktop/ros2_ws/install/my_robot_controller/lib/my_robot_controller
Installing my_listener script to /home/ros2/Desktop/ros2_ws/install/my_robot_controller/lib/my_robot_controller
Installing my_talker script to /home/ros2/Desktop/ros2_ws/install/my_robot_controller/lib/my_robot_controller
Installing test_node script to /home/ros2/Desktop/ros2_ws/install/my_robot_controller/lib/my_robot_controller
Installing test_node2 script to /home/ros2/Desktop/ros2_ws/install/my_robot_controller/lib/my_robot_controller
Installing vicon_talker script to /home/ros2/Desktop/ros2_ws/install/my_robot_controller/lib/my_robot_controller
writing list of installed files to '/home/ros2/Desktop/ros2_ws/build/my_robot_controller/install.log'
